{"name": "test_shared_feature", "status": "passed", "steps": [{"name": "User login", "status": "passed", "start": 1749196651355, "stop": 1749196651356}, {"name": "Navigating to URL: https://provineer.com/login", "status": "passed", "start": 1749196651356, "stop": 1749196651356}, {"name": "Trying to input into <input>", "status": "passed", "start": 1749196652461, "stop": 1749196652461}, {"name": "Trying to input into <input>", "status": "passed", "start": 1749196652590, "stop": 1749196652590}, {"name": "Trying to input into <input>", "status": "passed", "start": 1749196652765, "stop": 1749196652765}, {"name": "Trying to input into <input>", "status": "passed", "start": 1749196652796, "stop": 1749196652796}, {"name": "Trying to click on <button> with text 'Sign In'", "status": "passed", "start": 1749196652915, "stop": 1749196652915}, {"name": "Testing share feature", "status": "passed", "start": 1749196652988, "stop": 1749196652988}, {"name": "Exception: Message: no such element: Unable to locate element: {\"method\":\"xpath\",\"selector\":\"//img[@alt='User Avatar']\"}\n  (Session info: chrome=137.0.7151.69); For documentation on this error, please visit: https://www.selenium.dev/documentation/webdriver/troubleshooting/errors#no-such-element-exception\nStacktrace:\n\tGetHandleVerifier [0x0x1103763+63299]\n\tGetHandleVerifier [0x0x11037a4+63364]\n\t(No symbol) [0x0xf31113]\n\t(No symbol) [0x0xf7987e]\n\t(No symbol) [0x0xf79c1b]\n\t(No symbol) [0x0xfc2212]\n\t(No symbol) [0x0xf9e5c4]\n\t(No symbol) [0x0xfbfa4a]\n\t(No symbol) [0x0xf9e376]\n\t(No symbol) [0x0xf6d6e0]\n\t(No symbol) [0x0xf6e544]\n\tGetHandleVerifier [0x0x135e033+2531347]\n\tGetHandleVerifier [0x0x1359332+2511634]\n\tGetHandleVerifier [0x0x1129eda+220858]\n\tGetHandleVerifier [0x0x111a528+156936]\n\tGetHandleVerifier [0x0x1120c5d+183357]\n\tGetHandleVerifier [0x0x110b6c8+95912]\n\tGetHandleVerifier [0x0x110b870+96336]\n\tGetHandleVerifier [0x0x10f664a+9770]\n\tBaseThreadInitThunk [0x0x760a5d49+25]\n\tRtlInitializeExceptionChain [0x0x772dd09b+107]\n\tRtlGetAppContainerNamedObjectPath [0x0x772dd021+561]\n", "status": "passed", "attachments": [{"name": "Screenshot on Failure", "source": "f4b29c5f-1743-48f3-a063-a87b4ff90244-attachment.png", "type": "image/png"}], "start": 1749196652996, "stop": 1749196653138}, {"name": "Trying to click on <img> with text 'No text'", "status": "passed", "start": 1749196653665, "stop": 1749196653665}, {"name": "Trying to click on <span> with text 'My uploads'", "status": "passed", "start": 1749196654269, "stop": 1749196654269}, {"name": "Exception: Message: no such element: Unable to locate element: {\"method\":\"xpath\",\"selector\":\"//img[@alt='Uploaded produce']\"}\n  (Session info: chrome=137.0.7151.69); For documentation on this error, please visit: https://www.selenium.dev/documentation/webdriver/troubleshooting/errors#no-such-element-exception\nStacktrace:\n\tGetHandleVerifier [0x0x1103763+63299]\n\tGetHandleVerifier [0x0x11037a4+63364]\n\t(No symbol) [0x0xf31113]\n\t(No symbol) [0x0xf7987e]\n\t(No symbol) [0x0xf79c1b]\n\t(No symbol) [0x0xfc2212]\n\t(No symbol) [0x0xf9e5c4]\n\t(No symbol) [0x0xfbfa4a]\n\t(No symbol) [0x0xf9e376]\n\t(No symbol) [0x0xf6d6e0]\n\t(No symbol) [0x0xf6e544]\n\tGetHandleVerifier [0x0x135e033+2531347]\n\tGetHandleVerifier [0x0x1359332+2511634]\n\tGetHandleVerifier [0x0x1129eda+220858]\n\tGetHandleVerifier [0x0x111a528+156936]\n\tGetHandleVerifier [0x0x1120c5d+183357]\n\tGetHandleVerifier [0x0x110b6c8+95912]\n\tGetHandleVerifier [0x0x110b870+96336]\n\tGetHandleVerifier [0x0x10f664a+9770]\n\tBaseThreadInitThunk [0x0x760a5d49+25]\n\tRtlInitializeExceptionChain [0x0x772dd09b+107]\n\tRtlGetAppContainerNamedObjectPath [0x0x772dd021+561]\n", "status": "passed", "attachments": [{"name": "Screenshot on Failure", "source": "7a3f6ff1-9cd6-42a6-8c80-230bf5ece84a-attachment.png", "type": "image/png"}], "start": 1749196654326, "stop": 1749196654586}, {"name": "Trying to click on <img> with text 'No text'", "status": "passed", "start": 1749196655117, "stop": 1749196655117}, {"name": "Exception: Message: no such element: Unable to locate element: {\"method\":\"xpath\",\"selector\":\"//*[text()='Share']\"}\n  (Session info: chrome=137.0.7151.69); For documentation on this error, please visit: https://www.selenium.dev/documentation/webdriver/troubleshooting/errors#no-such-element-exception\nStacktrace:\n\tGetHandleVerifier [0x0x1103763+63299]\n\tGetHandleVerifier [0x0x11037a4+63364]\n\t(No symbol) [0x0xf31113]\n\t(No symbol) [0x0xf7987e]\n\t(No symbol) [0x0xf79c1b]\n\t(No symbol) [0x0xfc2212]\n\t(No symbol) [0x0xf9e5c4]\n\t(No symbol) [0x0xfbfa4a]\n\t(No symbol) [0x0xf9e376]\n\t(No symbol) [0x0xf6d6e0]\n\t(No symbol) [0x0xf6e544]\n\tGetHandleVerifier [0x0x135e033+2531347]\n\tGetHandleVerifier [0x0x1359332+2511634]\n\tGetHandleVerifier [0x0x1129eda+220858]\n\tGetHandleVerifier [0x0x111a528+156936]\n\tGetHandleVerifier [0x0x1120c5d+183357]\n\tGetHandleVerifier [0x0x110b6c8+95912]\n\tGetHandleVerifier [0x0x110b870+96336]\n\tGetHandleVerifier [0x0x10f664a+9770]\n\tBaseThreadInitThunk [0x0x760a5d49+25]\n\tRtlInitializeExceptionChain [0x0x772dd09b+107]\n\tRtlGetAppContainerNamedObjectPath [0x0x772dd021+561]\n", "status": "passed", "attachments": [{"name": "Screenshot on Failure", "source": "ccbb9d40-623d-4b7d-920c-d3ae08972e37-attachment.png", "type": "image/png"}], "start": 1749196655181, "stop": 1749196655335}, {"name": "Trying to click on <button> with text 'Share'", "status": "passed", "start": 1749196655865, "stop": 1749196655865}, {"name": "Exception: Message: no such element: Unable to locate element: {\"method\":\"xpath\",\"selector\":\"(//div[@role='combobox'])[2]\"}\n  (Session info: chrome=137.0.7151.69); For documentation on this error, please visit: https://www.selenium.dev/documentation/webdriver/troubleshooting/errors#no-such-element-exception\nStacktrace:\n\tGetHandleVerifier [0x0x1103763+63299]\n\tGetHandleVerifier [0x0x11037a4+63364]\n\t(No symbol) [0x0xf31113]\n\t(No symbol) [0x0xf7987e]\n\t(No symbol) [0x0xf79c1b]\n\t(No symbol) [0x0xfc2212]\n\t(No symbol) [0x0xf9e5c4]\n\t(No symbol) [0x0xfbfa4a]\n\t(No symbol) [0x0xf9e376]\n\t(No symbol) [0x0xf6d6e0]\n\t(No symbol) [0x0xf6e544]\n\tGetHandleVerifier [0x0x135e033+2531347]\n\tGetHandleVerifier [0x0x1359332+2511634]\n\tGetHandleVerifier [0x0x1129eda+220858]\n\tGetHandleVerifier [0x0x111a528+156936]\n\tGetHandleVerifier [0x0x1120c5d+183357]\n\tGetHandleVerifier [0x0x110b6c8+95912]\n\tGetHandleVerifier [0x0x110b870+96336]\n\tGetHandleVerifier [0x0x10f664a+9770]\n\tBaseThreadInitThunk [0x0x760a5d49+25]\n\tRtlInitializeExceptionChain [0x0x772dd09b+107]\n\tRtlGetAppContainerNamedObjectPath [0x0x772dd021+561]\n", "status": "passed", "attachments": [{"name": "Screenshot on Failure", "source": "f33194dd-0a04-4aad-9b88-f0ab4ec05d95-attachment.png", "type": "image/png"}], "start": 1749196655920, "stop": 1749196656047}, {"name": "Trying to click on <div> with text 'Only people invited'", "status": "passed", "start": 1749196656579, "stop": 1749196656579}, {"name": "Trying to click on <li> with text 'Anyone with the link'", "status": "passed", "start": 1749196656659, "stop": 1749196656659}, {"name": "Trying to click on <div> with text 'Only people invited'", "status": "passed", "start": 1749196656746, "stop": 1749196656746}, {"name": "Trying to click on <li> with text 'Private (Only me)'", "status": "passed", "start": 1749196657096, "stop": 1749196657096}, {"name": "Trying to click on <button> with text 'Proceed'", "status": "passed", "start": 1749196657215, "stop": 1749196657215}, {"name": "Trying to click on <div> with text 'Anyone with the link'", "status": "passed", "start": 1749196657296, "stop": 1749196657296}, {"name": "Trying to click on <li> with text 'Only people invited'", "status": "passed", "start": 1749196658057, "stop": 1749196658057}, {"name": "Trying to input into <input>", "status": "passed", "start": 1749196658136, "stop": 1749196658136}, {"name": "Trying to click on <button> with text 'Invite'", "status": "passed", "start": 1749196658246, "stop": 1749196658246}, {"name": "Trying to click on <img> with text 'No text'", "status": "passed", "start": 1749196658546, "stop": 1749196658546}, {"name": "Trying to click on <span> with text 'Log Out'", "status": "passed", "start": 1749196659160, "stop": 1749196659160}, {"name": "Exception: Message: no such element: Unable to locate element: {\"method\":\"xpath\",\"selector\":\"(//button[text()='Login'])[1]\"}\n  (Session info: chrome=137.0.7151.69); For documentation on this error, please visit: https://www.selenium.dev/documentation/webdriver/troubleshooting/errors#no-such-element-exception\nStacktrace:\n\tGetHandleVerifier [0x0x1103763+63299]\n\tGetHandleVerifier [0x0x11037a4+63364]\n\t(No symbol) [0x0xf31113]\n\t(No symbol) [0x0xf7987e]\n\t(No symbol) [0x0xf79c1b]\n\t(No symbol) [0x0xfc2212]\n\t(No symbol) [0x0xf9e5c4]\n\t(No symbol) [0x0xfbfa4a]\n\t(No symbol) [0x0xf9e376]\n\t(No symbol) [0x0xf6d6e0]\n\t(No symbol) [0x0xf6e544]\n\tGetHandleVerifier [0x0x135e033+2531347]\n\tGetHandleVerifier [0x0x1359332+2511634]\n\tGetHandleVerifier [0x0x1129eda+220858]\n\tGetHandleVerifier [0x0x111a528+156936]\n\tGetHandleVerifier [0x0x1120c5d+183357]\n\tGetHandleVerifier [0x0x110b6c8+95912]\n\tGetHandleVerifier [0x0x110b870+96336]\n\tGetHandleVerifier [0x0x10f664a+9770]\n\tBaseThreadInitThunk [0x0x760a5d49+25]\n\tRtlInitializeExceptionChain [0x0x772dd09b+107]\n\tRtlGetAppContainerNamedObjectPath [0x0x772dd021+561]\n", "status": "passed", "attachments": [{"name": "Screenshot on Failure", "source": "24c38a22-434d-4ab9-b123-a3eca29de57b-attachment.png", "type": "image/png"}], "start": 1749196659216, "stop": 1749196659366}, {"name": "Trying to click on <button> with text 'Login'", "status": "passed", "start": 1749196659906, "stop": 1749196659906}, {"name": "User to test share feature, login", "status": "passed", "start": 1749196659946, "stop": 1749196659946}, {"name": "Trying to input into <input>", "status": "passed", "start": 1749196659994, "stop": 1749196659994}, {"name": "Trying to input into <input>", "status": "passed", "start": 1749196660010, "stop": 1749196660010}, {"name": "Trying to input into <input>", "status": "passed", "start": 1749196660105, "stop": 1749196660105}, {"name": "Trying to input into <input>", "status": "passed", "start": 1749196660116, "stop": 1749196660116}, {"name": "Trying to click on <button> with text 'Sign In'", "status": "passed", "start": 1749196660216, "stop": 1749196660216}, {"name": "Exception: Message: no such element: Unable to locate element: {\"method\":\"xpath\",\"selector\":\"//img[@alt='User Avatar']\"}\n  (Session info: chrome=137.0.7151.69); For documentation on this error, please visit: https://www.selenium.dev/documentation/webdriver/troubleshooting/errors#no-such-element-exception\nStacktrace:\n\tGetHandleVerifier [0x0x1103763+63299]\n\tGetHandleVerifier [0x0x11037a4+63364]\n\t(No symbol) [0x0xf31113]\n\t(No symbol) [0x0xf7987e]\n\t(No symbol) [0x0xf79c1b]\n\t(No symbol) [0x0xfc2212]\n\t(No symbol) [0x0xf9e5c4]\n\t(No symbol) [0x0xfbfa4a]\n\t(No symbol) [0x0xf9e376]\n\t(No symbol) [0x0xf6d6e0]\n\t(No symbol) [0x0xf6e544]\n\tGetHandleVerifier [0x0x135e033+2531347]\n\tGetHandleVerifier [0x0x1359332+2511634]\n\tGetHandleVerifier [0x0x1129eda+220858]\n\tGetHandleVerifier [0x0x111a528+156936]\n\tGetHandleVerifier [0x0x1120c5d+183357]\n\tGetHandleVerifier [0x0x110b6c8+95912]\n\tGetHandleVerifier [0x0x110b870+96336]\n\tGetHandleVerifier [0x0x10f664a+9770]\n\tBaseThreadInitThunk [0x0x760a5d49+25]\n\tRtlInitializeExceptionChain [0x0x772dd09b+107]\n\tRtlGetAppContainerNamedObjectPath [0x0x772dd021+561]\n", "status": "passed", "attachments": [{"name": "Screenshot on Failure", "source": "809c9652-3250-43ec-b02f-510d94f5fd80-attachment.png", "type": "image/png"}], "start": 1749196660276, "stop": 1749196660436}, {"name": "Trying to click on <img> with text 'No text'", "status": "passed", "start": 1749196660986, "stop": 1749196660986}, {"name": "Trying to click on <span> with text 'My uploads'", "status": "passed", "start": 1749196661060, "stop": 1749196661060}, {"name": "Exception: Message: no such element: Unable to locate element: {\"method\":\"xpath\",\"selector\":\"//span[text()='Shared with me']\"}\n  (Session info: chrome=137.0.7151.69); For documentation on this error, please visit: https://www.selenium.dev/documentation/webdriver/troubleshooting/errors#no-such-element-exception\nStacktrace:\n\tGetHandleVerifier [0x0x1103763+63299]\n\tGetHandleVerifier [0x0x11037a4+63364]\n\t(No symbol) [0x0xf31113]\n\t(No symbol) [0x0xf7987e]\n\t(No symbol) [0x0xf79c1b]\n\t(No symbol) [0x0xfc2212]\n\t(No symbol) [0x0xf9e5c4]\n\t(No symbol) [0x0xfbfa4a]\n\t(No symbol) [0x0xf9e376]\n\t(No symbol) [0x0xf6d6e0]\n\t(No symbol) [0x0xf6e544]\n\tGetHandleVerifier [0x0x135e033+2531347]\n\tGetHandleVerifier [0x0x1359332+2511634]\n\tGetHandleVerifier [0x0x1129eda+220858]\n\tGetHandleVerifier [0x0x111a528+156936]\n\tGetHandleVerifier [0x0x1120c5d+183357]\n\tGetHandleVerifier [0x0x110b6c8+95912]\n\tGetHandleVerifier [0x0x110b870+96336]\n\tGetHandleVerifier [0x0x10f664a+9770]\n\tBaseThreadInitThunk [0x0x760a5d49+25]\n\tRtlInitializeExceptionChain [0x0x772dd09b+107]\n\tRtlGetAppContainerNamedObjectPath [0x0x772dd021+561]\n", "status": "passed", "attachments": [{"name": "Screenshot on Failure", "source": "27499a15-eaba-4dd1-a027-e08a14e8b2c6-attachment.png", "type": "image/png"}], "start": 1749196661159, "stop": 1749196661354}, {"name": "Trying to click on <span> with text 'Shared with me'", "status": "passed", "start": 1749196661886, "stop": 1749196661886}, {"name": "Exception: Message: no such element: Unable to locate element: {\"method\":\"xpath\",\"selector\":\"//p[@class='MuiTypography-root MuiTypography-body1 css-x1va7p']\"}\n  (Session info: chrome=137.0.7151.69); For documentation on this error, please visit: https://www.selenium.dev/documentation/webdriver/troubleshooting/errors#no-such-element-exception\nStacktrace:\n\tGetHandleVerifier [0x0x1103763+63299]\n\tGetHandleVerifier [0x0x11037a4+63364]\n\t(No symbol) [0x0xf31113]\n\t(No symbol) [0x0xf7987e]\n\t(No symbol) [0x0xf79c1b]\n\t(No symbol) [0x0xfc2212]\n\t(No symbol) [0x0xf9e5c4]\n\t(No symbol) [0x0xfbfa4a]\n\t(No symbol) [0x0xf9e376]\n\t(No symbol) [0x0xf6d6e0]\n\t(No symbol) [0x0xf6e544]\n\tGetHandleVerifier [0x0x135e033+2531347]\n\tGetHandleVerifier [0x0x1359332+2511634]\n\tGetHandleVerifier [0x0x1129eda+220858]\n\tGetHandleVerifier [0x0x111a528+156936]\n\tGetHandleVerifier [0x0x1120c5d+183357]\n\tGetHandleVerifier [0x0x110b6c8+95912]\n\tGetHandleVerifier [0x0x110b870+96336]\n\tGetHandleVerifier [0x0x10f664a+9770]\n\tBaseThreadInitThunk [0x0x760a5d49+25]\n\tRtlInitializeExceptionChain [0x0x772dd09b+107]\n\tRtlGetAppContainerNamedObjectPath [0x0x772dd021+561]\n", "status": "passed", "attachments": [{"name": "Screenshot on Failure", "source": "003ad53a-f5cb-4167-8e38-20f97e592fef-attachment.png", "type": "image/png"}], "start": 1749196661974, "stop": 1749196662138}], "attachments": [{"name": "Test Log", "source": "95104abe-7dc8-4155-b7cc-6ce67f123934-attachment.txt", "type": "text/plain"}, {"name": "log", "source": "a7e713a9-eee2-4b38-ae04-51cb0391d964-attachment.txt", "type": "text/plain"}, {"name": "stdout", "source": "19d8d8ea-1e4d-4e7e-b31e-1ff617098817-attachment.txt", "type": "text/plain"}, {"name": "stderr", "source": "1ec94814-d177-41c2-b91a-c47646c80570-attachment.txt", "type": "text/plain"}], "start": 1749196651355, "stop": 1749196662660, "uuid": "b9834d68-449c-4628-96e6-eac60b06da7f", "historyId": "693ac28b1fdb380deffcf88e3a3b318d", "testCaseId": "693ac28b1fdb380deffcf88e3a3b318d", "fullName": "test_provineer#test_shared_feature", "labels": [{"name": "suite", "value": "test_provineer"}, {"name": "host", "value": "DESKTOP-CNNS4HO"}, {"name": "thread", "value": "16704-MainThread"}, {"name": "framework", "value": "pytest"}, {"name": "language", "value": "cpython3"}, {"name": "package", "value": "test_provineer"}]}