{"name": "test_upload_new_file", "status": "passed", "steps": [{"name": "User login", "status": "passed", "start": 1749463595726, "stop": 1749463595726}, {"name": "Navigating to URL: https://provineer.com/login", "status": "passed", "start": 1749463595726, "stop": 1749463595729}, {"name": "Trying to input into <input>", "status": "passed", "start": 1749463596707, "stop": 1749463596707}, {"name": "Trying to input into <input>", "status": "passed", "start": 1749463596823, "stop": 1749463596823}, {"name": "Trying to input into <input>", "status": "passed", "start": 1749463596936, "stop": 1749463596936}, {"name": "Trying to input into <input>", "status": "passed", "start": 1749463596968, "stop": 1749463596968}, {"name": "Trying to click on <button> with text 'Sign In'", "status": "passed", "start": 1749463597086, "stop": 1749463597086}, {"name": "Testing upload new file", "status": "passed", "start": 1749463597169, "stop": 1749463597169}, {"name": "Exception: Message: no such element: Unable to locate element: {\"method\":\"xpath\",\"selector\":\"//input[@type='file']\"}\n  (Session info: chrome=137.0.7151.69); For documentation on this error, please visit: https://www.selenium.dev/documentation/webdriver/troubleshooting/errors#no-such-element-exception\nStacktrace:\n\tGetHandleVerifier [0x0xde3763+63299]\n\tGetHandleVerifier [0x0xde37a4+63364]\n\t(No symbol) [0x0xc11113]\n\t(No symbol) [0x0xc5987e]\n\t(No symbol) [0x0xc59c1b]\n\t(No symbol) [0x0xca2212]\n\t(No symbol) [0x0xc7e5c4]\n\t(No symbol) [0x0xc9fa4a]\n\t(No symbol) [0x0xc7e376]\n\t(No symbol) [0x0xc4d6e0]\n\t(No symbol) [0x0xc4e544]\n\tGetHandleVerifier [0x0x103e033+2531347]\n\tGetHandleVerifier [0x0x1039332+2511634]\n\tGetHandleVerifier [0x0xe09eda+220858]\n\tGetHandleVerifier [0x0xdfa528+156936]\n\tGetHandleVerifier [0x0xe00c5d+183357]\n\tGetHandleVerifier [0x0xdeb6c8+95912]\n\tGetHandleVerifier [0x0xdeb870+96336]\n\tGetHandleVerifier [0x0xdd664a+9770]\n\tBaseThreadInitThunk [0x0x760a5d49+25]\n\tRtlInitializeExceptionChain [0x0x772dd09b+107]\n\tRtlGetAppContainerNamedObjectPath [0x0x772dd021+561]\n", "status": "passed", "attachments": [{"name": "Screenshot on Failure", "source": "fde80363-ec64-4b84-85dd-c143f9c84390-attachment.png", "type": "image/png"}], "start": 1749463597186, "stop": 1749463597330}, {"name": "Exception: Message: no such element: Unable to locate element: {\"method\":\"xpath\",\"selector\":\"//input[@type='file']\"}\n  (Session info: chrome=137.0.7151.69); For documentation on this error, please visit: https://www.selenium.dev/documentation/webdriver/troubleshooting/errors#no-such-element-exception\nStacktrace:\n\tGetHandleVerifier [0x0xde3763+63299]\n\tGetHandleVerifier [0x0xde37a4+63364]\n\t(No symbol) [0x0xc11113]\n\t(No symbol) [0x0xc5987e]\n\t(No symbol) [0x0xc59c1b]\n\t(No symbol) [0x0xca2212]\n\t(No symbol) [0x0xc7e5c4]\n\t(No symbol) [0x0xc9fa4a]\n\t(No symbol) [0x0xc7e376]\n\t(No symbol) [0x0xc4d6e0]\n\t(No symbol) [0x0xc4e544]\n\tGetHandleVerifier [0x0x103e033+2531347]\n\tGetHandleVerifier [0x0x1039332+2511634]\n\tGetHandleVerifier [0x0xe09eda+220858]\n\tGetHandleVerifier [0x0xdfa528+156936]\n\tGetHandleVerifier [0x0xe00c5d+183357]\n\tGetHandleVerifier [0x0xdeb6c8+95912]\n\tGetHandleVerifier [0x0xdeb870+96336]\n\tGetHandleVerifier [0x0xdd664a+9770]\n\tBaseThreadInitThunk [0x0x760a5d49+25]\n\tRtlInitializeExceptionChain [0x0x772dd09b+107]\n\tRtlGetAppContainerNamedObjectPath [0x0x772dd021+561]\n", "status": "passed", "attachments": [{"name": "Screenshot on Failure", "source": "757ca21d-2efb-4a88-902b-7f16a0bee3d3-attachment.png", "type": "image/png"}], "start": 1749463597837, "stop": 1749463597956}, {"name": "Trying to input into <input>", "status": "passed", "start": 1749463598463, "stop": 1749463598463}, {"name": "Trying to click on <button> with text 'Proceed'", "status": "passed", "start": 1749463598538, "stop": 1749463598538}, {"name": "Trying to input into <input>", "status": "passed", "start": 1749463598637, "stop": 1749463598637}, {"name": "Trying to click on <div> with text 'No text'", "status": "passed", "start": 1749463598712, "stop": 1749463598712}, {"name": "Trying to click on <li> with text '1.0'", "status": "passed", "start": 1749463599326, "stop": 1749463599326}, {"name": "Trying to click on <div> with text 'No text'", "status": "passed", "start": 1749463599402, "stop": 1749463599402}, {"name": "Trying to click on <li> with text 'robot'", "status": "passed", "start": 1749463599752, "stop": 1749463599752}, {"name": "Trying to click on <div> with text 'No text'", "status": "passed", "start": 1749463599820, "stop": 1749463599820}, {"name": "Trying to input into <textarea>", "status": "passed", "start": 1749463600102, "stop": 1749463600102}, {"name": "Trying to click on <button> with text 'Continue'", "status": "passed", "start": 1749463600186, "stop": 1749463600186}, {"name": "Trying to input into <input>", "status": "passed", "start": 1749463600252, "stop": 1749463600252}, {"name": "Trying to click on <button> with text 'Continue'", "status": "passed", "start": 1749463600324, "stop": 1749463600324}, {"name": "Trying to click on <canvas> with text 'No text'", "status": "passed", "start": 1749463600384, "stop": 1749463600384}, {"name": "Trying to click on <button> with text 'Continue'", "status": "passed", "start": 1749463600503, "stop": 1749463600503}], "attachments": [{"name": "Test Log", "source": "d5152513-1a46-482d-a2a5-85bbfcb0ce79-attachment.txt", "type": "text/plain"}, {"name": "log", "source": "13be5315-ef5d-4dae-90b0-2bf1fc0a73b9-attachment.txt", "type": "text/plain"}, {"name": "stdout", "source": "2f4f1657-659a-46a5-866e-0268ce870550-attachment.txt", "type": "text/plain"}, {"name": "stderr", "source": "d92f1808-bbcb-4e85-988e-d2544bc0ae55-attachment.txt", "type": "text/plain"}], "start": 1749463595726, "stop": 1749463600594, "uuid": "b2bf9e63-6bec-40a5-b28d-56984326552b", "historyId": "768f248bcbfb1c45822853a76ff755fb", "testCaseId": "768f248bcbfb1c45822853a76ff755fb", "fullName": "test_provineer#test_upload_new_file", "labels": [{"name": "suite", "value": "test_provineer"}, {"name": "host", "value": "DESKTOP-CNNS4HO"}, {"name": "thread", "value": "7572-MainThread"}, {"name": "framework", "value": "pytest"}, {"name": "language", "value": "cpython3"}, {"name": "package", "value": "test_provineer"}]}