{"name": "test_shared_feature", "status": "passed", "steps": [{"name": "User login", "status": "passed", "start": 1750931435172, "stop": 1750931435174}, {"name": "Navigating to URL: https://provineer.com/login", "status": "passed", "start": 1750931435174, "stop": 1750931435174}, {"name": "Trying to input into <input>", "status": "passed", "start": 1750931435889, "stop": 1750931435892}, {"name": "Trying to input into <input>", "status": "passed", "start": 1750931435929, "stop": 1750931435929}, {"name": "Trying to input into <input>", "status": "passed", "start": 1750931436109, "stop": 1750931436109}, {"name": "Trying to input into <input>", "status": "passed", "start": 1750931436123, "stop": 1750931436123}, {"name": "Trying to click on <button> with text 'Sign In'", "status": "passed", "start": 1750931436261, "stop": 1750931436261}, {"name": "Testing share feature", "status": "passed", "start": 1750931436322, "stop": 1750931436322}, {"name": "Exception: Message: no such element: Unable to locate element: {\"method\":\"xpath\",\"selector\":\"//img[@alt='User Avatar']\"}\n  (Session info: chrome=137.0.7151.120); For documentation on this error, please visit: https://www.selenium.dev/documentation/webdriver/troubleshooting/errors#no-such-element-exception\nStacktrace:\n\tGetHandleVerifier [0x0x583b03+62899]\n\tGetHandleVerifier [0x0x583b44+62964]\n\t(No symbol) [0x0x3b10f3]\n\t(No symbol) [0x0x3f980e]\n\t(No symbol) [0x0x3f9bab]\n\t(No symbol) [0x0x4425c2]\n\t(No symbol) [0x0x41e554]\n\t(No symbol) [0x0x43fd81]\n\t(No symbol) [0x0x41e306]\n\t(No symbol) [0x0x3ed670]\n\t(No symbol) [0x0x3ee4e4]\n\tGetHandleVerifier [0x0x7e4793+2556483]\n\tGetHandleVerifier [0x0x7dfd02+2537394]\n\tGetHandleVerifier [0x0x5aa2fa+220586]\n\tGetHandleVerifier [0x0x59aae8+157080]\n\tGetHandleVerifier [0x0x5a141d+184013]\n\tGetHandleVerifier [0x0x58ba68+95512]\n\tGetHandleVerifier [0x0x58bc10+95936]\n\tGetHandleVerifier [0x0x576b5a+9738]\n\tBaseThreadInitThunk [0x0x763b5d49+25]\n\tRtlInitializeExceptionChain [0x0x77bbd09b+107]\n\tRtlGetAppContainerNamedObjectPath [0x0x77bbd021+561]\n", "status": "passed", "attachments": [{"name": "Screenshot on Failure", "source": "93f5257f-76db-4fce-86b3-6610f5322c8f-attachment.png", "type": "image/png"}], "start": 1750931436339, "stop": 1750931436483}, {"name": "Trying to click on <img> with text 'No text'", "status": "passed", "start": 1750931437015, "stop": 1750931437015}, {"name": "Trying to click on <span> with text 'My uploads'", "status": "passed", "start": 1750931437647, "stop": 1750931437647}, {"name": "Exception: Message: no such element: Unable to locate element: {\"method\":\"xpath\",\"selector\":\"//img[@alt='Uploaded produce']\"}\n  (Session info: chrome=137.0.7151.120); For documentation on this error, please visit: https://www.selenium.dev/documentation/webdriver/troubleshooting/errors#no-such-element-exception\nStacktrace:\n\tGetHandleVerifier [0x0x583b03+62899]\n\tGetHandleVerifier [0x0x583b44+62964]\n\t(No symbol) [0x0x3b10f3]\n\t(No symbol) [0x0x3f980e]\n\t(No symbol) [0x0x3f9bab]\n\t(No symbol) [0x0x4425c2]\n\t(No symbol) [0x0x41e554]\n\t(No symbol) [0x0x43fd81]\n\t(No symbol) [0x0x41e306]\n\t(No symbol) [0x0x3ed670]\n\t(No symbol) [0x0x3ee4e4]\n\tGetHandleVerifier [0x0x7e4793+2556483]\n\tGetHandleVerifier [0x0x7dfd02+2537394]\n\tGetHandleVerifier [0x0x5aa2fa+220586]\n\tGetHandleVerifier [0x0x59aae8+157080]\n\tGetHandleVerifier [0x0x5a141d+184013]\n\tGetHandleVerifier [0x0x58ba68+95512]\n\tGetHandleVerifier [0x0x58bc10+95936]\n\tGetHandleVerifier [0x0x576b5a+9738]\n\tBaseThreadInitThunk [0x0x763b5d49+25]\n\tRtlInitializeExceptionChain [0x0x77bbd09b+107]\n\tRtlGetAppContainerNamedObjectPath [0x0x77bbd021+561]\n", "status": "passed", "attachments": [{"name": "Screenshot on Failure", "source": "b7cc60ec-f346-4ceb-8dbf-0b882a471f25-attachment.png", "type": "image/png"}], "start": 1750931437710, "stop": 1750931438016}, {"name": "Trying to click on <img> with text 'No text'", "status": "passed", "start": 1750931438531, "stop": 1750931438531}, {"name": "Exception: Message: no such element: Unable to locate element: {\"method\":\"xpath\",\"selector\":\"//*[text()='Share']\"}\n  (Session info: chrome=137.0.7151.120); For documentation on this error, please visit: https://www.selenium.dev/documentation/webdriver/troubleshooting/errors#no-such-element-exception\nStacktrace:\n\tGetHandleVerifier [0x0x583b03+62899]\n\tGetHandleVerifier [0x0x583b44+62964]\n\t(No symbol) [0x0x3b10f3]\n\t(No symbol) [0x0x3f980e]\n\t(No symbol) [0x0x3f9bab]\n\t(No symbol) [0x0x4425c2]\n\t(No symbol) [0x0x41e554]\n\t(No symbol) [0x0x43fd81]\n\t(No symbol) [0x0x41e306]\n\t(No symbol) [0x0x3ed670]\n\t(No symbol) [0x0x3ee4e4]\n\tGetHandleVerifier [0x0x7e4793+2556483]\n\tGetHandleVerifier [0x0x7dfd02+2537394]\n\tGetHandleVerifier [0x0x5aa2fa+220586]\n\tGetHandleVerifier [0x0x59aae8+157080]\n\tGetHandleVerifier [0x0x5a141d+184013]\n\tGetHandleVerifier [0x0x58ba68+95512]\n\tGetHandleVerifier [0x0x58bc10+95936]\n\tGetHandleVerifier [0x0x576b5a+9738]\n\tBaseThreadInitThunk [0x0x763b5d49+25]\n\tRtlInitializeExceptionChain [0x0x77bbd09b+107]\n\tRtlGetAppContainerNamedObjectPath [0x0x77bbd021+561]\n", "status": "passed", "attachments": [{"name": "Screenshot on Failure", "source": "afa5eeb4-a5df-4673-a1d9-4ca60200e254-attachment.png", "type": "image/png"}], "start": 1750931438605, "stop": 1750931438774}, {"name": "Trying to click on <button> with text 'Share'", "status": "passed", "start": 1750931439317, "stop": 1750931439317}, {"name": "Exception: Message: no such element: Unable to locate element: {\"method\":\"xpath\",\"selector\":\"(//div[@role='combobox'])[2]\"}\n  (Session info: chrome=137.0.7151.120); For documentation on this error, please visit: https://www.selenium.dev/documentation/webdriver/troubleshooting/errors#no-such-element-exception\nStacktrace:\n\tGetHandleVerifier [0x0x583b03+62899]\n\tGetHandleVerifier [0x0x583b44+62964]\n\t(No symbol) [0x0x3b10f3]\n\t(No symbol) [0x0x3f980e]\n\t(No symbol) [0x0x3f9bab]\n\t(No symbol) [0x0x4425c2]\n\t(No symbol) [0x0x41e554]\n\t(No symbol) [0x0x43fd81]\n\t(No symbol) [0x0x41e306]\n\t(No symbol) [0x0x3ed670]\n\t(No symbol) [0x0x3ee4e4]\n\tGetHandleVerifier [0x0x7e4793+2556483]\n\tGetHandleVerifier [0x0x7dfd02+2537394]\n\tGetHandleVerifier [0x0x5aa2fa+220586]\n\tGetHandleVerifier [0x0x59aae8+157080]\n\tGetHandleVerifier [0x0x5a141d+184013]\n\tGetHandleVerifier [0x0x58ba68+95512]\n\tGetHandleVerifier [0x0x58bc10+95936]\n\tGetHandleVerifier [0x0x576b5a+9738]\n\tBaseThreadInitThunk [0x0x763b5d49+25]\n\tRtlInitializeExceptionChain [0x0x77bbd09b+107]\n\tRtlGetAppContainerNamedObjectPath [0x0x77bbd021+561]\n", "status": "passed", "attachments": [{"name": "Screenshot on Failure", "source": "a6efb271-2976-40af-9b97-178c52f89fd8-attachment.png", "type": "image/png"}], "start": 1750931439355, "stop": 1750931439492}, {"name": "Trying to click on <div> with text 'Only people invited'", "status": "passed", "start": 1750931440023, "stop": 1750931440023}, {"name": "Trying to click on <li> with text 'Anyone with the link'", "status": "passed", "start": 1750931440105, "stop": 1750931440105}, {"name": "Trying to click on <div> with text 'Only people invited'", "status": "passed", "start": 1750931440204, "stop": 1750931440204}, {"name": "Trying to click on <li> with text 'Private (Only me)'", "status": "passed", "start": 1750931440529, "stop": 1750931440529}, {"name": "Trying to click on <button> with text 'Proceed'", "status": "passed", "start": 1750931440674, "stop": 1750931440674}, {"name": "Trying to click on <div> with text 'Anyone with the link'", "status": "passed", "start": 1750931440753, "stop": 1750931440753}, {"name": "Trying to click on <li> with text 'Only people invited'", "status": "passed", "start": 1750931441473, "stop": 1750931441473}, {"name": "Trying to input into <input>", "status": "passed", "start": 1750931441555, "stop": 1750931441555}, {"name": "Trying to click on <button> with text 'Invite'", "status": "passed", "start": 1750931441655, "stop": 1750931441655}, {"name": "Trying to click on <img> with text 'No text'", "status": "passed", "start": 1750931441889, "stop": 1750931441889}, {"name": "Trying to click on <span> with text 'Log Out'", "status": "passed", "start": 1750931442522, "stop": 1750931442522}, {"name": "Exception: Message: no such element: Unable to locate element: {\"method\":\"xpath\",\"selector\":\"(//button[text()='Login'])[1]\"}\n  (Session info: chrome=137.0.7151.120); For documentation on this error, please visit: https://www.selenium.dev/documentation/webdriver/troubleshooting/errors#no-such-element-exception\nStacktrace:\n\tGetHandleVerifier [0x0x583b03+62899]\n\tGetHandleVerifier [0x0x583b44+62964]\n\t(No symbol) [0x0x3b10f3]\n\t(No symbol) [0x0x3f980e]\n\t(No symbol) [0x0x3f9bab]\n\t(No symbol) [0x0x4425c2]\n\t(No symbol) [0x0x41e554]\n\t(No symbol) [0x0x43fd81]\n\t(No symbol) [0x0x41e306]\n\t(No symbol) [0x0x3ed670]\n\t(No symbol) [0x0x3ee4e4]\n\tGetHandleVerifier [0x0x7e4793+2556483]\n\tGetHandleVerifier [0x0x7dfd02+2537394]\n\tGetHandleVerifier [0x0x5aa2fa+220586]\n\tGetHandleVerifier [0x0x59aae8+157080]\n\tGetHandleVerifier [0x0x5a141d+184013]\n\tGetHandleVerifier [0x0x58ba68+95512]\n\tGetHandleVerifier [0x0x58bc10+95936]\n\tGetHandleVerifier [0x0x576b5a+9738]\n\tBaseThreadInitThunk [0x0x763b5d49+25]\n\tRtlInitializeExceptionChain [0x0x77bbd09b+107]\n\tRtlGetAppContainerNamedObjectPath [0x0x77bbd021+561]\n", "status": "passed", "attachments": [{"name": "Screenshot on Failure", "source": "ca4425ae-f378-44d4-b969-d10c385421e0-attachment.png", "type": "image/png"}], "start": 1750931442591, "stop": 1750931442725}, {"name": "Trying to click on <button> with text 'Login'", "status": "passed", "start": 1750931443285, "stop": 1750931443285}, {"name": "User to test share feature, login", "status": "passed", "start": 1750931443322, "stop": 1750931443322}, {"name": "Trying to input into <input>", "status": "passed", "start": 1750931443372, "stop": 1750931443372}, {"name": "Trying to input into <input>", "status": "passed", "start": 1750931443389, "stop": 1750931443389}, {"name": "Trying to input into <input>", "status": "passed", "start": 1750931443490, "stop": 1750931443490}, {"name": "Trying to input into <input>", "status": "passed", "start": 1750931443506, "stop": 1750931443506}, {"name": "Trying to click on <button> with text 'Sign In'", "status": "passed", "start": 1750931443608, "stop": 1750931443608}, {"name": "Exception: Message: no such element: Unable to locate element: {\"method\":\"xpath\",\"selector\":\"//img[@alt='User Avatar']\"}\n  (Session info: chrome=137.0.7151.120); For documentation on this error, please visit: https://www.selenium.dev/documentation/webdriver/troubleshooting/errors#no-such-element-exception\nStacktrace:\n\tGetHandleVerifier [0x0x583b03+62899]\n\tGetHandleVerifier [0x0x583b44+62964]\n\t(No symbol) [0x0x3b10f3]\n\t(No symbol) [0x0x3f980e]\n\t(No symbol) [0x0x3f9bab]\n\t(No symbol) [0x0x4425c2]\n\t(No symbol) [0x0x41e554]\n\t(No symbol) [0x0x43fd81]\n\t(No symbol) [0x0x41e306]\n\t(No symbol) [0x0x3ed670]\n\t(No symbol) [0x0x3ee4e4]\n\tGetHandleVerifier [0x0x7e4793+2556483]\n\tGetHandleVerifier [0x0x7dfd02+2537394]\n\tGetHandleVerifier [0x0x5aa2fa+220586]\n\tGetHandleVerifier [0x0x59aae8+157080]\n\tGetHandleVerifier [0x0x5a141d+184013]\n\tGetHandleVerifier [0x0x58ba68+95512]\n\tGetHandleVerifier [0x0x58bc10+95936]\n\tGetHandleVerifier [0x0x576b5a+9738]\n\tBaseThreadInitThunk [0x0x763b5d49+25]\n\tRtlInitializeExceptionChain [0x0x77bbd09b+107]\n\tRtlGetAppContainerNamedObjectPath [0x0x77bbd021+561]\n", "status": "passed", "attachments": [{"name": "Screenshot on Failure", "source": "7aab70ee-8eeb-44c5-9dbe-5e6412a647b9-attachment.png", "type": "image/png"}], "start": 1750931443657, "stop": 1750931443808}, {"name": "Trying to click on <img> with text 'No text'", "status": "passed", "start": 1750931444400, "stop": 1750931444400}, {"name": "Trying to click on <span> with text 'My uploads'", "status": "passed", "start": 1750931444472, "stop": 1750931444472}, {"name": "Exception: Message: no such element: Unable to locate element: {\"method\":\"xpath\",\"selector\":\"//span[text()='Shared with me']\"}\n  (Session info: chrome=137.0.7151.120); For documentation on this error, please visit: https://www.selenium.dev/documentation/webdriver/troubleshooting/errors#no-such-element-exception\nStacktrace:\n\tGetHandleVerifier [0x0x583b03+62899]\n\tGetHandleVerifier [0x0x583b44+62964]\n\t(No symbol) [0x0x3b10f3]\n\t(No symbol) [0x0x3f980e]\n\t(No symbol) [0x0x3f9bab]\n\t(No symbol) [0x0x4425c2]\n\t(No symbol) [0x0x41e554]\n\t(No symbol) [0x0x43fd81]\n\t(No symbol) [0x0x41e306]\n\t(No symbol) [0x0x3ed670]\n\t(No symbol) [0x0x3ee4e4]\n\tGetHandleVerifier [0x0x7e4793+2556483]\n\tGetHandleVerifier [0x0x7dfd02+2537394]\n\tGetHandleVerifier [0x0x5aa2fa+220586]\n\tGetHandleVerifier [0x0x59aae8+157080]\n\tGetHandleVerifier [0x0x5a141d+184013]\n\tGetHandleVerifier [0x0x58ba68+95512]\n\tGetHandleVerifier [0x0x58bc10+95936]\n\tGetHandleVerifier [0x0x576b5a+9738]\n\tBaseThreadInitThunk [0x0x763b5d49+25]\n\tRtlInitializeExceptionChain [0x0x77bbd09b+107]\n\tRtlGetAppContainerNamedObjectPath [0x0x77bbd021+561]\n", "status": "passed", "attachments": [{"name": "Screenshot on Failure", "source": "c4e64b10-534e-4e4f-9487-adb3a66bc31a-attachment.png", "type": "image/png"}], "start": 1750931444552, "stop": 1750931444773}, {"name": "Trying to click on <span> with text 'Shared with me'", "status": "passed", "start": 1750931445298, "stop": 1750931445298}, {"name": "Exception: Message: no such element: Unable to locate element: {\"method\":\"xpath\",\"selector\":\"//p[@class='MuiTypography-root MuiTypography-body1 css-x1va7p']\"}\n  (Session info: chrome=137.0.7151.120); For documentation on this error, please visit: https://www.selenium.dev/documentation/webdriver/troubleshooting/errors#no-such-element-exception\nStacktrace:\n\tGetHandleVerifier [0x0x583b03+62899]\n\tGetHandleVerifier [0x0x583b44+62964]\n\t(No symbol) [0x0x3b10f3]\n\t(No symbol) [0x0x3f980e]\n\t(No symbol) [0x0x3f9bab]\n\t(No symbol) [0x0x4425c2]\n\t(No symbol) [0x0x41e554]\n\t(No symbol) [0x0x43fd81]\n\t(No symbol) [0x0x41e306]\n\t(No symbol) [0x0x3ed670]\n\t(No symbol) [0x0x3ee4e4]\n\tGetHandleVerifier [0x0x7e4793+2556483]\n\tGetHandleVerifier [0x0x7dfd02+2537394]\n\tGetHandleVerifier [0x0x5aa2fa+220586]\n\tGetHandleVerifier [0x0x59aae8+157080]\n\tGetHandleVerifier [0x0x5a141d+184013]\n\tGetHandleVerifier [0x0x58ba68+95512]\n\tGetHandleVerifier [0x0x58bc10+95936]\n\tGetHandleVerifier [0x0x576b5a+9738]\n\tBaseThreadInitThunk [0x0x763b5d49+25]\n\tRtlInitializeExceptionChain [0x0x77bbd09b+107]\n\tRtlGetAppContainerNamedObjectPath [0x0x77bbd021+561]\n", "status": "passed", "attachments": [{"name": "Screenshot on Failure", "source": "2e8627a0-ed11-4be0-87c1-f7aa874c1f04-attachment.png", "type": "image/png"}], "start": 1750931445389, "stop": 1750931445521}], "attachments": [{"name": "Test Log", "source": "6340241e-d635-4486-b9b9-c53245018c40-attachment.txt", "type": "text/plain"}, {"name": "log", "source": "ebbcbccb-82e1-48e0-8bdc-3c5025766c3e-attachment.txt", "type": "text/plain"}, {"name": "stdout", "source": "eb80ffdd-325e-47b9-b32d-e5d94537624e-attachment.txt", "type": "text/plain"}, {"name": "stderr", "source": "ac0068b3-0222-4de0-be0a-0803282e0899-attachment.txt", "type": "text/plain"}], "start": 1750931435172, "stop": 1750931446031, "uuid": "b4ceb08f-db5e-40fd-9eeb-681ccb2a0e17", "historyId": "693ac28b1fdb380deffcf88e3a3b318d", "testCaseId": "693ac28b1fdb380deffcf88e3a3b318d", "fullName": "test_provineer#test_shared_feature", "labels": [{"name": "suite", "value": "test_provineer"}, {"name": "host", "value": "DESKTOP-CNNS4HO"}, {"name": "thread", "value": "21764-MainThread"}, {"name": "framework", "value": "pytest"}, {"name": "language", "value": "cpython3"}, {"name": "package", "value": "test_provineer"}]}