{"name": "test_proofs_and_certificates", "status": "passed", "steps": [{"name": "User login", "status": "passed", "start": 1749196670913, "stop": 1749196670914}, {"name": "Navigating to URL: https://provineer.com/login", "status": "passed", "start": 1749196670914, "stop": 1749196670914}, {"name": "Trying to input into <input>", "status": "passed", "start": 1749196671940, "stop": 1749196671940}, {"name": "Trying to input into <input>", "status": "passed", "start": 1749196672005, "stop": 1749196672005}, {"name": "Trying to input into <input>", "status": "passed", "start": 1749196672236, "stop": 1749196672236}, {"name": "Trying to input into <input>", "status": "passed", "start": 1749196672265, "stop": 1749196672265}, {"name": "Trying to click on <button> with text 'Sign In'", "status": "passed", "start": 1749196672396, "stop": 1749196672396}, {"name": "Testing e-certificate", "status": "passed", "start": 1749196672465, "stop": 1749196672465}, {"name": "Exception: Message: no such element: Unable to locate element: {\"method\":\"xpath\",\"selector\":\"//img[@alt='User Avatar']\"}\n  (Session info: chrome=137.0.7151.69); For documentation on this error, please visit: https://www.selenium.dev/documentation/webdriver/troubleshooting/errors#no-such-element-exception\nStacktrace:\n\tGetHandleVerifier [0x0x1103763+63299]\n\tGetHandleVerifier [0x0x11037a4+63364]\n\t(No symbol) [0x0xf31113]\n\t(No symbol) [0x0xf7987e]\n\t(No symbol) [0x0xf79c1b]\n\t(No symbol) [0x0xfc2212]\n\t(No symbol) [0x0xf9e5c4]\n\t(No symbol) [0x0xfbfa4a]\n\t(No symbol) [0x0xf9e376]\n\t(No symbol) [0x0xf6d6e0]\n\t(No symbol) [0x0xf6e544]\n\tGetHandleVerifier [0x0x135e033+2531347]\n\tGetHandleVerifier [0x0x1359332+2511634]\n\tGetHandleVerifier [0x0x1129eda+220858]\n\tGetHandleVerifier [0x0x111a528+156936]\n\tGetHandleVerifier [0x0x1120c5d+183357]\n\tGetHandleVerifier [0x0x110b6c8+95912]\n\tGetHandleVerifier [0x0x110b870+96336]\n\tGetHandleVerifier [0x0x10f664a+9770]\n\tBaseThreadInitThunk [0x0x760a5d49+25]\n\tRtlInitializeExceptionChain [0x0x772dd09b+107]\n\tRtlGetAppContainerNamedObjectPath [0x0x772dd021+561]\n", "status": "passed", "attachments": [{"name": "Screenshot on Failure", "source": "1ce92a53-0649-45a5-bfa7-162b355499f2-attachment.png", "type": "image/png"}], "start": 1749196672479, "stop": 1749196672638}, {"name": "Trying to click on <img> with text 'No text'", "status": "passed", "start": 1749196673166, "stop": 1749196673166}, {"name": "Trying to click on <span> with text 'My uploads'", "status": "passed", "start": 1749196673763, "stop": 1749196673763}, {"name": "Exception: Message: no such element: Unable to locate element: {\"method\":\"xpath\",\"selector\":\"//img[@alt='Uploaded produce']\"}\n  (Session info: chrome=137.0.7151.69); For documentation on this error, please visit: https://www.selenium.dev/documentation/webdriver/troubleshooting/errors#no-such-element-exception\nStacktrace:\n\tGetHandleVerifier [0x0x1103763+63299]\n\tGetHandleVerifier [0x0x11037a4+63364]\n\t(No symbol) [0x0xf31113]\n\t(No symbol) [0x0xf7987e]\n\t(No symbol) [0x0xf79c1b]\n\t(No symbol) [0x0xfc2212]\n\t(No symbol) [0x0xf9e5c4]\n\t(No symbol) [0x0xfbfa4a]\n\t(No symbol) [0x0xf9e376]\n\t(No symbol) [0x0xf6d6e0]\n\t(No symbol) [0x0xf6e544]\n\tGetHandleVerifier [0x0x135e033+2531347]\n\tGetHandleVerifier [0x0x1359332+2511634]\n\tGetHandleVerifier [0x0x1129eda+220858]\n\tGetHandleVerifier [0x0x111a528+156936]\n\tGetHandleVerifier [0x0x1120c5d+183357]\n\tGetHandleVerifier [0x0x110b6c8+95912]\n\tGetHandleVerifier [0x0x110b870+96336]\n\tGetHandleVerifier [0x0x10f664a+9770]\n\tBaseThreadInitThunk [0x0x760a5d49+25]\n\tRtlInitializeExceptionChain [0x0x772dd09b+107]\n\tRtlGetAppContainerNamedObjectPath [0x0x772dd021+561]\n", "status": "passed", "attachments": [{"name": "Screenshot on Failure", "source": "21c22d92-ff16-4a77-9eaa-372d7480b24b-attachment.png", "type": "image/png"}], "start": 1749196673866, "stop": 1749196674125}, {"name": "Exception: Message: no such element: Unable to locate element: {\"method\":\"xpath\",\"selector\":\"//img[@alt='Uploaded produce']\"}\n  (Session info: chrome=137.0.7151.69); For documentation on this error, please visit: https://www.selenium.dev/documentation/webdriver/troubleshooting/errors#no-such-element-exception\nStacktrace:\n\tGetHandleVerifier [0x0x1103763+63299]\n\tGetHandleVerifier [0x0x11037a4+63364]\n\t(No symbol) [0x0xf31113]\n\t(No symbol) [0x0xf7987e]\n\t(No symbol) [0x0xf79c1b]\n\t(No symbol) [0x0xfc2212]\n\t(No symbol) [0x0xf9e5c4]\n\t(No symbol) [0x0xfbfa4a]\n\t(No symbol) [0x0xf9e376]\n\t(No symbol) [0x0xf6d6e0]\n\t(No symbol) [0x0xf6e544]\n\tGetHandleVerifier [0x0x135e033+2531347]\n\tGetHandleVerifier [0x0x1359332+2511634]\n\tGetHandleVerifier [0x0x1129eda+220858]\n\tGetHandleVerifier [0x0x111a528+156936]\n\tGetHandleVerifier [0x0x1120c5d+183357]\n\tGetHandleVerifier [0x0x110b6c8+95912]\n\tGetHandleVerifier [0x0x110b870+96336]\n\tGetHandleVerifier [0x0x10f664a+9770]\n\tBaseThreadInitThunk [0x0x760a5d49+25]\n\tRtlInitializeExceptionChain [0x0x772dd09b+107]\n\tRtlGetAppContainerNamedObjectPath [0x0x772dd021+561]\n", "status": "passed", "attachments": [{"name": "Screenshot on Failure", "source": "64a5022d-cadb-41f8-805c-f082752ff35f-attachment.png", "type": "image/png"}], "start": 1749196674659, "stop": 1749196674787}, {"name": "Exception: Message: no such element: Unable to locate element: {\"method\":\"xpath\",\"selector\":\"//img[@alt='Uploaded produce']\"}\n  (Session info: chrome=137.0.7151.69); For documentation on this error, please visit: https://www.selenium.dev/documentation/webdriver/troubleshooting/errors#no-such-element-exception\nStacktrace:\n\tGetHandleVerifier [0x0x1103763+63299]\n\tGetHandleVerifier [0x0x11037a4+63364]\n\t(No symbol) [0x0xf31113]\n\t(No symbol) [0x0xf7987e]\n\t(No symbol) [0x0xf79c1b]\n\t(No symbol) [0x0xfc2212]\n\t(No symbol) [0x0xf9e5c4]\n\t(No symbol) [0x0xfbfa4a]\n\t(No symbol) [0x0xf9e376]\n\t(No symbol) [0x0xf6d6e0]\n\t(No symbol) [0x0xf6e544]\n\tGetHandleVerifier [0x0x135e033+2531347]\n\tGetHandleVerifier [0x0x1359332+2511634]\n\tGetHandleVerifier [0x0x1129eda+220858]\n\tGetHandleVerifier [0x0x111a528+156936]\n\tGetHandleVerifier [0x0x1120c5d+183357]\n\tGetHandleVerifier [0x0x110b6c8+95912]\n\tGetHandleVerifier [0x0x110b870+96336]\n\tGetHandleVerifier [0x0x10f664a+9770]\n\tBaseThreadInitThunk [0x0x760a5d49+25]\n\tRtlInitializeExceptionChain [0x0x772dd09b+107]\n\tRtlGetAppContainerNamedObjectPath [0x0x772dd021+561]\n", "status": "passed", "attachments": [{"name": "Screenshot on Failure", "source": "d60e506e-90ec-4023-9e7d-d8c924ce6f19-attachment.png", "type": "image/png"}], "start": 1749196675316, "stop": 1749196675460}, {"name": "Exception: Message: no such element: Unable to locate element: {\"method\":\"xpath\",\"selector\":\"//img[@alt='Uploaded produce']\"}\n  (Session info: chrome=137.0.7151.69); For documentation on this error, please visit: https://www.selenium.dev/documentation/webdriver/troubleshooting/errors#no-such-element-exception\nStacktrace:\n\tGetHandleVerifier [0x0x1103763+63299]\n\tGetHandleVerifier [0x0x11037a4+63364]\n\t(No symbol) [0x0xf31113]\n\t(No symbol) [0x0xf7987e]\n\t(No symbol) [0x0xf79c1b]\n\t(No symbol) [0x0xfc2212]\n\t(No symbol) [0x0xf9e5c4]\n\t(No symbol) [0x0xfbfa4a]\n\t(No symbol) [0x0xf9e376]\n\t(No symbol) [0x0xf6d6e0]\n\t(No symbol) [0x0xf6e544]\n\tGetHandleVerifier [0x0x135e033+2531347]\n\tGetHandleVerifier [0x0x1359332+2511634]\n\tGetHandleVerifier [0x0x1129eda+220858]\n\tGetHandleVerifier [0x0x111a528+156936]\n\tGetHandleVerifier [0x0x1120c5d+183357]\n\tGetHandleVerifier [0x0x110b6c8+95912]\n\tGetHandleVerifier [0x0x110b870+96336]\n\tGetHandleVerifier [0x0x10f664a+9770]\n\tBaseThreadInitThunk [0x0x760a5d49+25]\n\tRtlInitializeExceptionChain [0x0x772dd09b+107]\n\tRtlGetAppContainerNamedObjectPath [0x0x772dd021+561]\n", "status": "passed", "attachments": [{"name": "Screenshot on Failure", "source": "823024cf-ba70-4ed6-a2c3-3315eb3cb4d2-attachment.png", "type": "image/png"}], "start": 1749196675986, "stop": 1749196676118}, {"name": "Exception: Message: no such element: Unable to locate element: {\"method\":\"xpath\",\"selector\":\"//img[@alt='Uploaded produce']\"}\n  (Session info: chrome=137.0.7151.69); For documentation on this error, please visit: https://www.selenium.dev/documentation/webdriver/troubleshooting/errors#no-such-element-exception\nStacktrace:\n\tGetHandleVerifier [0x0x1103763+63299]\n\tGetHandleVerifier [0x0x11037a4+63364]\n\t(No symbol) [0x0xf31113]\n\t(No symbol) [0x0xf7987e]\n\t(No symbol) [0x0xf79c1b]\n\t(No symbol) [0x0xfc2212]\n\t(No symbol) [0x0xf9e5c4]\n\t(No symbol) [0x0xfbfa4a]\n\t(No symbol) [0x0xf9e376]\n\t(No symbol) [0x0xf6d6e0]\n\t(No symbol) [0x0xf6e544]\n\tGetHandleVerifier [0x0x135e033+2531347]\n\tGetHandleVerifier [0x0x1359332+2511634]\n\tGetHandleVerifier [0x0x1129eda+220858]\n\tGetHandleVerifier [0x0x111a528+156936]\n\tGetHandleVerifier [0x0x1120c5d+183357]\n\tGetHandleVerifier [0x0x110b6c8+95912]\n\tGetHandleVerifier [0x0x110b870+96336]\n\tGetHandleVerifier [0x0x10f664a+9770]\n\tBaseThreadInitThunk [0x0x760a5d49+25]\n\tRtlInitializeExceptionChain [0x0x772dd09b+107]\n\tRtlGetAppContainerNamedObjectPath [0x0x772dd021+561]\n", "status": "passed", "attachments": [{"name": "Screenshot on Failure", "source": "e0ed6108-6b03-4a4d-8d11-537aabc7cd03-attachment.png", "type": "image/png"}], "start": 1749196676646, "stop": 1749196676796}, {"name": "Trying to click on <img> with text 'No text'", "status": "passed", "start": 1749196677375, "stop": 1749196677375}, {"name": "Exception: Message: no such element: Unable to locate element: {\"method\":\"xpath\",\"selector\":\"//button[text()='View E-Certificate']\"}\n  (Session info: chrome=137.0.7151.69); For documentation on this error, please visit: https://www.selenium.dev/documentation/webdriver/troubleshooting/errors#no-such-element-exception\nStacktrace:\n\tGetHandleVerifier [0x0x1103763+63299]\n\tGetHandleVerifier [0x0x11037a4+63364]\n\t(No symbol) [0x0xf31113]\n\t(No symbol) [0x0xf7987e]\n\t(No symbol) [0x0xf79c1b]\n\t(No symbol) [0x0xfc2212]\n\t(No symbol) [0x0xf9e5c4]\n\t(No symbol) [0x0xfbfa4a]\n\t(No symbol) [0x0xf9e376]\n\t(No symbol) [0x0xf6d6e0]\n\t(No symbol) [0x0xf6e544]\n\tGetHandleVerifier [0x0x135e033+2531347]\n\tGetHandleVerifier [0x0x1359332+2511634]\n\tGetHandleVerifier [0x0x1129eda+220858]\n\tGetHandleVerifier [0x0x111a528+156936]\n\tGetHandleVerifier [0x0x1120c5d+183357]\n\tGetHandleVerifier [0x0x110b6c8+95912]\n\tGetHandleVerifier [0x0x110b870+96336]\n\tGetHandleVerifier [0x0x10f664a+9770]\n\tBaseThreadInitThunk [0x0x760a5d49+25]\n\tRtlInitializeExceptionChain [0x0x772dd09b+107]\n\tRtlGetAppContainerNamedObjectPath [0x0x772dd021+561]\n", "status": "passed", "attachments": [{"name": "Screenshot on Failure", "source": "c83eaf9f-8eec-4d74-8849-84a416cccc20-attachment.png", "type": "image/png"}], "start": 1749196677416, "stop": 1749196677578}, {"name": "Exception: Message: no such element: Unable to locate element: {\"method\":\"xpath\",\"selector\":\"//button[text()='View E-Certificate']\"}\n  (Session info: chrome=137.0.7151.69); For documentation on this error, please visit: https://www.selenium.dev/documentation/webdriver/troubleshooting/errors#no-such-element-exception\nStacktrace:\n\tGetHandleVerifier [0x0x1103763+63299]\n\tGetHandleVerifier [0x0x11037a4+63364]\n\t(No symbol) [0x0xf31113]\n\t(No symbol) [0x0xf7987e]\n\t(No symbol) [0x0xf79c1b]\n\t(No symbol) [0x0xfc2212]\n\t(No symbol) [0x0xf9e5c4]\n\t(No symbol) [0x0xfbfa4a]\n\t(No symbol) [0x0xf9e376]\n\t(No symbol) [0x0xf6d6e0]\n\t(No symbol) [0x0xf6e544]\n\tGetHandleVerifier [0x0x135e033+2531347]\n\tGetHandleVerifier [0x0x1359332+2511634]\n\tGetHandleVerifier [0x0x1129eda+220858]\n\tGetHandleVerifier [0x0x111a528+156936]\n\tGetHandleVerifier [0x0x1120c5d+183357]\n\tGetHandleVerifier [0x0x110b6c8+95912]\n\tGetHandleVerifier [0x0x110b870+96336]\n\tGetHandleVerifier [0x0x10f664a+9770]\n\tBaseThreadInitThunk [0x0x760a5d49+25]\n\tRtlInitializeExceptionChain [0x0x772dd09b+107]\n\tRtlGetAppContainerNamedObjectPath [0x0x772dd021+561]\n", "status": "passed", "attachments": [{"name": "Screenshot on Failure", "source": "7ffd5eb6-d512-4ec8-8ff4-bf8172caf1ac-attachment.png", "type": "image/png"}], "start": 1749196678110, "stop": 1749196678247}, {"name": "Trying to click on <button> with text 'View E-Certificate'", "status": "passed", "start": 1749196678796, "stop": 1749196678796}, {"name": "Exception: Message: no such element: Unable to locate element: {\"method\":\"xpath\",\"selector\":\"//canvas[@class='react-pdf__Page__canvas']\"}\n  (Session info: chrome=137.0.7151.69); For documentation on this error, please visit: https://www.selenium.dev/documentation/webdriver/troubleshooting/errors#no-such-element-exception\nStacktrace:\n\tGetHandleVerifier [0x0x1103763+63299]\n\tGetHandleVerifier [0x0x11037a4+63364]\n\t(No symbol) [0x0xf31113]\n\t(No symbol) [0x0xf7987e]\n\t(No symbol) [0x0xf79c1b]\n\t(No symbol) [0x0xfc2212]\n\t(No symbol) [0x0xf9e5c4]\n\t(No symbol) [0x0xfbfa4a]\n\t(No symbol) [0x0xf9e376]\n\t(No symbol) [0x0xf6d6e0]\n\t(No symbol) [0x0xf6e544]\n\tGetHandleVerifier [0x0x135e033+2531347]\n\tGetHandleVerifier [0x0x1359332+2511634]\n\tGetHandleVerifier [0x0x1129eda+220858]\n\tGetHandleVerifier [0x0x111a528+156936]\n\tGetHandleVerifier [0x0x1120c5d+183357]\n\tGetHandleVerifier [0x0x110b6c8+95912]\n\tGetHandleVerifier [0x0x110b870+96336]\n\tGetHandleVerifier [0x0x10f664a+9770]\n\tBaseThreadInitThunk [0x0x760a5d49+25]\n\tRtlInitializeExceptionChain [0x0x772dd09b+107]\n\tRtlGetAppContainerNamedObjectPath [0x0x772dd021+561]\n", "status": "passed", "attachments": [{"name": "Screenshot on Failure", "source": "aefb3c41-1398-4201-8768-a1e7a31b2ab1-attachment.png", "type": "image/png"}], "start": 1749196678844, "stop": 1749196678976}, {"name": "Exception: Message: no such element: Unable to locate element: {\"method\":\"xpath\",\"selector\":\"//canvas[@class='react-pdf__Page__canvas']\"}\n  (Session info: chrome=137.0.7151.69); For documentation on this error, please visit: https://www.selenium.dev/documentation/webdriver/troubleshooting/errors#no-such-element-exception\nStacktrace:\n\tGetHandleVerifier [0x0x1103763+63299]\n\tGetHandleVerifier [0x0x11037a4+63364]\n\t(No symbol) [0x0xf31113]\n\t(No symbol) [0x0xf7987e]\n\t(No symbol) [0x0xf79c1b]\n\t(No symbol) [0x0xfc2212]\n\t(No symbol) [0x0xf9e5c4]\n\t(No symbol) [0x0xfbfa4a]\n\t(No symbol) [0x0xf9e376]\n\t(No symbol) [0x0xf6d6e0]\n\t(No symbol) [0x0xf6e544]\n\tGetHandleVerifier [0x0x135e033+2531347]\n\tGetHandleVerifier [0x0x1359332+2511634]\n\tGetHandleVerifier [0x0x1129eda+220858]\n\tGetHandleVerifier [0x0x111a528+156936]\n\tGetHandleVerifier [0x0x1120c5d+183357]\n\tGetHandleVerifier [0x0x110b6c8+95912]\n\tGetHandleVerifier [0x0x110b870+96336]\n\tGetHandleVerifier [0x0x10f664a+9770]\n\tBaseThreadInitThunk [0x0x760a5d49+25]\n\tRtlInitializeExceptionChain [0x0x772dd09b+107]\n\tRtlGetAppContainerNamedObjectPath [0x0x772dd021+561]\n", "status": "passed", "attachments": [{"name": "Screenshot on Failure", "source": "fcfd2a3b-522f-4719-93f4-0a37dc91bb99-attachment.png", "type": "image/png"}], "start": 1749196679499, "stop": 1749196679620}], "attachments": [{"name": "Test Log", "source": "3560ce3a-0569-49a8-beca-042d7a4b5fa5-attachment.txt", "type": "text/plain"}, {"name": "log", "source": "4eb9b96d-7084-4d1b-b641-f1fda486f60f-attachment.txt", "type": "text/plain"}, {"name": "stdout", "source": "b07ec1cd-c3d0-4499-a105-68d28e8f32e6-attachment.txt", "type": "text/plain"}, {"name": "stderr", "source": "54bd0d10-fd80-40f7-97cc-396c73f3dbf5-attachment.txt", "type": "text/plain"}], "start": 1749196670913, "stop": 1749196680361, "uuid": "9e30a92a-e96b-46d6-937a-0dcbfaf16571", "historyId": "e128e72e2bec976e3bdef19ac6db0de3", "testCaseId": "e128e72e2bec976e3bdef19ac6db0de3", "fullName": "test_provineer#test_proofs_and_certificates", "labels": [{"name": "suite", "value": "test_provineer"}, {"name": "host", "value": "DESKTOP-CNNS4HO"}, {"name": "thread", "value": "16704-MainThread"}, {"name": "framework", "value": "pytest"}, {"name": "language", "value": "cpython3"}, {"name": "package", "value": "test_provineer"}]}