{"name": "test_upload_new_file", "status": "passed", "steps": [{"name": "User login", "status": "passed", "start": 1750158368265, "stop": 1750158368266}, {"name": "Navigating to URL: https://provineer.com/login", "status": "passed", "start": 1750158368266, "stop": 1750158368266}, {"name": "Trying to input into <input>", "status": "passed", "start": 1750158369157, "stop": 1750158369157}, {"name": "Trying to input into <input>", "status": "passed", "start": 1750158369190, "stop": 1750158369190}, {"name": "Trying to input into <input>", "status": "passed", "start": 1750158369372, "stop": 1750158369372}, {"name": "Trying to input into <input>", "status": "passed", "start": 1750158369401, "stop": 1750158369401}, {"name": "Trying to click on <button> with text 'Sign In'", "status": "passed", "start": 1750158369519, "stop": 1750158369519}, {"name": "Testing upload new file", "status": "passed", "start": 1750158369587, "stop": 1750158369587}, {"name": "Exception: Message: no such element: Unable to locate element: {\"method\":\"xpath\",\"selector\":\"//input[@type='file']\"}\n  (Session info: chrome=137.0.7151.104); For documentation on this error, please visit: https://www.selenium.dev/documentation/webdriver/troubleshooting/errors#no-such-element-exception\nStacktrace:\n\tGetHandleVerifier [0x0xaa3783+63299]\n\tGetHandleVerifier [0x0xaa37c4+63364]\n\t(No symbol) [0x0x8d1113]\n\t(No symbol) [0x0x91987e]\n\t(No symbol) [0x0x919c1b]\n\t(No symbol) [0x0x962212]\n\t(No symbol) [0x0x93e5c4]\n\t(No symbol) [0x0x95fa4a]\n\t(No symbol) [0x0x93e376]\n\t(No symbol) [0x0x90d6e0]\n\t(No symbol) [0x0x90e544]\n\tGetHandleVerifier [0x0xcfe073+2531379]\n\tGetHandleVerifier [0x0xcf9372+2511666]\n\tGetHandleVerifier [0x0xac9efa+220858]\n\tGetHandleVerifier [0x0xaba548+156936]\n\tGetHandleVerifier [0x0xac0c7d+183357]\n\tGetHandleVerifier [0x0xaab6e8+95912]\n\tGetHandleVerifier [0x0xaab890+96336]\n\tGetHandleVerifier [0x0xa9666a+9770]\n\tBaseThreadInitThunk [0x0x74c85d49+25]\n\tRtlInitializeExceptionChain [0x0x7724d09b+107]\n\tRtlGetAppContainerNamedObjectPath [0x0x7724d021+561]\n", "status": "passed", "attachments": [{"name": "Screenshot on Failure", "source": "74ec7d02-30bf-4618-831a-cf3276e371c5-attachment.png", "type": "image/png"}], "start": 1750158369595, "stop": 1750158369753}, {"name": "Exception: Message: no such element: Unable to locate element: {\"method\":\"xpath\",\"selector\":\"//input[@type='file']\"}\n  (Session info: chrome=137.0.7151.104); For documentation on this error, please visit: https://www.selenium.dev/documentation/webdriver/troubleshooting/errors#no-such-element-exception\nStacktrace:\n\tGetHandleVerifier [0x0xaa3783+63299]\n\tGetHandleVerifier [0x0xaa37c4+63364]\n\t(No symbol) [0x0x8d1113]\n\t(No symbol) [0x0x91987e]\n\t(No symbol) [0x0x919c1b]\n\t(No symbol) [0x0x962212]\n\t(No symbol) [0x0x93e5c4]\n\t(No symbol) [0x0x95fa4a]\n\t(No symbol) [0x0x93e376]\n\t(No symbol) [0x0x90d6e0]\n\t(No symbol) [0x0x90e544]\n\tGetHandleVerifier [0x0xcfe073+2531379]\n\tGetHandleVerifier [0x0xcf9372+2511666]\n\tGetHandleVerifier [0x0xac9efa+220858]\n\tGetHandleVerifier [0x0xaba548+156936]\n\tGetHandleVerifier [0x0xac0c7d+183357]\n\tGetHandleVerifier [0x0xaab6e8+95912]\n\tGetHandleVerifier [0x0xaab890+96336]\n\tGetHandleVerifier [0x0xa9666a+9770]\n\tBaseThreadInitThunk [0x0x74c85d49+25]\n\tRtlInitializeExceptionChain [0x0x7724d09b+107]\n\tRtlGetAppContainerNamedObjectPath [0x0x7724d021+561]\n", "status": "passed", "attachments": [{"name": "Screenshot on Failure", "source": "8b9d2faf-80d0-4df9-8fba-37d6eea2e2f2-attachment.png", "type": "image/png"}], "start": 1750158370259, "stop": 1750158370379}, {"name": "Trying to input into <input>", "status": "passed", "start": 1750158370892, "stop": 1750158370892}, {"name": "Trying to click on <button> with text 'Proceed'", "status": "passed", "start": 1750158370957, "stop": 1750158370957}, {"name": "Trying to input into <input>", "status": "passed", "start": 1750158371065, "stop": 1750158371065}, {"name": "Trying to click on <div> with text 'No text'", "status": "passed", "start": 1750158371140, "stop": 1750158371140}, {"name": "Trying to click on <li> with text '1.0'", "status": "passed", "start": 1750158371813, "stop": 1750158371813}, {"name": "Trying to click on <div> with text 'No text'", "status": "passed", "start": 1750158371896, "stop": 1750158371896}, {"name": "Trying to click on <li> with text 'robot'", "status": "passed", "start": 1750158372252, "stop": 1750158372252}, {"name": "Trying to click on <div> with text 'No text'", "status": "passed", "start": 1750158372353, "stop": 1750158372353}, {"name": "Trying to input into <textarea>", "status": "passed", "start": 1750158372608, "stop": 1750158372608}, {"name": "Trying to click on <button> with text 'Continue'", "status": "passed", "start": 1750158372690, "stop": 1750158372690}, {"name": "Trying to input into <input>", "status": "passed", "start": 1750158372760, "stop": 1750158372760}, {"name": "Trying to click on <button> with text 'Continue'", "status": "passed", "start": 1750158372830, "stop": 1750158372830}, {"name": "Trying to click on <canvas> with text 'No text'", "status": "passed", "start": 1750158372894, "stop": 1750158372894}, {"name": "Trying to click on <button> with text 'Continue'", "status": "passed", "start": 1750158373001, "stop": 1750158373001}], "attachments": [{"name": "Test Log", "source": "8aa16b10-1392-4912-a171-c13ed959aa57-attachment.txt", "type": "text/plain"}, {"name": "log", "source": "3d56de36-f802-4210-be40-09c11dccf649-attachment.txt", "type": "text/plain"}, {"name": "stdout", "source": "ad16568f-808c-4381-9cf8-151663f75b4c-attachment.txt", "type": "text/plain"}, {"name": "stderr", "source": "196c0337-e8f0-4d83-8df1-a92fbecd9132-attachment.txt", "type": "text/plain"}], "start": 1750158368265, "stop": 1750158373087, "uuid": "1f0c9790-8cad-43d7-ba6f-f077ab079755", "historyId": "768f248bcbfb1c45822853a76ff755fb", "testCaseId": "768f248bcbfb1c45822853a76ff755fb", "fullName": "test_provineer#test_upload_new_file", "labels": [{"name": "suite", "value": "test_provineer"}, {"name": "host", "value": "DESKTOP-CNNS4HO"}, {"name": "thread", "value": "20844-MainThread"}, {"name": "framework", "value": "pytest"}, {"name": "language", "value": "cpython3"}, {"name": "package", "value": "test_provineer"}]}