{"name": "test_upload_new_file", "status": "passed", "steps": [{"name": "User login", "status": "passed", "start": 1749634553155, "stop": 1749634553162}, {"name": "Navigating to URL: https://provineer.com/login", "status": "passed", "start": 1749634553162, "stop": 1749634553162}, {"name": "Trying to input into <input>", "status": "passed", "start": 1749634553935, "stop": 1749634553935}, {"name": "Trying to input into <input>", "status": "passed", "start": 1749634553955, "stop": 1749634553955}, {"name": "Trying to input into <input>", "status": "passed", "start": 1749634554125, "stop": 1749634554125}, {"name": "Trying to input into <input>", "status": "passed", "start": 1749634554154, "stop": 1749634554154}, {"name": "Trying to click on <button> with text 'Sign In'", "status": "passed", "start": 1749634554271, "stop": 1749634554271}, {"name": "Testing upload new file", "status": "passed", "start": 1749634554338, "stop": 1749634554338}, {"name": "Exception: Message: no such element: Unable to locate element: {\"method\":\"xpath\",\"selector\":\"//input[@type='file']\"}\n  (Session info: chrome=137.0.7151.69); For documentation on this error, please visit: https://www.selenium.dev/documentation/webdriver/troubleshooting/errors#no-such-element-exception\nStacktrace:\n\tGetHandleVerifier [0x0x10a3783+63299]\n\tGetHandleVerifier [0x0x10a37c4+63364]\n\t(No symbol) [0x0xed1113]\n\t(No symbol) [0x0xf1987e]\n\t(No symbol) [0x0xf19c1b]\n\t(No symbol) [0x0xf62212]\n\t(No symbol) [0x0xf3e5c4]\n\t(No symbol) [0x0xf5fa4a]\n\t(No symbol) [0x0xf3e376]\n\t(No symbol) [0x0xf0d6e0]\n\t(No symbol) [0x0xf0e544]\n\tGetHandleVerifier [0x0x12fe073+2531379]\n\tGetHandleVerifier [0x0x12f9372+2511666]\n\tGetHandleVerifier [0x0x10c9efa+220858]\n\tGetHandleVerifier [0x0x10ba548+156936]\n\tGetHandleVerifier [0x0x10c0c7d+183357]\n\tGetHandleVerifier [0x0x10ab6e8+95912]\n\tGetHandleVerifier [0x0x10ab890+96336]\n\tGetHandleVerifier [0x0x109666a+9770]\n\tBaseThreadInitThunk [0x0x74c85d49+25]\n\tRtlInitializeExceptionChain [0x0x7724d09b+107]\n\tRtlGetAppContainerNamedObjectPath [0x0x7724d021+561]\n", "status": "passed", "attachments": [{"name": "Screenshot on Failure", "source": "87c78ee2-bd2a-445c-9e86-e7068af0f6bb-attachment.png", "type": "image/png"}], "start": 1749634554353, "stop": 1749634554543}, {"name": "Exception: Message: no such element: Unable to locate element: {\"method\":\"xpath\",\"selector\":\"//input[@type='file']\"}\n  (Session info: chrome=137.0.7151.69); For documentation on this error, please visit: https://www.selenium.dev/documentation/webdriver/troubleshooting/errors#no-such-element-exception\nStacktrace:\n\tGetHandleVerifier [0x0x10a3783+63299]\n\tGetHandleVerifier [0x0x10a37c4+63364]\n\t(No symbol) [0x0xed1113]\n\t(No symbol) [0x0xf1987e]\n\t(No symbol) [0x0xf19c1b]\n\t(No symbol) [0x0xf62212]\n\t(No symbol) [0x0xf3e5c4]\n\t(No symbol) [0x0xf5fa4a]\n\t(No symbol) [0x0xf3e376]\n\t(No symbol) [0x0xf0d6e0]\n\t(No symbol) [0x0xf0e544]\n\tGetHandleVerifier [0x0x12fe073+2531379]\n\tGetHandleVerifier [0x0x12f9372+2511666]\n\tGetHandleVerifier [0x0x10c9efa+220858]\n\tGetHandleVerifier [0x0x10ba548+156936]\n\tGetHandleVerifier [0x0x10c0c7d+183357]\n\tGetHandleVerifier [0x0x10ab6e8+95912]\n\tGetHandleVerifier [0x0x10ab890+96336]\n\tGetHandleVerifier [0x0x109666a+9770]\n\tBaseThreadInitThunk [0x0x74c85d49+25]\n\tRtlInitializeExceptionChain [0x0x7724d09b+107]\n\tRtlGetAppContainerNamedObjectPath [0x0x7724d021+561]\n", "status": "passed", "attachments": [{"name": "Screenshot on Failure", "source": "96bcfc60-a324-4fd1-9605-a0e1002c1047-attachment.png", "type": "image/png"}], "start": 1749634555122, "stop": 1749634556228}, {"name": "Trying to input into <input>", "status": "passed", "start": 1749634556730, "stop": 1749634556730}, {"name": "Trying to click on <button> with text 'Proceed'", "status": "passed", "start": 1749634556801, "stop": 1749634556801}, {"name": "Trying to input into <input>", "status": "passed", "start": 1749634556903, "stop": 1749634556903}, {"name": "Trying to click on <div> with text 'No text'", "status": "passed", "start": 1749634556971, "stop": 1749634556971}, {"name": "Trying to click on <li> with text '1.0'", "status": "passed", "start": 1749634557075, "stop": 1749634557075}, {"name": "Trying to click on <div> with text 'No text'", "status": "passed", "start": 1749634557152, "stop": 1749634557152}, {"name": "Trying to click on <li> with text 'robot'", "status": "passed", "start": 1749634557522, "stop": 1749634557522}, {"name": "Trying to click on <div> with text 'No text'", "status": "passed", "start": 1749634557596, "stop": 1749634557596}, {"name": "Trying to input into <textarea>", "status": "passed", "start": 1749634557871, "stop": 1749634557871}, {"name": "Trying to click on <button> with text 'Continue'", "status": "passed", "start": 1749634557955, "stop": 1749634557955}, {"name": "Trying to input into <input>", "status": "passed", "start": 1749634558043, "stop": 1749634558043}, {"name": "Trying to click on <button> with text 'Continue'", "status": "passed", "start": 1749634558104, "stop": 1749634558104}, {"name": "Trying to click on <canvas> with text 'No text'", "status": "passed", "start": 1749634558172, "stop": 1749634558172}, {"name": "Trying to click on <button> with text 'Continue'", "status": "passed", "start": 1749634558271, "stop": 1749634558271}], "attachments": [{"name": "Test Log", "source": "440ab18f-b3f2-4d31-9e83-77f7e795f861-attachment.txt", "type": "text/plain"}, {"name": "log", "source": "ecf44ae5-eb7c-4365-ae43-8e6d90fefa92-attachment.txt", "type": "text/plain"}, {"name": "stdout", "source": "84ab06a5-45ed-4d97-b6fa-fbd2918ecbf7-attachment.txt", "type": "text/plain"}, {"name": "stderr", "source": "03d18351-a26b-4a9e-a041-965776a4738a-attachment.txt", "type": "text/plain"}], "start": 1749634553155, "stop": 1749634558369, "uuid": "9d059d19-1820-41e0-ae53-174f1c121a37", "historyId": "768f248bcbfb1c45822853a76ff755fb", "testCaseId": "768f248bcbfb1c45822853a76ff755fb", "fullName": "test_provineer#test_upload_new_file", "labels": [{"name": "suite", "value": "test_provineer"}, {"name": "host", "value": "DESKTOP-CNNS4HO"}, {"name": "thread", "value": "19856-MainThread"}, {"name": "framework", "value": "pytest"}, {"name": "language", "value": "cpython3"}, {"name": "package", "value": "test_provineer"}]}