{"name": "test_shared_feature", "status": "passed", "steps": [{"name": "User login", "status": "passed", "start": 1750440170810, "stop": 1750440170811}, {"name": "Navigating to URL: https://provineer.com/login", "status": "passed", "start": 1750440170811, "stop": 1750440170811}, {"name": "Trying to input into <input>", "status": "passed", "start": 1750440171452, "stop": 1750440171452}, {"name": "Trying to input into <input>", "status": "passed", "start": 1750440171492, "stop": 1750440171492}, {"name": "Trying to input into <input>", "status": "passed", "start": 1750440171662, "stop": 1750440171662}, {"name": "Trying to input into <input>", "status": "passed", "start": 1750440171698, "stop": 1750440171698}, {"name": "Trying to click on <button> with text 'Sign In'", "status": "passed", "start": 1750440171801, "stop": 1750440171801}, {"name": "Testing share feature", "status": "passed", "start": 1750440171884, "stop": 1750440171885}, {"name": "Exception: Message: no such element: Unable to locate element: {\"method\":\"xpath\",\"selector\":\"//img[@alt='User Avatar']\"}\n  (Session info: chrome=137.0.7151.104); For documentation on this error, please visit: https://www.selenium.dev/documentation/webdriver/troubleshooting/errors#no-such-element-exception\nStacktrace:\n\tGetHandleVerifier [0x0xed3b03+62899]\n\tGetHandleVerifier [0x0xed3b44+62964]\n\t(No symbol) [0x0xd010f3]\n\t(No symbol) [0x0xd4980e]\n\t(No symbol) [0x0xd49bab]\n\t(No symbol) [0x0xd925c2]\n\t(No symbol) [0x0xd6e554]\n\t(No symbol) [0x0xd8fd81]\n\t(No symbol) [0x0xd6e306]\n\t(No symbol) [0x0xd3d670]\n\t(No symbol) [0x0xd3e4e4]\n\tGetHandleVerifier [0x0x1134793+2556483]\n\tGetHandleVerifier [0x0x112fd02+2537394]\n\tGetHandleVerifier [0x0xefa2fa+220586]\n\tGetHandleVerifier [0x0xeeaae8+157080]\n\tGetHandleVerifier [0x0xef141d+184013]\n\tGetHandleVerifier [0x0xedba68+95512]\n\tGetHandleVerifier [0x0xedbc10+95936]\n\tGetHandleVerifier [0x0xec6b5a+9738]\n\tBaseThreadInitThunk [0x0x76af5d49+25]\n\tRtlInitializeExceptionChain [0x0x77c8d09b+107]\n\tRtlGetAppContainerNamedObjectPath [0x0x77c8d021+561]\n", "status": "passed", "attachments": [{"name": "Screenshot on Failure", "source": "d286bca7-1008-4053-940b-81f3ea3736b7-attachment.png", "type": "image/png"}], "start": 1750440171885, "stop": 1750440172110}, {"name": "Trying to click on <img> with text 'No text'", "status": "passed", "start": 1750440172641, "stop": 1750440172641}, {"name": "Trying to click on <span> with text 'My uploads'", "status": "passed", "start": 1750440173254, "stop": 1750440173254}, {"name": "Exception: Message: no such element: Unable to locate element: {\"method\":\"xpath\",\"selector\":\"//img[@alt='Uploaded produce']\"}\n  (Session info: chrome=137.0.7151.104); For documentation on this error, please visit: https://www.selenium.dev/documentation/webdriver/troubleshooting/errors#no-such-element-exception\nStacktrace:\n\tGetHandleVerifier [0x0xed3b03+62899]\n\tGetHandleVerifier [0x0xed3b44+62964]\n\t(No symbol) [0x0xd010f3]\n\t(No symbol) [0x0xd4980e]\n\t(No symbol) [0x0xd49bab]\n\t(No symbol) [0x0xd925c2]\n\t(No symbol) [0x0xd6e554]\n\t(No symbol) [0x0xd8fd81]\n\t(No symbol) [0x0xd6e306]\n\t(No symbol) [0x0xd3d670]\n\t(No symbol) [0x0xd3e4e4]\n\tGetHandleVerifier [0x0x1134793+2556483]\n\tGetHandleVerifier [0x0x112fd02+2537394]\n\tGetHandleVerifier [0x0xefa2fa+220586]\n\tGetHandleVerifier [0x0xeeaae8+157080]\n\tGetHandleVerifier [0x0xef141d+184013]\n\tGetHandleVerifier [0x0xedba68+95512]\n\tGetHandleVerifier [0x0xedbc10+95936]\n\tGetHandleVerifier [0x0xec6b5a+9738]\n\tBaseThreadInitThunk [0x0x76af5d49+25]\n\tRtlInitializeExceptionChain [0x0x77c8d09b+107]\n\tRtlGetAppContainerNamedObjectPath [0x0x77c8d021+561]\n", "status": "passed", "attachments": [{"name": "Screenshot on Failure", "source": "643cf992-d664-4dd7-a8d4-370302bc1594-attachment.png", "type": "image/png"}], "start": 1750440173323, "stop": 1750440173588}, {"name": "Trying to click on <img> with text 'No text'", "status": "passed", "start": 1750440174111, "stop": 1750440174111}, {"name": "Exception: Message: no such element: Unable to locate element: {\"method\":\"xpath\",\"selector\":\"//*[text()='Share']\"}\n  (Session info: chrome=137.0.7151.104); For documentation on this error, please visit: https://www.selenium.dev/documentation/webdriver/troubleshooting/errors#no-such-element-exception\nStacktrace:\n\tGetHandleVerifier [0x0xed3b03+62899]\n\tGetHandleVerifier [0x0xed3b44+62964]\n\t(No symbol) [0x0xd010f3]\n\t(No symbol) [0x0xd4980e]\n\t(No symbol) [0x0xd49bab]\n\t(No symbol) [0x0xd925c2]\n\t(No symbol) [0x0xd6e554]\n\t(No symbol) [0x0xd8fd81]\n\t(No symbol) [0x0xd6e306]\n\t(No symbol) [0x0xd3d670]\n\t(No symbol) [0x0xd3e4e4]\n\tGetHandleVerifier [0x0x1134793+2556483]\n\tGetHandleVerifier [0x0x112fd02+2537394]\n\tGetHandleVerifier [0x0xefa2fa+220586]\n\tGetHandleVerifier [0x0xeeaae8+157080]\n\tGetHandleVerifier [0x0xef141d+184013]\n\tGetHandleVerifier [0x0xedba68+95512]\n\tGetHandleVerifier [0x0xedbc10+95936]\n\tGetHandleVerifier [0x0xec6b5a+9738]\n\tBaseThreadInitThunk [0x0x76af5d49+25]\n\tRtlInitializeExceptionChain [0x0x77c8d09b+107]\n\tRtlGetAppContainerNamedObjectPath [0x0x77c8d021+561]\n", "status": "passed", "attachments": [{"name": "Screenshot on Failure", "source": "9b425131-59da-4c4d-954b-89097a98f611-attachment.png", "type": "image/png"}], "start": 1750440174174, "stop": 1750440174320}, {"name": "Trying to click on <button> with text 'Share'", "status": "passed", "start": 1750440174862, "stop": 1750440174862}, {"name": "Exception: Message: no such element: Unable to locate element: {\"method\":\"xpath\",\"selector\":\"(//div[@role='combobox'])[2]\"}\n  (Session info: chrome=137.0.7151.104); For documentation on this error, please visit: https://www.selenium.dev/documentation/webdriver/troubleshooting/errors#no-such-element-exception\nStacktrace:\n\tGetHandleVerifier [0x0xed3b03+62899]\n\tGetHandleVerifier [0x0xed3b44+62964]\n\t(No symbol) [0x0xd010f3]\n\t(No symbol) [0x0xd4980e]\n\t(No symbol) [0x0xd49bab]\n\t(No symbol) [0x0xd925c2]\n\t(No symbol) [0x0xd6e554]\n\t(No symbol) [0x0xd8fd81]\n\t(No symbol) [0x0xd6e306]\n\t(No symbol) [0x0xd3d670]\n\t(No symbol) [0x0xd3e4e4]\n\tGetHandleVerifier [0x0x1134793+2556483]\n\tGetHandleVerifier [0x0x112fd02+2537394]\n\tGetHandleVerifier [0x0xefa2fa+220586]\n\tGetHandleVerifier [0x0xeeaae8+157080]\n\tGetHandleVerifier [0x0xef141d+184013]\n\tGetHandleVerifier [0x0xedba68+95512]\n\tGetHandleVerifier [0x0xedbc10+95936]\n\tGetHandleVerifier [0x0xec6b5a+9738]\n\tBaseThreadInitThunk [0x0x76af5d49+25]\n\tRtlInitializeExceptionChain [0x0x77c8d09b+107]\n\tRtlGetAppContainerNamedObjectPath [0x0x77c8d021+561]\n", "status": "passed", "attachments": [{"name": "Screenshot on Failure", "source": "34f4e39a-613d-4b2a-a931-6c06c2d552e1-attachment.png", "type": "image/png"}], "start": 1750440174916, "stop": 1750440175041}, {"name": "Trying to click on <div> with text 'Only people invited'", "status": "passed", "start": 1750440175568, "stop": 1750440175568}, {"name": "Trying to click on <li> with text 'Anyone with the link'", "status": "passed", "start": 1750440175651, "stop": 1750440175651}, {"name": "Trying to click on <div> with text 'Only people invited'", "status": "passed", "start": 1750440175736, "stop": 1750440175736}, {"name": "Trying to click on <li> with text 'Private (Only me)'", "status": "passed", "start": 1750440176035, "stop": 1750440176035}, {"name": "Trying to click on <button> with text 'Proceed'", "status": "passed", "start": 1750440176185, "stop": 1750440176185}, {"name": "Trying to click on <div> with text 'Anyone with the link'", "status": "passed", "start": 1750440176268, "stop": 1750440176268}, {"name": "Trying to click on <li> with text 'Only people invited'", "status": "passed", "start": 1750440176519, "stop": 1750440176519}, {"name": "Trying to input into <input>", "status": "passed", "start": 1750440176635, "stop": 1750440176635}, {"name": "Trying to click on <button> with text 'Invite'", "status": "passed", "start": 1750440176735, "stop": 1750440176735}, {"name": "Trying to click on <img> with text 'No text'", "status": "passed", "start": 1750440176968, "stop": 1750440176968}, {"name": "Trying to click on <span> with text 'Log Out'", "status": "passed", "start": 1750440177568, "stop": 1750440177568}, {"name": "Exception: Message: no such element: Unable to locate element: {\"method\":\"xpath\",\"selector\":\"(//button[text()='Login'])[1]\"}\n  (Session info: chrome=137.0.7151.104); For documentation on this error, please visit: https://www.selenium.dev/documentation/webdriver/troubleshooting/errors#no-such-element-exception\nStacktrace:\n\tGetHandleVerifier [0x0xed3b03+62899]\n\tGetHandleVerifier [0x0xed3b44+62964]\n\t(No symbol) [0x0xd010f3]\n\t(No symbol) [0x0xd4980e]\n\t(No symbol) [0x0xd49bab]\n\t(No symbol) [0x0xd925c2]\n\t(No symbol) [0x0xd6e554]\n\t(No symbol) [0x0xd8fd81]\n\t(No symbol) [0x0xd6e306]\n\t(No symbol) [0x0xd3d670]\n\t(No symbol) [0x0xd3e4e4]\n\tGetHandleVerifier [0x0x1134793+2556483]\n\tGetHandleVerifier [0x0x112fd02+2537394]\n\tGetHandleVerifier [0x0xefa2fa+220586]\n\tGetHandleVerifier [0x0xeeaae8+157080]\n\tGetHandleVerifier [0x0xef141d+184013]\n\tGetHandleVerifier [0x0xedba68+95512]\n\tGetHandleVerifier [0x0xedbc10+95936]\n\tGetHandleVerifier [0x0xec6b5a+9738]\n\tBaseThreadInitThunk [0x0x76af5d49+25]\n\tRtlInitializeExceptionChain [0x0x77c8d09b+107]\n\tRtlGetAppContainerNamedObjectPath [0x0x77c8d021+561]\n", "status": "passed", "attachments": [{"name": "Screenshot on Failure", "source": "e73b1464-f9b6-472c-86dd-fd7df73fc179-attachment.png", "type": "image/png"}], "start": 1750440177635, "stop": 1750440177786}, {"name": "Trying to click on <button> with text 'Login'", "status": "passed", "start": 1750440178444, "stop": 1750440178444}, {"name": "User to test share feature, login", "status": "passed", "start": 1750440178504, "stop": 1750440178504}, {"name": "Trying to input into <input>", "status": "passed", "start": 1750440178535, "stop": 1750440178535}, {"name": "Trying to input into <input>", "status": "passed", "start": 1750440178552, "stop": 1750440178552}, {"name": "Trying to input into <input>", "status": "passed", "start": 1750440178651, "stop": 1750440178651}, {"name": "Trying to input into <input>", "status": "passed", "start": 1750440178668, "stop": 1750440178668}, {"name": "Trying to click on <button> with text 'Sign In'", "status": "passed", "start": 1750440178768, "stop": 1750440178768}, {"name": "Exception: Message: no such element: Unable to locate element: {\"method\":\"xpath\",\"selector\":\"//img[@alt='User Avatar']\"}\n  (Session info: chrome=137.0.7151.104); For documentation on this error, please visit: https://www.selenium.dev/documentation/webdriver/troubleshooting/errors#no-such-element-exception\nStacktrace:\n\tGetHandleVerifier [0x0xed3b03+62899]\n\tGetHandleVerifier [0x0xed3b44+62964]\n\t(No symbol) [0x0xd010f3]\n\t(No symbol) [0x0xd4980e]\n\t(No symbol) [0x0xd49bab]\n\t(No symbol) [0x0xd925c2]\n\t(No symbol) [0x0xd6e554]\n\t(No symbol) [0x0xd8fd81]\n\t(No symbol) [0x0xd6e306]\n\t(No symbol) [0x0xd3d670]\n\t(No symbol) [0x0xd3e4e4]\n\tGetHandleVerifier [0x0x1134793+2556483]\n\tGetHandleVerifier [0x0x112fd02+2537394]\n\tGetHandleVerifier [0x0xefa2fa+220586]\n\tGetHandleVerifier [0x0xeeaae8+157080]\n\tGetHandleVerifier [0x0xef141d+184013]\n\tGetHandleVerifier [0x0xedba68+95512]\n\tGetHandleVerifier [0x0xedbc10+95936]\n\tGetHandleVerifier [0x0xec6b5a+9738]\n\tBaseThreadInitThunk [0x0x76af5d49+25]\n\tRtlInitializeExceptionChain [0x0x77c8d09b+107]\n\tRtlGetAppContainerNamedObjectPath [0x0x77c8d021+561]\n", "status": "passed", "attachments": [{"name": "Screenshot on Failure", "source": "5b6808e9-2881-4f1e-9f40-f0a55cc96374-attachment.png", "type": "image/png"}], "start": 1750440178818, "stop": 1750440178979}, {"name": "Trying to click on <img> with text 'No text'", "status": "passed", "start": 1750440179550, "stop": 1750440179550}, {"name": "Trying to click on <span> with text 'My uploads'", "status": "passed", "start": 1750440179618, "stop": 1750440179618}, {"name": "Exception: Message: no such element: Unable to locate element: {\"method\":\"xpath\",\"selector\":\"//span[text()='Shared with me']\"}\n  (Session info: chrome=137.0.7151.104); For documentation on this error, please visit: https://www.selenium.dev/documentation/webdriver/troubleshooting/errors#no-such-element-exception\nStacktrace:\n\tGetHandleVerifier [0x0xed3b03+62899]\n\tGetHandleVerifier [0x0xed3b44+62964]\n\t(No symbol) [0x0xd010f3]\n\t(No symbol) [0x0xd4980e]\n\t(No symbol) [0x0xd49bab]\n\t(No symbol) [0x0xd925c2]\n\t(No symbol) [0x0xd6e554]\n\t(No symbol) [0x0xd8fd81]\n\t(No symbol) [0x0xd6e306]\n\t(No symbol) [0x0xd3d670]\n\t(No symbol) [0x0xd3e4e4]\n\tGetHandleVerifier [0x0x1134793+2556483]\n\tGetHandleVerifier [0x0x112fd02+2537394]\n\tGetHandleVerifier [0x0xefa2fa+220586]\n\tGetHandleVerifier [0x0xeeaae8+157080]\n\tGetHandleVerifier [0x0xef141d+184013]\n\tGetHandleVerifier [0x0xedba68+95512]\n\tGetHandleVerifier [0x0xedbc10+95936]\n\tGetHandleVerifier [0x0xec6b5a+9738]\n\tBaseThreadInitThunk [0x0x76af5d49+25]\n\tRtlInitializeExceptionChain [0x0x77c8d09b+107]\n\tRtlGetAppContainerNamedObjectPath [0x0x77c8d021+561]\n", "status": "passed", "attachments": [{"name": "Screenshot on Failure", "source": "d0fd9d8b-fb0f-41fd-8341-d003b25d3262-attachment.png", "type": "image/png"}], "start": 1750440179698, "stop": 1750440179953}, {"name": "Trying to click on <span> with text 'Shared with me'", "status": "passed", "start": 1750440180492, "stop": 1750440180492}, {"name": "Exception: Message: no such element: Unable to locate element: {\"method\":\"xpath\",\"selector\":\"//p[@class='MuiTypography-root MuiTypography-body1 css-x1va7p']\"}\n  (Session info: chrome=137.0.7151.104); For documentation on this error, please visit: https://www.selenium.dev/documentation/webdriver/troubleshooting/errors#no-such-element-exception\nStacktrace:\n\tGetHandleVerifier [0x0xed3b03+62899]\n\tGetHandleVerifier [0x0xed3b44+62964]\n\t(No symbol) [0x0xd010f3]\n\t(No symbol) [0x0xd4980e]\n\t(No symbol) [0x0xd49bab]\n\t(No symbol) [0x0xd925c2]\n\t(No symbol) [0x0xd6e554]\n\t(No symbol) [0x0xd8fd81]\n\t(No symbol) [0x0xd6e306]\n\t(No symbol) [0x0xd3d670]\n\t(No symbol) [0x0xd3e4e4]\n\tGetHandleVerifier [0x0x1134793+2556483]\n\tGetHandleVerifier [0x0x112fd02+2537394]\n\tGetHandleVerifier [0x0xefa2fa+220586]\n\tGetHandleVerifier [0x0xeeaae8+157080]\n\tGetHandleVerifier [0x0xef141d+184013]\n\tGetHandleVerifier [0x0xedba68+95512]\n\tGetHandleVerifier [0x0xedbc10+95936]\n\tGetHandleVerifier [0x0xec6b5a+9738]\n\tBaseThreadInitThunk [0x0x76af5d49+25]\n\tRtlInitializeExceptionChain [0x0x77c8d09b+107]\n\tRtlGetAppContainerNamedObjectPath [0x0x77c8d021+561]\n", "status": "passed", "attachments": [{"name": "Screenshot on Failure", "source": "bddd4ea9-5b3f-4114-a217-b9c6ff672404-attachment.png", "type": "image/png"}], "start": 1750440180575, "stop": 1750440180714}], "attachments": [{"name": "Test Log", "source": "2949b251-0d79-4c9d-befc-e2409d067b0e-attachment.txt", "type": "text/plain"}, {"name": "log", "source": "c89162cf-f2ab-40a7-959b-654338cea390-attachment.txt", "type": "text/plain"}, {"name": "stdout", "source": "781173bf-f802-47cb-9dd3-2d1272ac34d7-attachment.txt", "type": "text/plain"}, {"name": "stderr", "source": "50b4be65-4028-4e44-a397-5eaa4bf97d56-attachment.txt", "type": "text/plain"}], "start": 1750440170810, "stop": 1750440181236, "uuid": "c3467cfc-4e14-45dd-be6b-7fba4c4b869c", "historyId": "693ac28b1fdb380deffcf88e3a3b318d", "testCaseId": "693ac28b1fdb380deffcf88e3a3b318d", "fullName": "test_provineer#test_shared_feature", "labels": [{"name": "suite", "value": "test_provineer"}, {"name": "host", "value": "DESKTOP-CNNS4HO"}, {"name": "thread", "value": "17964-MainThread"}, {"name": "framework", "value": "pytest"}, {"name": "language", "value": "cpython3"}, {"name": "package", "value": "test_provineer"}]}