{"name": "test_proofs_and_certificates", "status": "passed", "steps": [{"name": "User login", "status": "passed", "start": 1749463648988, "stop": 1749463648988}, {"name": "Navigating to URL: https://provineer.com/login", "status": "passed", "start": 1749463648988, "stop": 1749463648988}, {"name": "Trying to input into <input>", "status": "passed", "start": 1749463649696, "stop": 1749463649696}, {"name": "Trying to input into <input>", "status": "passed", "start": 1749463649735, "stop": 1749463649735}, {"name": "Trying to input into <input>", "status": "passed", "start": 1749463649919, "stop": 1749463649919}, {"name": "Trying to input into <input>", "status": "passed", "start": 1749463649941, "stop": 1749463649941}, {"name": "Trying to click on <button> with text 'Sign In'", "status": "passed", "start": 1749463650070, "stop": 1749463650070}, {"name": "Testing e-certificate", "status": "passed", "start": 1749463650138, "stop": 1749463650138}, {"name": "Exception: Message: no such element: Unable to locate element: {\"method\":\"xpath\",\"selector\":\"//img[@alt='User Avatar']\"}\n  (Session info: chrome=137.0.7151.69); For documentation on this error, please visit: https://www.selenium.dev/documentation/webdriver/troubleshooting/errors#no-such-element-exception\nStacktrace:\n\tGetHandleVerifier [0x0xde3763+63299]\n\tGetHandleVerifier [0x0xde37a4+63364]\n\t(No symbol) [0x0xc11113]\n\t(No symbol) [0x0xc5987e]\n\t(No symbol) [0x0xc59c1b]\n\t(No symbol) [0x0xca2212]\n\t(No symbol) [0x0xc7e5c4]\n\t(No symbol) [0x0xc9fa4a]\n\t(No symbol) [0x0xc7e376]\n\t(No symbol) [0x0xc4d6e0]\n\t(No symbol) [0x0xc4e544]\n\tGetHandleVerifier [0x0x103e033+2531347]\n\tGetHandleVerifier [0x0x1039332+2511634]\n\tGetHandleVerifier [0x0xe09eda+220858]\n\tGetHandleVerifier [0x0xdfa528+156936]\n\tGetHandleVerifier [0x0xe00c5d+183357]\n\tGetHandleVerifier [0x0xdeb6c8+95912]\n\tGetHandleVerifier [0x0xdeb870+96336]\n\tGetHandleVerifier [0x0xdd664a+9770]\n\tBaseThreadInitThunk [0x0x760a5d49+25]\n\tRtlInitializeExceptionChain [0x0x772dd09b+107]\n\tRtlGetAppContainerNamedObjectPath [0x0x772dd021+561]\n", "status": "passed", "attachments": [{"name": "Screenshot on Failure", "source": "689ef92c-4e63-45e3-bf2e-80de1fa4ca99-attachment.png", "type": "image/png"}], "start": 1749463650152, "stop": 1749463650313}, {"name": "Trying to click on <img> with text 'No text'", "status": "passed", "start": 1749463650838, "stop": 1749463650838}, {"name": "Trying to click on <span> with text 'My uploads'", "status": "passed", "start": 1749463651442, "stop": 1749463651442}, {"name": "Exception: Message: no such element: Unable to locate element: {\"method\":\"xpath\",\"selector\":\"//img[@alt='Uploaded produce']\"}\n  (Session info: chrome=137.0.7151.69); For documentation on this error, please visit: https://www.selenium.dev/documentation/webdriver/troubleshooting/errors#no-such-element-exception\nStacktrace:\n\tGetHandleVerifier [0x0xde3763+63299]\n\tGetHandleVerifier [0x0xde37a4+63364]\n\t(No symbol) [0x0xc11113]\n\t(No symbol) [0x0xc5987e]\n\t(No symbol) [0x0xc59c1b]\n\t(No symbol) [0x0xca2212]\n\t(No symbol) [0x0xc7e5c4]\n\t(No symbol) [0x0xc9fa4a]\n\t(No symbol) [0x0xc7e376]\n\t(No symbol) [0x0xc4d6e0]\n\t(No symbol) [0x0xc4e544]\n\tGetHandleVerifier [0x0x103e033+2531347]\n\tGetHandleVerifier [0x0x1039332+2511634]\n\tGetHandleVerifier [0x0xe09eda+220858]\n\tGetHandleVerifier [0x0xdfa528+156936]\n\tGetHandleVerifier [0x0xe00c5d+183357]\n\tGetHandleVerifier [0x0xdeb6c8+95912]\n\tGetHandleVerifier [0x0xdeb870+96336]\n\tGetHandleVerifier [0x0xdd664a+9770]\n\tBaseThreadInitThunk [0x0x760a5d49+25]\n\tRtlInitializeExceptionChain [0x0x772dd09b+107]\n\tRtlGetAppContainerNamedObjectPath [0x0x772dd021+561]\n", "status": "passed", "attachments": [{"name": "Screenshot on Failure", "source": "4971daa1-66c7-496b-9d15-c25c58fa557a-attachment.png", "type": "image/png"}], "start": 1749463651549, "stop": 1749463651792}, {"name": "Trying to click on <img> with text 'No text'", "status": "passed", "start": 1749463652404, "stop": 1749463652404}, {"name": "Exception: Message: no such element: Unable to locate element: {\"method\":\"xpath\",\"selector\":\"//button[text()='View E-Certificate']\"}\n  (Session info: chrome=137.0.7151.69); For documentation on this error, please visit: https://www.selenium.dev/documentation/webdriver/troubleshooting/errors#no-such-element-exception\nStacktrace:\n\tGetHandleVerifier [0x0xde3763+63299]\n\tGetHandleVerifier [0x0xde37a4+63364]\n\t(No symbol) [0x0xc11113]\n\t(No symbol) [0x0xc5987e]\n\t(No symbol) [0x0xc59c1b]\n\t(No symbol) [0x0xca2212]\n\t(No symbol) [0x0xc7e5c4]\n\t(No symbol) [0x0xc9fa4a]\n\t(No symbol) [0x0xc7e376]\n\t(No symbol) [0x0xc4d6e0]\n\t(No symbol) [0x0xc4e544]\n\tGetHandleVerifier [0x0x103e033+2531347]\n\tGetHandleVerifier [0x0x1039332+2511634]\n\tGetHandleVerifier [0x0xe09eda+220858]\n\tGetHandleVerifier [0x0xdfa528+156936]\n\tGetHandleVerifier [0x0xe00c5d+183357]\n\tGetHandleVerifier [0x0xdeb6c8+95912]\n\tGetHandleVerifier [0x0xdeb870+96336]\n\tGetHandleVerifier [0x0xdd664a+9770]\n\tBaseThreadInitThunk [0x0x760a5d49+25]\n\tRtlInitializeExceptionChain [0x0x772dd09b+107]\n\tRtlGetAppContainerNamedObjectPath [0x0x772dd021+561]\n", "status": "passed", "attachments": [{"name": "Screenshot on Failure", "source": "a6ba0eb0-2729-4152-9b37-624ee6efbb26-attachment.png", "type": "image/png"}], "start": 1749463652451, "stop": 1749463652614}, {"name": "Trying to click on <button> with text 'View E-Certificate'", "status": "passed", "start": 1749463653147, "stop": 1749463653147}, {"name": "Exception: Message: no such element: Unable to locate element: {\"method\":\"xpath\",\"selector\":\"//canvas[@class='react-pdf__Page__canvas']\"}\n  (Session info: chrome=137.0.7151.69); For documentation on this error, please visit: https://www.selenium.dev/documentation/webdriver/troubleshooting/errors#no-such-element-exception\nStacktrace:\n\tGetHandleVerifier [0x0xde3763+63299]\n\tGetHandleVerifier [0x0xde37a4+63364]\n\t(No symbol) [0x0xc11113]\n\t(No symbol) [0x0xc5987e]\n\t(No symbol) [0x0xc59c1b]\n\t(No symbol) [0x0xca2212]\n\t(No symbol) [0x0xc7e5c4]\n\t(No symbol) [0x0xc9fa4a]\n\t(No symbol) [0x0xc7e376]\n\t(No symbol) [0x0xc4d6e0]\n\t(No symbol) [0x0xc4e544]\n\tGetHandleVerifier [0x0x103e033+2531347]\n\tGetHandleVerifier [0x0x1039332+2511634]\n\tGetHandleVerifier [0x0xe09eda+220858]\n\tGetHandleVerifier [0x0xdfa528+156936]\n\tGetHandleVerifier [0x0xe00c5d+183357]\n\tGetHandleVerifier [0x0xdeb6c8+95912]\n\tGetHandleVerifier [0x0xdeb870+96336]\n\tGetHandleVerifier [0x0xdd664a+9770]\n\tBaseThreadInitThunk [0x0x760a5d49+25]\n\tRtlInitializeExceptionChain [0x0x772dd09b+107]\n\tRtlGetAppContainerNamedObjectPath [0x0x772dd021+561]\n", "status": "passed", "attachments": [{"name": "Screenshot on Failure", "source": "32d526cc-1e3a-45a2-83ce-f2fdfa5ddc33-attachment.png", "type": "image/png"}], "start": 1749463653184, "stop": 1749463653323}, {"name": "Exception: Message: no such element: Unable to locate element: {\"method\":\"xpath\",\"selector\":\"//canvas[@class='react-pdf__Page__canvas']\"}\n  (Session info: chrome=137.0.7151.69); For documentation on this error, please visit: https://www.selenium.dev/documentation/webdriver/troubleshooting/errors#no-such-element-exception\nStacktrace:\n\tGetHandleVerifier [0x0xde3763+63299]\n\tGetHandleVerifier [0x0xde37a4+63364]\n\t(No symbol) [0x0xc11113]\n\t(No symbol) [0x0xc5987e]\n\t(No symbol) [0x0xc59c1b]\n\t(No symbol) [0x0xca2212]\n\t(No symbol) [0x0xc7e5c4]\n\t(No symbol) [0x0xc9fa4a]\n\t(No symbol) [0x0xc7e376]\n\t(No symbol) [0x0xc4d6e0]\n\t(No symbol) [0x0xc4e544]\n\tGetHandleVerifier [0x0x103e033+2531347]\n\tGetHandleVerifier [0x0x1039332+2511634]\n\tGetHandleVerifier [0x0xe09eda+220858]\n\tGetHandleVerifier [0x0xdfa528+156936]\n\tGetHandleVerifier [0x0xe00c5d+183357]\n\tGetHandleVerifier [0x0xdeb6c8+95912]\n\tGetHandleVerifier [0x0xdeb870+96336]\n\tGetHandleVerifier [0x0xdd664a+9770]\n\tBaseThreadInitThunk [0x0x760a5d49+25]\n\tRtlInitializeExceptionChain [0x0x772dd09b+107]\n\tRtlGetAppContainerNamedObjectPath [0x0x772dd021+561]\n", "status": "passed", "attachments": [{"name": "Screenshot on Failure", "source": "7f1ac945-59d0-4084-a198-67e532ecc8a0-attachment.png", "type": "image/png"}], "start": 1749463653835, "stop": 1749463653983}], "attachments": [{"name": "Test Log", "source": "c25fa221-f040-4d2f-91de-82db9bb69473-attachment.txt", "type": "text/plain"}, {"name": "log", "source": "dbae7125-1fc4-42ef-a40d-0f32b2622f76-attachment.txt", "type": "text/plain"}, {"name": "stdout", "source": "e2a37c34-1dc6-4f53-ad37-f092ef86c5bf-attachment.txt", "type": "text/plain"}, {"name": "stderr", "source": "db59b9c5-4655-492c-adff-8197878222bc-attachment.txt", "type": "text/plain"}], "start": 1749463648988, "stop": 1749463654674, "uuid": "4cf43d71-5896-450d-a7ce-962e5e92c67d", "historyId": "e128e72e2bec976e3bdef19ac6db0de3", "testCaseId": "e128e72e2bec976e3bdef19ac6db0de3", "fullName": "test_provineer#test_proofs_and_certificates", "labels": [{"name": "suite", "value": "test_provineer"}, {"name": "host", "value": "DESKTOP-CNNS4HO"}, {"name": "thread", "value": "7572-MainThread"}, {"name": "framework", "value": "pytest"}, {"name": "language", "value": "cpython3"}, {"name": "package", "value": "test_provineer"}]}