{"name": "test_proofs_and_certificates", "status": "passed", "steps": [{"name": "User login", "status": "passed", "start": 1750440189510, "stop": 1750440189510}, {"name": "Navigating to URL: https://provineer.com/login", "status": "passed", "start": 1750440189510, "stop": 1750440189510}, {"name": "Trying to input into <input>", "status": "passed", "start": 1750440190168, "stop": 1750440190168}, {"name": "Trying to input into <input>", "status": "passed", "start": 1750440190208, "stop": 1750440190208}, {"name": "Trying to input into <input>", "status": "passed", "start": 1750440190389, "stop": 1750440190389}, {"name": "Trying to input into <input>", "status": "passed", "start": 1750440190402, "stop": 1750440190402}, {"name": "Trying to click on <button> with text 'Sign In'", "status": "passed", "start": 1750440190518, "stop": 1750440190518}, {"name": "Testing e-certificate", "status": "passed", "start": 1750440190607, "stop": 1750440190607}, {"name": "Exception: Message: no such element: Unable to locate element: {\"method\":\"xpath\",\"selector\":\"//img[@alt='User Avatar']\"}\n  (Session info: chrome=137.0.7151.104); For documentation on this error, please visit: https://www.selenium.dev/documentation/webdriver/troubleshooting/errors#no-such-element-exception\nStacktrace:\n\tGetHandleVerifier [0x0xed3b03+62899]\n\tGetHandleVerifier [0x0xed3b44+62964]\n\t(No symbol) [0x0xd010f3]\n\t(No symbol) [0x0xd4980e]\n\t(No symbol) [0x0xd49bab]\n\t(No symbol) [0x0xd925c2]\n\t(No symbol) [0x0xd6e554]\n\t(No symbol) [0x0xd8fd81]\n\t(No symbol) [0x0xd6e306]\n\t(No symbol) [0x0xd3d670]\n\t(No symbol) [0x0xd3e4e4]\n\tGetHandleVerifier [0x0x1134793+2556483]\n\tGetHandleVerifier [0x0x112fd02+2537394]\n\tGetHandleVerifier [0x0xefa2fa+220586]\n\tGetHandleVerifier [0x0xeeaae8+157080]\n\tGetHandleVerifier [0x0xef141d+184013]\n\tGetHandleVerifier [0x0xedba68+95512]\n\tGetHandleVerifier [0x0xedbc10+95936]\n\tGetHandleVerifier [0x0xec6b5a+9738]\n\tBaseThreadInitThunk [0x0x76af5d49+25]\n\tRtlInitializeExceptionChain [0x0x77c8d09b+107]\n\tRtlGetAppContainerNamedObjectPath [0x0x77c8d021+561]\n", "status": "passed", "attachments": [{"name": "Screenshot on Failure", "source": "5f0fcad8-5ef5-4675-a44d-05d747e7e2c3-attachment.png", "type": "image/png"}], "start": 1750440190618, "stop": 1750440190802}, {"name": "Trying to click on <img> with text 'No text'", "status": "passed", "start": 1750440191319, "stop": 1750440191319}, {"name": "Trying to click on <span> with text 'My uploads'", "status": "passed", "start": 1750440191929, "stop": 1750440191929}, {"name": "Exception: Message: no such element: Unable to locate element: {\"method\":\"xpath\",\"selector\":\"//img[@alt='Uploaded produce']\"}\n  (Session info: chrome=137.0.7151.104); For documentation on this error, please visit: https://www.selenium.dev/documentation/webdriver/troubleshooting/errors#no-such-element-exception\nStacktrace:\n\tGetHandleVerifier [0x0xed3b03+62899]\n\tGetHandleVerifier [0x0xed3b44+62964]\n\t(No symbol) [0x0xd010f3]\n\t(No symbol) [0x0xd4980e]\n\t(No symbol) [0x0xd49bab]\n\t(No symbol) [0x0xd925c2]\n\t(No symbol) [0x0xd6e554]\n\t(No symbol) [0x0xd8fd81]\n\t(No symbol) [0x0xd6e306]\n\t(No symbol) [0x0xd3d670]\n\t(No symbol) [0x0xd3e4e4]\n\tGetHandleVerifier [0x0x1134793+2556483]\n\tGetHandleVerifier [0x0x112fd02+2537394]\n\tGetHandleVerifier [0x0xefa2fa+220586]\n\tGetHandleVerifier [0x0xeeaae8+157080]\n\tGetHandleVerifier [0x0xef141d+184013]\n\tGetHandleVerifier [0x0xedba68+95512]\n\tGetHandleVerifier [0x0xedbc10+95936]\n\tGetHandleVerifier [0x0xec6b5a+9738]\n\tBaseThreadInitThunk [0x0x76af5d49+25]\n\tRtlInitializeExceptionChain [0x0x77c8d09b+107]\n\tRtlGetAppContainerNamedObjectPath [0x0x77c8d021+561]\n", "status": "passed", "attachments": [{"name": "Screenshot on Failure", "source": "44c8252b-6480-43db-8551-319d90560eff-attachment.png", "type": "image/png"}], "start": 1750440192050, "stop": 1750440192234}, {"name": "Trying to click on <img> with text 'No text'", "status": "passed", "start": 1750440192839, "stop": 1750440192839}, {"name": "Exception: Message: no such element: Unable to locate element: {\"method\":\"xpath\",\"selector\":\"//button[text()='View E-Certificate']\"}\n  (Session info: chrome=137.0.7151.104); For documentation on this error, please visit: https://www.selenium.dev/documentation/webdriver/troubleshooting/errors#no-such-element-exception\nStacktrace:\n\tGetHandleVerifier [0x0xed3b03+62899]\n\tGetHandleVerifier [0x0xed3b44+62964]\n\t(No symbol) [0x0xd010f3]\n\t(No symbol) [0x0xd4980e]\n\t(No symbol) [0x0xd49bab]\n\t(No symbol) [0x0xd925c2]\n\t(No symbol) [0x0xd6e554]\n\t(No symbol) [0x0xd8fd81]\n\t(No symbol) [0x0xd6e306]\n\t(No symbol) [0x0xd3d670]\n\t(No symbol) [0x0xd3e4e4]\n\tGetHandleVerifier [0x0x1134793+2556483]\n\tGetHandleVerifier [0x0x112fd02+2537394]\n\tGetHandleVerifier [0x0xefa2fa+220586]\n\tGetHandleVerifier [0x0xeeaae8+157080]\n\tGetHandleVerifier [0x0xef141d+184013]\n\tGetHandleVerifier [0x0xedba68+95512]\n\tGetHandleVerifier [0x0xedbc10+95936]\n\tGetHandleVerifier [0x0xec6b5a+9738]\n\tBaseThreadInitThunk [0x0x76af5d49+25]\n\tRtlInitializeExceptionChain [0x0x77c8d09b+107]\n\tRtlGetAppContainerNamedObjectPath [0x0x77c8d021+561]\n", "status": "passed", "attachments": [{"name": "Screenshot on Failure", "source": "a00552fc-95c6-4aa0-9aa9-6ae630d3c10c-attachment.png", "type": "image/png"}], "start": 1750440192894, "stop": 1750440193048}, {"name": "Trying to click on <button> with text 'View E-Certificate'", "status": "passed", "start": 1750440193567, "stop": 1750440193582}, {"name": "Exception: Message: no such element: Unable to locate element: {\"method\":\"xpath\",\"selector\":\"//canvas[@class='react-pdf__Page__canvas']\"}\n  (Session info: chrome=137.0.7151.104); For documentation on this error, please visit: https://www.selenium.dev/documentation/webdriver/troubleshooting/errors#no-such-element-exception\nStacktrace:\n\tGetHandleVerifier [0x0xed3b03+62899]\n\tGetHandleVerifier [0x0xed3b44+62964]\n\t(No symbol) [0x0xd010f3]\n\t(No symbol) [0x0xd4980e]\n\t(No symbol) [0x0xd49bab]\n\t(No symbol) [0x0xd925c2]\n\t(No symbol) [0x0xd6e554]\n\t(No symbol) [0x0xd8fd81]\n\t(No symbol) [0x0xd6e306]\n\t(No symbol) [0x0xd3d670]\n\t(No symbol) [0x0xd3e4e4]\n\tGetHandleVerifier [0x0x1134793+2556483]\n\tGetHandleVerifier [0x0x112fd02+2537394]\n\tGetHandleVerifier [0x0xefa2fa+220586]\n\tGetHandleVerifier [0x0xeeaae8+157080]\n\tGetHandleVerifier [0x0xef141d+184013]\n\tGetHandleVerifier [0x0xedba68+95512]\n\tGetHandleVerifier [0x0xedbc10+95936]\n\tGetHandleVerifier [0x0xec6b5a+9738]\n\tBaseThreadInitThunk [0x0x76af5d49+25]\n\tRtlInitializeExceptionChain [0x0x77c8d09b+107]\n\tRtlGetAppContainerNamedObjectPath [0x0x77c8d021+561]\n", "status": "passed", "attachments": [{"name": "Screenshot on Failure", "source": "1d509721-af79-4f1a-8193-4ed466ab4bfb-attachment.png", "type": "image/png"}], "start": 1750440193618, "stop": 1750440193792}, {"name": "Exception: Message: no such element: Unable to locate element: {\"method\":\"xpath\",\"selector\":\"//canvas[@class='react-pdf__Page__canvas']\"}\n  (Session info: chrome=137.0.7151.104); For documentation on this error, please visit: https://www.selenium.dev/documentation/webdriver/troubleshooting/errors#no-such-element-exception\nStacktrace:\n\tGetHandleVerifier [0x0xed3b03+62899]\n\tGetHandleVerifier [0x0xed3b44+62964]\n\t(No symbol) [0x0xd010f3]\n\t(No symbol) [0x0xd4980e]\n\t(No symbol) [0x0xd49bab]\n\t(No symbol) [0x0xd925c2]\n\t(No symbol) [0x0xd6e554]\n\t(No symbol) [0x0xd8fd81]\n\t(No symbol) [0x0xd6e306]\n\t(No symbol) [0x0xd3d670]\n\t(No symbol) [0x0xd3e4e4]\n\tGetHandleVerifier [0x0x1134793+2556483]\n\tGetHandleVerifier [0x0x112fd02+2537394]\n\tGetHandleVerifier [0x0xefa2fa+220586]\n\tGetHandleVerifier [0x0xeeaae8+157080]\n\tGetHandleVerifier [0x0xef141d+184013]\n\tGetHandleVerifier [0x0xedba68+95512]\n\tGetHandleVerifier [0x0xedbc10+95936]\n\tGetHandleVerifier [0x0xec6b5a+9738]\n\tBaseThreadInitThunk [0x0x76af5d49+25]\n\tRtlInitializeExceptionChain [0x0x77c8d09b+107]\n\tRtlGetAppContainerNamedObjectPath [0x0x77c8d021+561]\n", "status": "passed", "attachments": [{"name": "Screenshot on Failure", "source": "15ae5478-1efa-4cef-a1d5-2c02ade17325-attachment.png", "type": "image/png"}], "start": 1750440194302, "stop": 1750440194419}], "attachments": [{"name": "Test Log", "source": "2c8fbcfd-54d3-4d63-8be1-95714efe384e-attachment.txt", "type": "text/plain"}, {"name": "log", "source": "88d3b622-afbe-4a82-b22c-f7cc43ec8cca-attachment.txt", "type": "text/plain"}, {"name": "stdout", "source": "de5377b2-7a74-4819-94b5-944a82088754-attachment.txt", "type": "text/plain"}, {"name": "stderr", "source": "896c5429-3f5c-4ca3-a8dc-6a59f7dde8a5-attachment.txt", "type": "text/plain"}], "start": 1750440189510, "stop": 1750440195152, "uuid": "be143e53-76e6-4f49-99f2-aeb8cb34d7d2", "historyId": "e128e72e2bec976e3bdef19ac6db0de3", "testCaseId": "e128e72e2bec976e3bdef19ac6db0de3", "fullName": "test_provineer#test_proofs_and_certificates", "labels": [{"name": "suite", "value": "test_provineer"}, {"name": "host", "value": "DESKTOP-CNNS4HO"}, {"name": "thread", "value": "17964-MainThread"}, {"name": "framework", "value": "pytest"}, {"name": "language", "value": "cpython3"}, {"name": "package", "value": "test_provineer"}]}