{"name": "test_proofs_and_certificates", "status": "passed", "steps": [{"name": "User login", "status": "passed", "start": 1749463729093, "stop": 1749463729093}, {"name": "Navigating to URL: https://provineer.com/login", "status": "passed", "start": 1749463729093, "stop": 1749463729093}, {"name": "Trying to input into <input>", "status": "passed", "start": 1749463729843, "stop": 1749463729843}, {"name": "Trying to input into <input>", "status": "passed", "start": 1749463729880, "stop": 1749463729880}, {"name": "Trying to input into <input>", "status": "passed", "start": 1749463730061, "stop": 1749463730061}, {"name": "Trying to input into <input>", "status": "passed", "start": 1749463730083, "stop": 1749463730083}, {"name": "Trying to click on <button> with text 'Sign In'", "status": "passed", "start": 1749463730183, "stop": 1749463730183}, {"name": "Testing e-certificate", "status": "passed", "start": 1749463730265, "stop": 1749463730265}, {"name": "Exception: Message: no such element: Unable to locate element: {\"method\":\"xpath\",\"selector\":\"//img[@alt='User Avatar']\"}\n  (Session info: chrome=137.0.7151.69); For documentation on this error, please visit: https://www.selenium.dev/documentation/webdriver/troubleshooting/errors#no-such-element-exception\nStacktrace:\n\tGetHandleVerifier [0x0xde3763+63299]\n\tGetHandleVerifier [0x0xde37a4+63364]\n\t(No symbol) [0x0xc11113]\n\t(No symbol) [0x0xc5987e]\n\t(No symbol) [0x0xc59c1b]\n\t(No symbol) [0x0xca2212]\n\t(No symbol) [0x0xc7e5c4]\n\t(No symbol) [0x0xc9fa4a]\n\t(No symbol) [0x0xc7e376]\n\t(No symbol) [0x0xc4d6e0]\n\t(No symbol) [0x0xc4e544]\n\tGetHandleVerifier [0x0x103e033+2531347]\n\tGetHandleVerifier [0x0x1039332+2511634]\n\tGetHandleVerifier [0x0xe09eda+220858]\n\tGetHandleVerifier [0x0xdfa528+156936]\n\tGetHandleVerifier [0x0xe00c5d+183357]\n\tGetHandleVerifier [0x0xdeb6c8+95912]\n\tGetHandleVerifier [0x0xdeb870+96336]\n\tGetHandleVerifier [0x0xdd664a+9770]\n\tBaseThreadInitThunk [0x0x760a5d49+25]\n\tRtlInitializeExceptionChain [0x0x772dd09b+107]\n\tRtlGetAppContainerNamedObjectPath [0x0x772dd021+561]\n", "status": "passed", "attachments": [{"name": "Screenshot on Failure", "source": "a4a0d6ee-affc-446e-8698-e5239b08b92f-attachment.png", "type": "image/png"}], "start": 1749463730266, "stop": 1749463730478}, {"name": "Trying to click on <img> with text 'No text'", "status": "passed", "start": 1749463731002, "stop": 1749463731002}, {"name": "Trying to click on <span> with text 'My uploads'", "status": "passed", "start": 1749463731612, "stop": 1749463731612}, {"name": "Exception: Message: no such element: Unable to locate element: {\"method\":\"xpath\",\"selector\":\"//img[@alt='Uploaded produce']\"}\n  (Session info: chrome=137.0.7151.69); For documentation on this error, please visit: https://www.selenium.dev/documentation/webdriver/troubleshooting/errors#no-such-element-exception\nStacktrace:\n\tGetHandleVerifier [0x0xde3763+63299]\n\tGetHandleVerifier [0x0xde37a4+63364]\n\t(No symbol) [0x0xc11113]\n\t(No symbol) [0x0xc5987e]\n\t(No symbol) [0x0xc59c1b]\n\t(No symbol) [0x0xca2212]\n\t(No symbol) [0x0xc7e5c4]\n\t(No symbol) [0x0xc9fa4a]\n\t(No symbol) [0x0xc7e376]\n\t(No symbol) [0x0xc4d6e0]\n\t(No symbol) [0x0xc4e544]\n\tGetHandleVerifier [0x0x103e033+2531347]\n\tGetHandleVerifier [0x0x1039332+2511634]\n\tGetHandleVerifier [0x0xe09eda+220858]\n\tGetHandleVerifier [0x0xdfa528+156936]\n\tGetHandleVerifier [0x0xe00c5d+183357]\n\tGetHandleVerifier [0x0xdeb6c8+95912]\n\tGetHandleVerifier [0x0xdeb870+96336]\n\tGetHandleVerifier [0x0xdd664a+9770]\n\tBaseThreadInitThunk [0x0x760a5d49+25]\n\tRtlInitializeExceptionChain [0x0x772dd09b+107]\n\tRtlGetAppContainerNamedObjectPath [0x0x772dd021+561]\n", "status": "passed", "attachments": [{"name": "Screenshot on Failure", "source": "3ccf5ffb-efd1-4ba3-a927-59eb22e92e6d-attachment.png", "type": "image/png"}], "start": 1749463731714, "stop": 1749463731927}, {"name": "Trying to click on <img> with text 'No text'", "status": "passed", "start": 1749463732507, "stop": 1749463732507}, {"name": "Exception: Message: no such element: Unable to locate element: {\"method\":\"xpath\",\"selector\":\"//button[text()='View E-Certificate']\"}\n  (Session info: chrome=137.0.7151.69); For documentation on this error, please visit: https://www.selenium.dev/documentation/webdriver/troubleshooting/errors#no-such-element-exception\nStacktrace:\n\tGetHandleVerifier [0x0xde3763+63299]\n\tGetHandleVerifier [0x0xde37a4+63364]\n\t(No symbol) [0x0xc11113]\n\t(No symbol) [0x0xc5987e]\n\t(No symbol) [0x0xc59c1b]\n\t(No symbol) [0x0xca2212]\n\t(No symbol) [0x0xc7e5c4]\n\t(No symbol) [0x0xc9fa4a]\n\t(No symbol) [0x0xc7e376]\n\t(No symbol) [0x0xc4d6e0]\n\t(No symbol) [0x0xc4e544]\n\tGetHandleVerifier [0x0x103e033+2531347]\n\tGetHandleVerifier [0x0x1039332+2511634]\n\tGetHandleVerifier [0x0xe09eda+220858]\n\tGetHandleVerifier [0x0xdfa528+156936]\n\tGetHandleVerifier [0x0xe00c5d+183357]\n\tGetHandleVerifier [0x0xdeb6c8+95912]\n\tGetHandleVerifier [0x0xdeb870+96336]\n\tGetHandleVerifier [0x0xdd664a+9770]\n\tBaseThreadInitThunk [0x0x760a5d49+25]\n\tRtlInitializeExceptionChain [0x0x772dd09b+107]\n\tRtlGetAppContainerNamedObjectPath [0x0x772dd021+561]\n", "status": "passed", "attachments": [{"name": "Screenshot on Failure", "source": "556fd5df-8bb2-4933-9512-74527e4ce6d3-attachment.png", "type": "image/png"}], "start": 1749463732577, "stop": 1749463732717}, {"name": "Trying to click on <button> with text 'View E-Certificate'", "status": "passed", "start": 1749463733253, "stop": 1749463733253}, {"name": "Exception: Message: no such element: Unable to locate element: {\"method\":\"xpath\",\"selector\":\"//canvas[@class='react-pdf__Page__canvas']\"}\n  (Session info: chrome=137.0.7151.69); For documentation on this error, please visit: https://www.selenium.dev/documentation/webdriver/troubleshooting/errors#no-such-element-exception\nStacktrace:\n\tGetHandleVerifier [0x0xde3763+63299]\n\tGetHandleVerifier [0x0xde37a4+63364]\n\t(No symbol) [0x0xc11113]\n\t(No symbol) [0x0xc5987e]\n\t(No symbol) [0x0xc59c1b]\n\t(No symbol) [0x0xca2212]\n\t(No symbol) [0x0xc7e5c4]\n\t(No symbol) [0x0xc9fa4a]\n\t(No symbol) [0x0xc7e376]\n\t(No symbol) [0x0xc4d6e0]\n\t(No symbol) [0x0xc4e544]\n\tGetHandleVerifier [0x0x103e033+2531347]\n\tGetHandleVerifier [0x0x1039332+2511634]\n\tGetHandleVerifier [0x0xe09eda+220858]\n\tGetHandleVerifier [0x0xdfa528+156936]\n\tGetHandleVerifier [0x0xe00c5d+183357]\n\tGetHandleVerifier [0x0xdeb6c8+95912]\n\tGetHandleVerifier [0x0xdeb870+96336]\n\tGetHandleVerifier [0x0xdd664a+9770]\n\tBaseThreadInitThunk [0x0x760a5d49+25]\n\tRtlInitializeExceptionChain [0x0x772dd09b+107]\n\tRtlGetAppContainerNamedObjectPath [0x0x772dd021+561]\n", "status": "passed", "attachments": [{"name": "Screenshot on Failure", "source": "d8b0ce32-1601-483a-b6e1-71bf85f04cd9-attachment.png", "type": "image/png"}], "start": 1749463733302, "stop": 1749463733434}, {"name": "Exception: Message: no such element: Unable to locate element: {\"method\":\"xpath\",\"selector\":\"//canvas[@class='react-pdf__Page__canvas']\"}\n  (Session info: chrome=137.0.7151.69); For documentation on this error, please visit: https://www.selenium.dev/documentation/webdriver/troubleshooting/errors#no-such-element-exception\nStacktrace:\n\tGetHandleVerifier [0x0xde3763+63299]\n\tGetHandleVerifier [0x0xde37a4+63364]\n\t(No symbol) [0x0xc11113]\n\t(No symbol) [0x0xc5987e]\n\t(No symbol) [0x0xc59c1b]\n\t(No symbol) [0x0xca2212]\n\t(No symbol) [0x0xc7e5c4]\n\t(No symbol) [0x0xc9fa4a]\n\t(No symbol) [0x0xc7e376]\n\t(No symbol) [0x0xc4d6e0]\n\t(No symbol) [0x0xc4e544]\n\tGetHandleVerifier [0x0x103e033+2531347]\n\tGetHandleVerifier [0x0x1039332+2511634]\n\tGetHandleVerifier [0x0xe09eda+220858]\n\tGetHandleVerifier [0x0xdfa528+156936]\n\tGetHandleVerifier [0x0xe00c5d+183357]\n\tGetHandleVerifier [0x0xdeb6c8+95912]\n\tGetHandleVerifier [0x0xdeb870+96336]\n\tGetHandleVerifier [0x0xdd664a+9770]\n\tBaseThreadInitThunk [0x0x760a5d49+25]\n\tRtlInitializeExceptionChain [0x0x772dd09b+107]\n\tRtlGetAppContainerNamedObjectPath [0x0x772dd021+561]\n", "status": "passed", "attachments": [{"name": "Screenshot on Failure", "source": "5e4db8b5-aae4-430a-89cb-5c7970fa8cb0-attachment.png", "type": "image/png"}], "start": 1749463733939, "stop": 1749463734065}], "attachments": [{"name": "Test Log", "source": "a30394cd-bc3a-4b0a-8b77-d0e3f0ad8823-attachment.txt", "type": "text/plain"}, {"name": "log", "source": "319dbf94-f31a-4972-804a-443898ca7b93-attachment.txt", "type": "text/plain"}, {"name": "stdout", "source": "ceed686f-a8da-41d9-af63-bcc608135be8-attachment.txt", "type": "text/plain"}, {"name": "stderr", "source": "ee9c4adf-a96d-478c-8d3b-43177961cc0f-attachment.txt", "type": "text/plain"}], "start": 1749463729093, "stop": 1749463734752, "uuid": "5f7ec638-b28b-4e4a-a5e3-4744acdb6ebc", "historyId": "e128e72e2bec976e3bdef19ac6db0de3", "testCaseId": "e128e72e2bec976e3bdef19ac6db0de3", "fullName": "test_provineer#test_proofs_and_certificates", "labels": [{"name": "suite", "value": "test_provineer"}, {"name": "host", "value": "DESKTOP-CNNS4HO"}, {"name": "thread", "value": "880-MainThread"}, {"name": "framework", "value": "pytest"}, {"name": "language", "value": "cpython3"}, {"name": "package", "value": "test_provineer"}]}