{"name": "test_shared_feature", "status": "passed", "steps": [{"name": "User login", "status": "passed", "start": 1750158381388, "stop": 1750158381389}, {"name": "Navigating to URL: https://provineer.com/login", "status": "passed", "start": 1750158381389, "stop": 1750158381389}, {"name": "Trying to input into <input>", "status": "passed", "start": 1750158382121, "stop": 1750158382121}, {"name": "Trying to input into <input>", "status": "passed", "start": 1750158382171, "stop": 1750158382171}, {"name": "Trying to input into <input>", "status": "passed", "start": 1750158382347, "stop": 1750158382347}, {"name": "Trying to input into <input>", "status": "passed", "start": 1750158382370, "stop": 1750158382370}, {"name": "Trying to click on <button> with text 'Sign In'", "status": "passed", "start": 1750158382497, "stop": 1750158382497}, {"name": "Testing share feature", "status": "passed", "start": 1750158382570, "stop": 1750158382570}, {"name": "Exception: Message: no such element: Unable to locate element: {\"method\":\"xpath\",\"selector\":\"//img[@alt='User Avatar']\"}\n  (Session info: chrome=137.0.7151.104); For documentation on this error, please visit: https://www.selenium.dev/documentation/webdriver/troubleshooting/errors#no-such-element-exception\nStacktrace:\n\tGetHandleVerifier [0x0xaa3783+63299]\n\tGetHandleVerifier [0x0xaa37c4+63364]\n\t(No symbol) [0x0x8d1113]\n\t(No symbol) [0x0x91987e]\n\t(No symbol) [0x0x919c1b]\n\t(No symbol) [0x0x962212]\n\t(No symbol) [0x0x93e5c4]\n\t(No symbol) [0x0x95fa4a]\n\t(No symbol) [0x0x93e376]\n\t(No symbol) [0x0x90d6e0]\n\t(No symbol) [0x0x90e544]\n\tGetHandleVerifier [0x0xcfe073+2531379]\n\tGetHandleVerifier [0x0xcf9372+2511666]\n\tGetHandleVerifier [0x0xac9efa+220858]\n\tGetHandleVerifier [0x0xaba548+156936]\n\tGetHandleVerifier [0x0xac0c7d+183357]\n\tGetHandleVerifier [0x0xaab6e8+95912]\n\tGetHandleVerifier [0x0xaab890+96336]\n\tGetHandleVerifier [0x0xa9666a+9770]\n\tBaseThreadInitThunk [0x0x74c85d49+25]\n\tRtlInitializeExceptionChain [0x0x7724d09b+107]\n\tRtlGetAppContainerNamedObjectPath [0x0x7724d021+561]\n", "status": "passed", "attachments": [{"name": "Screenshot on Failure", "source": "1495c2d3-4712-4ffc-896b-da9563d5261c-attachment.png", "type": "image/png"}], "start": 1750158382579, "stop": 1750158382718}, {"name": "Trying to click on <img> with text 'No text'", "status": "passed", "start": 1750158383250, "stop": 1750158383250}, {"name": "Trying to click on <span> with text 'My uploads'", "status": "passed", "start": 1750158383849, "stop": 1750158383849}, {"name": "Exception: Message: no such element: Unable to locate element: {\"method\":\"xpath\",\"selector\":\"//img[@alt='Uploaded produce']\"}\n  (Session info: chrome=137.0.7151.104); For documentation on this error, please visit: https://www.selenium.dev/documentation/webdriver/troubleshooting/errors#no-such-element-exception\nStacktrace:\n\tGetHandleVerifier [0x0xaa3783+63299]\n\tGetHandleVerifier [0x0xaa37c4+63364]\n\t(No symbol) [0x0x8d1113]\n\t(No symbol) [0x0x91987e]\n\t(No symbol) [0x0x919c1b]\n\t(No symbol) [0x0x962212]\n\t(No symbol) [0x0x93e5c4]\n\t(No symbol) [0x0x95fa4a]\n\t(No symbol) [0x0x93e376]\n\t(No symbol) [0x0x90d6e0]\n\t(No symbol) [0x0x90e544]\n\tGetHandleVerifier [0x0xcfe073+2531379]\n\tGetHandleVerifier [0x0xcf9372+2511666]\n\tGetHandleVerifier [0x0xac9efa+220858]\n\tGetHandleVerifier [0x0xaba548+156936]\n\tGetHandleVerifier [0x0xac0c7d+183357]\n\tGetHandleVerifier [0x0xaab6e8+95912]\n\tGetHandleVerifier [0x0xaab890+96336]\n\tGetHandleVerifier [0x0xa9666a+9770]\n\tBaseThreadInitThunk [0x0x74c85d49+25]\n\tRtlInitializeExceptionChain [0x0x7724d09b+107]\n\tRtlGetAppContainerNamedObjectPath [0x0x7724d021+561]\n", "status": "passed", "attachments": [{"name": "Screenshot on Failure", "source": "0549fe63-b134-4fa1-802e-8689f22f3742-attachment.png", "type": "image/png"}], "start": 1750158383958, "stop": 1750158384174}, {"name": "Trying to click on <img> with text 'No text'", "status": "passed", "start": 1750158384715, "stop": 1750158384715}, {"name": "Exception: Message: no such element: Unable to locate element: {\"method\":\"xpath\",\"selector\":\"//*[text()='Share']\"}\n  (Session info: chrome=137.0.7151.104); For documentation on this error, please visit: https://www.selenium.dev/documentation/webdriver/troubleshooting/errors#no-such-element-exception\nStacktrace:\n\tGetHandleVerifier [0x0xaa3783+63299]\n\tGetHandleVerifier [0x0xaa37c4+63364]\n\t(No symbol) [0x0x8d1113]\n\t(No symbol) [0x0x91987e]\n\t(No symbol) [0x0x919c1b]\n\t(No symbol) [0x0x962212]\n\t(No symbol) [0x0x93e5c4]\n\t(No symbol) [0x0x95fa4a]\n\t(No symbol) [0x0x93e376]\n\t(No symbol) [0x0x90d6e0]\n\t(No symbol) [0x0x90e544]\n\tGetHandleVerifier [0x0xcfe073+2531379]\n\tGetHandleVerifier [0x0xcf9372+2511666]\n\tGetHandleVerifier [0x0xac9efa+220858]\n\tGetHandleVerifier [0x0xaba548+156936]\n\tGetHandleVerifier [0x0xac0c7d+183357]\n\tGetHandleVerifier [0x0xaab6e8+95912]\n\tGetHandleVerifier [0x0xaab890+96336]\n\tGetHandleVerifier [0x0xa9666a+9770]\n\tBaseThreadInitThunk [0x0x74c85d49+25]\n\tRtlInitializeExceptionChain [0x0x7724d09b+107]\n\tRtlGetAppContainerNamedObjectPath [0x0x7724d021+561]\n", "status": "passed", "attachments": [{"name": "Screenshot on Failure", "source": "9cdc9a02-3831-4c74-9920-155087107995-attachment.png", "type": "image/png"}], "start": 1750158384769, "stop": 1750158384908}, {"name": "Trying to click on <button> with text 'Share'", "status": "passed", "start": 1750158385442, "stop": 1750158385442}, {"name": "Exception: Message: no such element: Unable to locate element: {\"method\":\"xpath\",\"selector\":\"(//div[@role='combobox'])[2]\"}\n  (Session info: chrome=137.0.7151.104); For documentation on this error, please visit: https://www.selenium.dev/documentation/webdriver/troubleshooting/errors#no-such-element-exception\nStacktrace:\n\tGetHandleVerifier [0x0xaa3783+63299]\n\tGetHandleVerifier [0x0xaa37c4+63364]\n\t(No symbol) [0x0x8d1113]\n\t(No symbol) [0x0x91987e]\n\t(No symbol) [0x0x919c1b]\n\t(No symbol) [0x0x962212]\n\t(No symbol) [0x0x93e5c4]\n\t(No symbol) [0x0x95fa4a]\n\t(No symbol) [0x0x93e376]\n\t(No symbol) [0x0x90d6e0]\n\t(No symbol) [0x0x90e544]\n\tGetHandleVerifier [0x0xcfe073+2531379]\n\tGetHandleVerifier [0x0xcf9372+2511666]\n\tGetHandleVerifier [0x0xac9efa+220858]\n\tGetHandleVerifier [0x0xaba548+156936]\n\tGetHandleVerifier [0x0xac0c7d+183357]\n\tGetHandleVerifier [0x0xaab6e8+95912]\n\tGetHandleVerifier [0x0xaab890+96336]\n\tGetHandleVerifier [0x0xa9666a+9770]\n\tBaseThreadInitThunk [0x0x74c85d49+25]\n\tRtlInitializeExceptionChain [0x0x7724d09b+107]\n\tRtlGetAppContainerNamedObjectPath [0x0x7724d021+561]\n", "status": "passed", "attachments": [{"name": "Screenshot on Failure", "source": "a0839bcc-b88d-44c6-a884-e9b0ab1d53f5-attachment.png", "type": "image/png"}], "start": 1750158385487, "stop": 1750158385618}, {"name": "Trying to click on <div> with text 'Only people invited'", "status": "passed", "start": 1750158386147, "stop": 1750158386147}, {"name": "Trying to click on <li> with text 'Anyone with the link'", "status": "passed", "start": 1750158386236, "stop": 1750158386236}, {"name": "Trying to click on <div> with text 'Only people invited'", "status": "passed", "start": 1750158386326, "stop": 1750158386326}, {"name": "Trying to click on <li> with text 'Private (Only me)'", "status": "passed", "start": 1750158386706, "stop": 1750158386706}, {"name": "Trying to click on <button> with text 'Proceed'", "status": "passed", "start": 1750158386818, "stop": 1750158386818}, {"name": "Trying to click on <div> with text 'Anyone with the link'", "status": "passed", "start": 1750158386906, "stop": 1750158386906}, {"name": "Trying to click on <li> with text 'Only people invited'", "status": "passed", "start": 1750158387776, "stop": 1750158387776}, {"name": "Trying to input into <input>", "status": "passed", "start": 1750158387927, "stop": 1750158387927}, {"name": "Trying to click on <button> with text 'Invite'", "status": "passed", "start": 1750158388027, "stop": 1750158388027}, {"name": "Trying to click on <img> with text 'No text'", "status": "passed", "start": 1750158388291, "stop": 1750158388291}, {"name": "Trying to click on <span> with text 'Log Out'", "status": "passed", "start": 1750158388407, "stop": 1750158388407}, {"name": "Exception: Message: no such element: Unable to locate element: {\"method\":\"xpath\",\"selector\":\"(//button[text()='Login'])[1]\"}\n  (Session info: chrome=137.0.7151.104); For documentation on this error, please visit: https://www.selenium.dev/documentation/webdriver/troubleshooting/errors#no-such-element-exception\nStacktrace:\n\tGetHandleVerifier [0x0xaa3783+63299]\n\tGetHandleVerifier [0x0xaa37c4+63364]\n\t(No symbol) [0x0x8d1113]\n\t(No symbol) [0x0x91987e]\n\t(No symbol) [0x0x919c1b]\n\t(No symbol) [0x0x962212]\n\t(No symbol) [0x0x93e5c4]\n\t(No symbol) [0x0x95fa4a]\n\t(No symbol) [0x0x93e376]\n\t(No symbol) [0x0x90d6e0]\n\t(No symbol) [0x0x90e544]\n\tGetHandleVerifier [0x0xcfe073+2531379]\n\tGetHandleVerifier [0x0xcf9372+2511666]\n\tGetHandleVerifier [0x0xac9efa+220858]\n\tGetHandleVerifier [0x0xaba548+156936]\n\tGetHandleVerifier [0x0xac0c7d+183357]\n\tGetHandleVerifier [0x0xaab6e8+95912]\n\tGetHandleVerifier [0x0xaab890+96336]\n\tGetHandleVerifier [0x0xa9666a+9770]\n\tBaseThreadInitThunk [0x0x74c85d49+25]\n\tRtlInitializeExceptionChain [0x0x7724d09b+107]\n\tRtlGetAppContainerNamedObjectPath [0x0x7724d021+561]\n", "status": "passed", "attachments": [{"name": "Screenshot on Failure", "source": "2c3381ba-56e1-4df4-96db-a7a374c083c8-attachment.png", "type": "image/png"}], "start": 1750158388462, "stop": 1750158388597}, {"name": "Trying to click on <button> with text 'Login'", "status": "passed", "start": 1750158389177, "stop": 1750158389177}, {"name": "User to test share feature, login", "status": "passed", "start": 1750158389226, "stop": 1750158389226}, {"name": "Trying to input into <input>", "status": "passed", "start": 1750158389258, "stop": 1750158389258}, {"name": "Trying to input into <input>", "status": "passed", "start": 1750158389277, "stop": 1750158389277}, {"name": "Trying to input into <input>", "status": "passed", "start": 1750158389380, "stop": 1750158389380}, {"name": "Trying to input into <input>", "status": "passed", "start": 1750158389397, "stop": 1750158389397}, {"name": "Trying to click on <button> with text 'Sign In'", "status": "passed", "start": 1750158389496, "stop": 1750158389496}, {"name": "Exception: Message: no such element: Unable to locate element: {\"method\":\"xpath\",\"selector\":\"//img[@alt='User Avatar']\"}\n  (Session info: chrome=137.0.7151.104); For documentation on this error, please visit: https://www.selenium.dev/documentation/webdriver/troubleshooting/errors#no-such-element-exception\nStacktrace:\n\tGetHandleVerifier [0x0xaa3783+63299]\n\tGetHandleVerifier [0x0xaa37c4+63364]\n\t(No symbol) [0x0x8d1113]\n\t(No symbol) [0x0x91987e]\n\t(No symbol) [0x0x919c1b]\n\t(No symbol) [0x0x962212]\n\t(No symbol) [0x0x93e5c4]\n\t(No symbol) [0x0x95fa4a]\n\t(No symbol) [0x0x93e376]\n\t(No symbol) [0x0x90d6e0]\n\t(No symbol) [0x0x90e544]\n\tGetHandleVerifier [0x0xcfe073+2531379]\n\tGetHandleVerifier [0x0xcf9372+2511666]\n\tGetHandleVerifier [0x0xac9efa+220858]\n\tGetHandleVerifier [0x0xaba548+156936]\n\tGetHandleVerifier [0x0xac0c7d+183357]\n\tGetHandleVerifier [0x0xaab6e8+95912]\n\tGetHandleVerifier [0x0xaab890+96336]\n\tGetHandleVerifier [0x0xa9666a+9770]\n\tBaseThreadInitThunk [0x0x74c85d49+25]\n\tRtlInitializeExceptionChain [0x0x7724d09b+107]\n\tRtlGetAppContainerNamedObjectPath [0x0x7724d021+561]\n", "status": "passed", "attachments": [{"name": "Screenshot on Failure", "source": "bb9ff665-c78e-4750-b5ab-cdfbad395970-attachment.png", "type": "image/png"}], "start": 1750158389560, "stop": 1750158389706}, {"name": "Trying to click on <img> with text 'No text'", "status": "passed", "start": 1750158390234, "stop": 1750158390234}, {"name": "Trying to click on <span> with text 'My uploads'", "status": "passed", "start": 1750158390306, "stop": 1750158390306}, {"name": "Exception: Message: no such element: Unable to locate element: {\"method\":\"xpath\",\"selector\":\"//span[text()='Shared with me']\"}\n  (Session info: chrome=137.0.7151.104); For documentation on this error, please visit: https://www.selenium.dev/documentation/webdriver/troubleshooting/errors#no-such-element-exception\nStacktrace:\n\tGetHandleVerifier [0x0xaa3783+63299]\n\tGetHandleVerifier [0x0xaa37c4+63364]\n\t(No symbol) [0x0x8d1113]\n\t(No symbol) [0x0x91987e]\n\t(No symbol) [0x0x919c1b]\n\t(No symbol) [0x0x962212]\n\t(No symbol) [0x0x93e5c4]\n\t(No symbol) [0x0x95fa4a]\n\t(No symbol) [0x0x93e376]\n\t(No symbol) [0x0x90d6e0]\n\t(No symbol) [0x0x90e544]\n\tGetHandleVerifier [0x0xcfe073+2531379]\n\tGetHandleVerifier [0x0xcf9372+2511666]\n\tGetHandleVerifier [0x0xac9efa+220858]\n\tGetHandleVerifier [0x0xaba548+156936]\n\tGetHandleVerifier [0x0xac0c7d+183357]\n\tGetHandleVerifier [0x0xaab6e8+95912]\n\tGetHandleVerifier [0x0xaab890+96336]\n\tGetHandleVerifier [0x0xa9666a+9770]\n\tBaseThreadInitThunk [0x0x74c85d49+25]\n\tRtlInitializeExceptionChain [0x0x7724d09b+107]\n\tRtlGetAppContainerNamedObjectPath [0x0x7724d021+561]\n", "status": "passed", "attachments": [{"name": "Screenshot on Failure", "source": "a079b319-f6bd-4e48-9c7f-e0b702c623a8-attachment.png", "type": "image/png"}], "start": 1750158390404, "stop": 1750158390536}, {"name": "Trying to click on <span> with text 'Shared with me'", "status": "passed", "start": 1750158391077, "stop": 1750158391077}, {"name": "Exception: Message: no such element: Unable to locate element: {\"method\":\"xpath\",\"selector\":\"//p[@class='MuiTypography-root MuiTypography-body1 css-x1va7p']\"}\n  (Session info: chrome=137.0.7151.104); For documentation on this error, please visit: https://www.selenium.dev/documentation/webdriver/troubleshooting/errors#no-such-element-exception\nStacktrace:\n\tGetHandleVerifier [0x0xaa3783+63299]\n\tGetHandleVerifier [0x0xaa37c4+63364]\n\t(No symbol) [0x0x8d1113]\n\t(No symbol) [0x0x91987e]\n\t(No symbol) [0x0x919c1b]\n\t(No symbol) [0x0x962212]\n\t(No symbol) [0x0x93e5c4]\n\t(No symbol) [0x0x95fa4a]\n\t(No symbol) [0x0x93e376]\n\t(No symbol) [0x0x90d6e0]\n\t(No symbol) [0x0x90e544]\n\tGetHandleVerifier [0x0xcfe073+2531379]\n\tGetHandleVerifier [0x0xcf9372+2511666]\n\tGetHandleVerifier [0x0xac9efa+220858]\n\tGetHandleVerifier [0x0xaba548+156936]\n\tGetHandleVerifier [0x0xac0c7d+183357]\n\tGetHandleVerifier [0x0xaab6e8+95912]\n\tGetHandleVerifier [0x0xaab890+96336]\n\tGetHandleVerifier [0x0xa9666a+9770]\n\tBaseThreadInitThunk [0x0x74c85d49+25]\n\tRtlInitializeExceptionChain [0x0x7724d09b+107]\n\tRtlGetAppContainerNamedObjectPath [0x0x7724d021+561]\n", "status": "passed", "attachments": [{"name": "Screenshot on Failure", "source": "1b1eb21f-7968-45c5-8500-308a839a4ff5-attachment.png", "type": "image/png"}], "start": 1750158391153, "stop": 1750158391279}], "attachments": [{"name": "Test Log", "source": "be9b64d5-cf08-4771-8206-98d11168e247-attachment.txt", "type": "text/plain"}, {"name": "log", "source": "b6d55061-7c13-4823-9206-12d387a24504-attachment.txt", "type": "text/plain"}, {"name": "stdout", "source": "cd7f5245-9bf7-48ee-918b-914fa6c4d5da-attachment.txt", "type": "text/plain"}, {"name": "stderr", "source": "e6096311-4647-42c8-b9df-e0973ef942f1-attachment.txt", "type": "text/plain"}], "start": 1750158381388, "stop": 1750158391800, "uuid": "eab11fe7-5438-4082-9601-1cf9d57c2be1", "historyId": "693ac28b1fdb380deffcf88e3a3b318d", "testCaseId": "693ac28b1fdb380deffcf88e3a3b318d", "fullName": "test_provineer#test_shared_feature", "labels": [{"name": "suite", "value": "test_provineer"}, {"name": "host", "value": "DESKTOP-CNNS4HO"}, {"name": "thread", "value": "20844-MainThread"}, {"name": "framework", "value": "pytest"}, {"name": "language", "value": "cpython3"}, {"name": "package", "value": "test_provineer"}]}