{"name": "test_proofs_and_certificates", "status": "passed", "steps": [{"name": "User login", "status": "passed", "start": 1750158400200, "stop": 1750158400200}, {"name": "Navigating to URL: https://provineer.com/login", "status": "passed", "start": 1750158400200, "stop": 1750158400200}, {"name": "Trying to input into <input>", "status": "passed", "start": 1750158400907, "stop": 1750158400907}, {"name": "Trying to input into <input>", "status": "passed", "start": 1750158400937, "stop": 1750158400937}, {"name": "Trying to input into <input>", "status": "passed", "start": 1750158401066, "stop": 1750158401066}, {"name": "Trying to input into <input>", "status": "passed", "start": 1750158401096, "stop": 1750158401096}, {"name": "Trying to click on <button> with text 'Sign In'", "status": "passed", "start": 1750158401219, "stop": 1750158401219}, {"name": "Testing e-certificate", "status": "passed", "start": 1750158401337, "stop": 1750158401337}, {"name": "Exception: Message: no such element: Unable to locate element: {\"method\":\"xpath\",\"selector\":\"//img[@alt='User Avatar']\"}\n  (Session info: chrome=137.0.7151.104); For documentation on this error, please visit: https://www.selenium.dev/documentation/webdriver/troubleshooting/errors#no-such-element-exception\nStacktrace:\n\tGetHandleVerifier [0x0xaa3783+63299]\n\tGetHandleVerifier [0x0xaa37c4+63364]\n\t(No symbol) [0x0x8d1113]\n\t(No symbol) [0x0x91987e]\n\t(No symbol) [0x0x919c1b]\n\t(No symbol) [0x0x962212]\n\t(No symbol) [0x0x93e5c4]\n\t(No symbol) [0x0x95fa4a]\n\t(No symbol) [0x0x93e376]\n\t(No symbol) [0x0x90d6e0]\n\t(No symbol) [0x0x90e544]\n\tGetHandleVerifier [0x0xcfe073+2531379]\n\tGetHandleVerifier [0x0xcf9372+2511666]\n\tGetHandleVerifier [0x0xac9efa+220858]\n\tGetHandleVerifier [0x0xaba548+156936]\n\tGetHandleVerifier [0x0xac0c7d+183357]\n\tGetHandleVerifier [0x0xaab6e8+95912]\n\tGetHandleVerifier [0x0xaab890+96336]\n\tGetHandleVerifier [0x0xa9666a+9770]\n\tBaseThreadInitThunk [0x0x74c85d49+25]\n\tRtlInitializeExceptionChain [0x0x7724d09b+107]\n\tRtlGetAppContainerNamedObjectPath [0x0x7724d021+561]\n", "status": "passed", "attachments": [{"name": "Screenshot on Failure", "source": "b31dbbaa-3cc1-485f-bb2f-93cf6977ae4c-attachment.png", "type": "image/png"}], "start": 1750158401347, "stop": 1750158401523}, {"name": "Trying to click on <img> with text 'No text'", "status": "passed", "start": 1750158402051, "stop": 1750158402051}, {"name": "Trying to click on <span> with text 'My uploads'", "status": "passed", "start": 1750158402645, "stop": 1750158402645}, {"name": "Exception: Message: no such element: Unable to locate element: {\"method\":\"xpath\",\"selector\":\"//img[@alt='Uploaded produce']\"}\n  (Session info: chrome=137.0.7151.104); For documentation on this error, please visit: https://www.selenium.dev/documentation/webdriver/troubleshooting/errors#no-such-element-exception\nStacktrace:\n\tGetHandleVerifier [0x0xaa3783+63299]\n\tGetHandleVerifier [0x0xaa37c4+63364]\n\t(No symbol) [0x0x8d1113]\n\t(No symbol) [0x0x91987e]\n\t(No symbol) [0x0x919c1b]\n\t(No symbol) [0x0x962212]\n\t(No symbol) [0x0x93e5c4]\n\t(No symbol) [0x0x95fa4a]\n\t(No symbol) [0x0x93e376]\n\t(No symbol) [0x0x90d6e0]\n\t(No symbol) [0x0x90e544]\n\tGetHandleVerifier [0x0xcfe073+2531379]\n\tGetHandleVerifier [0x0xcf9372+2511666]\n\tGetHandleVerifier [0x0xac9efa+220858]\n\tGetHandleVerifier [0x0xaba548+156936]\n\tGetHandleVerifier [0x0xac0c7d+183357]\n\tGetHandleVerifier [0x0xaab6e8+95912]\n\tGetHandleVerifier [0x0xaab890+96336]\n\tGetHandleVerifier [0x0xa9666a+9770]\n\tBaseThreadInitThunk [0x0x74c85d49+25]\n\tRtlInitializeExceptionChain [0x0x7724d09b+107]\n\tRtlGetAppContainerNamedObjectPath [0x0x7724d021+561]\n", "status": "passed", "attachments": [{"name": "Screenshot on Failure", "source": "7cd25b21-3369-4c88-821e-abe53f338fa6-attachment.png", "type": "image/png"}], "start": 1750158402746, "stop": 1750158402955}, {"name": "Trying to click on <img> with text 'No text'", "status": "passed", "start": 1750158403523, "stop": 1750158403523}, {"name": "Exception: Message: no such element: Unable to locate element: {\"method\":\"xpath\",\"selector\":\"//button[text()='View E-Certificate']\"}\n  (Session info: chrome=137.0.7151.104); For documentation on this error, please visit: https://www.selenium.dev/documentation/webdriver/troubleshooting/errors#no-such-element-exception\nStacktrace:\n\tGetHandleVerifier [0x0xaa3783+63299]\n\tGetHandleVerifier [0x0xaa37c4+63364]\n\t(No symbol) [0x0x8d1113]\n\t(No symbol) [0x0x91987e]\n\t(No symbol) [0x0x919c1b]\n\t(No symbol) [0x0x962212]\n\t(No symbol) [0x0x93e5c4]\n\t(No symbol) [0x0x95fa4a]\n\t(No symbol) [0x0x93e376]\n\t(No symbol) [0x0x90d6e0]\n\t(No symbol) [0x0x90e544]\n\tGetHandleVerifier [0x0xcfe073+2531379]\n\tGetHandleVerifier [0x0xcf9372+2511666]\n\tGetHandleVerifier [0x0xac9efa+220858]\n\tGetHandleVerifier [0x0xaba548+156936]\n\tGetHandleVerifier [0x0xac0c7d+183357]\n\tGetHandleVerifier [0x0xaab6e8+95912]\n\tGetHandleVerifier [0x0xaab890+96336]\n\tGetHandleVerifier [0x0xa9666a+9770]\n\tBaseThreadInitThunk [0x0x74c85d49+25]\n\tRtlInitializeExceptionChain [0x0x7724d09b+107]\n\tRtlGetAppContainerNamedObjectPath [0x0x7724d021+561]\n", "status": "passed", "attachments": [{"name": "Screenshot on Failure", "source": "ffd75659-696a-4fd2-839c-0cd35974e426-attachment.png", "type": "image/png"}], "start": 1750158403570, "stop": 1750158403717}, {"name": "Trying to click on <button> with text 'View E-Certificate'", "status": "passed", "start": 1750158404253, "stop": 1750158404253}, {"name": "Exception: Message: no such element: Unable to locate element: {\"method\":\"xpath\",\"selector\":\"//canvas[@class='react-pdf__Page__canvas']\"}\n  (Session info: chrome=137.0.7151.104); For documentation on this error, please visit: https://www.selenium.dev/documentation/webdriver/troubleshooting/errors#no-such-element-exception\nStacktrace:\n\tGetHandleVerifier [0x0xaa3783+63299]\n\tGetHandleVerifier [0x0xaa37c4+63364]\n\t(No symbol) [0x0x8d1113]\n\t(No symbol) [0x0x91987e]\n\t(No symbol) [0x0x919c1b]\n\t(No symbol) [0x0x962212]\n\t(No symbol) [0x0x93e5c4]\n\t(No symbol) [0x0x95fa4a]\n\t(No symbol) [0x0x93e376]\n\t(No symbol) [0x0x90d6e0]\n\t(No symbol) [0x0x90e544]\n\tGetHandleVerifier [0x0xcfe073+2531379]\n\tGetHandleVerifier [0x0xcf9372+2511666]\n\tGetHandleVerifier [0x0xac9efa+220858]\n\tGetHandleVerifier [0x0xaba548+156936]\n\tGetHandleVerifier [0x0xac0c7d+183357]\n\tGetHandleVerifier [0x0xaab6e8+95912]\n\tGetHandleVerifier [0x0xaab890+96336]\n\tGetHandleVerifier [0x0xa9666a+9770]\n\tBaseThreadInitThunk [0x0x74c85d49+25]\n\tRtlInitializeExceptionChain [0x0x7724d09b+107]\n\tRtlGetAppContainerNamedObjectPath [0x0x7724d021+561]\n", "status": "passed", "attachments": [{"name": "Screenshot on Failure", "source": "c9eed86b-6ad2-42c8-a993-f9eba20619a5-attachment.png", "type": "image/png"}], "start": 1750158404301, "stop": 1750158404430}, {"name": "Exception: Message: no such element: Unable to locate element: {\"method\":\"xpath\",\"selector\":\"//canvas[@class='react-pdf__Page__canvas']\"}\n  (Session info: chrome=137.0.7151.104); For documentation on this error, please visit: https://www.selenium.dev/documentation/webdriver/troubleshooting/errors#no-such-element-exception\nStacktrace:\n\tGetHandleVerifier [0x0xaa3783+63299]\n\tGetHandleVerifier [0x0xaa37c4+63364]\n\t(No symbol) [0x0x8d1113]\n\t(No symbol) [0x0x91987e]\n\t(No symbol) [0x0x919c1b]\n\t(No symbol) [0x0x962212]\n\t(No symbol) [0x0x93e5c4]\n\t(No symbol) [0x0x95fa4a]\n\t(No symbol) [0x0x93e376]\n\t(No symbol) [0x0x90d6e0]\n\t(No symbol) [0x0x90e544]\n\tGetHandleVerifier [0x0xcfe073+2531379]\n\tGetHandleVerifier [0x0xcf9372+2511666]\n\tGetHandleVerifier [0x0xac9efa+220858]\n\tGetHandleVerifier [0x0xaba548+156936]\n\tGetHandleVerifier [0x0xac0c7d+183357]\n\tGetHandleVerifier [0x0xaab6e8+95912]\n\tGetHandleVerifier [0x0xaab890+96336]\n\tGetHandleVerifier [0x0xa9666a+9770]\n\tBaseThreadInitThunk [0x0x74c85d49+25]\n\tRtlInitializeExceptionChain [0x0x7724d09b+107]\n\tRtlGetAppContainerNamedObjectPath [0x0x7724d021+561]\n", "status": "passed", "attachments": [{"name": "Screenshot on Failure", "source": "89b6e7f6-b873-40d9-95ca-1ffbd5fd9386-attachment.png", "type": "image/png"}], "start": 1750158404936, "stop": 1750158405081}], "attachments": [{"name": "Test Log", "source": "128938cc-c9de-4c1c-8376-05daeb9216f1-attachment.txt", "type": "text/plain"}, {"name": "log", "source": "054fea38-855c-46a6-9441-836b1b91eaa3-attachment.txt", "type": "text/plain"}, {"name": "stdout", "source": "2b4ad989-3b7c-49f5-8001-308a4fca3c5c-attachment.txt", "type": "text/plain"}, {"name": "stderr", "source": "519a35e2-383f-4d2f-8e54-7aac77de616a-attachment.txt", "type": "text/plain"}], "start": 1750158400200, "stop": 1750158405775, "uuid": "70ec31d8-14f3-4c98-aee1-aee914909ee4", "historyId": "e128e72e2bec976e3bdef19ac6db0de3", "testCaseId": "e128e72e2bec976e3bdef19ac6db0de3", "fullName": "test_provineer#test_proofs_and_certificates", "labels": [{"name": "suite", "value": "test_provineer"}, {"name": "host", "value": "DESKTOP-CNNS4HO"}, {"name": "thread", "value": "20844-MainThread"}, {"name": "framework", "value": "pytest"}, {"name": "language", "value": "cpython3"}, {"name": "package", "value": "test_provineer"}]}