{"name": "test_shared_feature", "status": "passed", "steps": [{"name": "User login", "status": "passed", "start": 1749463709254, "stop": 1749463709254}, {"name": "Navigating to URL: https://provineer.com/login", "status": "passed", "start": 1749463709254, "stop": 1749463709254}, {"name": "Trying to input into <input>", "status": "passed", "start": 1749463709944, "stop": 1749463709944}, {"name": "Trying to input into <input>", "status": "passed", "start": 1749463709971, "stop": 1749463709971}, {"name": "Trying to input into <input>", "status": "passed", "start": 1749463710173, "stop": 1749463710173}, {"name": "Trying to input into <input>", "status": "passed", "start": 1749463710189, "stop": 1749463710189}, {"name": "Trying to click on <button> with text 'Sign In'", "status": "passed", "start": 1749463710316, "stop": 1749463710316}, {"name": "Testing share feature", "status": "passed", "start": 1749463710395, "stop": 1749463710395}, {"name": "Exception: Message: no such element: Unable to locate element: {\"method\":\"xpath\",\"selector\":\"//img[@alt='User Avatar']\"}\n  (Session info: chrome=137.0.7151.69); For documentation on this error, please visit: https://www.selenium.dev/documentation/webdriver/troubleshooting/errors#no-such-element-exception\nStacktrace:\n\tGetHandleVerifier [0x0xde3763+63299]\n\tGetHandleVerifier [0x0xde37a4+63364]\n\t(No symbol) [0x0xc11113]\n\t(No symbol) [0x0xc5987e]\n\t(No symbol) [0x0xc59c1b]\n\t(No symbol) [0x0xca2212]\n\t(No symbol) [0x0xc7e5c4]\n\t(No symbol) [0x0xc9fa4a]\n\t(No symbol) [0x0xc7e376]\n\t(No symbol) [0x0xc4d6e0]\n\t(No symbol) [0x0xc4e544]\n\tGetHandleVerifier [0x0x103e033+2531347]\n\tGetHandleVerifier [0x0x1039332+2511634]\n\tGetHandleVerifier [0x0xe09eda+220858]\n\tGetHandleVerifier [0x0xdfa528+156936]\n\tGetHandleVerifier [0x0xe00c5d+183357]\n\tGetHandleVerifier [0x0xdeb6c8+95912]\n\tGetHandleVerifier [0x0xdeb870+96336]\n\tGetHandleVerifier [0x0xdd664a+9770]\n\tBaseThreadInitThunk [0x0x760a5d49+25]\n\tRtlInitializeExceptionChain [0x0x772dd09b+107]\n\tRtlGetAppContainerNamedObjectPath [0x0x772dd021+561]\n", "status": "passed", "attachments": [{"name": "Screenshot on Failure", "source": "e39211fa-1215-45ba-866f-ccbb72b4c8b3-attachment.png", "type": "image/png"}], "start": 1749463710403, "stop": 1749463710608}, {"name": "Trying to click on <img> with text 'No text'", "status": "passed", "start": 1749463711135, "stop": 1749463711135}, {"name": "Trying to click on <span> with text 'My uploads'", "status": "passed", "start": 1749463711716, "stop": 1749463711716}, {"name": "Exception: Message: no such element: Unable to locate element: {\"method\":\"xpath\",\"selector\":\"//img[@alt='Uploaded produce']\"}\n  (Session info: chrome=137.0.7151.69); For documentation on this error, please visit: https://www.selenium.dev/documentation/webdriver/troubleshooting/errors#no-such-element-exception\nStacktrace:\n\tGetHandleVerifier [0x0xde3763+63299]\n\tGetHandleVerifier [0x0xde37a4+63364]\n\t(No symbol) [0x0xc11113]\n\t(No symbol) [0x0xc5987e]\n\t(No symbol) [0x0xc59c1b]\n\t(No symbol) [0x0xca2212]\n\t(No symbol) [0x0xc7e5c4]\n\t(No symbol) [0x0xc9fa4a]\n\t(No symbol) [0x0xc7e376]\n\t(No symbol) [0x0xc4d6e0]\n\t(No symbol) [0x0xc4e544]\n\tGetHandleVerifier [0x0x103e033+2531347]\n\tGetHandleVerifier [0x0x1039332+2511634]\n\tGetHandleVerifier [0x0xe09eda+220858]\n\tGetHandleVerifier [0x0xdfa528+156936]\n\tGetHandleVerifier [0x0xe00c5d+183357]\n\tGetHandleVerifier [0x0xdeb6c8+95912]\n\tGetHandleVerifier [0x0xdeb870+96336]\n\tGetHandleVerifier [0x0xdd664a+9770]\n\tBaseThreadInitThunk [0x0x760a5d49+25]\n\tRtlInitializeExceptionChain [0x0x772dd09b+107]\n\tRtlGetAppContainerNamedObjectPath [0x0x772dd021+561]\n", "status": "passed", "attachments": [{"name": "Screenshot on Failure", "source": "1cf53b87-88d1-45ee-ac3a-6c6eef6d345f-attachment.png", "type": "image/png"}], "start": 1749463711837, "stop": 1749463712032}, {"name": "Trying to click on <img> with text 'No text'", "status": "passed", "start": 1749463712574, "stop": 1749463712574}, {"name": "Exception: Message: no such element: Unable to locate element: {\"method\":\"xpath\",\"selector\":\"//*[text()='Share']\"}\n  (Session info: chrome=137.0.7151.69); For documentation on this error, please visit: https://www.selenium.dev/documentation/webdriver/troubleshooting/errors#no-such-element-exception\nStacktrace:\n\tGetHandleVerifier [0x0xde3763+63299]\n\tGetHandleVerifier [0x0xde37a4+63364]\n\t(No symbol) [0x0xc11113]\n\t(No symbol) [0x0xc5987e]\n\t(No symbol) [0x0xc59c1b]\n\t(No symbol) [0x0xca2212]\n\t(No symbol) [0x0xc7e5c4]\n\t(No symbol) [0x0xc9fa4a]\n\t(No symbol) [0x0xc7e376]\n\t(No symbol) [0x0xc4d6e0]\n\t(No symbol) [0x0xc4e544]\n\tGetHandleVerifier [0x0x103e033+2531347]\n\tGetHandleVerifier [0x0x1039332+2511634]\n\tGetHandleVerifier [0x0xe09eda+220858]\n\tGetHandleVerifier [0x0xdfa528+156936]\n\tGetHandleVerifier [0x0xe00c5d+183357]\n\tGetHandleVerifier [0x0xdeb6c8+95912]\n\tGetHandleVerifier [0x0xdeb870+96336]\n\tGetHandleVerifier [0x0xdd664a+9770]\n\tBaseThreadInitThunk [0x0x760a5d49+25]\n\tRtlInitializeExceptionChain [0x0x772dd09b+107]\n\tRtlGetAppContainerNamedObjectPath [0x0x772dd021+561]\n", "status": "passed", "attachments": [{"name": "Screenshot on Failure", "source": "59b74f01-c39b-421d-b39e-9cb746e425c9-attachment.png", "type": "image/png"}], "start": 1749463712624, "stop": 1749463712779}, {"name": "Trying to click on <button> with text 'Share'", "status": "passed", "start": 1749463713298, "stop": 1749463713298}, {"name": "Exception: Message: no such element: Unable to locate element: {\"method\":\"xpath\",\"selector\":\"(//div[@role='combobox'])[2]\"}\n  (Session info: chrome=137.0.7151.69); For documentation on this error, please visit: https://www.selenium.dev/documentation/webdriver/troubleshooting/errors#no-such-element-exception\nStacktrace:\n\tGetHandleVerifier [0x0xde3763+63299]\n\tGetHandleVerifier [0x0xde37a4+63364]\n\t(No symbol) [0x0xc11113]\n\t(No symbol) [0x0xc5987e]\n\t(No symbol) [0x0xc59c1b]\n\t(No symbol) [0x0xca2212]\n\t(No symbol) [0x0xc7e5c4]\n\t(No symbol) [0x0xc9fa4a]\n\t(No symbol) [0x0xc7e376]\n\t(No symbol) [0x0xc4d6e0]\n\t(No symbol) [0x0xc4e544]\n\tGetHandleVerifier [0x0x103e033+2531347]\n\tGetHandleVerifier [0x0x1039332+2511634]\n\tGetHandleVerifier [0x0xe09eda+220858]\n\tGetHandleVerifier [0x0xdfa528+156936]\n\tGetHandleVerifier [0x0xe00c5d+183357]\n\tGetHandleVerifier [0x0xdeb6c8+95912]\n\tGetHandleVerifier [0x0xdeb870+96336]\n\tGetHandleVerifier [0x0xdd664a+9770]\n\tBaseThreadInitThunk [0x0x760a5d49+25]\n\tRtlInitializeExceptionChain [0x0x772dd09b+107]\n\tRtlGetAppContainerNamedObjectPath [0x0x772dd021+561]\n", "status": "passed", "attachments": [{"name": "Screenshot on Failure", "source": "06b62890-1bcc-476b-91e2-90a5aa536651-attachment.png", "type": "image/png"}], "start": 1749463713350, "stop": 1749463713486}, {"name": "Trying to click on <div> with text 'Anyone with the link'", "status": "passed", "start": 1749463714026, "stop": 1749463714026}, {"name": "Trying to click on <li> with text 'Anyone with the link'", "status": "passed", "start": 1749463714100, "stop": 1749463714100}, {"name": "Trying to click on <div> with text 'Anyone with the link'", "status": "passed", "start": 1749463714183, "stop": 1749463714183}, {"name": "Trying to click on <li> with text 'Private (Only me)'", "status": "passed", "start": 1749463714981, "stop": 1749463714981}, {"name": "Trying to click on <button> with text 'Proceed'", "status": "passed", "start": 1749463715083, "stop": 1749463715083}, {"name": "Trying to click on <div> with text 'Anyone with the link'", "status": "passed", "start": 1749463715169, "stop": 1749463715169}, {"name": "Trying to click on <li> with text 'Only people invited'", "status": "passed", "start": 1749463715385, "stop": 1749463715385}, {"name": "Trying to input into <input>", "status": "passed", "start": 1749463715452, "stop": 1749463715452}, {"name": "Trying to click on <button> with text 'Invite'", "status": "passed", "start": 1749463715619, "stop": 1749463715619}, {"name": "Trying to click on <img> with text 'No text'", "status": "passed", "start": 1749463715849, "stop": 1749463715849}, {"name": "Trying to click on <span> with text 'Log Out'", "status": "passed", "start": 1749463716454, "stop": 1749463716454}, {"name": "Exception: Message: no such element: Unable to locate element: {\"method\":\"xpath\",\"selector\":\"(//button[text()='Login'])[1]\"}\n  (Session info: chrome=137.0.7151.69); For documentation on this error, please visit: https://www.selenium.dev/documentation/webdriver/troubleshooting/errors#no-such-element-exception\nStacktrace:\n\tGetHandleVerifier [0x0xde3763+63299]\n\tGetHandleVerifier [0x0xde37a4+63364]\n\t(No symbol) [0x0xc11113]\n\t(No symbol) [0x0xc5987e]\n\t(No symbol) [0x0xc59c1b]\n\t(No symbol) [0x0xca2212]\n\t(No symbol) [0x0xc7e5c4]\n\t(No symbol) [0x0xc9fa4a]\n\t(No symbol) [0x0xc7e376]\n\t(No symbol) [0x0xc4d6e0]\n\t(No symbol) [0x0xc4e544]\n\tGetHandleVerifier [0x0x103e033+2531347]\n\tGetHandleVerifier [0x0x1039332+2511634]\n\tGetHandleVerifier [0x0xe09eda+220858]\n\tGetHandleVerifier [0x0xdfa528+156936]\n\tGetHandleVerifier [0x0xe00c5d+183357]\n\tGetHandleVerifier [0x0xdeb6c8+95912]\n\tGetHandleVerifier [0x0xdeb870+96336]\n\tGetHandleVerifier [0x0xdd664a+9770]\n\tBaseThreadInitThunk [0x0x760a5d49+25]\n\tRtlInitializeExceptionChain [0x0x772dd09b+107]\n\tRtlGetAppContainerNamedObjectPath [0x0x772dd021+561]\n", "status": "passed", "attachments": [{"name": "Screenshot on Failure", "source": "8105b4af-7a9d-4bec-b035-be71b205cc2c-attachment.png", "type": "image/png"}], "start": 1749463716504, "stop": 1749463716675}, {"name": "Trying to click on <button> with text 'Login'", "status": "passed", "start": 1749463717210, "stop": 1749463717210}, {"name": "User to test share feature, login", "status": "passed", "start": 1749463717257, "stop": 1749463717258}, {"name": "Trying to input into <input>", "status": "passed", "start": 1749463717283, "stop": 1749463717283}, {"name": "Trying to input into <input>", "status": "passed", "start": 1749463717316, "stop": 1749463717316}, {"name": "Trying to input into <input>", "status": "passed", "start": 1749463717416, "stop": 1749463717416}, {"name": "Trying to input into <input>", "status": "passed", "start": 1749463717433, "stop": 1749463717433}, {"name": "Trying to click on <button> with text 'Sign In'", "status": "passed", "start": 1749463717532, "stop": 1749463717532}, {"name": "Exception: Message: no such element: Unable to locate element: {\"method\":\"xpath\",\"selector\":\"//img[@alt='User Avatar']\"}\n  (Session info: chrome=137.0.7151.69); For documentation on this error, please visit: https://www.selenium.dev/documentation/webdriver/troubleshooting/errors#no-such-element-exception\nStacktrace:\n\tGetHandleVerifier [0x0xde3763+63299]\n\tGetHandleVerifier [0x0xde37a4+63364]\n\t(No symbol) [0x0xc11113]\n\t(No symbol) [0x0xc5987e]\n\t(No symbol) [0x0xc59c1b]\n\t(No symbol) [0x0xca2212]\n\t(No symbol) [0x0xc7e5c4]\n\t(No symbol) [0x0xc9fa4a]\n\t(No symbol) [0x0xc7e376]\n\t(No symbol) [0x0xc4d6e0]\n\t(No symbol) [0x0xc4e544]\n\tGetHandleVerifier [0x0x103e033+2531347]\n\tGetHandleVerifier [0x0x1039332+2511634]\n\tGetHandleVerifier [0x0xe09eda+220858]\n\tGetHandleVerifier [0x0xdfa528+156936]\n\tGetHandleVerifier [0x0xe00c5d+183357]\n\tGetHandleVerifier [0x0xdeb6c8+95912]\n\tGetHandleVerifier [0x0xdeb870+96336]\n\tGetHandleVerifier [0x0xdd664a+9770]\n\tBaseThreadInitThunk [0x0x760a5d49+25]\n\tRtlInitializeExceptionChain [0x0x772dd09b+107]\n\tRtlGetAppContainerNamedObjectPath [0x0x772dd021+561]\n", "status": "passed", "attachments": [{"name": "Screenshot on Failure", "source": "24bd9ff5-7dc5-4fd0-b184-623d10c19935-attachment.png", "type": "image/png"}], "start": 1749463717583, "stop": 1749463717750}, {"name": "Trying to click on <img> with text 'No text'", "status": "passed", "start": 1749463718281, "stop": 1749463718281}, {"name": "Trying to click on <span> with text 'My uploads'", "status": "passed", "start": 1749463718349, "stop": 1749463718349}, {"name": "Trying to click on <span> with text 'Shared with me'", "status": "passed", "start": 1749463718473, "stop": 1749463718473}, {"name": "Exception: Message: no such element: Unable to locate element: {\"method\":\"xpath\",\"selector\":\"//p[@class='MuiTypography-root MuiTypography-body1 css-x1va7p']\"}\n  (Session info: chrome=137.0.7151.69); For documentation on this error, please visit: https://www.selenium.dev/documentation/webdriver/troubleshooting/errors#no-such-element-exception\nStacktrace:\n\tGetHandleVerifier [0x0xde3763+63299]\n\tGetHandleVerifier [0x0xde37a4+63364]\n\t(No symbol) [0x0xc11113]\n\t(No symbol) [0x0xc5987e]\n\t(No symbol) [0x0xc59c1b]\n\t(No symbol) [0x0xca2212]\n\t(No symbol) [0x0xc7e5c4]\n\t(No symbol) [0x0xc9fa4a]\n\t(No symbol) [0x0xc7e376]\n\t(No symbol) [0x0xc4d6e0]\n\t(No symbol) [0x0xc4e544]\n\tGetHandleVerifier [0x0x103e033+2531347]\n\tGetHandleVerifier [0x0x1039332+2511634]\n\tGetHandleVerifier [0x0xe09eda+220858]\n\tGetHandleVerifier [0x0xdfa528+156936]\n\tGetHandleVerifier [0x0xe00c5d+183357]\n\tGetHandleVerifier [0x0xdeb6c8+95912]\n\tGetHandleVerifier [0x0xdeb870+96336]\n\tGetHandleVerifier [0x0xdd664a+9770]\n\tBaseThreadInitThunk [0x0x760a5d49+25]\n\tRtlInitializeExceptionChain [0x0x772dd09b+107]\n\tRtlGetAppContainerNamedObjectPath [0x0x772dd021+561]\n", "status": "passed", "attachments": [{"name": "Screenshot on Failure", "source": "cf1253ad-68c7-4072-9061-9939063f0ee2-attachment.png", "type": "image/png"}], "start": 1749463718551, "stop": 1749463718678}], "attachments": [{"name": "Test Log", "source": "b8f445f5-4562-412d-b110-c599293d62dd-attachment.txt", "type": "text/plain"}, {"name": "log", "source": "2b336ba5-2282-46a3-b323-99c9715f2f56-attachment.txt", "type": "text/plain"}, {"name": "stdout", "source": "10b809d2-32fe-41a5-8590-5ce962e485db-attachment.txt", "type": "text/plain"}, {"name": "stderr", "source": "6452cc91-ae2f-4bea-9542-22446480f7c9-attachment.txt", "type": "text/plain"}], "start": 1749463709254, "stop": 1749463719191, "uuid": "a32681d3-5a06-435c-a2e6-53a020dcfbde", "historyId": "693ac28b1fdb380deffcf88e3a3b318d", "testCaseId": "693ac28b1fdb380deffcf88e3a3b318d", "fullName": "test_provineer#test_shared_feature", "labels": [{"name": "suite", "value": "test_provineer"}, {"name": "host", "value": "DESKTOP-CNNS4HO"}, {"name": "thread", "value": "880-MainThread"}, {"name": "framework", "value": "pytest"}, {"name": "language", "value": "cpython3"}, {"name": "package", "value": "test_provineer"}]}