{"name": "test_upload_new_file", "status": "passed", "steps": [{"name": "User login", "status": "passed", "start": 1749196637067, "stop": 1749196637067}, {"name": "Navigating to URL: https://provineer.com/login", "status": "passed", "start": 1749196637067, "stop": 1749196637067}, {"name": "Trying to input into <input>", "status": "passed", "start": 1749196638308, "stop": 1749196638308}, {"name": "Trying to input into <input>", "status": "passed", "start": 1749196638416, "stop": 1749196638416}, {"name": "Trying to input into <input>", "status": "passed", "start": 1749196638622, "stop": 1749196638622}, {"name": "Trying to input into <input>", "status": "passed", "start": 1749196638649, "stop": 1749196638649}, {"name": "Trying to click on <button> with text 'Sign In'", "status": "passed", "start": 1749196638786, "stop": 1749196638786}, {"name": "Testing upload new file", "status": "passed", "start": 1749196638860, "stop": 1749196638860}, {"name": "Exception: Message: no such element: Unable to locate element: {\"method\":\"xpath\",\"selector\":\"//input[@type='file']\"}\n  (Session info: chrome=137.0.7151.69); For documentation on this error, please visit: https://www.selenium.dev/documentation/webdriver/troubleshooting/errors#no-such-element-exception\nStacktrace:\n\tGetHandleVerifier [0x0x1103763+63299]\n\tGetHandleVerifier [0x0x11037a4+63364]\n\t(No symbol) [0x0xf31113]\n\t(No symbol) [0x0xf7987e]\n\t(No symbol) [0x0xf79c1b]\n\t(No symbol) [0x0xfc2212]\n\t(No symbol) [0x0xf9e5c4]\n\t(No symbol) [0x0xfbfa4a]\n\t(No symbol) [0x0xf9e376]\n\t(No symbol) [0x0xf6d6e0]\n\t(No symbol) [0x0xf6e544]\n\tGetHandleVerifier [0x0x135e033+2531347]\n\tGetHandleVerifier [0x0x1359332+2511634]\n\tGetHandleVerifier [0x0x1129eda+220858]\n\tGetHandleVerifier [0x0x111a528+156936]\n\tGetHandleVerifier [0x0x1120c5d+183357]\n\tGetHandleVerifier [0x0x110b6c8+95912]\n\tGetHandleVerifier [0x0x110b870+96336]\n\tGetHandleVerifier [0x0x10f664a+9770]\n\tBaseThreadInitThunk [0x0x760a5d49+25]\n\tRtlInitializeExceptionChain [0x0x772dd09b+107]\n\tRtlGetAppContainerNamedObjectPath [0x0x772dd021+561]\n", "status": "passed", "attachments": [{"name": "Screenshot on Failure", "source": "cb94f78f-1429-4730-8d84-5d13ad1771a2-attachment.png", "type": "image/png"}], "start": 1749196638872, "stop": 1749196639039}, {"name": "Exception: Message: no such element: Unable to locate element: {\"method\":\"xpath\",\"selector\":\"//input[@type='file']\"}\n  (Session info: chrome=137.0.7151.69); For documentation on this error, please visit: https://www.selenium.dev/documentation/webdriver/troubleshooting/errors#no-such-element-exception\nStacktrace:\n\tGetHandleVerifier [0x0x1103763+63299]\n\tGetHandleVerifier [0x0x11037a4+63364]\n\t(No symbol) [0x0xf31113]\n\t(No symbol) [0x0xf7987e]\n\t(No symbol) [0x0xf79c1b]\n\t(No symbol) [0x0xfc2212]\n\t(No symbol) [0x0xf9e5c4]\n\t(No symbol) [0x0xfbfa4a]\n\t(No symbol) [0x0xf9e376]\n\t(No symbol) [0x0xf6d6e0]\n\t(No symbol) [0x0xf6e544]\n\tGetHandleVerifier [0x0x135e033+2531347]\n\tGetHandleVerifier [0x0x1359332+2511634]\n\tGetHandleVerifier [0x0x1129eda+220858]\n\tGetHandleVerifier [0x0x111a528+156936]\n\tGetHandleVerifier [0x0x1120c5d+183357]\n\tGetHandleVerifier [0x0x110b6c8+95912]\n\tGetHandleVerifier [0x0x110b870+96336]\n\tGetHandleVerifier [0x0x10f664a+9770]\n\tBaseThreadInitThunk [0x0x760a5d49+25]\n\tRtlInitializeExceptionChain [0x0x772dd09b+107]\n\tRtlGetAppContainerNamedObjectPath [0x0x772dd021+561]\n", "status": "passed", "attachments": [{"name": "Screenshot on Failure", "source": "aff20b56-cbb5-426c-b2bd-f1fb2daab7de-attachment.png", "type": "image/png"}], "start": 1749196639622, "stop": 1749196640776}, {"name": "Trying to input into <input>", "status": "passed", "start": 1749196641296, "stop": 1749196641296}, {"name": "Trying to click on <button> with text 'Proceed'", "status": "passed", "start": 1749196641360, "stop": 1749196641360}, {"name": "Trying to input into <input>", "status": "passed", "start": 1749196641470, "stop": 1749196641470}, {"name": "Trying to click on <div> with text 'No text'", "status": "passed", "start": 1749196641556, "stop": 1749196641556}, {"name": "Trying to click on <li> with text '1.0'", "status": "passed", "start": 1749196641646, "stop": 1749196641646}, {"name": "Trying to click on <div> with text 'No text'", "status": "passed", "start": 1749196641736, "stop": 1749196641736}, {"name": "Trying to click on <li> with text 'robot'", "status": "passed", "start": 1749196642116, "stop": 1749196642116}, {"name": "Trying to click on <div> with text 'No text'", "status": "passed", "start": 1749196642195, "stop": 1749196642195}, {"name": "Trying to input into <textarea>", "status": "passed", "start": 1749196642477, "stop": 1749196642477}, {"name": "Trying to click on <button> with text 'Continue'", "status": "passed", "start": 1749196642562, "stop": 1749196642562}, {"name": "Trying to input into <input>", "status": "passed", "start": 1749196642636, "stop": 1749196642636}, {"name": "Trying to click on <button> with text 'Continue'", "status": "passed", "start": 1749196642696, "stop": 1749196642696}, {"name": "Trying to click on <canvas> with text 'No text'", "status": "passed", "start": 1749196642766, "stop": 1749196642766}, {"name": "Trying to click on <button> with text 'Continue'", "status": "passed", "start": 1749196642877, "stop": 1749196642877}], "attachments": [{"name": "Test Log", "source": "542b7f77-5907-44b0-9b30-696c711b01c1-attachment.txt", "type": "text/plain"}, {"name": "log", "source": "fd427832-771d-4a02-a8dd-50a4337cfc3b-attachment.txt", "type": "text/plain"}, {"name": "stdout", "source": "bcdd2d75-b20e-495f-8fe5-8b85fb8ee825-attachment.txt", "type": "text/plain"}, {"name": "stderr", "source": "d858c476-b6de-4b76-9c10-75017745866d-attachment.txt", "type": "text/plain"}], "start": 1749196637067, "stop": 1749196642966, "uuid": "4799a29c-93c3-4715-8db4-6b0d35885c3a", "historyId": "768f248bcbfb1c45822853a76ff755fb", "testCaseId": "768f248bcbfb1c45822853a76ff755fb", "fullName": "test_provineer#test_upload_new_file", "labels": [{"name": "suite", "value": "test_provineer"}, {"name": "host", "value": "DESKTOP-CNNS4HO"}, {"name": "thread", "value": "16704-MainThread"}, {"name": "framework", "value": "pytest"}, {"name": "language", "value": "cpython3"}, {"name": "package", "value": "test_provineer"}]}