{"name": "test_proofs_and_certificates", "status": "passed", "steps": [{"name": "User login", "status": "passed", "start": 1749634585773, "stop": 1749634585773}, {"name": "Navigating to URL: https://provineer.com/login", "status": "passed", "start": 1749634585773, "stop": 1749634585773}, {"name": "Trying to input into <input>", "status": "passed", "start": 1749634586421, "stop": 1749634586421}, {"name": "Trying to input into <input>", "status": "passed", "start": 1749634586437, "stop": 1749634586437}, {"name": "Trying to input into <input>", "status": "passed", "start": 1749634586606, "stop": 1749634586606}, {"name": "Trying to input into <input>", "status": "passed", "start": 1749634586622, "stop": 1749634586622}, {"name": "Trying to click on <button> with text 'Sign In'", "status": "passed", "start": 1749634586741, "stop": 1749634586741}, {"name": "Testing e-certificate", "status": "passed", "start": 1749634586805, "stop": 1749634586805}, {"name": "Exception: Message: no such element: Unable to locate element: {\"method\":\"xpath\",\"selector\":\"//img[@alt='User Avatar']\"}\n  (Session info: chrome=137.0.7151.69); For documentation on this error, please visit: https://www.selenium.dev/documentation/webdriver/troubleshooting/errors#no-such-element-exception\nStacktrace:\n\tGetHandleVerifier [0x0x10a3783+63299]\n\tGetHandleVerifier [0x0x10a37c4+63364]\n\t(No symbol) [0x0xed1113]\n\t(No symbol) [0x0xf1987e]\n\t(No symbol) [0x0xf19c1b]\n\t(No symbol) [0x0xf62212]\n\t(No symbol) [0x0xf3e5c4]\n\t(No symbol) [0x0xf5fa4a]\n\t(No symbol) [0x0xf3e376]\n\t(No symbol) [0x0xf0d6e0]\n\t(No symbol) [0x0xf0e544]\n\tGetHandleVerifier [0x0x12fe073+2531379]\n\tGetHandleVerifier [0x0x12f9372+2511666]\n\tGetHandleVerifier [0x0x10c9efa+220858]\n\tGetHandleVerifier [0x0x10ba548+156936]\n\tGetHandleVerifier [0x0x10c0c7d+183357]\n\tGetHandleVerifier [0x0x10ab6e8+95912]\n\tGetHandleVerifier [0x0x10ab890+96336]\n\tGetHandleVerifier [0x0x109666a+9770]\n\tBaseThreadInitThunk [0x0x74c85d49+25]\n\tRtlInitializeExceptionChain [0x0x7724d09b+107]\n\tRtlGetAppContainerNamedObjectPath [0x0x7724d021+561]\n", "status": "passed", "attachments": [{"name": "Screenshot on Failure", "source": "7b4da235-dc83-4304-96db-5ad804ecae2a-attachment.png", "type": "image/png"}], "start": 1749634586821, "stop": 1749634587008}, {"name": "Trying to click on <img> with text 'No text'", "status": "passed", "start": 1749634587544, "stop": 1749634587544}, {"name": "Trying to click on <span> with text 'My uploads'", "status": "passed", "start": 1749634588141, "stop": 1749634588141}, {"name": "Exception: Message: no such element: Unable to locate element: {\"method\":\"xpath\",\"selector\":\"//img[@alt='Uploaded produce']\"}\n  (Session info: chrome=137.0.7151.69); For documentation on this error, please visit: https://www.selenium.dev/documentation/webdriver/troubleshooting/errors#no-such-element-exception\nStacktrace:\n\tGetHandleVerifier [0x0x10a3783+63299]\n\tGetHandleVerifier [0x0x10a37c4+63364]\n\t(No symbol) [0x0xed1113]\n\t(No symbol) [0x0xf1987e]\n\t(No symbol) [0x0xf19c1b]\n\t(No symbol) [0x0xf62212]\n\t(No symbol) [0x0xf3e5c4]\n\t(No symbol) [0x0xf5fa4a]\n\t(No symbol) [0x0xf3e376]\n\t(No symbol) [0x0xf0d6e0]\n\t(No symbol) [0x0xf0e544]\n\tGetHandleVerifier [0x0x12fe073+2531379]\n\tGetHandleVerifier [0x0x12f9372+2511666]\n\tGetHandleVerifier [0x0x10c9efa+220858]\n\tGetHandleVerifier [0x0x10ba548+156936]\n\tGetHandleVerifier [0x0x10c0c7d+183357]\n\tGetHandleVerifier [0x0x10ab6e8+95912]\n\tGetHandleVerifier [0x0x10ab890+96336]\n\tGetHandleVerifier [0x0x109666a+9770]\n\tBaseThreadInitThunk [0x0x74c85d49+25]\n\tRtlInitializeExceptionChain [0x0x7724d09b+107]\n\tRtlGetAppContainerNamedObjectPath [0x0x7724d021+561]\n", "status": "passed", "attachments": [{"name": "Screenshot on Failure", "source": "1c0fb3e0-e033-4b95-a88a-ae273317c105-attachment.png", "type": "image/png"}], "start": 1749634588252, "stop": 1749634588464}, {"name": "Trying to click on <img> with text 'No text'", "status": "passed", "start": 1749634589078, "stop": 1749634589078}, {"name": "Exception: Message: no such element: Unable to locate element: {\"method\":\"xpath\",\"selector\":\"//button[text()='View E-Certificate']\"}\n  (Session info: chrome=137.0.7151.69); For documentation on this error, please visit: https://www.selenium.dev/documentation/webdriver/troubleshooting/errors#no-such-element-exception\nStacktrace:\n\tGetHandleVerifier [0x0x10a3783+63299]\n\tGetHandleVerifier [0x0x10a37c4+63364]\n\t(No symbol) [0x0xed1113]\n\t(No symbol) [0x0xf1987e]\n\t(No symbol) [0x0xf19c1b]\n\t(No symbol) [0x0xf62212]\n\t(No symbol) [0x0xf3e5c4]\n\t(No symbol) [0x0xf5fa4a]\n\t(No symbol) [0x0xf3e376]\n\t(No symbol) [0x0xf0d6e0]\n\t(No symbol) [0x0xf0e544]\n\tGetHandleVerifier [0x0x12fe073+2531379]\n\tGetHandleVerifier [0x0x12f9372+2511666]\n\tGetHandleVerifier [0x0x10c9efa+220858]\n\tGetHandleVerifier [0x0x10ba548+156936]\n\tGetHandleVerifier [0x0x10c0c7d+183357]\n\tGetHandleVerifier [0x0x10ab6e8+95912]\n\tGetHandleVerifier [0x0x10ab890+96336]\n\tGetHandleVerifier [0x0x109666a+9770]\n\tBaseThreadInitThunk [0x0x74c85d49+25]\n\tRtlInitializeExceptionChain [0x0x7724d09b+107]\n\tRtlGetAppContainerNamedObjectPath [0x0x7724d021+561]\n", "status": "passed", "attachments": [{"name": "Screenshot on Failure", "source": "45b233be-e5c7-467a-a98a-95f85cce19b7-attachment.png", "type": "image/png"}], "start": 1749634589140, "stop": 1749634589350}, {"name": "Trying to click on <button> with text 'View E-Certificate'", "status": "passed", "start": 1749634589881, "stop": 1749634589881}, {"name": "Exception: Message: no such element: Unable to locate element: {\"method\":\"xpath\",\"selector\":\"//canvas[@class='react-pdf__Page__canvas']\"}\n  (Session info: chrome=137.0.7151.69); For documentation on this error, please visit: https://www.selenium.dev/documentation/webdriver/troubleshooting/errors#no-such-element-exception\nStacktrace:\n\tGetHandleVerifier [0x0x10a3783+63299]\n\tGetHandleVerifier [0x0x10a37c4+63364]\n\t(No symbol) [0x0xed1113]\n\t(No symbol) [0x0xf1987e]\n\t(No symbol) [0x0xf19c1b]\n\t(No symbol) [0x0xf62212]\n\t(No symbol) [0x0xf3e5c4]\n\t(No symbol) [0x0xf5fa4a]\n\t(No symbol) [0x0xf3e376]\n\t(No symbol) [0x0xf0d6e0]\n\t(No symbol) [0x0xf0e544]\n\tGetHandleVerifier [0x0x12fe073+2531379]\n\tGetHandleVerifier [0x0x12f9372+2511666]\n\tGetHandleVerifier [0x0x10c9efa+220858]\n\tGetHandleVerifier [0x0x10ba548+156936]\n\tGetHandleVerifier [0x0x10c0c7d+183357]\n\tGetHandleVerifier [0x0x10ab6e8+95912]\n\tGetHandleVerifier [0x0x10ab890+96336]\n\tGetHandleVerifier [0x0x109666a+9770]\n\tBaseThreadInitThunk [0x0x74c85d49+25]\n\tRtlInitializeExceptionChain [0x0x7724d09b+107]\n\tRtlGetAppContainerNamedObjectPath [0x0x7724d021+561]\n", "status": "passed", "attachments": [{"name": "Screenshot on Failure", "source": "b6add6ea-44aa-4011-9375-8ae3373be874-attachment.png", "type": "image/png"}], "start": 1749634589929, "stop": 1749634590060}, {"name": "Exception: Message: no such element: Unable to locate element: {\"method\":\"xpath\",\"selector\":\"//canvas[@class='react-pdf__Page__canvas']\"}\n  (Session info: chrome=137.0.7151.69); For documentation on this error, please visit: https://www.selenium.dev/documentation/webdriver/troubleshooting/errors#no-such-element-exception\nStacktrace:\n\tGetHandleVerifier [0x0x10a3783+63299]\n\tGetHandleVerifier [0x0x10a37c4+63364]\n\t(No symbol) [0x0xed1113]\n\t(No symbol) [0x0xf1987e]\n\t(No symbol) [0x0xf19c1b]\n\t(No symbol) [0x0xf62212]\n\t(No symbol) [0x0xf3e5c4]\n\t(No symbol) [0x0xf5fa4a]\n\t(No symbol) [0x0xf3e376]\n\t(No symbol) [0x0xf0d6e0]\n\t(No symbol) [0x0xf0e544]\n\tGetHandleVerifier [0x0x12fe073+2531379]\n\tGetHandleVerifier [0x0x12f9372+2511666]\n\tGetHandleVerifier [0x0x10c9efa+220858]\n\tGetHandleVerifier [0x0x10ba548+156936]\n\tGetHandleVerifier [0x0x10c0c7d+183357]\n\tGetHandleVerifier [0x0x10ab6e8+95912]\n\tGetHandleVerifier [0x0x10ab890+96336]\n\tGetHandleVerifier [0x0x109666a+9770]\n\tBaseThreadInitThunk [0x0x74c85d49+25]\n\tRtlInitializeExceptionChain [0x0x7724d09b+107]\n\tRtlGetAppContainerNamedObjectPath [0x0x7724d021+561]\n", "status": "passed", "attachments": [{"name": "Screenshot on Failure", "source": "58a46c43-fe0b-49e3-8839-529a876e3750-attachment.png", "type": "image/png"}], "start": 1749634590570, "stop": 1749634590707}], "attachments": [{"name": "Test Log", "source": "5334620f-5b30-42de-9d82-19abee15cd5f-attachment.txt", "type": "text/plain"}, {"name": "log", "source": "356960fe-fcd9-450a-b738-9ea2234ff5ad-attachment.txt", "type": "text/plain"}, {"name": "stdout", "source": "52fb1bf3-e883-4053-bf41-a1e60f18c280-attachment.txt", "type": "text/plain"}, {"name": "stderr", "source": "1d7e8b26-3f2e-46cd-8894-ef9fc4511ad9-attachment.txt", "type": "text/plain"}], "start": 1749634585773, "stop": 1749634591351, "uuid": "7fd41d53-6055-420b-856d-717041087903", "historyId": "e128e72e2bec976e3bdef19ac6db0de3", "testCaseId": "e128e72e2bec976e3bdef19ac6db0de3", "fullName": "test_provineer#test_proofs_and_certificates", "labels": [{"name": "suite", "value": "test_provineer"}, {"name": "host", "value": "DESKTOP-CNNS4HO"}, {"name": "thread", "value": "19856-MainThread"}, {"name": "framework", "value": "pytest"}, {"name": "language", "value": "cpython3"}, {"name": "package", "value": "test_provineer"}]}