{"name": "test_shared_feature", "status": "passed", "steps": [{"name": "User login", "status": "passed", "start": 1749634566626, "stop": 1749634566626}, {"name": "Navigating to URL: https://provineer.com/login", "status": "passed", "start": 1749634566626, "stop": 1749634566626}, {"name": "Trying to input into <input>", "status": "passed", "start": 1749634567335, "stop": 1749634567335}, {"name": "Trying to input into <input>", "status": "passed", "start": 1749634567366, "stop": 1749634567366}, {"name": "Trying to input into <input>", "status": "passed", "start": 1749634567489, "stop": 1749634567489}, {"name": "Trying to input into <input>", "status": "passed", "start": 1749634567554, "stop": 1749634567554}, {"name": "Trying to click on <button> with text 'Sign In'", "status": "passed", "start": 1749634567671, "stop": 1749634567671}, {"name": "Testing share feature", "status": "passed", "start": 1749634567738, "stop": 1749634567738}, {"name": "Exception: Message: no such element: Unable to locate element: {\"method\":\"xpath\",\"selector\":\"//img[@alt='User Avatar']\"}\n  (Session info: chrome=137.0.7151.69); For documentation on this error, please visit: https://www.selenium.dev/documentation/webdriver/troubleshooting/errors#no-such-element-exception\nStacktrace:\n\tGetHandleVerifier [0x0x10a3783+63299]\n\tGetHandleVerifier [0x0x10a37c4+63364]\n\t(No symbol) [0x0xed1113]\n\t(No symbol) [0x0xf1987e]\n\t(No symbol) [0x0xf19c1b]\n\t(No symbol) [0x0xf62212]\n\t(No symbol) [0x0xf3e5c4]\n\t(No symbol) [0x0xf5fa4a]\n\t(No symbol) [0x0xf3e376]\n\t(No symbol) [0x0xf0d6e0]\n\t(No symbol) [0x0xf0e544]\n\tGetHandleVerifier [0x0x12fe073+2531379]\n\tGetHandleVerifier [0x0x12f9372+2511666]\n\tGetHandleVerifier [0x0x10c9efa+220858]\n\tGetHandleVerifier [0x0x10ba548+156936]\n\tGetHandleVerifier [0x0x10c0c7d+183357]\n\tGetHandleVerifier [0x0x10ab6e8+95912]\n\tGetHandleVerifier [0x0x10ab890+96336]\n\tGetHandleVerifier [0x0x109666a+9770]\n\tBaseThreadInitThunk [0x0x74c85d49+25]\n\tRtlInitializeExceptionChain [0x0x7724d09b+107]\n\tRtlGetAppContainerNamedObjectPath [0x0x7724d021+561]\n", "status": "passed", "attachments": [{"name": "Screenshot on Failure", "source": "9da52566-8460-4be1-b862-bb0a0fdb4c11-attachment.png", "type": "image/png"}], "start": 1749634567752, "stop": 1749634567915}, {"name": "Trying to click on <img> with text 'No text'", "status": "passed", "start": 1749634568450, "stop": 1749634568450}, {"name": "Trying to click on <span> with text 'My uploads'", "status": "passed", "start": 1749634569047, "stop": 1749634569047}, {"name": "Exception: Message: no such element: Unable to locate element: {\"method\":\"xpath\",\"selector\":\"//img[@alt='Uploaded produce']\"}\n  (Session info: chrome=137.0.7151.69); For documentation on this error, please visit: https://www.selenium.dev/documentation/webdriver/troubleshooting/errors#no-such-element-exception\nStacktrace:\n\tGetHandleVerifier [0x0x10a3783+63299]\n\tGetHandleVerifier [0x0x10a37c4+63364]\n\t(No symbol) [0x0xed1113]\n\t(No symbol) [0x0xf1987e]\n\t(No symbol) [0x0xf19c1b]\n\t(No symbol) [0x0xf62212]\n\t(No symbol) [0x0xf3e5c4]\n\t(No symbol) [0x0xf5fa4a]\n\t(No symbol) [0x0xf3e376]\n\t(No symbol) [0x0xf0d6e0]\n\t(No symbol) [0x0xf0e544]\n\tGetHandleVerifier [0x0x12fe073+2531379]\n\tGetHandleVerifier [0x0x12f9372+2511666]\n\tGetHandleVerifier [0x0x10c9efa+220858]\n\tGetHandleVerifier [0x0x10ba548+156936]\n\tGetHandleVerifier [0x0x10c0c7d+183357]\n\tGetHandleVerifier [0x0x10ab6e8+95912]\n\tGetHandleVerifier [0x0x10ab890+96336]\n\tGetHandleVerifier [0x0x109666a+9770]\n\tBaseThreadInitThunk [0x0x74c85d49+25]\n\tRtlInitializeExceptionChain [0x0x7724d09b+107]\n\tRtlGetAppContainerNamedObjectPath [0x0x7724d021+561]\n", "status": "passed", "attachments": [{"name": "Screenshot on Failure", "source": "ddf337ab-3204-4f19-90d5-f4599ecf6e7d-attachment.png", "type": "image/png"}], "start": 1749634569154, "stop": 1749634569370}, {"name": "Trying to click on <img> with text 'No text'", "status": "passed", "start": 1749634570009, "stop": 1749634570009}, {"name": "Exception: Message: no such element: Unable to locate element: {\"method\":\"xpath\",\"selector\":\"//*[text()='Share']\"}\n  (Session info: chrome=137.0.7151.69); For documentation on this error, please visit: https://www.selenium.dev/documentation/webdriver/troubleshooting/errors#no-such-element-exception\nStacktrace:\n\tGetHandleVerifier [0x0x10a3783+63299]\n\tGetHandleVerifier [0x0x10a37c4+63364]\n\t(No symbol) [0x0xed1113]\n\t(No symbol) [0x0xf1987e]\n\t(No symbol) [0x0xf19c1b]\n\t(No symbol) [0x0xf62212]\n\t(No symbol) [0x0xf3e5c4]\n\t(No symbol) [0x0xf5fa4a]\n\t(No symbol) [0x0xf3e376]\n\t(No symbol) [0x0xf0d6e0]\n\t(No symbol) [0x0xf0e544]\n\tGetHandleVerifier [0x0x12fe073+2531379]\n\tGetHandleVerifier [0x0x12f9372+2511666]\n\tGetHandleVerifier [0x0x10c9efa+220858]\n\tGetHandleVerifier [0x0x10ba548+156936]\n\tGetHandleVerifier [0x0x10c0c7d+183357]\n\tGetHandleVerifier [0x0x10ab6e8+95912]\n\tGetHandleVerifier [0x0x10ab890+96336]\n\tGetHandleVerifier [0x0x109666a+9770]\n\tBaseThreadInitThunk [0x0x74c85d49+25]\n\tRtlInitializeExceptionChain [0x0x7724d09b+107]\n\tRtlGetAppContainerNamedObjectPath [0x0x7724d021+561]\n", "status": "passed", "attachments": [{"name": "Screenshot on Failure", "source": "4026744e-aa7a-4f49-8fe9-0913f2c667ec-attachment.png", "type": "image/png"}], "start": 1749634570096, "stop": 1749634570237}, {"name": "Trying to click on <button> with text 'Share'", "status": "passed", "start": 1749634570768, "stop": 1749634570768}, {"name": "Exception: Message: no such element: Unable to locate element: {\"method\":\"xpath\",\"selector\":\"(//div[@role='combobox'])[2]\"}\n  (Session info: chrome=137.0.7151.69); For documentation on this error, please visit: https://www.selenium.dev/documentation/webdriver/troubleshooting/errors#no-such-element-exception\nStacktrace:\n\tGetHandleVerifier [0x0x10a3783+63299]\n\tGetHandleVerifier [0x0x10a37c4+63364]\n\t(No symbol) [0x0xed1113]\n\t(No symbol) [0x0xf1987e]\n\t(No symbol) [0x0xf19c1b]\n\t(No symbol) [0x0xf62212]\n\t(No symbol) [0x0xf3e5c4]\n\t(No symbol) [0x0xf5fa4a]\n\t(No symbol) [0x0xf3e376]\n\t(No symbol) [0x0xf0d6e0]\n\t(No symbol) [0x0xf0e544]\n\tGetHandleVerifier [0x0x12fe073+2531379]\n\tGetHandleVerifier [0x0x12f9372+2511666]\n\tGetHandleVerifier [0x0x10c9efa+220858]\n\tGetHandleVerifier [0x0x10ba548+156936]\n\tGetHandleVerifier [0x0x10c0c7d+183357]\n\tGetHandleVerifier [0x0x10ab6e8+95912]\n\tGetHandleVerifier [0x0x10ab890+96336]\n\tGetHandleVerifier [0x0x109666a+9770]\n\tBaseThreadInitThunk [0x0x74c85d49+25]\n\tRtlInitializeExceptionChain [0x0x7724d09b+107]\n\tRtlGetAppContainerNamedObjectPath [0x0x7724d021+561]\n", "status": "passed", "attachments": [{"name": "Screenshot on Failure", "source": "d81d1944-361b-4a04-8d3a-7f7a1f14e8ef-attachment.png", "type": "image/png"}], "start": 1749634570802, "stop": 1749634570941}, {"name": "Trying to click on <div> with text 'Only people invited'", "status": "passed", "start": 1749634571471, "stop": 1749634571471}, {"name": "Trying to click on <li> with text 'Anyone with the link'", "status": "passed", "start": 1749634572099, "stop": 1749634572099}, {"name": "Trying to click on <div> with text 'Only people invited'", "status": "passed", "start": 1749634572193, "stop": 1749634572193}, {"name": "Trying to click on <li> with text 'Private (Only me)'", "status": "passed", "start": 1749634572487, "stop": 1749634572487}, {"name": "Trying to click on <button> with text 'Proceed'", "status": "passed", "start": 1749634572658, "stop": 1749634572658}, {"name": "Trying to click on <div> with text 'Anyone with the link'", "status": "passed", "start": 1749634572737, "stop": 1749634572737}, {"name": "Trying to click on <li> with text 'Only people invited'", "status": "passed", "start": 1749634572970, "stop": 1749634572970}, {"name": "Trying to input into <input>", "status": "passed", "start": 1749634573054, "stop": 1749634573054}, {"name": "Trying to click on <button> with text 'Invite'", "status": "passed", "start": 1749634573161, "stop": 1749634573161}, {"name": "Trying to click on <img> with text 'No text'", "status": "passed", "start": 1749634573437, "stop": 1749634573437}, {"name": "Trying to click on <span> with text 'Log Out'", "status": "passed", "start": 1749634574058, "stop": 1749634574058}, {"name": "Exception: Message: no such element: Unable to locate element: {\"method\":\"xpath\",\"selector\":\"(//button[text()='Login'])[1]\"}\n  (Session info: chrome=137.0.7151.69); For documentation on this error, please visit: https://www.selenium.dev/documentation/webdriver/troubleshooting/errors#no-such-element-exception\nStacktrace:\n\tGetHandleVerifier [0x0x10a3783+63299]\n\tGetHandleVerifier [0x0x10a37c4+63364]\n\t(No symbol) [0x0xed1113]\n\t(No symbol) [0x0xf1987e]\n\t(No symbol) [0x0xf19c1b]\n\t(No symbol) [0x0xf62212]\n\t(No symbol) [0x0xf3e5c4]\n\t(No symbol) [0x0xf5fa4a]\n\t(No symbol) [0x0xf3e376]\n\t(No symbol) [0x0xf0d6e0]\n\t(No symbol) [0x0xf0e544]\n\tGetHandleVerifier [0x0x12fe073+2531379]\n\tGetHandleVerifier [0x0x12f9372+2511666]\n\tGetHandleVerifier [0x0x10c9efa+220858]\n\tGetHandleVerifier [0x0x10ba548+156936]\n\tGetHandleVerifier [0x0x10c0c7d+183357]\n\tGetHandleVerifier [0x0x10ab6e8+95912]\n\tGetHandleVerifier [0x0x10ab890+96336]\n\tGetHandleVerifier [0x0x109666a+9770]\n\tBaseThreadInitThunk [0x0x74c85d49+25]\n\tRtlInitializeExceptionChain [0x0x7724d09b+107]\n\tRtlGetAppContainerNamedObjectPath [0x0x7724d021+561]\n", "status": "passed", "attachments": [{"name": "Screenshot on Failure", "source": "3266ee39-c217-41e3-b0de-7fa583ec1492-attachment.png", "type": "image/png"}], "start": 1749634574107, "stop": 1749634574287}, {"name": "Trying to click on <button> with text 'Login'", "status": "passed", "start": 1749634574926, "stop": 1749634574926}, {"name": "User to test share feature, login", "status": "passed", "start": 1749634574978, "stop": 1749634574978}, {"name": "Trying to input into <input>", "status": "passed", "start": 1749634575021, "stop": 1749634575021}, {"name": "Trying to input into <input>", "status": "passed", "start": 1749634575054, "stop": 1749634575054}, {"name": "Trying to input into <input>", "status": "passed", "start": 1749634575152, "stop": 1749634575152}, {"name": "Trying to input into <input>", "status": "passed", "start": 1749634575170, "stop": 1749634575170}, {"name": "Trying to click on <button> with text 'Sign In'", "status": "passed", "start": 1749634575254, "stop": 1749634575254}, {"name": "Exception: Message: no such element: Unable to locate element: {\"method\":\"xpath\",\"selector\":\"//img[@alt='User Avatar']\"}\n  (Session info: chrome=137.0.7151.69); For documentation on this error, please visit: https://www.selenium.dev/documentation/webdriver/troubleshooting/errors#no-such-element-exception\nStacktrace:\n\tGetHandleVerifier [0x0x10a3783+63299]\n\tGetHandleVerifier [0x0x10a37c4+63364]\n\t(No symbol) [0x0xed1113]\n\t(No symbol) [0x0xf1987e]\n\t(No symbol) [0x0xf19c1b]\n\t(No symbol) [0x0xf62212]\n\t(No symbol) [0x0xf3e5c4]\n\t(No symbol) [0x0xf5fa4a]\n\t(No symbol) [0x0xf3e376]\n\t(No symbol) [0x0xf0d6e0]\n\t(No symbol) [0x0xf0e544]\n\tGetHandleVerifier [0x0x12fe073+2531379]\n\tGetHandleVerifier [0x0x12f9372+2511666]\n\tGetHandleVerifier [0x0x10c9efa+220858]\n\tGetHandleVerifier [0x0x10ba548+156936]\n\tGetHandleVerifier [0x0x10c0c7d+183357]\n\tGetHandleVerifier [0x0x10ab6e8+95912]\n\tGetHandleVerifier [0x0x10ab890+96336]\n\tGetHandleVerifier [0x0x109666a+9770]\n\tBaseThreadInitThunk [0x0x74c85d49+25]\n\tRtlInitializeExceptionChain [0x0x7724d09b+107]\n\tRtlGetAppContainerNamedObjectPath [0x0x7724d021+561]\n", "status": "passed", "attachments": [{"name": "Screenshot on Failure", "source": "9267f96a-f191-4889-9874-1e75c03a937d-attachment.png", "type": "image/png"}], "start": 1749634575320, "stop": 1749634575491}, {"name": "Trying to click on <img> with text 'No text'", "status": "passed", "start": 1749634576021, "stop": 1749634576021}, {"name": "Trying to click on <span> with text 'My uploads'", "status": "passed", "start": 1749634576615, "stop": 1749634576615}, {"name": "Trying to click on <span> with text 'Shared with me'", "status": "passed", "start": 1749634576743, "stop": 1749634576743}, {"name": "Exception: Message: no such element: Unable to locate element: {\"method\":\"xpath\",\"selector\":\"//p[@class='MuiTypography-root MuiTypography-body1 css-x1va7p']\"}\n  (Session info: chrome=137.0.7151.69); For documentation on this error, please visit: https://www.selenium.dev/documentation/webdriver/troubleshooting/errors#no-such-element-exception\nStacktrace:\n\tGetHandleVerifier [0x0x10a3783+63299]\n\tGetHandleVerifier [0x0x10a37c4+63364]\n\t(No symbol) [0x0xed1113]\n\t(No symbol) [0x0xf1987e]\n\t(No symbol) [0x0xf19c1b]\n\t(No symbol) [0x0xf62212]\n\t(No symbol) [0x0xf3e5c4]\n\t(No symbol) [0x0xf5fa4a]\n\t(No symbol) [0x0xf3e376]\n\t(No symbol) [0x0xf0d6e0]\n\t(No symbol) [0x0xf0e544]\n\tGetHandleVerifier [0x0x12fe073+2531379]\n\tGetHandleVerifier [0x0x12f9372+2511666]\n\tGetHandleVerifier [0x0x10c9efa+220858]\n\tGetHandleVerifier [0x0x10ba548+156936]\n\tGetHandleVerifier [0x0x10c0c7d+183357]\n\tGetHandleVerifier [0x0x10ab6e8+95912]\n\tGetHandleVerifier [0x0x10ab890+96336]\n\tGetHandleVerifier [0x0x109666a+9770]\n\tBaseThreadInitThunk [0x0x74c85d49+25]\n\tRtlInitializeExceptionChain [0x0x7724d09b+107]\n\tRtlGetAppContainerNamedObjectPath [0x0x7724d021+561]\n", "status": "passed", "attachments": [{"name": "Screenshot on Failure", "source": "d1ed14a3-4013-4bbc-89d4-b91d32d4cf0e-attachment.png", "type": "image/png"}], "start": 1749634576822, "stop": 1749634576951}], "attachments": [{"name": "Test Log", "source": "22842ab0-a389-4bdc-aa91-c7b5d65f7998-attachment.txt", "type": "text/plain"}, {"name": "log", "source": "65a25e55-2285-4c2f-96b4-102741b2ac13-attachment.txt", "type": "text/plain"}, {"name": "stdout", "source": "df471bd3-354c-49e7-ab89-608039c0e43f-attachment.txt", "type": "text/plain"}, {"name": "stderr", "source": "9827c1dd-41bb-435c-a6e3-682c7522bbfd-attachment.txt", "type": "text/plain"}], "start": 1749634566626, "stop": 1749634577479, "uuid": "75e90fc7-05ed-485c-a81b-2240466e556f", "historyId": "693ac28b1fdb380deffcf88e3a3b318d", "testCaseId": "693ac28b1fdb380deffcf88e3a3b318d", "fullName": "test_provineer#test_shared_feature", "labels": [{"name": "suite", "value": "test_provineer"}, {"name": "host", "value": "DESKTOP-CNNS4HO"}, {"name": "thread", "value": "19856-MainThread"}, {"name": "framework", "value": "pytest"}, {"name": "language", "value": "cpython3"}, {"name": "package", "value": "test_provineer"}]}