{"name": "test_proofs_and_certificates", "status": "passed", "steps": [{"name": "User login", "status": "passed", "start": 1750931454377, "stop": 1750931454377}, {"name": "Navigating to URL: https://provineer.com/login", "status": "passed", "start": 1750931454379, "stop": 1750931454379}, {"name": "Trying to input into <input>", "status": "passed", "start": 1750931455148, "stop": 1750931455148}, {"name": "Trying to input into <input>", "status": "passed", "start": 1750931455184, "stop": 1750931455184}, {"name": "Trying to input into <input>", "status": "passed", "start": 1750931455382, "stop": 1750931455382}, {"name": "Trying to input into <input>", "status": "passed", "start": 1750931455406, "stop": 1750931455406}, {"name": "Trying to click on <button> with text 'Sign In'", "status": "passed", "start": 1750931455523, "stop": 1750931455523}, {"name": "Testing e-certificate", "status": "passed", "start": 1750931455596, "stop": 1750931455596}, {"name": "Exception: Message: no such element: Unable to locate element: {\"method\":\"xpath\",\"selector\":\"//img[@alt='User Avatar']\"}\n  (Session info: chrome=137.0.7151.120); For documentation on this error, please visit: https://www.selenium.dev/documentation/webdriver/troubleshooting/errors#no-such-element-exception\nStacktrace:\n\tGetHandleVerifier [0x0x583b03+62899]\n\tGetHandleVerifier [0x0x583b44+62964]\n\t(No symbol) [0x0x3b10f3]\n\t(No symbol) [0x0x3f980e]\n\t(No symbol) [0x0x3f9bab]\n\t(No symbol) [0x0x4425c2]\n\t(No symbol) [0x0x41e554]\n\t(No symbol) [0x0x43fd81]\n\t(No symbol) [0x0x41e306]\n\t(No symbol) [0x0x3ed670]\n\t(No symbol) [0x0x3ee4e4]\n\tGetHandleVerifier [0x0x7e4793+2556483]\n\tGetHandleVerifier [0x0x7dfd02+2537394]\n\tGetHandleVerifier [0x0x5aa2fa+220586]\n\tGetHandleVerifier [0x0x59aae8+157080]\n\tGetHandleVerifier [0x0x5a141d+184013]\n\tGetHandleVerifier [0x0x58ba68+95512]\n\tGetHandleVerifier [0x0x58bc10+95936]\n\tGetHandleVerifier [0x0x576b5a+9738]\n\tBaseThreadInitThunk [0x0x763b5d49+25]\n\tRtlInitializeExceptionChain [0x0x77bbd09b+107]\n\tRtlGetAppContainerNamedObjectPath [0x0x77bbd021+561]\n", "status": "passed", "attachments": [{"name": "Screenshot on Failure", "source": "9b44ff56-8b2c-4f86-9ca7-2ec48abd1ece-attachment.png", "type": "image/png"}], "start": 1750931455612, "stop": 1750931455782}, {"name": "Trying to click on <img> with text 'No text'", "status": "passed", "start": 1750931456309, "stop": 1750931456309}, {"name": "Trying to click on <span> with text 'My uploads'", "status": "passed", "start": 1750931456911, "stop": 1750931456911}, {"name": "Exception: Message: no such element: Unable to locate element: {\"method\":\"xpath\",\"selector\":\"//img[@alt='Uploaded produce']\"}\n  (Session info: chrome=137.0.7151.120); For documentation on this error, please visit: https://www.selenium.dev/documentation/webdriver/troubleshooting/errors#no-such-element-exception\nStacktrace:\n\tGetHandleVerifier [0x0x583b03+62899]\n\tGetHandleVerifier [0x0x583b44+62964]\n\t(No symbol) [0x0x3b10f3]\n\t(No symbol) [0x0x3f980e]\n\t(No symbol) [0x0x3f9bab]\n\t(No symbol) [0x0x4425c2]\n\t(No symbol) [0x0x41e554]\n\t(No symbol) [0x0x43fd81]\n\t(No symbol) [0x0x41e306]\n\t(No symbol) [0x0x3ed670]\n\t(No symbol) [0x0x3ee4e4]\n\tGetHandleVerifier [0x0x7e4793+2556483]\n\tGetHandleVerifier [0x0x7dfd02+2537394]\n\tGetHandleVerifier [0x0x5aa2fa+220586]\n\tGetHandleVerifier [0x0x59aae8+157080]\n\tGetHandleVerifier [0x0x5a141d+184013]\n\tGetHandleVerifier [0x0x58ba68+95512]\n\tGetHandleVerifier [0x0x58bc10+95936]\n\tGetHandleVerifier [0x0x576b5a+9738]\n\tBaseThreadInitThunk [0x0x763b5d49+25]\n\tRtlInitializeExceptionChain [0x0x77bbd09b+107]\n\tRtlGetAppContainerNamedObjectPath [0x0x77bbd021+561]\n", "status": "passed", "attachments": [{"name": "Screenshot on Failure", "source": "91d75e0e-e6bf-4b94-a33e-e4653d84af83-attachment.png", "type": "image/png"}], "start": 1750931457037, "stop": 1750931457282}, {"name": "Trying to click on <img> with text 'No text'", "status": "passed", "start": 1750931457811, "stop": 1750931457811}, {"name": "Exception: Message: no such element: Unable to locate element: {\"method\":\"xpath\",\"selector\":\"//button[text()='View E-Certificate']\"}\n  (Session info: chrome=137.0.7151.120); For documentation on this error, please visit: https://www.selenium.dev/documentation/webdriver/troubleshooting/errors#no-such-element-exception\nStacktrace:\n\tGetHandleVerifier [0x0x583b03+62899]\n\tGetHandleVerifier [0x0x583b44+62964]\n\t(No symbol) [0x0x3b10f3]\n\t(No symbol) [0x0x3f980e]\n\t(No symbol) [0x0x3f9bab]\n\t(No symbol) [0x0x4425c2]\n\t(No symbol) [0x0x41e554]\n\t(No symbol) [0x0x43fd81]\n\t(No symbol) [0x0x41e306]\n\t(No symbol) [0x0x3ed670]\n\t(No symbol) [0x0x3ee4e4]\n\tGetHandleVerifier [0x0x7e4793+2556483]\n\tGetHandleVerifier [0x0x7dfd02+2537394]\n\tGetHandleVerifier [0x0x5aa2fa+220586]\n\tGetHandleVerifier [0x0x59aae8+157080]\n\tGetHandleVerifier [0x0x5a141d+184013]\n\tGetHandleVerifier [0x0x58ba68+95512]\n\tGetHandleVerifier [0x0x58bc10+95936]\n\tGetHandleVerifier [0x0x576b5a+9738]\n\tBaseThreadInitThunk [0x0x763b5d49+25]\n\tRtlInitializeExceptionChain [0x0x77bbd09b+107]\n\tRtlGetAppContainerNamedObjectPath [0x0x77bbd021+561]\n", "status": "passed", "attachments": [{"name": "Screenshot on Failure", "source": "0faa8410-a344-4c25-a2d0-1ec225a79349-attachment.png", "type": "image/png"}], "start": 1750931457879, "stop": 1750931458043}, {"name": "Trying to click on <button> with text 'View E-Certificate'", "status": "passed", "start": 1750931458568, "stop": 1750931458568}, {"name": "Exception: Message: no such element: Unable to locate element: {\"method\":\"xpath\",\"selector\":\"//canvas[@class='react-pdf__Page__canvas']\"}\n  (Session info: chrome=137.0.7151.120); For documentation on this error, please visit: https://www.selenium.dev/documentation/webdriver/troubleshooting/errors#no-such-element-exception\nStacktrace:\n\tGetHandleVerifier [0x0x583b03+62899]\n\tGetHandleVerifier [0x0x583b44+62964]\n\t(No symbol) [0x0x3b10f3]\n\t(No symbol) [0x0x3f980e]\n\t(No symbol) [0x0x3f9bab]\n\t(No symbol) [0x0x4425c2]\n\t(No symbol) [0x0x41e554]\n\t(No symbol) [0x0x43fd81]\n\t(No symbol) [0x0x41e306]\n\t(No symbol) [0x0x3ed670]\n\t(No symbol) [0x0x3ee4e4]\n\tGetHandleVerifier [0x0x7e4793+2556483]\n\tGetHandleVerifier [0x0x7dfd02+2537394]\n\tGetHandleVerifier [0x0x5aa2fa+220586]\n\tGetHandleVerifier [0x0x59aae8+157080]\n\tGetHandleVerifier [0x0x5a141d+184013]\n\tGetHandleVerifier [0x0x58ba68+95512]\n\tGetHandleVerifier [0x0x58bc10+95936]\n\tGetHandleVerifier [0x0x576b5a+9738]\n\tBaseThreadInitThunk [0x0x763b5d49+25]\n\tRtlInitializeExceptionChain [0x0x77bbd09b+107]\n\tRtlGetAppContainerNamedObjectPath [0x0x77bbd021+561]\n", "status": "passed", "attachments": [{"name": "Screenshot on Failure", "source": "889dcfe8-09ad-4075-b401-7f1fffc34a82-attachment.png", "type": "image/png"}], "start": 1750931458625, "stop": 1750931458777}, {"name": "Exception: Message: no such element: Unable to locate element: {\"method\":\"xpath\",\"selector\":\"//canvas[@class='react-pdf__Page__canvas']\"}\n  (Session info: chrome=137.0.7151.120); For documentation on this error, please visit: https://www.selenium.dev/documentation/webdriver/troubleshooting/errors#no-such-element-exception\nStacktrace:\n\tGetHandleVerifier [0x0x583b03+62899]\n\tGetHandleVerifier [0x0x583b44+62964]\n\t(No symbol) [0x0x3b10f3]\n\t(No symbol) [0x0x3f980e]\n\t(No symbol) [0x0x3f9bab]\n\t(No symbol) [0x0x4425c2]\n\t(No symbol) [0x0x41e554]\n\t(No symbol) [0x0x43fd81]\n\t(No symbol) [0x0x41e306]\n\t(No symbol) [0x0x3ed670]\n\t(No symbol) [0x0x3ee4e4]\n\tGetHandleVerifier [0x0x7e4793+2556483]\n\tGetHandleVerifier [0x0x7dfd02+2537394]\n\tGetHandleVerifier [0x0x5aa2fa+220586]\n\tGetHandleVerifier [0x0x59aae8+157080]\n\tGetHandleVerifier [0x0x5a141d+184013]\n\tGetHandleVerifier [0x0x58ba68+95512]\n\tGetHandleVerifier [0x0x58bc10+95936]\n\tGetHandleVerifier [0x0x576b5a+9738]\n\tBaseThreadInitThunk [0x0x763b5d49+25]\n\tRtlInitializeExceptionChain [0x0x77bbd09b+107]\n\tRtlGetAppContainerNamedObjectPath [0x0x77bbd021+561]\n", "status": "passed", "attachments": [{"name": "Screenshot on Failure", "source": "5ab4533a-618c-46fe-acee-3e9a29d3c293-attachment.png", "type": "image/png"}], "start": 1750931459278, "stop": 1750931459404}], "attachments": [{"name": "Test Log", "source": "f0c91193-b079-4dc3-862a-b3dcadd97955-attachment.txt", "type": "text/plain"}, {"name": "log", "source": "eb6f7aac-224e-4442-aa39-4d6217dca0b1-attachment.txt", "type": "text/plain"}, {"name": "stdout", "source": "8f405b50-431f-4162-8b8d-0be7712b6598-attachment.txt", "type": "text/plain"}, {"name": "stderr", "source": "2f32503c-3f3d-4ab5-8f1d-19d044c95dac-attachment.txt", "type": "text/plain"}], "start": 1750931454377, "stop": 1750931460085, "uuid": "7063b66d-6514-4c36-9f07-0613e59fb616", "historyId": "e128e72e2bec976e3bdef19ac6db0de3", "testCaseId": "e128e72e2bec976e3bdef19ac6db0de3", "fullName": "test_provineer#test_proofs_and_certificates", "labels": [{"name": "suite", "value": "test_provineer"}, {"name": "host", "value": "DESKTOP-CNNS4HO"}, {"name": "thread", "value": "21764-MainThread"}, {"name": "framework", "value": "pytest"}, {"name": "language", "value": "cpython3"}, {"name": "package", "value": "test_provineer"}]}