{"name": "test_shared_feature", "status": "broken", "statusDetails": {"message": "selenium.common.exceptions.TimeoutException: Message: \nStacktrace:\n\tGetHandleVerifier [0x0xde3763+63299]\n\tGetHandleVerifier [0x0xde37a4+63364]\n\t(No symbol) [0x0xc11113]\n\t(No symbol) [0x0xc5987e]\n\t(No symbol) [0x0xc59c1b]\n\t(No symbol) [0x0xca2212]\n\t(No symbol) [0x0xc7e5c4]\n\t(No symbol) [0x0xc9fa4a]\n\t(No symbol) [0x0xc7e376]\n\t(No symbol) [0x0xc4d6e0]\n\t(No symbol) [0x0xc4e544]\n\tGetHandleVerifier [0x0x103e033+2531347]\n\tGetHandleVerifier [0x0x1039332+2511634]\n\tGetHandleVerifier [0x0xe09eda+220858]\n\tGetHandleVerifier [0x0xdfa528+156936]\n\tGetHandleVerifier [0x0xe00c5d+183357]\n\tGetHandleVerifier [0x0xdeb6c8+95912]\n\tGetHandleVerifier [0x0xdeb870+96336]\n\tGetHandleVerifier [0x0xdd664a+9770]\n\tBaseThreadInitThunk [0x0x760a5d49+25]\n\tRtlInitializeExceptionChain [0x0x772dd09b+107]\n\tRtlGetAppContainerNamedObjectPath [0x0x772dd021+561]", "trace": "driver = <selenium.webdriver.support.event_firing_webdriver.EventFiringWebDriver object at 0x0000019FF2F71EB0>\n\n    def test_shared_feature(driver):\n        lp = LoginPageSteps(driver)\n        lp.login_page()\n        dp = DashboardPageSteps(driver)\n>       dp.test_uploads_dashboard()\n\ntest_provineer.py:18: \n_ _ _ _ _ _ _ _ _ _ _ _ _ _ _ _ _ _ _ _ _ _ _ _ _ _ _ _ _ _ _ _ _ _ _ _ _ _ _ _ _ _ _ _ _ _ _ _ _ _ _ _ _ _ _ _ _ _ _ _ _ _ _ _ _ _ _ _ _ _ _ _ _ _ _ _ _ _ _ _ _ _ _ _ _ _ _ _ _ _ _ _ _ _ _ _ _ _ _ _ _ _ _ _ _ _ _ _ _ _ _ _ _ \n..\\pages\\dashboard_page.py:157: in test_uploads_dashboard\n    self.set_share_options()\n..\\pages\\dashboard_page.py:110: in set_share_options\n    self.get_proceed_button().click()\n..\\pages\\dashboard_page.py:57: in get_proceed_button\n    return self.wait_for_clickable(DashboardPageLocators.PROCEED_BUTTON)\n..\\base\\base_methods.py:11: in wait_for_clickable\n    return WebDriverWait(self.driver, timeout).until(EC.element_to_be_clickable(locator))\n_ _ _ _ _ _ _ _ _ _ _ _ _ _ _ _ _ _ _ _ _ _ _ _ _ _ _ _ _ _ _ _ _ _ _ _ _ _ _ _ _ _ _ _ _ _ _ _ _ _ _ _ _ _ _ _ _ _ _ _ _ _ _ _ _ _ _ _ _ _ _ _ _ _ _ _ _ _ _ _ _ _ _ _ _ _ _ _ _ _ _ _ _ _ _ _ _ _ _ _ _ _ _ _ _ _ _ _ _ _ _ _ _ \n\nself = <selenium.webdriver.support.wait.WebDriverWait (session=\"2e9700eb6daca7f6b6ffcdc966b27e72\")>, method = <function element_to_be_clickable.<locals>._predicate at 0x0000019FF2FDDD00>, message = ''\n\n    def until(self, method: Callable[[D], Union[Literal[False], T]], message: str = \"\") -> T:\n        \"\"\"Calls the method provided with the driver as an argument until the \\\n        return value does not evaluate to ``False``.\n    \n        :param method: callable(WebDriver)\n        :param message: optional message for :exc:`TimeoutException`\n        :returns: the result of the last call to `method`\n        :raises: :exc:`selenium.common.exceptions.TimeoutException` if timeout occurs\n        \"\"\"\n        screen = None\n        stacktrace = None\n    \n        end_time = time.monotonic() + self._timeout\n        while True:\n            try:\n                value = method(self._driver)\n                if value:\n                    return value\n            except self._ignored_exceptions as exc:\n                screen = getattr(exc, \"screen\", None)\n                stacktrace = getattr(exc, \"stacktrace\", None)\n            if time.monotonic() > end_time:\n                break\n            time.sleep(self._poll)\n>       raise TimeoutException(message, screen, stacktrace)\nE       selenium.common.exceptions.TimeoutException: Message: \nE       Stacktrace:\nE       \tGetHandleVerifier [0x0xde3763+63299]\nE       \tGetHandleVerifier [0x0xde37a4+63364]\nE       \t(No symbol) [0x0xc11113]\nE       \t(No symbol) [0x0xc5987e]\nE       \t(No symbol) [0x0xc59c1b]\nE       \t(No symbol) [0x0xca2212]\nE       \t(No symbol) [0x0xc7e5c4]\nE       \t(No symbol) [0x0xc9fa4a]\nE       \t(No symbol) [0x0xc7e376]\nE       \t(No symbol) [0x0xc4d6e0]\nE       \t(No symbol) [0x0xc4e544]\nE       \tGetHandleVerifier [0x0x103e033+2531347]\nE       \tGetHandleVerifier [0x0x1039332+2511634]\nE       \tGetHandleVerifier [0x0xe09eda+220858]\nE       \tGetHandleVerifier [0x0xdfa528+156936]\nE       \tGetHandleVerifier [0x0xe00c5d+183357]\nE       \tGetHandleVerifier [0x0xdeb6c8+95912]\nE       \tGetHandleVerifier [0x0xdeb870+96336]\nE       \tGetHandleVerifier [0x0xdd664a+9770]\nE       \tBaseThreadInitThunk [0x0x760a5d49+25]\nE       \tRtlInitializeExceptionChain [0x0x772dd09b+107]\nE       \tRtlGetAppContainerNamedObjectPath [0x0x772dd021+561]\n\n..\\..\\.venv\\Lib\\site-packages\\selenium\\webdriver\\support\\wait.py:105: TimeoutException"}, "steps": [{"name": "User login", "status": "passed", "start": 1749463608927, "stop": 1749463608928}, {"name": "Navigating to URL: https://provineer.com/login", "status": "passed", "start": 1749463608928, "stop": 1749463608928}, {"name": "Trying to input into <input>", "status": "passed", "start": 1749463609625, "stop": 1749463609625}, {"name": "Trying to input into <input>", "status": "passed", "start": 1749463609652, "stop": 1749463609652}, {"name": "Trying to input into <input>", "status": "passed", "start": 1749463609819, "stop": 1749463609819}, {"name": "Trying to input into <input>", "status": "passed", "start": 1749463609840, "stop": 1749463609840}, {"name": "Trying to click on <button> with text 'Sign In'", "status": "passed", "start": 1749463609975, "stop": 1749463609975}, {"name": "Testing share feature", "status": "passed", "start": 1749463610040, "stop": 1749463610040}, {"name": "Exception: Message: no such element: Unable to locate element: {\"method\":\"xpath\",\"selector\":\"//img[@alt='User Avatar']\"}\n  (Session info: chrome=137.0.7151.69); For documentation on this error, please visit: https://www.selenium.dev/documentation/webdriver/troubleshooting/errors#no-such-element-exception\nStacktrace:\n\tGetHandleVerifier [0x0xde3763+63299]\n\tGetHandleVerifier [0x0xde37a4+63364]\n\t(No symbol) [0x0xc11113]\n\t(No symbol) [0x0xc5987e]\n\t(No symbol) [0x0xc59c1b]\n\t(No symbol) [0x0xca2212]\n\t(No symbol) [0x0xc7e5c4]\n\t(No symbol) [0x0xc9fa4a]\n\t(No symbol) [0x0xc7e376]\n\t(No symbol) [0x0xc4d6e0]\n\t(No symbol) [0x0xc4e544]\n\tGetHandleVerifier [0x0x103e033+2531347]\n\tGetHandleVerifier [0x0x1039332+2511634]\n\tGetHandleVerifier [0x0xe09eda+220858]\n\tGetHandleVerifier [0x0xdfa528+156936]\n\tGetHandleVerifier [0x0xe00c5d+183357]\n\tGetHandleVerifier [0x0xdeb6c8+95912]\n\tGetHandleVerifier [0x0xdeb870+96336]\n\tGetHandleVerifier [0x0xdd664a+9770]\n\tBaseThreadInitThunk [0x0x760a5d49+25]\n\tRtlInitializeExceptionChain [0x0x772dd09b+107]\n\tRtlGetAppContainerNamedObjectPath [0x0x772dd021+561]\n", "status": "passed", "attachments": [{"name": "Screenshot on Failure", "source": "46558821-2b2c-4d32-bb7c-63a7c07f7b5b-attachment.png", "type": "image/png"}], "start": 1749463610053, "stop": 1749463610230}, {"name": "Trying to click on <img> with text 'No text'", "status": "passed", "start": 1749463610755, "stop": 1749463610755}, {"name": "Trying to click on <span> with text 'My uploads'", "status": "passed", "start": 1749463611359, "stop": 1749463611359}, {"name": "Exception: Message: no such element: Unable to locate element: {\"method\":\"xpath\",\"selector\":\"//img[@alt='Uploaded produce']\"}\n  (Session info: chrome=137.0.7151.69); For documentation on this error, please visit: https://www.selenium.dev/documentation/webdriver/troubleshooting/errors#no-such-element-exception\nStacktrace:\n\tGetHandleVerifier [0x0xde3763+63299]\n\tGetHandleVerifier [0x0xde37a4+63364]\n\t(No symbol) [0x0xc11113]\n\t(No symbol) [0x0xc5987e]\n\t(No symbol) [0x0xc59c1b]\n\t(No symbol) [0x0xca2212]\n\t(No symbol) [0x0xc7e5c4]\n\t(No symbol) [0x0xc9fa4a]\n\t(No symbol) [0x0xc7e376]\n\t(No symbol) [0x0xc4d6e0]\n\t(No symbol) [0x0xc4e544]\n\tGetHandleVerifier [0x0x103e033+2531347]\n\tGetHandleVerifier [0x0x1039332+2511634]\n\tGetHandleVerifier [0x0xe09eda+220858]\n\tGetHandleVerifier [0x0xdfa528+156936]\n\tGetHandleVerifier [0x0xe00c5d+183357]\n\tGetHandleVerifier [0x0xdeb6c8+95912]\n\tGetHandleVerifier [0x0xdeb870+96336]\n\tGetHandleVerifier [0x0xdd664a+9770]\n\tBaseThreadInitThunk [0x0x760a5d49+25]\n\tRtlInitializeExceptionChain [0x0x772dd09b+107]\n\tRtlGetAppContainerNamedObjectPath [0x0x772dd021+561]\n", "status": "passed", "attachments": [{"name": "Screenshot on Failure", "source": "41f2e2e3-c20c-4c09-8926-fb26d5593a05-attachment.png", "type": "image/png"}], "start": 1749463611463, "stop": 1749463611686}, {"name": "Trying to click on <img> with text 'No text'", "status": "passed", "start": 1749463612213, "stop": 1749463612213}, {"name": "Exception: Message: no such element: Unable to locate element: {\"method\":\"xpath\",\"selector\":\"//*[text()='Share']\"}\n  (Session info: chrome=137.0.7151.69); For documentation on this error, please visit: https://www.selenium.dev/documentation/webdriver/troubleshooting/errors#no-such-element-exception\nStacktrace:\n\tGetHandleVerifier [0x0xde3763+63299]\n\tGetHandleVerifier [0x0xde37a4+63364]\n\t(No symbol) [0x0xc11113]\n\t(No symbol) [0x0xc5987e]\n\t(No symbol) [0x0xc59c1b]\n\t(No symbol) [0x0xca2212]\n\t(No symbol) [0x0xc7e5c4]\n\t(No symbol) [0x0xc9fa4a]\n\t(No symbol) [0x0xc7e376]\n\t(No symbol) [0x0xc4d6e0]\n\t(No symbol) [0x0xc4e544]\n\tGetHandleVerifier [0x0x103e033+2531347]\n\tGetHandleVerifier [0x0x1039332+2511634]\n\tGetHandleVerifier [0x0xe09eda+220858]\n\tGetHandleVerifier [0x0xdfa528+156936]\n\tGetHandleVerifier [0x0xe00c5d+183357]\n\tGetHandleVerifier [0x0xdeb6c8+95912]\n\tGetHandleVerifier [0x0xdeb870+96336]\n\tGetHandleVerifier [0x0xdd664a+9770]\n\tBaseThreadInitThunk [0x0x760a5d49+25]\n\tRtlInitializeExceptionChain [0x0x772dd09b+107]\n\tRtlGetAppContainerNamedObjectPath [0x0x772dd021+561]\n", "status": "passed", "attachments": [{"name": "Screenshot on Failure", "source": "d05b2cb4-5535-4e46-9b38-21ede342a49f-attachment.png", "type": "image/png"}], "start": 1749463612274, "stop": 1749463612418}, {"name": "Trying to click on <button> with text 'Share'", "status": "passed", "start": 1749463612951, "stop": 1749463612951}, {"name": "Exception: Message: no such element: Unable to locate element: {\"method\":\"xpath\",\"selector\":\"(//div[@role='combobox'])[2]\"}\n  (Session info: chrome=137.0.7151.69); For documentation on this error, please visit: https://www.selenium.dev/documentation/webdriver/troubleshooting/errors#no-such-element-exception\nStacktrace:\n\tGetHandleVerifier [0x0xde3763+63299]\n\tGetHandleVerifier [0x0xde37a4+63364]\n\t(No symbol) [0x0xc11113]\n\t(No symbol) [0x0xc5987e]\n\t(No symbol) [0x0xc59c1b]\n\t(No symbol) [0x0xca2212]\n\t(No symbol) [0x0xc7e5c4]\n\t(No symbol) [0x0xc9fa4a]\n\t(No symbol) [0x0xc7e376]\n\t(No symbol) [0x0xc4d6e0]\n\t(No symbol) [0x0xc4e544]\n\tGetHandleVerifier [0x0x103e033+2531347]\n\tGetHandleVerifier [0x0x1039332+2511634]\n\tGetHandleVerifier [0x0xe09eda+220858]\n\tGetHandleVerifier [0x0xdfa528+156936]\n\tGetHandleVerifier [0x0xe00c5d+183357]\n\tGetHandleVerifier [0x0xdeb6c8+95912]\n\tGetHandleVerifier [0x0xdeb870+96336]\n\tGetHandleVerifier [0x0xdd664a+9770]\n\tBaseThreadInitThunk [0x0x760a5d49+25]\n\tRtlInitializeExceptionChain [0x0x772dd09b+107]\n\tRtlGetAppContainerNamedObjectPath [0x0x772dd021+561]\n", "status": "passed", "attachments": [{"name": "Screenshot on Failure", "source": "9c1d688e-3c80-47cc-9452-fcb6ad03a44a-attachment.png", "type": "image/png"}], "start": 1749463612994, "stop": 1749463613283}, {"name": "Trying to click on <div> with text 'Only people invited'", "status": "passed", "start": 1749463613812, "stop": 1749463613812}, {"name": "Trying to click on <li> with text 'Anyone with the link'", "status": "passed", "start": 1749463613902, "stop": 1749463613902}, {"name": "Trying to click on <div> with text 'Only people invited'", "status": "passed", "start": 1749463613987, "stop": 1749463613987}, {"name": "Trying to click on <li> with text 'Private (Only me)'", "status": "passed", "start": 1749463614286, "stop": 1749463614286}, {"name": "Exception: Message: no such element: Unable to locate element: {\"method\":\"xpath\",\"selector\":\"//button[text()='Proceed']\"}\n  (Session info: chrome=137.0.7151.69); For documentation on this error, please visit: https://www.selenium.dev/documentation/webdriver/troubleshooting/errors#no-such-element-exception\nStacktrace:\n\tGetHandleVerifier [0x0xde3763+63299]\n\tGetHandleVerifier [0x0xde37a4+63364]\n\t(No symbol) [0x0xc11113]\n\t(No symbol) [0x0xc5987e]\n\t(No symbol) [0x0xc59c1b]\n\t(No symbol) [0x0xca2212]\n\t(No symbol) [0x0xc7e5c4]\n\t(No symbol) [0x0xc9fa4a]\n\t(No symbol) [0x0xc7e376]\n\t(No symbol) [0x0xc4d6e0]\n\t(No symbol) [0x0xc4e544]\n\tGetHandleVerifier [0x0x103e033+2531347]\n\tGetHandleVerifier [0x0x1039332+2511634]\n\tGetHandleVerifier [0x0xe09eda+220858]\n\tGetHandleVerifier [0x0xdfa528+156936]\n\tGetHandleVerifier [0x0xe00c5d+183357]\n\tGetHandleVerifier [0x0xdeb6c8+95912]\n\tGetHandleVerifier [0x0xdeb870+96336]\n\tGetHandleVerifier [0x0xdd664a+9770]\n\tBaseThreadInitThunk [0x0x760a5d49+25]\n\tRtlInitializeExceptionChain [0x0x772dd09b+107]\n\tRtlGetAppContainerNamedObjectPath [0x0x772dd021+561]\n", "status": "passed", "attachments": [{"name": "Screenshot on Failure", "source": "69cd203b-1163-4de7-9580-20c4870efef5-attachment.png", "type": "image/png"}], "start": 1749463614392, "stop": 1749463614580}, {"name": "Exception: Message: no such element: Unable to locate element: {\"method\":\"xpath\",\"selector\":\"//button[text()='Proceed']\"}\n  (Session info: chrome=137.0.7151.69); For documentation on this error, please visit: https://www.selenium.dev/documentation/webdriver/troubleshooting/errors#no-such-element-exception\nStacktrace:\n\tGetHandleVerifier [0x0xde3763+63299]\n\tGetHandleVerifier [0x0xde37a4+63364]\n\t(No symbol) [0x0xc11113]\n\t(No symbol) [0x0xc5987e]\n\t(No symbol) [0x0xc59c1b]\n\t(No symbol) [0x0xca2212]\n\t(No symbol) [0x0xc7e5c4]\n\t(No symbol) [0x0xc9fa4a]\n\t(No symbol) [0x0xc7e376]\n\t(No symbol) [0x0xc4d6e0]\n\t(No symbol) [0x0xc4e544]\n\tGetHandleVerifier [0x0x103e033+2531347]\n\tGetHandleVerifier [0x0x1039332+2511634]\n\tGetHandleVerifier [0x0xe09eda+220858]\n\tGetHandleVerifier [0x0xdfa528+156936]\n\tGetHandleVerifier [0x0xe00c5d+183357]\n\tGetHandleVerifier [0x0xdeb6c8+95912]\n\tGetHandleVerifier [0x0xdeb870+96336]\n\tGetHandleVerifier [0x0xdd664a+9770]\n\tBaseThreadInitThunk [0x0x760a5d49+25]\n\tRtlInitializeExceptionChain [0x0x772dd09b+107]\n\tRtlGetAppContainerNamedObjectPath [0x0x772dd021+561]\n", "status": "passed", "attachments": [{"name": "Screenshot on Failure", "source": "5a4f7e8d-4c68-4676-9c32-3944c5c6a6ae-attachment.png", "type": "image/png"}], "start": 1749463615116, "stop": 1749463615234}, {"name": "Exception: Message: no such element: Unable to locate element: {\"method\":\"xpath\",\"selector\":\"//button[text()='Proceed']\"}\n  (Session info: chrome=137.0.7151.69); For documentation on this error, please visit: https://www.selenium.dev/documentation/webdriver/troubleshooting/errors#no-such-element-exception\nStacktrace:\n\tGetHandleVerifier [0x0xde3763+63299]\n\tGetHandleVerifier [0x0xde37a4+63364]\n\t(No symbol) [0x0xc11113]\n\t(No symbol) [0x0xc5987e]\n\t(No symbol) [0x0xc59c1b]\n\t(No symbol) [0x0xca2212]\n\t(No symbol) [0x0xc7e5c4]\n\t(No symbol) [0x0xc9fa4a]\n\t(No symbol) [0x0xc7e376]\n\t(No symbol) [0x0xc4d6e0]\n\t(No symbol) [0x0xc4e544]\n\tGetHandleVerifier [0x0x103e033+2531347]\n\tGetHandleVerifier [0x0x1039332+2511634]\n\tGetHandleVerifier [0x0xe09eda+220858]\n\tGetHandleVerifier [0x0xdfa528+156936]\n\tGetHandleVerifier [0x0xe00c5d+183357]\n\tGetHandleVerifier [0x0xdeb6c8+95912]\n\tGetHandleVerifier [0x0xdeb870+96336]\n\tGetHandleVerifier [0x0xdd664a+9770]\n\tBaseThreadInitThunk [0x0x760a5d49+25]\n\tRtlInitializeExceptionChain [0x0x772dd09b+107]\n\tRtlGetAppContainerNamedObjectPath [0x0x772dd021+561]\n", "status": "passed", "attachments": [{"name": "Screenshot on Failure", "source": "b9a49ba8-429b-453f-9bab-916115dadde2-attachment.png", "type": "image/png"}], "start": 1749463615766, "stop": 1749463615904}, {"name": "Exception: Message: no such element: Unable to locate element: {\"method\":\"xpath\",\"selector\":\"//button[text()='Proceed']\"}\n  (Session info: chrome=137.0.7151.69); For documentation on this error, please visit: https://www.selenium.dev/documentation/webdriver/troubleshooting/errors#no-such-element-exception\nStacktrace:\n\tGetHandleVerifier [0x0xde3763+63299]\n\tGetHandleVerifier [0x0xde37a4+63364]\n\t(No symbol) [0x0xc11113]\n\t(No symbol) [0x0xc5987e]\n\t(No symbol) [0x0xc59c1b]\n\t(No symbol) [0x0xca2212]\n\t(No symbol) [0x0xc7e5c4]\n\t(No symbol) [0x0xc9fa4a]\n\t(No symbol) [0x0xc7e376]\n\t(No symbol) [0x0xc4d6e0]\n\t(No symbol) [0x0xc4e544]\n\tGetHandleVerifier [0x0x103e033+2531347]\n\tGetHandleVerifier [0x0x1039332+2511634]\n\tGetHandleVerifier [0x0xe09eda+220858]\n\tGetHandleVerifier [0x0xdfa528+156936]\n\tGetHandleVerifier [0x0xe00c5d+183357]\n\tGetHandleVerifier [0x0xdeb6c8+95912]\n\tGetHandleVerifier [0x0xdeb870+96336]\n\tGetHandleVerifier [0x0xdd664a+9770]\n\tBaseThreadInitThunk [0x0x760a5d49+25]\n\tRtlInitializeExceptionChain [0x0x772dd09b+107]\n\tRtlGetAppContainerNamedObjectPath [0x0x772dd021+561]\n", "status": "passed", "attachments": [{"name": "Screenshot on Failure", "source": "b375fa3e-f4ab-4cb5-8e04-8c5355fbb739-attachment.png", "type": "image/png"}], "start": 1749463616414, "stop": 1749463616517}, {"name": "Exception: Message: no such element: Unable to locate element: {\"method\":\"xpath\",\"selector\":\"//button[text()='Proceed']\"}\n  (Session info: chrome=137.0.7151.69); For documentation on this error, please visit: https://www.selenium.dev/documentation/webdriver/troubleshooting/errors#no-such-element-exception\nStacktrace:\n\tGetHandleVerifier [0x0xde3763+63299]\n\tGetHandleVerifier [0x0xde37a4+63364]\n\t(No symbol) [0x0xc11113]\n\t(No symbol) [0x0xc5987e]\n\t(No symbol) [0x0xc59c1b]\n\t(No symbol) [0x0xca2212]\n\t(No symbol) [0x0xc7e5c4]\n\t(No symbol) [0x0xc9fa4a]\n\t(No symbol) [0x0xc7e376]\n\t(No symbol) [0x0xc4d6e0]\n\t(No symbol) [0x0xc4e544]\n\tGetHandleVerifier [0x0x103e033+2531347]\n\tGetHandleVerifier [0x0x1039332+2511634]\n\tGetHandleVerifier [0x0xe09eda+220858]\n\tGetHandleVerifier [0x0xdfa528+156936]\n\tGetHandleVerifier [0x0xe00c5d+183357]\n\tGetHandleVerifier [0x0xdeb6c8+95912]\n\tGetHandleVerifier [0x0xdeb870+96336]\n\tGetHandleVerifier [0x0xdd664a+9770]\n\tBaseThreadInitThunk [0x0x760a5d49+25]\n\tRtlInitializeExceptionChain [0x0x772dd09b+107]\n\tRtlGetAppContainerNamedObjectPath [0x0x772dd021+561]\n", "status": "passed", "attachments": [{"name": "Screenshot on Failure", "source": "6282d286-dff6-4a40-a169-422a9d408156-attachment.png", "type": "image/png"}], "start": 1749463617048, "stop": 1749463617185}, {"name": "Exception: Message: no such element: Unable to locate element: {\"method\":\"xpath\",\"selector\":\"//button[text()='Proceed']\"}\n  (Session info: chrome=137.0.7151.69); For documentation on this error, please visit: https://www.selenium.dev/documentation/webdriver/troubleshooting/errors#no-such-element-exception\nStacktrace:\n\tGetHandleVerifier [0x0xde3763+63299]\n\tGetHandleVerifier [0x0xde37a4+63364]\n\t(No symbol) [0x0xc11113]\n\t(No symbol) [0x0xc5987e]\n\t(No symbol) [0x0xc59c1b]\n\t(No symbol) [0x0xca2212]\n\t(No symbol) [0x0xc7e5c4]\n\t(No symbol) [0x0xc9fa4a]\n\t(No symbol) [0x0xc7e376]\n\t(No symbol) [0x0xc4d6e0]\n\t(No symbol) [0x0xc4e544]\n\tGetHandleVerifier [0x0x103e033+2531347]\n\tGetHandleVerifier [0x0x1039332+2511634]\n\tGetHandleVerifier [0x0xe09eda+220858]\n\tGetHandleVerifier [0x0xdfa528+156936]\n\tGetHandleVerifier [0x0xe00c5d+183357]\n\tGetHandleVerifier [0x0xdeb6c8+95912]\n\tGetHandleVerifier [0x0xdeb870+96336]\n\tGetHandleVerifier [0x0xdd664a+9770]\n\tBaseThreadInitThunk [0x0x760a5d49+25]\n\tRtlInitializeExceptionChain [0x0x772dd09b+107]\n\tRtlGetAppContainerNamedObjectPath [0x0x772dd021+561]\n", "status": "passed", "attachments": [{"name": "Screenshot on Failure", "source": "5c3b23dd-c1d8-4444-a5cf-70a26e4ec8d0-attachment.png", "type": "image/png"}], "start": 1749463617716, "stop": 1749463617835}, {"name": "Exception: Message: no such element: Unable to locate element: {\"method\":\"xpath\",\"selector\":\"//button[text()='Proceed']\"}\n  (Session info: chrome=137.0.7151.69); For documentation on this error, please visit: https://www.selenium.dev/documentation/webdriver/troubleshooting/errors#no-such-element-exception\nStacktrace:\n\tGetHandleVerifier [0x0xde3763+63299]\n\tGetHandleVerifier [0x0xde37a4+63364]\n\t(No symbol) [0x0xc11113]\n\t(No symbol) [0x0xc5987e]\n\t(No symbol) [0x0xc59c1b]\n\t(No symbol) [0x0xca2212]\n\t(No symbol) [0x0xc7e5c4]\n\t(No symbol) [0x0xc9fa4a]\n\t(No symbol) [0x0xc7e376]\n\t(No symbol) [0x0xc4d6e0]\n\t(No symbol) [0x0xc4e544]\n\tGetHandleVerifier [0x0x103e033+2531347]\n\tGetHandleVerifier [0x0x1039332+2511634]\n\tGetHandleVerifier [0x0xe09eda+220858]\n\tGetHandleVerifier [0x0xdfa528+156936]\n\tGetHandleVerifier [0x0xe00c5d+183357]\n\tGetHandleVerifier [0x0xdeb6c8+95912]\n\tGetHandleVerifier [0x0xdeb870+96336]\n\tGetHandleVerifier [0x0xdd664a+9770]\n\tBaseThreadInitThunk [0x0x760a5d49+25]\n\tRtlInitializeExceptionChain [0x0x772dd09b+107]\n\tRtlGetAppContainerNamedObjectPath [0x0x772dd021+561]\n", "status": "passed", "attachments": [{"name": "Screenshot on Failure", "source": "0c3338bc-ddfe-47a1-a1ff-cac99a234409-attachment.png", "type": "image/png"}], "start": 1749463618357, "stop": 1749463618468}, {"name": "Exception: Message: no such element: Unable to locate element: {\"method\":\"xpath\",\"selector\":\"//button[text()='Proceed']\"}\n  (Session info: chrome=137.0.7151.69); For documentation on this error, please visit: https://www.selenium.dev/documentation/webdriver/troubleshooting/errors#no-such-element-exception\nStacktrace:\n\tGetHandleVerifier [0x0xde3763+63299]\n\tGetHandleVerifier [0x0xde37a4+63364]\n\t(No symbol) [0x0xc11113]\n\t(No symbol) [0x0xc5987e]\n\t(No symbol) [0x0xc59c1b]\n\t(No symbol) [0x0xca2212]\n\t(No symbol) [0x0xc7e5c4]\n\t(No symbol) [0x0xc9fa4a]\n\t(No symbol) [0x0xc7e376]\n\t(No symbol) [0x0xc4d6e0]\n\t(No symbol) [0x0xc4e544]\n\tGetHandleVerifier [0x0x103e033+2531347]\n\tGetHandleVerifier [0x0x1039332+2511634]\n\tGetHandleVerifier [0x0xe09eda+220858]\n\tGetHandleVerifier [0x0xdfa528+156936]\n\tGetHandleVerifier [0x0xe00c5d+183357]\n\tGetHandleVerifier [0x0xdeb6c8+95912]\n\tGetHandleVerifier [0x0xdeb870+96336]\n\tGetHandleVerifier [0x0xdd664a+9770]\n\tBaseThreadInitThunk [0x0x760a5d49+25]\n\tRtlInitializeExceptionChain [0x0x772dd09b+107]\n\tRtlGetAppContainerNamedObjectPath [0x0x772dd021+561]\n", "status": "passed", "attachments": [{"name": "Screenshot on Failure", "source": "e7ed807d-e849-4317-8511-5c40887b0d30-attachment.png", "type": "image/png"}], "start": 1749463618969, "stop": 1749463619085}, {"name": "Exception: Message: no such element: Unable to locate element: {\"method\":\"xpath\",\"selector\":\"//button[text()='Proceed']\"}\n  (Session info: chrome=137.0.7151.69); For documentation on this error, please visit: https://www.selenium.dev/documentation/webdriver/troubleshooting/errors#no-such-element-exception\nStacktrace:\n\tGetHandleVerifier [0x0xde3763+63299]\n\tGetHandleVerifier [0x0xde37a4+63364]\n\t(No symbol) [0x0xc11113]\n\t(No symbol) [0x0xc5987e]\n\t(No symbol) [0x0xc59c1b]\n\t(No symbol) [0x0xca2212]\n\t(No symbol) [0x0xc7e5c4]\n\t(No symbol) [0x0xc9fa4a]\n\t(No symbol) [0x0xc7e376]\n\t(No symbol) [0x0xc4d6e0]\n\t(No symbol) [0x0xc4e544]\n\tGetHandleVerifier [0x0x103e033+2531347]\n\tGetHandleVerifier [0x0x1039332+2511634]\n\tGetHandleVerifier [0x0xe09eda+220858]\n\tGetHandleVerifier [0x0xdfa528+156936]\n\tGetHandleVerifier [0x0xe00c5d+183357]\n\tGetHandleVerifier [0x0xdeb6c8+95912]\n\tGetHandleVerifier [0x0xdeb870+96336]\n\tGetHandleVerifier [0x0xdd664a+9770]\n\tBaseThreadInitThunk [0x0x760a5d49+25]\n\tRtlInitializeExceptionChain [0x0x772dd09b+107]\n\tRtlGetAppContainerNamedObjectPath [0x0x772dd021+561]\n", "status": "passed", "attachments": [{"name": "Screenshot on Failure", "source": "3adae09a-0afd-40c1-9f49-a2e28da6c52c-attachment.png", "type": "image/png"}], "start": 1749463619585, "stop": 1749463619699}, {"name": "Exception: Message: no such element: Unable to locate element: {\"method\":\"xpath\",\"selector\":\"//button[text()='Proceed']\"}\n  (Session info: chrome=137.0.7151.69); For documentation on this error, please visit: https://www.selenium.dev/documentation/webdriver/troubleshooting/errors#no-such-element-exception\nStacktrace:\n\tGetHandleVerifier [0x0xde3763+63299]\n\tGetHandleVerifier [0x0xde37a4+63364]\n\t(No symbol) [0x0xc11113]\n\t(No symbol) [0x0xc5987e]\n\t(No symbol) [0x0xc59c1b]\n\t(No symbol) [0x0xca2212]\n\t(No symbol) [0x0xc7e5c4]\n\t(No symbol) [0x0xc9fa4a]\n\t(No symbol) [0x0xc7e376]\n\t(No symbol) [0x0xc4d6e0]\n\t(No symbol) [0x0xc4e544]\n\tGetHandleVerifier [0x0x103e033+2531347]\n\tGetHandleVerifier [0x0x1039332+2511634]\n\tGetHandleVerifier [0x0xe09eda+220858]\n\tGetHandleVerifier [0x0xdfa528+156936]\n\tGetHandleVerifier [0x0xe00c5d+183357]\n\tGetHandleVerifier [0x0xdeb6c8+95912]\n\tGetHandleVerifier [0x0xdeb870+96336]\n\tGetHandleVerifier [0x0xdd664a+9770]\n\tBaseThreadInitThunk [0x0x760a5d49+25]\n\tRtlInitializeExceptionChain [0x0x772dd09b+107]\n\tRtlGetAppContainerNamedObjectPath [0x0x772dd021+561]\n", "status": "passed", "attachments": [{"name": "Screenshot on Failure", "source": "81b096ab-8d63-4bf1-b123-75edde86b629-attachment.png", "type": "image/png"}], "start": 1749463620203, "stop": 1749463620319}, {"name": "Exception: Message: no such element: Unable to locate element: {\"method\":\"xpath\",\"selector\":\"//button[text()='Proceed']\"}\n  (Session info: chrome=137.0.7151.69); For documentation on this error, please visit: https://www.selenium.dev/documentation/webdriver/troubleshooting/errors#no-such-element-exception\nStacktrace:\n\tGetHandleVerifier [0x0xde3763+63299]\n\tGetHandleVerifier [0x0xde37a4+63364]\n\t(No symbol) [0x0xc11113]\n\t(No symbol) [0x0xc5987e]\n\t(No symbol) [0x0xc59c1b]\n\t(No symbol) [0x0xca2212]\n\t(No symbol) [0x0xc7e5c4]\n\t(No symbol) [0x0xc9fa4a]\n\t(No symbol) [0x0xc7e376]\n\t(No symbol) [0x0xc4d6e0]\n\t(No symbol) [0x0xc4e544]\n\tGetHandleVerifier [0x0x103e033+2531347]\n\tGetHandleVerifier [0x0x1039332+2511634]\n\tGetHandleVerifier [0x0xe09eda+220858]\n\tGetHandleVerifier [0x0xdfa528+156936]\n\tGetHandleVerifier [0x0xe00c5d+183357]\n\tGetHandleVerifier [0x0xdeb6c8+95912]\n\tGetHandleVerifier [0x0xdeb870+96336]\n\tGetHandleVerifier [0x0xdd664a+9770]\n\tBaseThreadInitThunk [0x0x760a5d49+25]\n\tRtlInitializeExceptionChain [0x0x772dd09b+107]\n\tRtlGetAppContainerNamedObjectPath [0x0x772dd021+561]\n", "status": "passed", "attachments": [{"name": "Screenshot on Failure", "source": "dc7b4c4f-9574-48b0-b06c-e124e80b8af5-attachment.png", "type": "image/png"}], "start": 1749463620820, "stop": 1749463620937}, {"name": "Exception: Message: no such element: Unable to locate element: {\"method\":\"xpath\",\"selector\":\"//button[text()='Proceed']\"}\n  (Session info: chrome=137.0.7151.69); For documentation on this error, please visit: https://www.selenium.dev/documentation/webdriver/troubleshooting/errors#no-such-element-exception\nStacktrace:\n\tGetHandleVerifier [0x0xde3763+63299]\n\tGetHandleVerifier [0x0xde37a4+63364]\n\t(No symbol) [0x0xc11113]\n\t(No symbol) [0x0xc5987e]\n\t(No symbol) [0x0xc59c1b]\n\t(No symbol) [0x0xca2212]\n\t(No symbol) [0x0xc7e5c4]\n\t(No symbol) [0x0xc9fa4a]\n\t(No symbol) [0x0xc7e376]\n\t(No symbol) [0x0xc4d6e0]\n\t(No symbol) [0x0xc4e544]\n\tGetHandleVerifier [0x0x103e033+2531347]\n\tGetHandleVerifier [0x0x1039332+2511634]\n\tGetHandleVerifier [0x0xe09eda+220858]\n\tGetHandleVerifier [0x0xdfa528+156936]\n\tGetHandleVerifier [0x0xe00c5d+183357]\n\tGetHandleVerifier [0x0xdeb6c8+95912]\n\tGetHandleVerifier [0x0xdeb870+96336]\n\tGetHandleVerifier [0x0xdd664a+9770]\n\tBaseThreadInitThunk [0x0x760a5d49+25]\n\tRtlInitializeExceptionChain [0x0x772dd09b+107]\n\tRtlGetAppContainerNamedObjectPath [0x0x772dd021+561]\n", "status": "passed", "attachments": [{"name": "Screenshot on Failure", "source": "7fe88dac-296e-4466-b2fd-274c12353c97-attachment.png", "type": "image/png"}], "start": 1749463621445, "stop": 1749463621566}, {"name": "Exception: Message: no such element: Unable to locate element: {\"method\":\"xpath\",\"selector\":\"//button[text()='Proceed']\"}\n  (Session info: chrome=137.0.7151.69); For documentation on this error, please visit: https://www.selenium.dev/documentation/webdriver/troubleshooting/errors#no-such-element-exception\nStacktrace:\n\tGetHandleVerifier [0x0xde3763+63299]\n\tGetHandleVerifier [0x0xde37a4+63364]\n\t(No symbol) [0x0xc11113]\n\t(No symbol) [0x0xc5987e]\n\t(No symbol) [0x0xc59c1b]\n\t(No symbol) [0x0xca2212]\n\t(No symbol) [0x0xc7e5c4]\n\t(No symbol) [0x0xc9fa4a]\n\t(No symbol) [0x0xc7e376]\n\t(No symbol) [0x0xc4d6e0]\n\t(No symbol) [0x0xc4e544]\n\tGetHandleVerifier [0x0x103e033+2531347]\n\tGetHandleVerifier [0x0x1039332+2511634]\n\tGetHandleVerifier [0x0xe09eda+220858]\n\tGetHandleVerifier [0x0xdfa528+156936]\n\tGetHandleVerifier [0x0xe00c5d+183357]\n\tGetHandleVerifier [0x0xdeb6c8+95912]\n\tGetHandleVerifier [0x0xdeb870+96336]\n\tGetHandleVerifier [0x0xdd664a+9770]\n\tBaseThreadInitThunk [0x0x760a5d49+25]\n\tRtlInitializeExceptionChain [0x0x772dd09b+107]\n\tRtlGetAppContainerNamedObjectPath [0x0x772dd021+561]\n", "status": "passed", "attachments": [{"name": "Screenshot on Failure", "source": "57150605-bbb8-4ca0-b2d0-b9cefbcb4c3f-attachment.png", "type": "image/png"}], "start": 1749463622080, "stop": 1749463622218}, {"name": "Exception: Message: no such element: Unable to locate element: {\"method\":\"xpath\",\"selector\":\"//button[text()='Proceed']\"}\n  (Session info: chrome=137.0.7151.69); For documentation on this error, please visit: https://www.selenium.dev/documentation/webdriver/troubleshooting/errors#no-such-element-exception\nStacktrace:\n\tGetHandleVerifier [0x0xde3763+63299]\n\tGetHandleVerifier [0x0xde37a4+63364]\n\t(No symbol) [0x0xc11113]\n\t(No symbol) [0x0xc5987e]\n\t(No symbol) [0x0xc59c1b]\n\t(No symbol) [0x0xca2212]\n\t(No symbol) [0x0xc7e5c4]\n\t(No symbol) [0x0xc9fa4a]\n\t(No symbol) [0x0xc7e376]\n\t(No symbol) [0x0xc4d6e0]\n\t(No symbol) [0x0xc4e544]\n\tGetHandleVerifier [0x0x103e033+2531347]\n\tGetHandleVerifier [0x0x1039332+2511634]\n\tGetHandleVerifier [0x0xe09eda+220858]\n\tGetHandleVerifier [0x0xdfa528+156936]\n\tGetHandleVerifier [0x0xe00c5d+183357]\n\tGetHandleVerifier [0x0xdeb6c8+95912]\n\tGetHandleVerifier [0x0xdeb870+96336]\n\tGetHandleVerifier [0x0xdd664a+9770]\n\tBaseThreadInitThunk [0x0x760a5d49+25]\n\tRtlInitializeExceptionChain [0x0x772dd09b+107]\n\tRtlGetAppContainerNamedObjectPath [0x0x772dd021+561]\n", "status": "passed", "attachments": [{"name": "Screenshot on Failure", "source": "368e95e1-b22b-4c64-a8a4-3d9bc6af0a35-attachment.png", "type": "image/png"}], "start": 1749463622746, "stop": 1749463622868}, {"name": "Exception: Message: no such element: Unable to locate element: {\"method\":\"xpath\",\"selector\":\"//button[text()='Proceed']\"}\n  (Session info: chrome=137.0.7151.69); For documentation on this error, please visit: https://www.selenium.dev/documentation/webdriver/troubleshooting/errors#no-such-element-exception\nStacktrace:\n\tGetHandleVerifier [0x0xde3763+63299]\n\tGetHandleVerifier [0x0xde37a4+63364]\n\t(No symbol) [0x0xc11113]\n\t(No symbol) [0x0xc5987e]\n\t(No symbol) [0x0xc59c1b]\n\t(No symbol) [0x0xca2212]\n\t(No symbol) [0x0xc7e5c4]\n\t(No symbol) [0x0xc9fa4a]\n\t(No symbol) [0x0xc7e376]\n\t(No symbol) [0x0xc4d6e0]\n\t(No symbol) [0x0xc4e544]\n\tGetHandleVerifier [0x0x103e033+2531347]\n\tGetHandleVerifier [0x0x1039332+2511634]\n\tGetHandleVerifier [0x0xe09eda+220858]\n\tGetHandleVerifier [0x0xdfa528+156936]\n\tGetHandleVerifier [0x0xe00c5d+183357]\n\tGetHandleVerifier [0x0xdeb6c8+95912]\n\tGetHandleVerifier [0x0xdeb870+96336]\n\tGetHandleVerifier [0x0xdd664a+9770]\n\tBaseThreadInitThunk [0x0x760a5d49+25]\n\tRtlInitializeExceptionChain [0x0x772dd09b+107]\n\tRtlGetAppContainerNamedObjectPath [0x0x772dd021+561]\n", "status": "passed", "attachments": [{"name": "Screenshot on Failure", "source": "7f6ab929-6cf0-404c-aab4-d70d9b0e8add-attachment.png", "type": "image/png"}], "start": 1749463623377, "stop": 1749463623488}, {"name": "Exception: Message: no such element: Unable to locate element: {\"method\":\"xpath\",\"selector\":\"//button[text()='Proceed']\"}\n  (Session info: chrome=137.0.7151.69); For documentation on this error, please visit: https://www.selenium.dev/documentation/webdriver/troubleshooting/errors#no-such-element-exception\nStacktrace:\n\tGetHandleVerifier [0x0xde3763+63299]\n\tGetHandleVerifier [0x0xde37a4+63364]\n\t(No symbol) [0x0xc11113]\n\t(No symbol) [0x0xc5987e]\n\t(No symbol) [0x0xc59c1b]\n\t(No symbol) [0x0xca2212]\n\t(No symbol) [0x0xc7e5c4]\n\t(No symbol) [0x0xc9fa4a]\n\t(No symbol) [0x0xc7e376]\n\t(No symbol) [0x0xc4d6e0]\n\t(No symbol) [0x0xc4e544]\n\tGetHandleVerifier [0x0x103e033+2531347]\n\tGetHandleVerifier [0x0x1039332+2511634]\n\tGetHandleVerifier [0x0xe09eda+220858]\n\tGetHandleVerifier [0x0xdfa528+156936]\n\tGetHandleVerifier [0x0xe00c5d+183357]\n\tGetHandleVerifier [0x0xdeb6c8+95912]\n\tGetHandleVerifier [0x0xdeb870+96336]\n\tGetHandleVerifier [0x0xdd664a+9770]\n\tBaseThreadInitThunk [0x0x760a5d49+25]\n\tRtlInitializeExceptionChain [0x0x772dd09b+107]\n\tRtlGetAppContainerNamedObjectPath [0x0x772dd021+561]\n", "status": "passed", "attachments": [{"name": "Screenshot on Failure", "source": "8a2a7e93-609c-413a-a660-d2a69b18b67b-attachment.png", "type": "image/png"}], "start": 1749463623996, "stop": 1749463624147}, {"name": "Exception: Message: no such element: Unable to locate element: {\"method\":\"xpath\",\"selector\":\"//button[text()='Proceed']\"}\n  (Session info: chrome=137.0.7151.69); For documentation on this error, please visit: https://www.selenium.dev/documentation/webdriver/troubleshooting/errors#no-such-element-exception\nStacktrace:\n\tGetHandleVerifier [0x0xde3763+63299]\n\tGetHandleVerifier [0x0xde37a4+63364]\n\t(No symbol) [0x0xc11113]\n\t(No symbol) [0x0xc5987e]\n\t(No symbol) [0x0xc59c1b]\n\t(No symbol) [0x0xca2212]\n\t(No symbol) [0x0xc7e5c4]\n\t(No symbol) [0x0xc9fa4a]\n\t(No symbol) [0x0xc7e376]\n\t(No symbol) [0x0xc4d6e0]\n\t(No symbol) [0x0xc4e544]\n\tGetHandleVerifier [0x0x103e033+2531347]\n\tGetHandleVerifier [0x0x1039332+2511634]\n\tGetHandleVerifier [0x0xe09eda+220858]\n\tGetHandleVerifier [0x0xdfa528+156936]\n\tGetHandleVerifier [0x0xe00c5d+183357]\n\tGetHandleVerifier [0x0xdeb6c8+95912]\n\tGetHandleVerifier [0x0xdeb870+96336]\n\tGetHandleVerifier [0x0xdd664a+9770]\n\tBaseThreadInitThunk [0x0x760a5d49+25]\n\tRtlInitializeExceptionChain [0x0x772dd09b+107]\n\tRtlGetAppContainerNamedObjectPath [0x0x772dd021+561]\n", "status": "passed", "attachments": [{"name": "Screenshot on Failure", "source": "f806ee1d-91e1-401a-893e-d825ba7e467c-attachment.png", "type": "image/png"}], "start": 1749463624681, "stop": 1749463624851}, {"name": "Exception: Message: no such element: Unable to locate element: {\"method\":\"xpath\",\"selector\":\"//button[text()='Proceed']\"}\n  (Session info: chrome=137.0.7151.69); For documentation on this error, please visit: https://www.selenium.dev/documentation/webdriver/troubleshooting/errors#no-such-element-exception\nStacktrace:\n\tGetHandleVerifier [0x0xde3763+63299]\n\tGetHandleVerifier [0x0xde37a4+63364]\n\t(No symbol) [0x0xc11113]\n\t(No symbol) [0x0xc5987e]\n\t(No symbol) [0x0xc59c1b]\n\t(No symbol) [0x0xca2212]\n\t(No symbol) [0x0xc7e5c4]\n\t(No symbol) [0x0xc9fa4a]\n\t(No symbol) [0x0xc7e376]\n\t(No symbol) [0x0xc4d6e0]\n\t(No symbol) [0x0xc4e544]\n\tGetHandleVerifier [0x0x103e033+2531347]\n\tGetHandleVerifier [0x0x1039332+2511634]\n\tGetHandleVerifier [0x0xe09eda+220858]\n\tGetHandleVerifier [0x0xdfa528+156936]\n\tGetHandleVerifier [0x0xe00c5d+183357]\n\tGetHandleVerifier [0x0xdeb6c8+95912]\n\tGetHandleVerifier [0x0xdeb870+96336]\n\tGetHandleVerifier [0x0xdd664a+9770]\n\tBaseThreadInitThunk [0x0x760a5d49+25]\n\tRtlInitializeExceptionChain [0x0x772dd09b+107]\n\tRtlGetAppContainerNamedObjectPath [0x0x772dd021+561]\n", "status": "passed", "attachments": [{"name": "Screenshot on Failure", "source": "dbad4964-6eb0-4317-8ce0-e2d70eb47317-attachment.png", "type": "image/png"}], "start": 1749463625361, "stop": 1749463625489}, {"name": "Exception: Message: no such element: Unable to locate element: {\"method\":\"xpath\",\"selector\":\"//button[text()='Proceed']\"}\n  (Session info: chrome=137.0.7151.69); For documentation on this error, please visit: https://www.selenium.dev/documentation/webdriver/troubleshooting/errors#no-such-element-exception\nStacktrace:\n\tGetHandleVerifier [0x0xde3763+63299]\n\tGetHandleVerifier [0x0xde37a4+63364]\n\t(No symbol) [0x0xc11113]\n\t(No symbol) [0x0xc5987e]\n\t(No symbol) [0x0xc59c1b]\n\t(No symbol) [0x0xca2212]\n\t(No symbol) [0x0xc7e5c4]\n\t(No symbol) [0x0xc9fa4a]\n\t(No symbol) [0x0xc7e376]\n\t(No symbol) [0x0xc4d6e0]\n\t(No symbol) [0x0xc4e544]\n\tGetHandleVerifier [0x0x103e033+2531347]\n\tGetHandleVerifier [0x0x1039332+2511634]\n\tGetHandleVerifier [0x0xe09eda+220858]\n\tGetHandleVerifier [0x0xdfa528+156936]\n\tGetHandleVerifier [0x0xe00c5d+183357]\n\tGetHandleVerifier [0x0xdeb6c8+95912]\n\tGetHandleVerifier [0x0xdeb870+96336]\n\tGetHandleVerifier [0x0xdd664a+9770]\n\tBaseThreadInitThunk [0x0x760a5d49+25]\n\tRtlInitializeExceptionChain [0x0x772dd09b+107]\n\tRtlGetAppContainerNamedObjectPath [0x0x772dd021+561]\n", "status": "passed", "attachments": [{"name": "Screenshot on Failure", "source": "496bef49-2a49-49dd-8a9f-4542c052f564-attachment.png", "type": "image/png"}], "start": 1749463626024, "stop": 1749463626135}, {"name": "Exception: Message: no such element: Unable to locate element: {\"method\":\"xpath\",\"selector\":\"//button[text()='Proceed']\"}\n  (Session info: chrome=137.0.7151.69); For documentation on this error, please visit: https://www.selenium.dev/documentation/webdriver/troubleshooting/errors#no-such-element-exception\nStacktrace:\n\tGetHandleVerifier [0x0xde3763+63299]\n\tGetHandleVerifier [0x0xde37a4+63364]\n\t(No symbol) [0x0xc11113]\n\t(No symbol) [0x0xc5987e]\n\t(No symbol) [0x0xc59c1b]\n\t(No symbol) [0x0xca2212]\n\t(No symbol) [0x0xc7e5c4]\n\t(No symbol) [0x0xc9fa4a]\n\t(No symbol) [0x0xc7e376]\n\t(No symbol) [0x0xc4d6e0]\n\t(No symbol) [0x0xc4e544]\n\tGetHandleVerifier [0x0x103e033+2531347]\n\tGetHandleVerifier [0x0x1039332+2511634]\n\tGetHandleVerifier [0x0xe09eda+220858]\n\tGetHandleVerifier [0x0xdfa528+156936]\n\tGetHandleVerifier [0x0xe00c5d+183357]\n\tGetHandleVerifier [0x0xdeb6c8+95912]\n\tGetHandleVerifier [0x0xdeb870+96336]\n\tGetHandleVerifier [0x0xdd664a+9770]\n\tBaseThreadInitThunk [0x0x760a5d49+25]\n\tRtlInitializeExceptionChain [0x0x772dd09b+107]\n\tRtlGetAppContainerNamedObjectPath [0x0x772dd021+561]\n", "status": "passed", "attachments": [{"name": "Screenshot on Failure", "source": "43da6881-6fb7-472e-84c0-22d169886667-attachment.png", "type": "image/png"}], "start": 1749463626650, "stop": 1749463626768}, {"name": "Exception: Message: no such element: Unable to locate element: {\"method\":\"xpath\",\"selector\":\"//button[text()='Proceed']\"}\n  (Session info: chrome=137.0.7151.69); For documentation on this error, please visit: https://www.selenium.dev/documentation/webdriver/troubleshooting/errors#no-such-element-exception\nStacktrace:\n\tGetHandleVerifier [0x0xde3763+63299]\n\tGetHandleVerifier [0x0xde37a4+63364]\n\t(No symbol) [0x0xc11113]\n\t(No symbol) [0x0xc5987e]\n\t(No symbol) [0x0xc59c1b]\n\t(No symbol) [0x0xca2212]\n\t(No symbol) [0x0xc7e5c4]\n\t(No symbol) [0x0xc9fa4a]\n\t(No symbol) [0x0xc7e376]\n\t(No symbol) [0x0xc4d6e0]\n\t(No symbol) [0x0xc4e544]\n\tGetHandleVerifier [0x0x103e033+2531347]\n\tGetHandleVerifier [0x0x1039332+2511634]\n\tGetHandleVerifier [0x0xe09eda+220858]\n\tGetHandleVerifier [0x0xdfa528+156936]\n\tGetHandleVerifier [0x0xe00c5d+183357]\n\tGetHandleVerifier [0x0xdeb6c8+95912]\n\tGetHandleVerifier [0x0xdeb870+96336]\n\tGetHandleVerifier [0x0xdd664a+9770]\n\tBaseThreadInitThunk [0x0x760a5d49+25]\n\tRtlInitializeExceptionChain [0x0x772dd09b+107]\n\tRtlGetAppContainerNamedObjectPath [0x0x772dd021+561]\n", "status": "passed", "attachments": [{"name": "Screenshot on Failure", "source": "60ead726-d269-4efc-b8e2-8ad1ff5b99e0-attachment.png", "type": "image/png"}], "start": 1749463627290, "stop": 1749463627433}, {"name": "Exception: Message: no such element: Unable to locate element: {\"method\":\"xpath\",\"selector\":\"//button[text()='Proceed']\"}\n  (Session info: chrome=137.0.7151.69); For documentation on this error, please visit: https://www.selenium.dev/documentation/webdriver/troubleshooting/errors#no-such-element-exception\nStacktrace:\n\tGetHandleVerifier [0x0xde3763+63299]\n\tGetHandleVerifier [0x0xde37a4+63364]\n\t(No symbol) [0x0xc11113]\n\t(No symbol) [0x0xc5987e]\n\t(No symbol) [0x0xc59c1b]\n\t(No symbol) [0x0xca2212]\n\t(No symbol) [0x0xc7e5c4]\n\t(No symbol) [0x0xc9fa4a]\n\t(No symbol) [0x0xc7e376]\n\t(No symbol) [0x0xc4d6e0]\n\t(No symbol) [0x0xc4e544]\n\tGetHandleVerifier [0x0x103e033+2531347]\n\tGetHandleVerifier [0x0x1039332+2511634]\n\tGetHandleVerifier [0x0xe09eda+220858]\n\tGetHandleVerifier [0x0xdfa528+156936]\n\tGetHandleVerifier [0x0xe00c5d+183357]\n\tGetHandleVerifier [0x0xdeb6c8+95912]\n\tGetHandleVerifier [0x0xdeb870+96336]\n\tGetHandleVerifier [0x0xdd664a+9770]\n\tBaseThreadInitThunk [0x0x760a5d49+25]\n\tRtlInitializeExceptionChain [0x0x772dd09b+107]\n\tRtlGetAppContainerNamedObjectPath [0x0x772dd021+561]\n", "status": "passed", "attachments": [{"name": "Screenshot on Failure", "source": "886bd4c2-1999-4113-82a4-3c9480e865c4-attachment.png", "type": "image/png"}], "start": 1749463627942, "stop": 1749463628050}, {"name": "Exception: Message: no such element: Unable to locate element: {\"method\":\"xpath\",\"selector\":\"//button[text()='Proceed']\"}\n  (Session info: chrome=137.0.7151.69); For documentation on this error, please visit: https://www.selenium.dev/documentation/webdriver/troubleshooting/errors#no-such-element-exception\nStacktrace:\n\tGetHandleVerifier [0x0xde3763+63299]\n\tGetHandleVerifier [0x0xde37a4+63364]\n\t(No symbol) [0x0xc11113]\n\t(No symbol) [0x0xc5987e]\n\t(No symbol) [0x0xc59c1b]\n\t(No symbol) [0x0xca2212]\n\t(No symbol) [0x0xc7e5c4]\n\t(No symbol) [0x0xc9fa4a]\n\t(No symbol) [0x0xc7e376]\n\t(No symbol) [0x0xc4d6e0]\n\t(No symbol) [0x0xc4e544]\n\tGetHandleVerifier [0x0x103e033+2531347]\n\tGetHandleVerifier [0x0x1039332+2511634]\n\tGetHandleVerifier [0x0xe09eda+220858]\n\tGetHandleVerifier [0x0xdfa528+156936]\n\tGetHandleVerifier [0x0xe00c5d+183357]\n\tGetHandleVerifier [0x0xdeb6c8+95912]\n\tGetHandleVerifier [0x0xdeb870+96336]\n\tGetHandleVerifier [0x0xdd664a+9770]\n\tBaseThreadInitThunk [0x0x760a5d49+25]\n\tRtlInitializeExceptionChain [0x0x772dd09b+107]\n\tRtlGetAppContainerNamedObjectPath [0x0x772dd021+561]\n", "status": "passed", "attachments": [{"name": "Screenshot on Failure", "source": "8a24a08e-22cc-4d54-b506-95d9fb4751ac-attachment.png", "type": "image/png"}], "start": 1749463628559, "stop": 1749463628660}, {"name": "Exception: Message: no such element: Unable to locate element: {\"method\":\"xpath\",\"selector\":\"//button[text()='Proceed']\"}\n  (Session info: chrome=137.0.7151.69); For documentation on this error, please visit: https://www.selenium.dev/documentation/webdriver/troubleshooting/errors#no-such-element-exception\nStacktrace:\n\tGetHandleVerifier [0x0xde3763+63299]\n\tGetHandleVerifier [0x0xde37a4+63364]\n\t(No symbol) [0x0xc11113]\n\t(No symbol) [0x0xc5987e]\n\t(No symbol) [0x0xc59c1b]\n\t(No symbol) [0x0xca2212]\n\t(No symbol) [0x0xc7e5c4]\n\t(No symbol) [0x0xc9fa4a]\n\t(No symbol) [0x0xc7e376]\n\t(No symbol) [0x0xc4d6e0]\n\t(No symbol) [0x0xc4e544]\n\tGetHandleVerifier [0x0x103e033+2531347]\n\tGetHandleVerifier [0x0x1039332+2511634]\n\tGetHandleVerifier [0x0xe09eda+220858]\n\tGetHandleVerifier [0x0xdfa528+156936]\n\tGetHandleVerifier [0x0xe00c5d+183357]\n\tGetHandleVerifier [0x0xdeb6c8+95912]\n\tGetHandleVerifier [0x0xdeb870+96336]\n\tGetHandleVerifier [0x0xdd664a+9770]\n\tBaseThreadInitThunk [0x0x760a5d49+25]\n\tRtlInitializeExceptionChain [0x0x772dd09b+107]\n\tRtlGetAppContainerNamedObjectPath [0x0x772dd021+561]\n", "status": "passed", "attachments": [{"name": "Screenshot on Failure", "source": "a67c33de-e3fd-48cc-a6f8-cecfcaadc317-attachment.png", "type": "image/png"}], "start": 1749463629180, "stop": 1749463629282}, {"name": "Exception: Message: no such element: Unable to locate element: {\"method\":\"xpath\",\"selector\":\"//button[text()='Proceed']\"}\n  (Session info: chrome=137.0.7151.69); For documentation on this error, please visit: https://www.selenium.dev/documentation/webdriver/troubleshooting/errors#no-such-element-exception\nStacktrace:\n\tGetHandleVerifier [0x0xde3763+63299]\n\tGetHandleVerifier [0x0xde37a4+63364]\n\t(No symbol) [0x0xc11113]\n\t(No symbol) [0x0xc5987e]\n\t(No symbol) [0x0xc59c1b]\n\t(No symbol) [0x0xca2212]\n\t(No symbol) [0x0xc7e5c4]\n\t(No symbol) [0x0xc9fa4a]\n\t(No symbol) [0x0xc7e376]\n\t(No symbol) [0x0xc4d6e0]\n\t(No symbol) [0x0xc4e544]\n\tGetHandleVerifier [0x0x103e033+2531347]\n\tGetHandleVerifier [0x0x1039332+2511634]\n\tGetHandleVerifier [0x0xe09eda+220858]\n\tGetHandleVerifier [0x0xdfa528+156936]\n\tGetHandleVerifier [0x0xe00c5d+183357]\n\tGetHandleVerifier [0x0xdeb6c8+95912]\n\tGetHandleVerifier [0x0xdeb870+96336]\n\tGetHandleVerifier [0x0xdd664a+9770]\n\tBaseThreadInitThunk [0x0x760a5d49+25]\n\tRtlInitializeExceptionChain [0x0x772dd09b+107]\n\tRtlGetAppContainerNamedObjectPath [0x0x772dd021+561]\n", "status": "passed", "attachments": [{"name": "Screenshot on Failure", "source": "bb9b3fb3-a322-496b-8e1c-385b8ae77a6f-attachment.png", "type": "image/png"}], "start": 1749463629791, "stop": 1749463629909}, {"name": "Exception: Message: no such element: Unable to locate element: {\"method\":\"xpath\",\"selector\":\"//button[text()='Proceed']\"}\n  (Session info: chrome=137.0.7151.69); For documentation on this error, please visit: https://www.selenium.dev/documentation/webdriver/troubleshooting/errors#no-such-element-exception\nStacktrace:\n\tGetHandleVerifier [0x0xde3763+63299]\n\tGetHandleVerifier [0x0xde37a4+63364]\n\t(No symbol) [0x0xc11113]\n\t(No symbol) [0x0xc5987e]\n\t(No symbol) [0x0xc59c1b]\n\t(No symbol) [0x0xca2212]\n\t(No symbol) [0x0xc7e5c4]\n\t(No symbol) [0x0xc9fa4a]\n\t(No symbol) [0x0xc7e376]\n\t(No symbol) [0x0xc4d6e0]\n\t(No symbol) [0x0xc4e544]\n\tGetHandleVerifier [0x0x103e033+2531347]\n\tGetHandleVerifier [0x0x1039332+2511634]\n\tGetHandleVerifier [0x0xe09eda+220858]\n\tGetHandleVerifier [0x0xdfa528+156936]\n\tGetHandleVerifier [0x0xe00c5d+183357]\n\tGetHandleVerifier [0x0xdeb6c8+95912]\n\tGetHandleVerifier [0x0xdeb870+96336]\n\tGetHandleVerifier [0x0xdd664a+9770]\n\tBaseThreadInitThunk [0x0x760a5d49+25]\n\tRtlInitializeExceptionChain [0x0x772dd09b+107]\n\tRtlGetAppContainerNamedObjectPath [0x0x772dd021+561]\n", "status": "passed", "attachments": [{"name": "Screenshot on Failure", "source": "ad3462c8-37eb-4ec8-834c-09908532bd32-attachment.png", "type": "image/png"}], "start": 1749463630410, "stop": 1749463630533}, {"name": "Exception: Message: no such element: Unable to locate element: {\"method\":\"xpath\",\"selector\":\"//button[text()='Proceed']\"}\n  (Session info: chrome=137.0.7151.69); For documentation on this error, please visit: https://www.selenium.dev/documentation/webdriver/troubleshooting/errors#no-such-element-exception\nStacktrace:\n\tGetHandleVerifier [0x0xde3763+63299]\n\tGetHandleVerifier [0x0xde37a4+63364]\n\t(No symbol) [0x0xc11113]\n\t(No symbol) [0x0xc5987e]\n\t(No symbol) [0x0xc59c1b]\n\t(No symbol) [0x0xca2212]\n\t(No symbol) [0x0xc7e5c4]\n\t(No symbol) [0x0xc9fa4a]\n\t(No symbol) [0x0xc7e376]\n\t(No symbol) [0x0xc4d6e0]\n\t(No symbol) [0x0xc4e544]\n\tGetHandleVerifier [0x0x103e033+2531347]\n\tGetHandleVerifier [0x0x1039332+2511634]\n\tGetHandleVerifier [0x0xe09eda+220858]\n\tGetHandleVerifier [0x0xdfa528+156936]\n\tGetHandleVerifier [0x0xe00c5d+183357]\n\tGetHandleVerifier [0x0xdeb6c8+95912]\n\tGetHandleVerifier [0x0xdeb870+96336]\n\tGetHandleVerifier [0x0xdd664a+9770]\n\tBaseThreadInitThunk [0x0x760a5d49+25]\n\tRtlInitializeExceptionChain [0x0x772dd09b+107]\n\tRtlGetAppContainerNamedObjectPath [0x0x772dd021+561]\n", "status": "passed", "attachments": [{"name": "Screenshot on Failure", "source": "6cc2ed22-086b-4840-8baf-7d0297cb09a0-attachment.png", "type": "image/png"}], "start": 1749463631051, "stop": 1749463631176}, {"name": "Exception: Message: no such element: Unable to locate element: {\"method\":\"xpath\",\"selector\":\"//button[text()='Proceed']\"}\n  (Session info: chrome=137.0.7151.69); For documentation on this error, please visit: https://www.selenium.dev/documentation/webdriver/troubleshooting/errors#no-such-element-exception\nStacktrace:\n\tGetHandleVerifier [0x0xde3763+63299]\n\tGetHandleVerifier [0x0xde37a4+63364]\n\t(No symbol) [0x0xc11113]\n\t(No symbol) [0x0xc5987e]\n\t(No symbol) [0x0xc59c1b]\n\t(No symbol) [0x0xca2212]\n\t(No symbol) [0x0xc7e5c4]\n\t(No symbol) [0x0xc9fa4a]\n\t(No symbol) [0x0xc7e376]\n\t(No symbol) [0x0xc4d6e0]\n\t(No symbol) [0x0xc4e544]\n\tGetHandleVerifier [0x0x103e033+2531347]\n\tGetHandleVerifier [0x0x1039332+2511634]\n\tGetHandleVerifier [0x0xe09eda+220858]\n\tGetHandleVerifier [0x0xdfa528+156936]\n\tGetHandleVerifier [0x0xe00c5d+183357]\n\tGetHandleVerifier [0x0xdeb6c8+95912]\n\tGetHandleVerifier [0x0xdeb870+96336]\n\tGetHandleVerifier [0x0xdd664a+9770]\n\tBaseThreadInitThunk [0x0x760a5d49+25]\n\tRtlInitializeExceptionChain [0x0x772dd09b+107]\n\tRtlGetAppContainerNamedObjectPath [0x0x772dd021+561]\n", "status": "passed", "attachments": [{"name": "Screenshot on Failure", "source": "30d12976-c59c-49ba-a9c8-2c80b9f54001-attachment.png", "type": "image/png"}], "start": 1749463631683, "stop": 1749463631799}, {"name": "Exception: Message: no such element: Unable to locate element: {\"method\":\"xpath\",\"selector\":\"//button[text()='Proceed']\"}\n  (Session info: chrome=137.0.7151.69); For documentation on this error, please visit: https://www.selenium.dev/documentation/webdriver/troubleshooting/errors#no-such-element-exception\nStacktrace:\n\tGetHandleVerifier [0x0xde3763+63299]\n\tGetHandleVerifier [0x0xde37a4+63364]\n\t(No symbol) [0x0xc11113]\n\t(No symbol) [0x0xc5987e]\n\t(No symbol) [0x0xc59c1b]\n\t(No symbol) [0x0xca2212]\n\t(No symbol) [0x0xc7e5c4]\n\t(No symbol) [0x0xc9fa4a]\n\t(No symbol) [0x0xc7e376]\n\t(No symbol) [0x0xc4d6e0]\n\t(No symbol) [0x0xc4e544]\n\tGetHandleVerifier [0x0x103e033+2531347]\n\tGetHandleVerifier [0x0x1039332+2511634]\n\tGetHandleVerifier [0x0xe09eda+220858]\n\tGetHandleVerifier [0x0xdfa528+156936]\n\tGetHandleVerifier [0x0xe00c5d+183357]\n\tGetHandleVerifier [0x0xdeb6c8+95912]\n\tGetHandleVerifier [0x0xdeb870+96336]\n\tGetHandleVerifier [0x0xdd664a+9770]\n\tBaseThreadInitThunk [0x0x760a5d49+25]\n\tRtlInitializeExceptionChain [0x0x772dd09b+107]\n\tRtlGetAppContainerNamedObjectPath [0x0x772dd021+561]\n", "status": "passed", "attachments": [{"name": "Screenshot on Failure", "source": "a31dc299-4b85-47c1-a3c5-1ef854156ad2-attachment.png", "type": "image/png"}], "start": 1749463632300, "stop": 1749463632419}, {"name": "Exception: Message: no such element: Unable to locate element: {\"method\":\"xpath\",\"selector\":\"//button[text()='Proceed']\"}\n  (Session info: chrome=137.0.7151.69); For documentation on this error, please visit: https://www.selenium.dev/documentation/webdriver/troubleshooting/errors#no-such-element-exception\nStacktrace:\n\tGetHandleVerifier [0x0xde3763+63299]\n\tGetHandleVerifier [0x0xde37a4+63364]\n\t(No symbol) [0x0xc11113]\n\t(No symbol) [0x0xc5987e]\n\t(No symbol) [0x0xc59c1b]\n\t(No symbol) [0x0xca2212]\n\t(No symbol) [0x0xc7e5c4]\n\t(No symbol) [0x0xc9fa4a]\n\t(No symbol) [0x0xc7e376]\n\t(No symbol) [0x0xc4d6e0]\n\t(No symbol) [0x0xc4e544]\n\tGetHandleVerifier [0x0x103e033+2531347]\n\tGetHandleVerifier [0x0x1039332+2511634]\n\tGetHandleVerifier [0x0xe09eda+220858]\n\tGetHandleVerifier [0x0xdfa528+156936]\n\tGetHandleVerifier [0x0xe00c5d+183357]\n\tGetHandleVerifier [0x0xdeb6c8+95912]\n\tGetHandleVerifier [0x0xdeb870+96336]\n\tGetHandleVerifier [0x0xdd664a+9770]\n\tBaseThreadInitThunk [0x0x760a5d49+25]\n\tRtlInitializeExceptionChain [0x0x772dd09b+107]\n\tRtlGetAppContainerNamedObjectPath [0x0x772dd021+561]\n", "status": "passed", "attachments": [{"name": "Screenshot on Failure", "source": "c9cc21df-e8c2-46d6-a89e-f0f813f0f58e-attachment.png", "type": "image/png"}], "start": 1749463632920, "stop": 1749463633033}, {"name": "Exception: Message: no such element: Unable to locate element: {\"method\":\"xpath\",\"selector\":\"//button[text()='Proceed']\"}\n  (Session info: chrome=137.0.7151.69); For documentation on this error, please visit: https://www.selenium.dev/documentation/webdriver/troubleshooting/errors#no-such-element-exception\nStacktrace:\n\tGetHandleVerifier [0x0xde3763+63299]\n\tGetHandleVerifier [0x0xde37a4+63364]\n\t(No symbol) [0x0xc11113]\n\t(No symbol) [0x0xc5987e]\n\t(No symbol) [0x0xc59c1b]\n\t(No symbol) [0x0xca2212]\n\t(No symbol) [0x0xc7e5c4]\n\t(No symbol) [0x0xc9fa4a]\n\t(No symbol) [0x0xc7e376]\n\t(No symbol) [0x0xc4d6e0]\n\t(No symbol) [0x0xc4e544]\n\tGetHandleVerifier [0x0x103e033+2531347]\n\tGetHandleVerifier [0x0x1039332+2511634]\n\tGetHandleVerifier [0x0xe09eda+220858]\n\tGetHandleVerifier [0x0xdfa528+156936]\n\tGetHandleVerifier [0x0xe00c5d+183357]\n\tGetHandleVerifier [0x0xdeb6c8+95912]\n\tGetHandleVerifier [0x0xdeb870+96336]\n\tGetHandleVerifier [0x0xdd664a+9770]\n\tBaseThreadInitThunk [0x0x760a5d49+25]\n\tRtlInitializeExceptionChain [0x0x772dd09b+107]\n\tRtlGetAppContainerNamedObjectPath [0x0x772dd021+561]\n", "status": "passed", "attachments": [{"name": "Screenshot on Failure", "source": "7961f02d-4a91-47e8-8c02-52b5b6081452-attachment.png", "type": "image/png"}], "start": 1749463633534, "stop": 1749463633649}, {"name": "Exception: Message: no such element: Unable to locate element: {\"method\":\"xpath\",\"selector\":\"//button[text()='Proceed']\"}\n  (Session info: chrome=137.0.7151.69); For documentation on this error, please visit: https://www.selenium.dev/documentation/webdriver/troubleshooting/errors#no-such-element-exception\nStacktrace:\n\tGetHandleVerifier [0x0xde3763+63299]\n\tGetHandleVerifier [0x0xde37a4+63364]\n\t(No symbol) [0x0xc11113]\n\t(No symbol) [0x0xc5987e]\n\t(No symbol) [0x0xc59c1b]\n\t(No symbol) [0x0xca2212]\n\t(No symbol) [0x0xc7e5c4]\n\t(No symbol) [0x0xc9fa4a]\n\t(No symbol) [0x0xc7e376]\n\t(No symbol) [0x0xc4d6e0]\n\t(No symbol) [0x0xc4e544]\n\tGetHandleVerifier [0x0x103e033+2531347]\n\tGetHandleVerifier [0x0x1039332+2511634]\n\tGetHandleVerifier [0x0xe09eda+220858]\n\tGetHandleVerifier [0x0xdfa528+156936]\n\tGetHandleVerifier [0x0xe00c5d+183357]\n\tGetHandleVerifier [0x0xdeb6c8+95912]\n\tGetHandleVerifier [0x0xdeb870+96336]\n\tGetHandleVerifier [0x0xdd664a+9770]\n\tBaseThreadInitThunk [0x0x760a5d49+25]\n\tRtlInitializeExceptionChain [0x0x772dd09b+107]\n\tRtlGetAppContainerNamedObjectPath [0x0x772dd021+561]\n", "status": "passed", "attachments": [{"name": "Screenshot on Failure", "source": "e8601a8f-b592-4832-9d18-6adfc25cbe9c-attachment.png", "type": "image/png"}], "start": 1749463634150, "stop": 1749463634307}, {"name": "Exception: Message: no such element: Unable to locate element: {\"method\":\"xpath\",\"selector\":\"//button[text()='Proceed']\"}\n  (Session info: chrome=137.0.7151.69); For documentation on this error, please visit: https://www.selenium.dev/documentation/webdriver/troubleshooting/errors#no-such-element-exception\nStacktrace:\n\tGetHandleVerifier [0x0xde3763+63299]\n\tGetHandleVerifier [0x0xde37a4+63364]\n\t(No symbol) [0x0xc11113]\n\t(No symbol) [0x0xc5987e]\n\t(No symbol) [0x0xc59c1b]\n\t(No symbol) [0x0xca2212]\n\t(No symbol) [0x0xc7e5c4]\n\t(No symbol) [0x0xc9fa4a]\n\t(No symbol) [0x0xc7e376]\n\t(No symbol) [0x0xc4d6e0]\n\t(No symbol) [0x0xc4e544]\n\tGetHandleVerifier [0x0x103e033+2531347]\n\tGetHandleVerifier [0x0x1039332+2511634]\n\tGetHandleVerifier [0x0xe09eda+220858]\n\tGetHandleVerifier [0x0xdfa528+156936]\n\tGetHandleVerifier [0x0xe00c5d+183357]\n\tGetHandleVerifier [0x0xdeb6c8+95912]\n\tGetHandleVerifier [0x0xdeb870+96336]\n\tGetHandleVerifier [0x0xdd664a+9770]\n\tBaseThreadInitThunk [0x0x760a5d49+25]\n\tRtlInitializeExceptionChain [0x0x772dd09b+107]\n\tRtlGetAppContainerNamedObjectPath [0x0x772dd021+561]\n", "status": "passed", "attachments": [{"name": "Screenshot on Failure", "source": "70b30e10-5b68-49e4-a1d8-b1325e062e39-attachment.png", "type": "image/png"}], "start": 1749463634816, "stop": 1749463634950}, {"name": "Exception: Message: no such element: Unable to locate element: {\"method\":\"xpath\",\"selector\":\"//button[text()='Proceed']\"}\n  (Session info: chrome=137.0.7151.69); For documentation on this error, please visit: https://www.selenium.dev/documentation/webdriver/troubleshooting/errors#no-such-element-exception\nStacktrace:\n\tGetHandleVerifier [0x0xde3763+63299]\n\tGetHandleVerifier [0x0xde37a4+63364]\n\t(No symbol) [0x0xc11113]\n\t(No symbol) [0x0xc5987e]\n\t(No symbol) [0x0xc59c1b]\n\t(No symbol) [0x0xca2212]\n\t(No symbol) [0x0xc7e5c4]\n\t(No symbol) [0x0xc9fa4a]\n\t(No symbol) [0x0xc7e376]\n\t(No symbol) [0x0xc4d6e0]\n\t(No symbol) [0x0xc4e544]\n\tGetHandleVerifier [0x0x103e033+2531347]\n\tGetHandleVerifier [0x0x1039332+2511634]\n\tGetHandleVerifier [0x0xe09eda+220858]\n\tGetHandleVerifier [0x0xdfa528+156936]\n\tGetHandleVerifier [0x0xe00c5d+183357]\n\tGetHandleVerifier [0x0xdeb6c8+95912]\n\tGetHandleVerifier [0x0xdeb870+96336]\n\tGetHandleVerifier [0x0xdd664a+9770]\n\tBaseThreadInitThunk [0x0x760a5d49+25]\n\tRtlInitializeExceptionChain [0x0x772dd09b+107]\n\tRtlGetAppContainerNamedObjectPath [0x0x772dd021+561]\n", "status": "passed", "attachments": [{"name": "Screenshot on Failure", "source": "e7d624a6-d5a2-4668-a4f7-88dd680ca096-attachment.png", "type": "image/png"}], "start": 1749463635468, "stop": 1749463635591}, {"name": "Exception: Message: no such element: Unable to locate element: {\"method\":\"xpath\",\"selector\":\"//button[text()='Proceed']\"}\n  (Session info: chrome=137.0.7151.69); For documentation on this error, please visit: https://www.selenium.dev/documentation/webdriver/troubleshooting/errors#no-such-element-exception\nStacktrace:\n\tGetHandleVerifier [0x0xde3763+63299]\n\tGetHandleVerifier [0x0xde37a4+63364]\n\t(No symbol) [0x0xc11113]\n\t(No symbol) [0x0xc5987e]\n\t(No symbol) [0x0xc59c1b]\n\t(No symbol) [0x0xca2212]\n\t(No symbol) [0x0xc7e5c4]\n\t(No symbol) [0x0xc9fa4a]\n\t(No symbol) [0x0xc7e376]\n\t(No symbol) [0x0xc4d6e0]\n\t(No symbol) [0x0xc4e544]\n\tGetHandleVerifier [0x0x103e033+2531347]\n\tGetHandleVerifier [0x0x1039332+2511634]\n\tGetHandleVerifier [0x0xe09eda+220858]\n\tGetHandleVerifier [0x0xdfa528+156936]\n\tGetHandleVerifier [0x0xe00c5d+183357]\n\tGetHandleVerifier [0x0xdeb6c8+95912]\n\tGetHandleVerifier [0x0xdeb870+96336]\n\tGetHandleVerifier [0x0xdd664a+9770]\n\tBaseThreadInitThunk [0x0x760a5d49+25]\n\tRtlInitializeExceptionChain [0x0x772dd09b+107]\n\tRtlGetAppContainerNamedObjectPath [0x0x772dd021+561]\n", "status": "passed", "attachments": [{"name": "Screenshot on Failure", "source": "9074d13f-8c36-4bb2-92d1-359e9c05e273-attachment.png", "type": "image/png"}], "start": 1749463636100, "stop": 1749463636219}, {"name": "Exception: Message: no such element: Unable to locate element: {\"method\":\"xpath\",\"selector\":\"//button[text()='Proceed']\"}\n  (Session info: chrome=137.0.7151.69); For documentation on this error, please visit: https://www.selenium.dev/documentation/webdriver/troubleshooting/errors#no-such-element-exception\nStacktrace:\n\tGetHandleVerifier [0x0xde3763+63299]\n\tGetHandleVerifier [0x0xde37a4+63364]\n\t(No symbol) [0x0xc11113]\n\t(No symbol) [0x0xc5987e]\n\t(No symbol) [0x0xc59c1b]\n\t(No symbol) [0x0xca2212]\n\t(No symbol) [0x0xc7e5c4]\n\t(No symbol) [0x0xc9fa4a]\n\t(No symbol) [0x0xc7e376]\n\t(No symbol) [0x0xc4d6e0]\n\t(No symbol) [0x0xc4e544]\n\tGetHandleVerifier [0x0x103e033+2531347]\n\tGetHandleVerifier [0x0x1039332+2511634]\n\tGetHandleVerifier [0x0xe09eda+220858]\n\tGetHandleVerifier [0x0xdfa528+156936]\n\tGetHandleVerifier [0x0xe00c5d+183357]\n\tGetHandleVerifier [0x0xdeb6c8+95912]\n\tGetHandleVerifier [0x0xdeb870+96336]\n\tGetHandleVerifier [0x0xdd664a+9770]\n\tBaseThreadInitThunk [0x0x760a5d49+25]\n\tRtlInitializeExceptionChain [0x0x772dd09b+107]\n\tRtlGetAppContainerNamedObjectPath [0x0x772dd021+561]\n", "status": "passed", "attachments": [{"name": "Screenshot on Failure", "source": "39bd1611-f68b-4ea0-af28-5a5e2b9568d4-attachment.png", "type": "image/png"}], "start": 1749463636720, "stop": 1749463636852}, {"name": "Exception: Message: no such element: Unable to locate element: {\"method\":\"xpath\",\"selector\":\"//button[text()='Proceed']\"}\n  (Session info: chrome=137.0.7151.69); For documentation on this error, please visit: https://www.selenium.dev/documentation/webdriver/troubleshooting/errors#no-such-element-exception\nStacktrace:\n\tGetHandleVerifier [0x0xde3763+63299]\n\tGetHandleVerifier [0x0xde37a4+63364]\n\t(No symbol) [0x0xc11113]\n\t(No symbol) [0x0xc5987e]\n\t(No symbol) [0x0xc59c1b]\n\t(No symbol) [0x0xca2212]\n\t(No symbol) [0x0xc7e5c4]\n\t(No symbol) [0x0xc9fa4a]\n\t(No symbol) [0x0xc7e376]\n\t(No symbol) [0x0xc4d6e0]\n\t(No symbol) [0x0xc4e544]\n\tGetHandleVerifier [0x0x103e033+2531347]\n\tGetHandleVerifier [0x0x1039332+2511634]\n\tGetHandleVerifier [0x0xe09eda+220858]\n\tGetHandleVerifier [0x0xdfa528+156936]\n\tGetHandleVerifier [0x0xe00c5d+183357]\n\tGetHandleVerifier [0x0xdeb6c8+95912]\n\tGetHandleVerifier [0x0xdeb870+96336]\n\tGetHandleVerifier [0x0xdd664a+9770]\n\tBaseThreadInitThunk [0x0x760a5d49+25]\n\tRtlInitializeExceptionChain [0x0x772dd09b+107]\n\tRtlGetAppContainerNamedObjectPath [0x0x772dd021+561]\n", "status": "passed", "attachments": [{"name": "Screenshot on Failure", "source": "cd0afbfe-1c49-4296-9499-bcd70dfcea6a-attachment.png", "type": "image/png"}], "start": 1749463637363, "stop": 1749463637485}, {"name": "Exception: Message: no such element: Unable to locate element: {\"method\":\"xpath\",\"selector\":\"//button[text()='Proceed']\"}\n  (Session info: chrome=137.0.7151.69); For documentation on this error, please visit: https://www.selenium.dev/documentation/webdriver/troubleshooting/errors#no-such-element-exception\nStacktrace:\n\tGetHandleVerifier [0x0xde3763+63299]\n\tGetHandleVerifier [0x0xde37a4+63364]\n\t(No symbol) [0x0xc11113]\n\t(No symbol) [0x0xc5987e]\n\t(No symbol) [0x0xc59c1b]\n\t(No symbol) [0x0xca2212]\n\t(No symbol) [0x0xc7e5c4]\n\t(No symbol) [0x0xc9fa4a]\n\t(No symbol) [0x0xc7e376]\n\t(No symbol) [0x0xc4d6e0]\n\t(No symbol) [0x0xc4e544]\n\tGetHandleVerifier [0x0x103e033+2531347]\n\tGetHandleVerifier [0x0x1039332+2511634]\n\tGetHandleVerifier [0x0xe09eda+220858]\n\tGetHandleVerifier [0x0xdfa528+156936]\n\tGetHandleVerifier [0x0xe00c5d+183357]\n\tGetHandleVerifier [0x0xdeb6c8+95912]\n\tGetHandleVerifier [0x0xdeb870+96336]\n\tGetHandleVerifier [0x0xdd664a+9770]\n\tBaseThreadInitThunk [0x0x760a5d49+25]\n\tRtlInitializeExceptionChain [0x0x772dd09b+107]\n\tRtlGetAppContainerNamedObjectPath [0x0x772dd021+561]\n", "status": "passed", "attachments": [{"name": "Screenshot on Failure", "source": "65e1d40d-b33b-4337-a5b5-466c63da0044-attachment.png", "type": "image/png"}], "start": 1749463637986, "stop": 1749463638102}, {"name": "Exception: Message: no such element: Unable to locate element: {\"method\":\"xpath\",\"selector\":\"//button[text()='Proceed']\"}\n  (Session info: chrome=137.0.7151.69); For documentation on this error, please visit: https://www.selenium.dev/documentation/webdriver/troubleshooting/errors#no-such-element-exception\nStacktrace:\n\tGetHandleVerifier [0x0xde3763+63299]\n\tGetHandleVerifier [0x0xde37a4+63364]\n\t(No symbol) [0x0xc11113]\n\t(No symbol) [0x0xc5987e]\n\t(No symbol) [0x0xc59c1b]\n\t(No symbol) [0x0xca2212]\n\t(No symbol) [0x0xc7e5c4]\n\t(No symbol) [0x0xc9fa4a]\n\t(No symbol) [0x0xc7e376]\n\t(No symbol) [0x0xc4d6e0]\n\t(No symbol) [0x0xc4e544]\n\tGetHandleVerifier [0x0x103e033+2531347]\n\tGetHandleVerifier [0x0x1039332+2511634]\n\tGetHandleVerifier [0x0xe09eda+220858]\n\tGetHandleVerifier [0x0xdfa528+156936]\n\tGetHandleVerifier [0x0xe00c5d+183357]\n\tGetHandleVerifier [0x0xdeb6c8+95912]\n\tGetHandleVerifier [0x0xdeb870+96336]\n\tGetHandleVerifier [0x0xdd664a+9770]\n\tBaseThreadInitThunk [0x0x760a5d49+25]\n\tRtlInitializeExceptionChain [0x0x772dd09b+107]\n\tRtlGetAppContainerNamedObjectPath [0x0x772dd021+561]\n", "status": "passed", "attachments": [{"name": "Screenshot on Failure", "source": "1c166c89-7fd1-402a-b792-5b3d0fbfac63-attachment.png", "type": "image/png"}], "start": 1749463638626, "stop": 1749463638749}, {"name": "Exception: Message: no such element: Unable to locate element: {\"method\":\"xpath\",\"selector\":\"//button[text()='Proceed']\"}\n  (Session info: chrome=137.0.7151.69); For documentation on this error, please visit: https://www.selenium.dev/documentation/webdriver/troubleshooting/errors#no-such-element-exception\nStacktrace:\n\tGetHandleVerifier [0x0xde3763+63299]\n\tGetHandleVerifier [0x0xde37a4+63364]\n\t(No symbol) [0x0xc11113]\n\t(No symbol) [0x0xc5987e]\n\t(No symbol) [0x0xc59c1b]\n\t(No symbol) [0x0xca2212]\n\t(No symbol) [0x0xc7e5c4]\n\t(No symbol) [0x0xc9fa4a]\n\t(No symbol) [0x0xc7e376]\n\t(No symbol) [0x0xc4d6e0]\n\t(No symbol) [0x0xc4e544]\n\tGetHandleVerifier [0x0x103e033+2531347]\n\tGetHandleVerifier [0x0x1039332+2511634]\n\tGetHandleVerifier [0x0xe09eda+220858]\n\tGetHandleVerifier [0x0xdfa528+156936]\n\tGetHandleVerifier [0x0xe00c5d+183357]\n\tGetHandleVerifier [0x0xdeb6c8+95912]\n\tGetHandleVerifier [0x0xdeb870+96336]\n\tGetHandleVerifier [0x0xdd664a+9770]\n\tBaseThreadInitThunk [0x0x760a5d49+25]\n\tRtlInitializeExceptionChain [0x0x772dd09b+107]\n\tRtlGetAppContainerNamedObjectPath [0x0x772dd021+561]\n", "status": "passed", "attachments": [{"name": "Screenshot on Failure", "source": "3161267a-b63a-41c8-9437-0cf1fa67a548-attachment.png", "type": "image/png"}], "start": 1749463639264, "stop": 1749463639401}, {"name": "Exception: Message: no such element: Unable to locate element: {\"method\":\"xpath\",\"selector\":\"//button[text()='Proceed']\"}\n  (Session info: chrome=137.0.7151.69); For documentation on this error, please visit: https://www.selenium.dev/documentation/webdriver/troubleshooting/errors#no-such-element-exception\nStacktrace:\n\tGetHandleVerifier [0x0xde3763+63299]\n\tGetHandleVerifier [0x0xde37a4+63364]\n\t(No symbol) [0x0xc11113]\n\t(No symbol) [0x0xc5987e]\n\t(No symbol) [0x0xc59c1b]\n\t(No symbol) [0x0xca2212]\n\t(No symbol) [0x0xc7e5c4]\n\t(No symbol) [0x0xc9fa4a]\n\t(No symbol) [0x0xc7e376]\n\t(No symbol) [0x0xc4d6e0]\n\t(No symbol) [0x0xc4e544]\n\tGetHandleVerifier [0x0x103e033+2531347]\n\tGetHandleVerifier [0x0x1039332+2511634]\n\tGetHandleVerifier [0x0xe09eda+220858]\n\tGetHandleVerifier [0x0xdfa528+156936]\n\tGetHandleVerifier [0x0xe00c5d+183357]\n\tGetHandleVerifier [0x0xdeb6c8+95912]\n\tGetHandleVerifier [0x0xdeb870+96336]\n\tGetHandleVerifier [0x0xdd664a+9770]\n\tBaseThreadInitThunk [0x0x760a5d49+25]\n\tRtlInitializeExceptionChain [0x0x772dd09b+107]\n\tRtlGetAppContainerNamedObjectPath [0x0x772dd021+561]\n", "status": "passed", "attachments": [{"name": "Screenshot on Failure", "source": "be99d268-206b-41a3-95f1-6585927e9b1c-attachment.png", "type": "image/png"}], "start": 1749463639931, "stop": 1749463640067}, {"name": "Exception: Message: no such element: Unable to locate element: {\"method\":\"xpath\",\"selector\":\"//button[text()='Proceed']\"}\n  (Session info: chrome=137.0.7151.69); For documentation on this error, please visit: https://www.selenium.dev/documentation/webdriver/troubleshooting/errors#no-such-element-exception\nStacktrace:\n\tGetHandleVerifier [0x0xde3763+63299]\n\tGetHandleVerifier [0x0xde37a4+63364]\n\t(No symbol) [0x0xc11113]\n\t(No symbol) [0x0xc5987e]\n\t(No symbol) [0x0xc59c1b]\n\t(No symbol) [0x0xca2212]\n\t(No symbol) [0x0xc7e5c4]\n\t(No symbol) [0x0xc9fa4a]\n\t(No symbol) [0x0xc7e376]\n\t(No symbol) [0x0xc4d6e0]\n\t(No symbol) [0x0xc4e544]\n\tGetHandleVerifier [0x0x103e033+2531347]\n\tGetHandleVerifier [0x0x1039332+2511634]\n\tGetHandleVerifier [0x0xe09eda+220858]\n\tGetHandleVerifier [0x0xdfa528+156936]\n\tGetHandleVerifier [0x0xe00c5d+183357]\n\tGetHandleVerifier [0x0xdeb6c8+95912]\n\tGetHandleVerifier [0x0xdeb870+96336]\n\tGetHandleVerifier [0x0xdd664a+9770]\n\tBaseThreadInitThunk [0x0x760a5d49+25]\n\tRtlInitializeExceptionChain [0x0x772dd09b+107]\n\tRtlGetAppContainerNamedObjectPath [0x0x772dd021+561]\n", "status": "passed", "attachments": [{"name": "Screenshot on Failure", "source": "1dd911da-172b-4894-af45-258ef0bd990d-attachment.png", "type": "image/png"}], "start": 1749463640581, "stop": 1749463640685}, {"name": "Exception: Message: no such element: Unable to locate element: {\"method\":\"xpath\",\"selector\":\"//button[text()='Proceed']\"}\n  (Session info: chrome=137.0.7151.69); For documentation on this error, please visit: https://www.selenium.dev/documentation/webdriver/troubleshooting/errors#no-such-element-exception\nStacktrace:\n\tGetHandleVerifier [0x0xde3763+63299]\n\tGetHandleVerifier [0x0xde37a4+63364]\n\t(No symbol) [0x0xc11113]\n\t(No symbol) [0x0xc5987e]\n\t(No symbol) [0x0xc59c1b]\n\t(No symbol) [0x0xca2212]\n\t(No symbol) [0x0xc7e5c4]\n\t(No symbol) [0x0xc9fa4a]\n\t(No symbol) [0x0xc7e376]\n\t(No symbol) [0x0xc4d6e0]\n\t(No symbol) [0x0xc4e544]\n\tGetHandleVerifier [0x0x103e033+2531347]\n\tGetHandleVerifier [0x0x1039332+2511634]\n\tGetHandleVerifier [0x0xe09eda+220858]\n\tGetHandleVerifier [0x0xdfa528+156936]\n\tGetHandleVerifier [0x0xe00c5d+183357]\n\tGetHandleVerifier [0x0xdeb6c8+95912]\n\tGetHandleVerifier [0x0xdeb870+96336]\n\tGetHandleVerifier [0x0xdd664a+9770]\n\tBaseThreadInitThunk [0x0x760a5d49+25]\n\tRtlInitializeExceptionChain [0x0x772dd09b+107]\n\tRtlGetAppContainerNamedObjectPath [0x0x772dd021+561]\n", "status": "passed", "attachments": [{"name": "Screenshot on Failure", "source": "bdb55943-3a73-4560-80ef-0617f444c032-attachment.png", "type": "image/png"}], "start": 1749463641222, "stop": 1749463641349}, {"name": "Exception: Message: no such element: Unable to locate element: {\"method\":\"xpath\",\"selector\":\"//button[text()='Proceed']\"}\n  (Session info: chrome=137.0.7151.69); For documentation on this error, please visit: https://www.selenium.dev/documentation/webdriver/troubleshooting/errors#no-such-element-exception\nStacktrace:\n\tGetHandleVerifier [0x0xde3763+63299]\n\tGetHandleVerifier [0x0xde37a4+63364]\n\t(No symbol) [0x0xc11113]\n\t(No symbol) [0x0xc5987e]\n\t(No symbol) [0x0xc59c1b]\n\t(No symbol) [0x0xca2212]\n\t(No symbol) [0x0xc7e5c4]\n\t(No symbol) [0x0xc9fa4a]\n\t(No symbol) [0x0xc7e376]\n\t(No symbol) [0x0xc4d6e0]\n\t(No symbol) [0x0xc4e544]\n\tGetHandleVerifier [0x0x103e033+2531347]\n\tGetHandleVerifier [0x0x1039332+2511634]\n\tGetHandleVerifier [0x0xe09eda+220858]\n\tGetHandleVerifier [0x0xdfa528+156936]\n\tGetHandleVerifier [0x0xe00c5d+183357]\n\tGetHandleVerifier [0x0xdeb6c8+95912]\n\tGetHandleVerifier [0x0xdeb870+96336]\n\tGetHandleVerifier [0x0xdd664a+9770]\n\tBaseThreadInitThunk [0x0x760a5d49+25]\n\tRtlInitializeExceptionChain [0x0x772dd09b+107]\n\tRtlGetAppContainerNamedObjectPath [0x0x772dd021+561]\n", "status": "passed", "attachments": [{"name": "Screenshot on Failure", "source": "7cfb207c-6f4d-4563-9f04-37c98ec06b46-attachment.png", "type": "image/png"}], "start": 1749463641862, "stop": 1749463641953}, {"name": "Exception: Message: no such element: Unable to locate element: {\"method\":\"xpath\",\"selector\":\"//button[text()='Proceed']\"}\n  (Session info: chrome=137.0.7151.69); For documentation on this error, please visit: https://www.selenium.dev/documentation/webdriver/troubleshooting/errors#no-such-element-exception\nStacktrace:\n\tGetHandleVerifier [0x0xde3763+63299]\n\tGetHandleVerifier [0x0xde37a4+63364]\n\t(No symbol) [0x0xc11113]\n\t(No symbol) [0x0xc5987e]\n\t(No symbol) [0x0xc59c1b]\n\t(No symbol) [0x0xca2212]\n\t(No symbol) [0x0xc7e5c4]\n\t(No symbol) [0x0xc9fa4a]\n\t(No symbol) [0x0xc7e376]\n\t(No symbol) [0x0xc4d6e0]\n\t(No symbol) [0x0xc4e544]\n\tGetHandleVerifier [0x0x103e033+2531347]\n\tGetHandleVerifier [0x0x1039332+2511634]\n\tGetHandleVerifier [0x0xe09eda+220858]\n\tGetHandleVerifier [0x0xdfa528+156936]\n\tGetHandleVerifier [0x0xe00c5d+183357]\n\tGetHandleVerifier [0x0xdeb6c8+95912]\n\tGetHandleVerifier [0x0xdeb870+96336]\n\tGetHandleVerifier [0x0xdd664a+9770]\n\tBaseThreadInitThunk [0x0x760a5d49+25]\n\tRtlInitializeExceptionChain [0x0x772dd09b+107]\n\tRtlGetAppContainerNamedObjectPath [0x0x772dd021+561]\n", "status": "passed", "attachments": [{"name": "Screenshot on Failure", "source": "868ad97d-a416-4937-9e0d-76a94680aa2f-attachment.png", "type": "image/png"}], "start": 1749463642484, "stop": 1749463642603}, {"name": "Exception: Message: no such element: Unable to locate element: {\"method\":\"xpath\",\"selector\":\"//button[text()='Proceed']\"}\n  (Session info: chrome=137.0.7151.69); For documentation on this error, please visit: https://www.selenium.dev/documentation/webdriver/troubleshooting/errors#no-such-element-exception\nStacktrace:\n\tGetHandleVerifier [0x0xde3763+63299]\n\tGetHandleVerifier [0x0xde37a4+63364]\n\t(No symbol) [0x0xc11113]\n\t(No symbol) [0x0xc5987e]\n\t(No symbol) [0x0xc59c1b]\n\t(No symbol) [0x0xca2212]\n\t(No symbol) [0x0xc7e5c4]\n\t(No symbol) [0x0xc9fa4a]\n\t(No symbol) [0x0xc7e376]\n\t(No symbol) [0x0xc4d6e0]\n\t(No symbol) [0x0xc4e544]\n\tGetHandleVerifier [0x0x103e033+2531347]\n\tGetHandleVerifier [0x0x1039332+2511634]\n\tGetHandleVerifier [0x0xe09eda+220858]\n\tGetHandleVerifier [0x0xdfa528+156936]\n\tGetHandleVerifier [0x0xe00c5d+183357]\n\tGetHandleVerifier [0x0xdeb6c8+95912]\n\tGetHandleVerifier [0x0xdeb870+96336]\n\tGetHandleVerifier [0x0xdd664a+9770]\n\tBaseThreadInitThunk [0x0x760a5d49+25]\n\tRtlInitializeExceptionChain [0x0x772dd09b+107]\n\tRtlGetAppContainerNamedObjectPath [0x0x772dd021+561]\n", "status": "passed", "attachments": [{"name": "Screenshot on Failure", "source": "90c6f583-77e7-4e71-bd99-1dd68c4ea81e-attachment.png", "type": "image/png"}], "start": 1749463643134, "stop": 1749463643265}, {"name": "Exception: Message: no such element: Unable to locate element: {\"method\":\"xpath\",\"selector\":\"//button[text()='Proceed']\"}\n  (Session info: chrome=137.0.7151.69); For documentation on this error, please visit: https://www.selenium.dev/documentation/webdriver/troubleshooting/errors#no-such-element-exception\nStacktrace:\n\tGetHandleVerifier [0x0xde3763+63299]\n\tGetHandleVerifier [0x0xde37a4+63364]\n\t(No symbol) [0x0xc11113]\n\t(No symbol) [0x0xc5987e]\n\t(No symbol) [0x0xc59c1b]\n\t(No symbol) [0x0xca2212]\n\t(No symbol) [0x0xc7e5c4]\n\t(No symbol) [0x0xc9fa4a]\n\t(No symbol) [0x0xc7e376]\n\t(No symbol) [0x0xc4d6e0]\n\t(No symbol) [0x0xc4e544]\n\tGetHandleVerifier [0x0x103e033+2531347]\n\tGetHandleVerifier [0x0x1039332+2511634]\n\tGetHandleVerifier [0x0xe09eda+220858]\n\tGetHandleVerifier [0x0xdfa528+156936]\n\tGetHandleVerifier [0x0xe00c5d+183357]\n\tGetHandleVerifier [0x0xdeb6c8+95912]\n\tGetHandleVerifier [0x0xdeb870+96336]\n\tGetHandleVerifier [0x0xdd664a+9770]\n\tBaseThreadInitThunk [0x0x760a5d49+25]\n\tRtlInitializeExceptionChain [0x0x772dd09b+107]\n\tRtlGetAppContainerNamedObjectPath [0x0x772dd021+561]\n", "status": "passed", "attachments": [{"name": "Screenshot on Failure", "source": "0b339fbd-2620-42ac-8c5e-caa9c48f791f-attachment.png", "type": "image/png"}], "start": 1749463643768, "stop": 1749463643903}, {"name": "Exception: Message: no such element: Unable to locate element: {\"method\":\"xpath\",\"selector\":\"//button[text()='Proceed']\"}\n  (Session info: chrome=137.0.7151.69); For documentation on this error, please visit: https://www.selenium.dev/documentation/webdriver/troubleshooting/errors#no-such-element-exception\nStacktrace:\n\tGetHandleVerifier [0x0xde3763+63299]\n\tGetHandleVerifier [0x0xde37a4+63364]\n\t(No symbol) [0x0xc11113]\n\t(No symbol) [0x0xc5987e]\n\t(No symbol) [0x0xc59c1b]\n\t(No symbol) [0x0xca2212]\n\t(No symbol) [0x0xc7e5c4]\n\t(No symbol) [0x0xc9fa4a]\n\t(No symbol) [0x0xc7e376]\n\t(No symbol) [0x0xc4d6e0]\n\t(No symbol) [0x0xc4e544]\n\tGetHandleVerifier [0x0x103e033+2531347]\n\tGetHandleVerifier [0x0x1039332+2511634]\n\tGetHandleVerifier [0x0xe09eda+220858]\n\tGetHandleVerifier [0x0xdfa528+156936]\n\tGetHandleVerifier [0x0xe00c5d+183357]\n\tGetHandleVerifier [0x0xdeb6c8+95912]\n\tGetHandleVerifier [0x0xdeb870+96336]\n\tGetHandleVerifier [0x0xdd664a+9770]\n\tBaseThreadInitThunk [0x0x760a5d49+25]\n\tRtlInitializeExceptionChain [0x0x772dd09b+107]\n\tRtlGetAppContainerNamedObjectPath [0x0x772dd021+561]\n", "status": "passed", "attachments": [{"name": "Screenshot on Failure", "source": "80d393ef-6cae-4851-bb25-717a55145282-attachment.png", "type": "image/png"}], "start": 1749463644414, "stop": 1749463644533}], "attachments": [{"name": "Test Log", "source": "f0d58e38-ea4b-48bf-acc5-879c9c758f16-attachment.txt", "type": "text/plain"}, {"name": "Screenshot on Failure", "source": "bc2df25b-6ff4-4540-9b3c-3ffda3f1131e-attachment.png", "type": "image/png"}, {"name": "log", "source": "0dd4ca7d-d7ff-4be5-9097-43ad0de3b3cb-attachment.txt", "type": "text/plain"}, {"name": "stdout", "source": "96b0351f-4af7-4b2f-81b5-89dd122bdb79-attachment.txt", "type": "text/plain"}, {"name": "stderr", "source": "7635d9c2-f589-4057-9906-28c50cbed76c-attachment.txt", "type": "text/plain"}], "start": 1749463608927, "stop": 1749463644533, "uuid": "338852cb-200d-41d9-aae5-3ab3be3f4ec7", "historyId": "693ac28b1fdb380deffcf88e3a3b318d", "testCaseId": "693ac28b1fdb380deffcf88e3a3b318d", "fullName": "test_provineer#test_shared_feature", "labels": [{"name": "suite", "value": "test_provineer"}, {"name": "host", "value": "DESKTOP-CNNS4HO"}, {"name": "thread", "value": "7572-MainThread"}, {"name": "framework", "value": "pytest"}, {"name": "language", "value": "cpython3"}, {"name": "package", "value": "test_provineer"}]}