{"name": "test_proofs_and_certificates", "status": "passed", "steps": [{"name": "User login", "status": "passed", "start": 1749124809269, "stop": 1749124809269}, {"name": "Navigating to URL: https://provineer.com/login", "status": "passed", "start": 1749124809269, "stop": 1749124809269}, {"name": "Trying to input into <input>", "status": "passed", "start": 1749124809904, "stop": 1749124809904}, {"name": "Trying to input into <input>", "status": "passed", "start": 1749124809928, "stop": 1749124809928}, {"name": "Trying to input into <input>", "status": "passed", "start": 1749124810048, "stop": 1749124810048}, {"name": "Trying to input into <input>", "status": "passed", "start": 1749124810114, "stop": 1749124810114}, {"name": "Trying to click on <button> with text 'Sign In'", "status": "passed", "start": 1749124810229, "stop": 1749124810229}, {"name": "Testing e-certificate", "status": "passed", "start": 1749124810296, "stop": 1749124810296}, {"name": "Exception: Message: no such element: Unable to locate element: {\"method\":\"xpath\",\"selector\":\"//img[@alt='User Avatar']\"}\n  (Session info: chrome=137.0.7151.56); For documentation on this error, please visit: https://www.selenium.dev/documentation/webdriver/troubleshooting/errors#no-such-element-exception\nStacktrace:\n\tGetHandleVerifier [0x0x1113763+63299]\n\tGetHandleVerifier [0x0x11137a4+63364]\n\t(No symbol) [0x0xf41113]\n\t(No symbol) [0x0xf8987e]\n\t(No symbol) [0x0xf89c1b]\n\t(No symbol) [0x0xfd2212]\n\t(No symbol) [0x0xfae5c4]\n\t(No symbol) [0x0xfcfa4a]\n\t(No symbol) [0x0xfae376]\n\t(No symbol) [0x0xf7d6e0]\n\t(No symbol) [0x0xf7e544]\n\tGetHandleVerifier [0x0x136e033+2531347]\n\tGetHandleVerifier [0x0x1369332+2511634]\n\tGetHandleVerifier [0x0x1139eda+220858]\n\tGetHandleVerifier [0x0x112a528+156936]\n\tGetHandleVerifier [0x0x1130c5d+183357]\n\tGetHandleVerifier [0x0x111b6c8+95912]\n\tGetHandleVerifier [0x0x111b870+96336]\n\tGetHandleVerifier [0x0x110664a+9770]\n\tBaseThreadInitThunk [0x0x760a5d49+25]\n\tRtlInitializeExceptionChain [0x0x772dd09b+107]\n\tRtlGetAppContainerNamedObjectPath [0x0x772dd021+561]\n", "status": "passed", "attachments": [{"name": "Screenshot on Failure", "source": "ecf6adc1-7106-4f4e-8a8c-1df71949972d-attachment.png", "type": "image/png"}], "start": 1749124810315, "stop": 1749124810470}, {"name": "Trying to click on <img> with text 'No text'", "status": "passed", "start": 1749124811021, "stop": 1749124811021}, {"name": "Trying to click on <span> with text 'My uploads'", "status": "passed", "start": 1749124811615, "stop": 1749124811615}, {"name": "Exception: Message: no such element: Unable to locate element: {\"method\":\"xpath\",\"selector\":\"//img[@alt='Uploaded produce']\"}\n  (Session info: chrome=137.0.7151.56); For documentation on this error, please visit: https://www.selenium.dev/documentation/webdriver/troubleshooting/errors#no-such-element-exception\nStacktrace:\n\tGetHandleVerifier [0x0x1113763+63299]\n\tGetHandleVerifier [0x0x11137a4+63364]\n\t(No symbol) [0x0xf41113]\n\t(No symbol) [0x0xf8987e]\n\t(No symbol) [0x0xf89c1b]\n\t(No symbol) [0x0xfd2212]\n\t(No symbol) [0x0xfae5c4]\n\t(No symbol) [0x0xfcfa4a]\n\t(No symbol) [0x0xfae376]\n\t(No symbol) [0x0xf7d6e0]\n\t(No symbol) [0x0xf7e544]\n\tGetHandleVerifier [0x0x136e033+2531347]\n\tGetHandleVerifier [0x0x1369332+2511634]\n\tGetHandleVerifier [0x0x1139eda+220858]\n\tGetHandleVerifier [0x0x112a528+156936]\n\tGetHandleVerifier [0x0x1130c5d+183357]\n\tGetHandleVerifier [0x0x111b6c8+95912]\n\tGetHandleVerifier [0x0x111b870+96336]\n\tGetHandleVerifier [0x0x110664a+9770]\n\tBaseThreadInitThunk [0x0x760a5d49+25]\n\tRtlInitializeExceptionChain [0x0x772dd09b+107]\n\tRtlGetAppContainerNamedObjectPath [0x0x772dd021+561]\n", "status": "passed", "attachments": [{"name": "Screenshot on Failure", "source": "390a270c-b4d8-4248-a175-3db9eb36faf9-attachment.png", "type": "image/png"}], "start": 1749124811726, "stop": 1749124811952}, {"name": "Trying to click on <img> with text 'No text'", "status": "passed", "start": 1749124812587, "stop": 1749124812587}, {"name": "Exception: Message: no such element: Unable to locate element: {\"method\":\"xpath\",\"selector\":\"//button[text()='View E-Certificate']\"}\n  (Session info: chrome=137.0.7151.56); For documentation on this error, please visit: https://www.selenium.dev/documentation/webdriver/troubleshooting/errors#no-such-element-exception\nStacktrace:\n\tGetHandleVerifier [0x0x1113763+63299]\n\tGetHandleVerifier [0x0x11137a4+63364]\n\t(No symbol) [0x0xf41113]\n\t(No symbol) [0x0xf8987e]\n\t(No symbol) [0x0xf89c1b]\n\t(No symbol) [0x0xfd2212]\n\t(No symbol) [0x0xfae5c4]\n\t(No symbol) [0x0xfcfa4a]\n\t(No symbol) [0x0xfae376]\n\t(No symbol) [0x0xf7d6e0]\n\t(No symbol) [0x0xf7e544]\n\tGetHandleVerifier [0x0x136e033+2531347]\n\tGetHandleVerifier [0x0x1369332+2511634]\n\tGetHandleVerifier [0x0x1139eda+220858]\n\tGetHandleVerifier [0x0x112a528+156936]\n\tGetHandleVerifier [0x0x1130c5d+183357]\n\tGetHandleVerifier [0x0x111b6c8+95912]\n\tGetHandleVerifier [0x0x111b870+96336]\n\tGetHandleVerifier [0x0x110664a+9770]\n\tBaseThreadInitThunk [0x0x760a5d49+25]\n\tRtlInitializeExceptionChain [0x0x772dd09b+107]\n\tRtlGetAppContainerNamedObjectPath [0x0x772dd021+561]\n", "status": "passed", "attachments": [{"name": "Screenshot on Failure", "source": "0a1b2fc2-a952-4829-881f-894b85b7d1cc-attachment.png", "type": "image/png"}], "start": 1749124812645, "stop": 1749124812807}, {"name": "Trying to click on <button> with text 'View E-Certificate'", "status": "passed", "start": 1749124813355, "stop": 1749124813355}, {"name": "Exception: Message: no such element: Unable to locate element: {\"method\":\"xpath\",\"selector\":\"//canvas[@class='react-pdf__Page__canvas']\"}\n  (Session info: chrome=137.0.7151.56); For documentation on this error, please visit: https://www.selenium.dev/documentation/webdriver/troubleshooting/errors#no-such-element-exception\nStacktrace:\n\tGetHandleVerifier [0x0x1113763+63299]\n\tGetHandleVerifier [0x0x11137a4+63364]\n\t(No symbol) [0x0xf41113]\n\t(No symbol) [0x0xf8987e]\n\t(No symbol) [0x0xf89c1b]\n\t(No symbol) [0x0xfd2212]\n\t(No symbol) [0x0xfae5c4]\n\t(No symbol) [0x0xfcfa4a]\n\t(No symbol) [0x0xfae376]\n\t(No symbol) [0x0xf7d6e0]\n\t(No symbol) [0x0xf7e544]\n\tGetHandleVerifier [0x0x136e033+2531347]\n\tGetHandleVerifier [0x0x1369332+2511634]\n\tGetHandleVerifier [0x0x1139eda+220858]\n\tGetHandleVerifier [0x0x112a528+156936]\n\tGetHandleVerifier [0x0x1130c5d+183357]\n\tGetHandleVerifier [0x0x111b6c8+95912]\n\tGetHandleVerifier [0x0x111b870+96336]\n\tGetHandleVerifier [0x0x110664a+9770]\n\tBaseThreadInitThunk [0x0x760a5d49+25]\n\tRtlInitializeExceptionChain [0x0x772dd09b+107]\n\tRtlGetAppContainerNamedObjectPath [0x0x772dd021+561]\n", "status": "passed", "attachments": [{"name": "Screenshot on Failure", "source": "059f7660-5b7a-4625-bd84-52d319e76982-attachment.png", "type": "image/png"}], "start": 1749124813405, "stop": 1749124813531}, {"name": "Exception: Message: no such element: Unable to locate element: {\"method\":\"xpath\",\"selector\":\"//canvas[@class='react-pdf__Page__canvas']\"}\n  (Session info: chrome=137.0.7151.56); For documentation on this error, please visit: https://www.selenium.dev/documentation/webdriver/troubleshooting/errors#no-such-element-exception\nStacktrace:\n\tGetHandleVerifier [0x0x1113763+63299]\n\tGetHandleVerifier [0x0x11137a4+63364]\n\t(No symbol) [0x0xf41113]\n\t(No symbol) [0x0xf8987e]\n\t(No symbol) [0x0xf89c1b]\n\t(No symbol) [0x0xfd2212]\n\t(No symbol) [0x0xfae5c4]\n\t(No symbol) [0x0xfcfa4a]\n\t(No symbol) [0x0xfae376]\n\t(No symbol) [0x0xf7d6e0]\n\t(No symbol) [0x0xf7e544]\n\tGetHandleVerifier [0x0x136e033+2531347]\n\tGetHandleVerifier [0x0x1369332+2511634]\n\tGetHandleVerifier [0x0x1139eda+220858]\n\tGetHandleVerifier [0x0x112a528+156936]\n\tGetHandleVerifier [0x0x1130c5d+183357]\n\tGetHandleVerifier [0x0x111b6c8+95912]\n\tGetHandleVerifier [0x0x111b870+96336]\n\tGetHandleVerifier [0x0x110664a+9770]\n\tBaseThreadInitThunk [0x0x760a5d49+25]\n\tRtlInitializeExceptionChain [0x0x772dd09b+107]\n\tRtlGetAppContainerNamedObjectPath [0x0x772dd021+561]\n", "status": "passed", "attachments": [{"name": "Screenshot on Failure", "source": "8f9ac558-77cf-411c-8c19-6dbdae5ca515-attachment.png", "type": "image/png"}], "start": 1749124814034, "stop": 1749124814171}], "attachments": [{"name": "Test Log", "source": "562e9e3e-fb76-47a2-be5c-ff88d60b840b-attachment.txt", "type": "text/plain"}, {"name": "log", "source": "a2365633-c797-4586-a522-4ffc85f49857-attachment.txt", "type": "text/plain"}, {"name": "stdout", "source": "9d96049c-29cf-46b6-aba2-fe73ec2d8e62-attachment.txt", "type": "text/plain"}, {"name": "stderr", "source": "f1b056f6-3e08-4e86-ae66-9d62a834faa4-attachment.txt", "type": "text/plain"}], "start": 1749124809269, "stop": 1749124814833, "uuid": "c28ce882-3cdd-45b0-9c81-d29f4c0d61e2", "historyId": "069e63dd7e5aaa7f1f2a66fb04b37a93", "testCaseId": "069e63dd7e5aaa7f1f2a66fb04b37a93", "fullName": "tests.test_provineer#test_proofs_and_certificates", "labels": [{"name": "parentSuite", "value": "tests"}, {"name": "suite", "value": "test_provineer"}, {"name": "host", "value": "DESKTOP-CNNS4HO"}, {"name": "thread", "value": "16292-MainThread"}, {"name": "framework", "value": "pytest"}, {"name": "language", "value": "cpython3"}, {"name": "package", "value": "tests.test_provineer"}]}