{"name": "test_shared_feature", "status": "broken", "statusDetails": {"message": "TypeError: DashboardPageGetters.get_shared_assert_message() missing 1 required positional argument: 'self'", "trace": "driver = <selenium.webdriver.support.event_firing_webdriver.EventFiringWebDriver object at 0x000002355A6F4560>\n\n    def test_shared_feature(driver):\n        lp = LoginPageSteps(driver)\n        lp.login_page()\n        dp = DashboardPageSteps(driver)\n>       dp.test_uploads_dashboard()\n\ntests\\test_provineer.py:18: \n_ _ _ _ _ _ _ _ _ _ _ _ _ _ _ _ _ _ _ _ _ _ _ _ _ _ _ _ _ _ _ _ _ _ _ _ _ _ _ _ _ _ _ _ _ _ _ _ _ _ _ _ _ _ _ _ _ _ _ _ _ _ _ _ _ _ _ _ _ _ _ _ _ _ _ _ _ _ _ _ _ _ _ _ _ _ _ _ _ _ _ _ _ _ _ _ _ _ _ _ _ _ _ _ _ _ _ _ _ _ _ _ _ \n\nself = <Provineer_regression_tests.pages.dashboard_page.DashboardPageSteps object at 0x000002355A84A840>\n\n    def test_uploads_dashboard(self):\n        with allure.step(\"Testing share feature\"):\n            Logger.add_start_step(method=\"Testing share feature\")\n        self.click_user_avatar()\n        self.click_user_uploads()\n        self.click_test_file()\n        self.set_share_options()\n        self.fill_in_email_input(\"alexqamiroshkin@gmail.com\")\n        self.click_invite_button()\n        self.press_escape_key()\n        self.click_user_avatar()\n        self.click_log_out_button()\n        self.click_login_button()\n        self.login_page.login_account_for_share()\n        self.click_user_avatar()\n        self.click_user_uploads()\n        self.click_shared_with_me_button()\n>       self.assert_word(self.get_shared_assert_message(), \"Test Automation\")\nE       TypeError: DashboardPageGetters.get_shared_assert_message() missing 1 required positional argument: 'self'\n\npages\\dashboard_page.py:168: TypeError"}, "steps": [{"name": "User login", "status": "passed", "start": 1749121139698, "stop": 1749121139699}, {"name": "Navigating to URL: https://provineer.com/login", "status": "passed", "start": 1749121139699, "stop": 1749121139699}, {"name": "Trying to input into <input>", "status": "passed", "start": 1749121140370, "stop": 1749121140370}, {"name": "Trying to input into <input>", "status": "passed", "start": 1749121140403, "stop": 1749121140403}, {"name": "Trying to input into <input>", "status": "passed", "start": 1749121140599, "stop": 1749121140599}, {"name": "Trying to input into <input>", "status": "passed", "start": 1749121140622, "stop": 1749121140622}, {"name": "Trying to click on <button> with text 'Sign In'", "status": "passed", "start": 1749121140750, "stop": 1749121140750}, {"name": "Testing share feature", "status": "passed", "start": 1749121140819, "stop": 1749121140819}, {"name": "Exception: Message: no such element: Unable to locate element: {\"method\":\"xpath\",\"selector\":\"//img[@alt='User Avatar']\"}\n  (Session info: chrome=137.0.7151.56); For documentation on this error, please visit: https://www.selenium.dev/documentation/webdriver/troubleshooting/errors#no-such-element-exception\nStacktrace:\n\tGetHandleVerifier [0x0x1113763+63299]\n\tGetHandleVerifier [0x0x11137a4+63364]\n\t(No symbol) [0x0xf41113]\n\t(No symbol) [0x0xf8987e]\n\t(No symbol) [0x0xf89c1b]\n\t(No symbol) [0x0xfd2212]\n\t(No symbol) [0x0xfae5c4]\n\t(No symbol) [0x0xfcfa4a]\n\t(No symbol) [0x0xfae376]\n\t(No symbol) [0x0xf7d6e0]\n\t(No symbol) [0x0xf7e544]\n\tGetHandleVerifier [0x0x136e033+2531347]\n\tGetHandleVerifier [0x0x1369332+2511634]\n\tGetHandleVerifier [0x0x1139eda+220858]\n\tGetHandleVerifier [0x0x112a528+156936]\n\tGetHandleVerifier [0x0x1130c5d+183357]\n\tGetHandleVerifier [0x0x111b6c8+95912]\n\tGetHandleVerifier [0x0x111b870+96336]\n\tGetHandleVerifier [0x0x110664a+9770]\n\tBaseThreadInitThunk [0x0x760a5d49+25]\n\tRtlInitializeExceptionChain [0x0x772dd09b+107]\n\tRtlGetAppContainerNamedObjectPath [0x0x772dd021+561]\n", "status": "passed", "attachments": [{"name": "Screenshot on Failure", "source": "c739ad86-2e8d-4a14-94d5-9986e6dcfbad-attachment.png", "type": "image/png"}], "start": 1749121140819, "stop": 1749121141022}, {"name": "Trying to click on <img> with text 'No text'", "status": "passed", "start": 1749121141553, "stop": 1749121141553}, {"name": "Trying to click on <span> with text 'My uploads'", "status": "passed", "start": 1749121142174, "stop": 1749121142175}, {"name": "Exception: Message: no such element: Unable to locate element: {\"method\":\"xpath\",\"selector\":\"//img[@alt='Uploaded produce']\"}\n  (Session info: chrome=137.0.7151.56); For documentation on this error, please visit: https://www.selenium.dev/documentation/webdriver/troubleshooting/errors#no-such-element-exception\nStacktrace:\n\tGetHandleVerifier [0x0x1113763+63299]\n\tGetHandleVerifier [0x0x11137a4+63364]\n\t(No symbol) [0x0xf41113]\n\t(No symbol) [0x0xf8987e]\n\t(No symbol) [0x0xf89c1b]\n\t(No symbol) [0x0xfd2212]\n\t(No symbol) [0x0xfae5c4]\n\t(No symbol) [0x0xfcfa4a]\n\t(No symbol) [0x0xfae376]\n\t(No symbol) [0x0xf7d6e0]\n\t(No symbol) [0x0xf7e544]\n\tGetHandleVerifier [0x0x136e033+2531347]\n\tGetHandleVerifier [0x0x1369332+2511634]\n\tGetHandleVerifier [0x0x1139eda+220858]\n\tGetHandleVerifier [0x0x112a528+156936]\n\tGetHandleVerifier [0x0x1130c5d+183357]\n\tGetHandleVerifier [0x0x111b6c8+95912]\n\tGetHandleVerifier [0x0x111b870+96336]\n\tGetHandleVerifier [0x0x110664a+9770]\n\tBaseThreadInitThunk [0x0x760a5d49+25]\n\tRtlInitializeExceptionChain [0x0x772dd09b+107]\n\tRtlGetAppContainerNamedObjectPath [0x0x772dd021+561]\n", "status": "passed", "attachments": [{"name": "Screenshot on Failure", "source": "b934e33d-dba8-4462-bf68-310b8afff9d5-attachment.png", "type": "image/png"}], "start": 1749121142295, "stop": 1749121142517}, {"name": "Trying to click on <img> with text 'No text'", "status": "passed", "start": 1749121143045, "stop": 1749121143045}, {"name": "Exception: Message: no such element: Unable to locate element: {\"method\":\"xpath\",\"selector\":\"//*[text()='Share']\"}\n  (Session info: chrome=137.0.7151.56); For documentation on this error, please visit: https://www.selenium.dev/documentation/webdriver/troubleshooting/errors#no-such-element-exception\nStacktrace:\n\tGetHandleVerifier [0x0x1113763+63299]\n\tGetHandleVerifier [0x0x11137a4+63364]\n\t(No symbol) [0x0xf41113]\n\t(No symbol) [0x0xf8987e]\n\t(No symbol) [0x0xf89c1b]\n\t(No symbol) [0x0xfd2212]\n\t(No symbol) [0x0xfae5c4]\n\t(No symbol) [0x0xfcfa4a]\n\t(No symbol) [0x0xfae376]\n\t(No symbol) [0x0xf7d6e0]\n\t(No symbol) [0x0xf7e544]\n\tGetHandleVerifier [0x0x136e033+2531347]\n\tGetHandleVerifier [0x0x1369332+2511634]\n\tGetHandleVerifier [0x0x1139eda+220858]\n\tGetHandleVerifier [0x0x112a528+156936]\n\tGetHandleVerifier [0x0x1130c5d+183357]\n\tGetHandleVerifier [0x0x111b6c8+95912]\n\tGetHandleVerifier [0x0x111b870+96336]\n\tGetHandleVerifier [0x0x110664a+9770]\n\tBaseThreadInitThunk [0x0x760a5d49+25]\n\tRtlInitializeExceptionChain [0x0x772dd09b+107]\n\tRtlGetAppContainerNamedObjectPath [0x0x772dd021+561]\n", "status": "passed", "attachments": [{"name": "Screenshot on Failure", "source": "5e94169a-a395-4145-87c9-b0a0abb22117-attachment.png", "type": "image/png"}], "start": 1749121143107, "stop": 1749121143256}, {"name": "Trying to click on <button> with text 'Share'", "status": "passed", "start": 1749121143795, "stop": 1749121143795}, {"name": "Exception: Message: no such element: Unable to locate element: {\"method\":\"xpath\",\"selector\":\"(//div[@role='combobox'])[2]\"}\n  (Session info: chrome=137.0.7151.56); For documentation on this error, please visit: https://www.selenium.dev/documentation/webdriver/troubleshooting/errors#no-such-element-exception\nStacktrace:\n\tGetHandleVerifier [0x0x1113763+63299]\n\tGetHandleVerifier [0x0x11137a4+63364]\n\t(No symbol) [0x0xf41113]\n\t(No symbol) [0x0xf8987e]\n\t(No symbol) [0x0xf89c1b]\n\t(No symbol) [0x0xfd2212]\n\t(No symbol) [0x0xfae5c4]\n\t(No symbol) [0x0xfcfa4a]\n\t(No symbol) [0x0xfae376]\n\t(No symbol) [0x0xf7d6e0]\n\t(No symbol) [0x0xf7e544]\n\tGetHandleVerifier [0x0x136e033+2531347]\n\tGetHandleVerifier [0x0x1369332+2511634]\n\tGetHandleVerifier [0x0x1139eda+220858]\n\tGetHandleVerifier [0x0x112a528+156936]\n\tGetHandleVerifier [0x0x1130c5d+183357]\n\tGetHandleVerifier [0x0x111b6c8+95912]\n\tGetHandleVerifier [0x0x111b870+96336]\n\tGetHandleVerifier [0x0x110664a+9770]\n\tBaseThreadInitThunk [0x0x760a5d49+25]\n\tRtlInitializeExceptionChain [0x0x772dd09b+107]\n\tRtlGetAppContainerNamedObjectPath [0x0x772dd021+561]\n", "status": "passed", "attachments": [{"name": "Screenshot on Failure", "source": "34ce9aff-0eb9-454b-ba6e-43b1616c3e08-attachment.png", "type": "image/png"}], "start": 1749121143847, "stop": 1749121143973}, {"name": "Trying to click on <div> with text 'Only people invited'", "status": "passed", "start": 1749121144505, "stop": 1749121144505}, {"name": "Trying to click on <li> with text 'Anyone with the link'", "status": "passed", "start": 1749121144595, "stop": 1749121144595}, {"name": "Trying to click on <div> with text 'Only people invited'", "status": "passed", "start": 1749121144705, "stop": 1749121144705}, {"name": "Trying to click on <li> with text 'Private (Only me)'", "status": "passed", "start": 1749121145005, "stop": 1749121145005}, {"name": "Trying to click on <button> with text 'Proceed'", "status": "passed", "start": 1749121145169, "stop": 1749121145169}, {"name": "Trying to click on <div> with text 'Anyone with the link'", "status": "passed", "start": 1749121145255, "stop": 1749121145255}, {"name": "Trying to click on <li> with text 'Only people invited'", "status": "passed", "start": 1749121145469, "stop": 1749121145469}, {"name": "Trying to input into <input>", "status": "passed", "start": 1749121145588, "stop": 1749121145588}, {"name": "Trying to click on <button> with text 'Invite'", "status": "passed", "start": 1749121145717, "stop": 1749121145717}, {"name": "Trying to click on <img> with text 'No text'", "status": "passed", "start": 1749121145975, "stop": 1749121145975}, {"name": "Trying to click on <span> with text 'Log Out'", "status": "passed", "start": 1749121146577, "stop": 1749121146578}, {"name": "Exception: Message: no such element: Unable to locate element: {\"method\":\"xpath\",\"selector\":\"//button[text()='Login']\"}\n  (Session info: chrome=137.0.7151.56); For documentation on this error, please visit: https://www.selenium.dev/documentation/webdriver/troubleshooting/errors#no-such-element-exception\nStacktrace:\n\tGetHandleVerifier [0x0x1113763+63299]\n\tGetHandleVerifier [0x0x11137a4+63364]\n\t(No symbol) [0x0xf41113]\n\t(No symbol) [0x0xf8987e]\n\t(No symbol) [0x0xf89c1b]\n\t(No symbol) [0x0xfd2212]\n\t(No symbol) [0x0xfae5c4]\n\t(No symbol) [0x0xfcfa4a]\n\t(No symbol) [0x0xfae376]\n\t(No symbol) [0x0xf7d6e0]\n\t(No symbol) [0x0xf7e544]\n\tGetHandleVerifier [0x0x136e033+2531347]\n\tGetHandleVerifier [0x0x1369332+2511634]\n\tGetHandleVerifier [0x0x1139eda+220858]\n\tGetHandleVerifier [0x0x112a528+156936]\n\tGetHandleVerifier [0x0x1130c5d+183357]\n\tGetHandleVerifier [0x0x111b6c8+95912]\n\tGetHandleVerifier [0x0x111b870+96336]\n\tGetHandleVerifier [0x0x110664a+9770]\n\tBaseThreadInitThunk [0x0x760a5d49+25]\n\tRtlInitializeExceptionChain [0x0x772dd09b+107]\n\tRtlGetAppContainerNamedObjectPath [0x0x772dd021+561]\n", "status": "passed", "attachments": [{"name": "Screenshot on Failure", "source": "1cbf0d15-0b1b-4f3a-a282-bb500ad29152-attachment.png", "type": "image/png"}], "start": 1749121146637, "stop": 1749121146775}, {"name": "Trying to click on <button> with text 'Login'", "status": "passed", "start": 1749121147311, "stop": 1749121147311}, {"name": "User to test share feature, login", "status": "passed", "start": 1749121147357, "stop": 1749121147357}, {"name": "Trying to input into <input>", "status": "passed", "start": 1749121147405, "stop": 1749121147405}, {"name": "Trying to input into <input>", "status": "passed", "start": 1749121147425, "stop": 1749121147425}, {"name": "Trying to input into <input>", "status": "passed", "start": 1749121147519, "stop": 1749121147519}, {"name": "Trying to input into <input>", "status": "passed", "start": 1749121147536, "stop": 1749121147536}, {"name": "Trying to click on <button> with text 'Sign In'", "status": "passed", "start": 1749121147636, "stop": 1749121147636}, {"name": "Exception: Message: no such element: Unable to locate element: {\"method\":\"xpath\",\"selector\":\"//img[@alt='User Avatar']\"}\n  (Session info: chrome=137.0.7151.56); For documentation on this error, please visit: https://www.selenium.dev/documentation/webdriver/troubleshooting/errors#no-such-element-exception\nStacktrace:\n\tGetHandleVerifier [0x0x1113763+63299]\n\tGetHandleVerifier [0x0x11137a4+63364]\n\t(No symbol) [0x0xf41113]\n\t(No symbol) [0x0xf8987e]\n\t(No symbol) [0x0xf89c1b]\n\t(No symbol) [0x0xfd2212]\n\t(No symbol) [0x0xfae5c4]\n\t(No symbol) [0x0xfcfa4a]\n\t(No symbol) [0x0xfae376]\n\t(No symbol) [0x0xf7d6e0]\n\t(No symbol) [0x0xf7e544]\n\tGetHandleVerifier [0x0x136e033+2531347]\n\tGetHandleVerifier [0x0x1369332+2511634]\n\tGetHandleVerifier [0x0x1139eda+220858]\n\tGetHandleVerifier [0x0x112a528+156936]\n\tGetHandleVerifier [0x0x1130c5d+183357]\n\tGetHandleVerifier [0x0x111b6c8+95912]\n\tGetHandleVerifier [0x0x111b870+96336]\n\tGetHandleVerifier [0x0x110664a+9770]\n\tBaseThreadInitThunk [0x0x760a5d49+25]\n\tRtlInitializeExceptionChain [0x0x772dd09b+107]\n\tRtlGetAppContainerNamedObjectPath [0x0x772dd021+561]\n", "status": "passed", "attachments": [{"name": "Screenshot on Failure", "source": "8769a096-6005-4cfd-903e-30115e462f8f-attachment.png", "type": "image/png"}], "start": 1749121147705, "stop": 1749121147850}, {"name": "Trying to click on <img> with text 'No text'", "status": "passed", "start": 1749121148375, "stop": 1749121148375}, {"name": "Trying to click on <span> with text 'My uploads'", "status": "passed", "start": 1749121148955, "stop": 1749121148955}, {"name": "Trying to click on <span> with text 'Shared with me'", "status": "passed", "start": 1749121149073, "stop": 1749121149073}], "attachments": [{"name": "Test Log", "source": "55476fe9-a6fe-4ba3-b4b3-e9f68ab9b2f5-attachment.txt", "type": "text/plain"}, {"name": "Screenshot on Failure", "source": "4edd87de-2475-4e8a-b39c-62a3b94563af-attachment.png", "type": "image/png"}, {"name": "log", "source": "84fd3d79-017a-4572-baae-50037ad27c9f-attachment.txt", "type": "text/plain"}, {"name": "stdout", "source": "0760e483-80c0-489e-80be-5a8e1a604b0e-attachment.txt", "type": "text/plain"}, {"name": "stderr", "source": "0acc7477-79ca-4b59-8dfe-2719c51ed26a-attachment.txt", "type": "text/plain"}], "start": 1749121139698, "stop": 1749121149124, "uuid": "1986c801-7bfe-4f28-b4a6-d81ebdd1a58b", "historyId": "1e14ccbc34b272fadf5b4c77e1687ca2", "testCaseId": "1e14ccbc34b272fadf5b4c77e1687ca2", "fullName": "tests.test_provineer#test_shared_feature", "labels": [{"name": "parentSuite", "value": "tests"}, {"name": "suite", "value": "test_provineer"}, {"name": "host", "value": "DESKTOP-CNNS4HO"}, {"name": "thread", "value": "20192-MainThread"}, {"name": "framework", "value": "pytest"}, {"name": "language", "value": "cpython3"}, {"name": "package", "value": "tests.test_provineer"}]}