{"name": "test_shared_feature", "status": "broken", "statusDetails": {"message": "selenium.common.exceptions.ElementClickInterceptedException: Message: element click intercepted: Element <div tabindex=\"0\" role=\"combobox\" aria-controls=\":rm:\" aria-expanded=\"false\" aria-haspopup=\"listbox\" class=\"MuiSelect-select MuiSelect-outlined MuiInputBase-input MuiOutlinedInput-input css-1ashe4k\">...</div> is not clickable at point (960, 344). Other element would receive the click: <div class=\"MuiBox-root css-uw1oi7\">...</div>\n  (Session info: chrome=137.0.7151.56)\nStacktrace:\n\tGetHandleVerifier [0x0x1113763+63299]\n\tGetHandleVerifier [0x0x11137a4+63364]\n\t(No symbol) [0x0xf41113]\n\t(No symbol) [0x0xf8fbb0]\n\t(No symbol) [0x0xf8df6a]\n\t(No symbol) [0x0xf8bad7]\n\t(No symbol) [0x0xf8ada7]\n\t(No symbol) [0x0xf7f445]\n\t(No symbol) [0x0xfae57c]\n\t(No symbol) [0x0xf7eed4]\n\t(No symbol) [0x0xfae7f4]\n\t(No symbol) [0x0xfcfa4a]\n\t(No symbol) [0x0xfae376]\n\t(No symbol) [0x0xf7d6e0]\n\t(No symbol) [0x0xf7e544]\n\tGetHandleVerifier [0x0x136e033+2531347]\n\tGetHandleVerifier [0x0x1369332+2511634]\n\tGetHandleVerifier [0x0x1139eda+220858]\n\tGetHandleVerifier [0x0x112a528+156936]\n\tGetHandleVerifier [0x0x1130c5d+183357]\n\tGetHandleVerifier [0x0x111b6c8+95912]\n\tGetHandleVerifier [0x0x111b870+96336]\n\tGetHandleVerifier [0x0x110664a+9770]\n\tBaseThreadInitThunk [0x0x760a5d49+25]\n\tRtlInitializeExceptionChain [0x0x772dd09b+107]\n\tRtlGetAppContainerNamedObjectPath [0x0x772dd021+561]", "trace": "driver = <selenium.webdriver.support.event_firing_webdriver.EventFiringWebDriver object at 0x000001E94CA07DD0>\n\n    def test_shared_feature(driver):\n        lp = LoginPageSteps(driver)\n        lp.login_page()\n        dp = DashboardPageSteps(driver)\n>       dp.test_uploads_dashboard()\n\ntests\\test_provineer.py:18: \n_ _ _ _ _ _ _ _ _ _ _ _ _ _ _ _ _ _ _ _ _ _ _ _ _ _ _ _ _ _ _ _ _ _ _ _ _ _ _ _ _ _ _ _ _ _ _ _ _ _ _ _ _ _ _ _ _ _ _ _ _ _ _ _ _ _ _ _ _ _ _ _ _ _ _ _ _ _ _ _ _ _ _ _ _ _ _ _ _ _ _ _ _ _ _ _ _ _ _ _ _ _ _ _ _ _ _ _ _ _ _ _ _ \npages\\dashboard_page.py:157: in test_uploads_dashboard\n    self.set_share_options()\npages\\dashboard_page.py:108: in set_share_options\n    self.get_share_dropdown().click()\n..\\.venv\\Lib\\site-packages\\selenium\\webdriver\\support\\event_firing_webdriver.py:179: in click\n    self._dispatch(\"click\", (self._webelement, self._driver), \"click\", ())\n..\\.venv\\Lib\\site-packages\\selenium\\webdriver\\support\\event_firing_webdriver.py:196: in _dispatch\n    result = getattr(self._webelement, d_call)(*d_args)\n..\\.venv\\Lib\\site-packages\\selenium\\webdriver\\remote\\webelement.py:94: in click\n    self._execute(Command.CLICK_ELEMENT)\n..\\.venv\\Lib\\site-packages\\selenium\\webdriver\\remote\\webelement.py:395: in _execute\n    return self._parent.execute(command, params)\n..\\.venv\\Lib\\site-packages\\selenium\\webdriver\\remote\\webdriver.py:380: in execute\n    self.error_handler.check_response(response)\n_ _ _ _ _ _ _ _ _ _ _ _ _ _ _ _ _ _ _ _ _ _ _ _ _ _ _ _ _ _ _ _ _ _ _ _ _ _ _ _ _ _ _ _ _ _ _ _ _ _ _ _ _ _ _ _ _ _ _ _ _ _ _ _ _ _ _ _ _ _ _ _ _ _ _ _ _ _ _ _ _ _ _ _ _ _ _ _ _ _ _ _ _ _ _ _ _ _ _ _ _ _ _ _ _ _ _ _ _ _ _ _ _ \n\nself = <selenium.webdriver.remote.errorhandler.ErrorHandler object at 0x000001E94C9D3980>\nresponse = {'status': 400, 'value': '{\"value\":{\"error\":\"element click intercepted\",\"message\":\"element click intercepted: Element ...]\\\\n\\\\tRtlInitializeExceptionChain [0x0x772dd09b+107]\\\\n\\\\tRtlGetAppContainerNamedObjectPath [0x0x772dd021+561]\\\\n\"}}'}\n\n    def check_response(self, response: Dict[str, Any]) -> None:\n        \"\"\"Checks that a JSON response from the WebDriver does not have an\n        error.\n    \n        :Args:\n         - response - The JSON response from the WebDriver server as a dictionary\n           object.\n    \n        :Raises: If the response contains an error message.\n        \"\"\"\n        status = response.get(\"status\", None)\n        if not status or status == ErrorCode.SUCCESS:\n            return\n        value = None\n        message = response.get(\"message\", \"\")\n        screen: str = response.get(\"screen\", \"\")\n        stacktrace = None\n        if isinstance(status, int):\n            value_json = response.get(\"value\", None)\n            if value_json and isinstance(value_json, str):\n                import json\n    \n                try:\n                    value = json.loads(value_json)\n                    if len(value) == 1:\n                        value = value[\"value\"]\n                    status = value.get(\"error\", None)\n                    if not status:\n                        status = value.get(\"status\", ErrorCode.UNKNOWN_ERROR)\n                        message = value.get(\"value\") or value.get(\"message\")\n                        if not isinstance(message, str):\n                            value = message\n                            message = message.get(\"message\")\n                    else:\n                        message = value.get(\"message\", None)\n                except ValueError:\n                    pass\n    \n        exception_class: Type[WebDriverException]\n        e = ErrorCode()\n        error_codes = [item for item in dir(e) if not item.startswith(\"__\")]\n        for error_code in error_codes:\n            error_info = getattr(ErrorCode, error_code)\n            if isinstance(error_info, list) and status in error_info:\n                exception_class = getattr(ExceptionMapping, error_code, WebDriverException)\n                break\n        else:\n            exception_class = WebDriverException\n    \n        if not value:\n            value = response[\"value\"]\n        if isinstance(value, str):\n            raise exception_class(value)\n        if message == \"\" and \"message\" in value:\n            message = value[\"message\"]\n    \n        screen = None  # type: ignore[assignment]\n        if \"screen\" in value:\n            screen = value[\"screen\"]\n    \n        stacktrace = None\n        st_value = value.get(\"stackTrace\") or value.get(\"stacktrace\")\n        if st_value:\n            if isinstance(st_value, str):\n                stacktrace = st_value.split(\"\\n\")\n            else:\n                stacktrace = []\n                try:\n                    for frame in st_value:\n                        line = frame.get(\"lineNumber\", \"\")\n                        file = frame.get(\"fileName\", \"<anonymous>\")\n                        if line:\n                            file = f\"{file}:{line}\"\n                        meth = frame.get(\"methodName\", \"<anonymous>\")\n                        if \"className\" in frame:\n                            meth = f\"{frame['className']}.{meth}\"\n                        msg = \"    at %s (%s)\"\n                        msg = msg % (meth, file)\n                        stacktrace.append(msg)\n                except TypeError:\n                    pass\n        if exception_class == UnexpectedAlertPresentException:\n            alert_text = None\n            if \"data\" in value:\n                alert_text = value[\"data\"].get(\"text\")\n            elif \"alert\" in value:\n                alert_text = value[\"alert\"].get(\"text\")\n            raise exception_class(message, screen, stacktrace, alert_text)  # type: ignore[call-arg]  # mypy is not smart enough here\n>       raise exception_class(message, screen, stacktrace)\nE       selenium.common.exceptions.ElementClickInterceptedException: Message: element click intercepted: Element <div tabindex=\"0\" role=\"combobox\" aria-controls=\":rm:\" aria-expanded=\"false\" aria-haspopup=\"listbox\" class=\"MuiSelect-select MuiSelect-outlined MuiInputBase-input MuiOutlinedInput-input css-1ashe4k\">...</div> is not clickable at point (960, 344). Other element would receive the click: <div class=\"MuiBox-root css-uw1oi7\">...</div>\nE         (Session info: chrome=137.0.7151.56)\nE       Stacktrace:\nE       \tGetHandleVerifier [0x0x1113763+63299]\nE       \tGetHandleVerifier [0x0x11137a4+63364]\nE       \t(No symbol) [0x0xf41113]\nE       \t(No symbol) [0x0xf8fbb0]\nE       \t(No symbol) [0x0xf8df6a]\nE       \t(No symbol) [0x0xf8bad7]\nE       \t(No symbol) [0x0xf8ada7]\nE       \t(No symbol) [0x0xf7f445]\nE       \t(No symbol) [0x0xfae57c]\nE       \t(No symbol) [0x0xf7eed4]\nE       \t(No symbol) [0x0xfae7f4]\nE       \t(No symbol) [0x0xfcfa4a]\nE       \t(No symbol) [0x0xfae376]\nE       \t(No symbol) [0x0xf7d6e0]\nE       \t(No symbol) [0x0xf7e544]\nE       \tGetHandleVerifier [0x0x136e033+2531347]\nE       \tGetHandleVerifier [0x0x1369332+2511634]\nE       \tGetHandleVerifier [0x0x1139eda+220858]\nE       \tGetHandleVerifier [0x0x112a528+156936]\nE       \tGetHandleVerifier [0x0x1130c5d+183357]\nE       \tGetHandleVerifier [0x0x111b6c8+95912]\nE       \tGetHandleVerifier [0x0x111b870+96336]\nE       \tGetHandleVerifier [0x0x110664a+9770]\nE       \tBaseThreadInitThunk [0x0x760a5d49+25]\nE       \tRtlInitializeExceptionChain [0x0x772dd09b+107]\nE       \tRtlGetAppContainerNamedObjectPath [0x0x772dd021+561]\n\n..\\.venv\\Lib\\site-packages\\selenium\\webdriver\\remote\\errorhandler.py:229: ElementClickInterceptedException"}, "steps": [{"name": "User login", "status": "passed", "start": 1749124268105, "stop": 1749124268105}, {"name": "Navigating to URL: https://provineer.com/login", "status": "passed", "start": 1749124268105, "stop": 1749124268105}, {"name": "Trying to input into <input>", "status": "passed", "start": 1749124268842, "stop": 1749124268842}, {"name": "Trying to input into <input>", "status": "passed", "start": 1749124268877, "stop": 1749124268877}, {"name": "Trying to input into <input>", "status": "passed", "start": 1749124269047, "stop": 1749124269047}, {"name": "Trying to input into <input>", "status": "passed", "start": 1749124269075, "stop": 1749124269075}, {"name": "Trying to click on <button> with text 'Sign In'", "status": "passed", "start": 1749124269175, "stop": 1749124269175}, {"name": "Testing share feature", "status": "passed", "start": 1749124269243, "stop": 1749124269243}, {"name": "Exception: Message: no such element: Unable to locate element: {\"method\":\"xpath\",\"selector\":\"//img[@alt='User Avatar']\"}\n  (Session info: chrome=137.0.7151.56); For documentation on this error, please visit: https://www.selenium.dev/documentation/webdriver/troubleshooting/errors#no-such-element-exception\nStacktrace:\n\tGetHandleVerifier [0x0x1113763+63299]\n\tGetHandleVerifier [0x0x11137a4+63364]\n\t(No symbol) [0x0xf41113]\n\t(No symbol) [0x0xf8987e]\n\t(No symbol) [0x0xf89c1b]\n\t(No symbol) [0x0xfd2212]\n\t(No symbol) [0x0xfae5c4]\n\t(No symbol) [0x0xfcfa4a]\n\t(No symbol) [0x0xfae376]\n\t(No symbol) [0x0xf7d6e0]\n\t(No symbol) [0x0xf7e544]\n\tGetHandleVerifier [0x0x136e033+2531347]\n\tGetHandleVerifier [0x0x1369332+2511634]\n\tGetHandleVerifier [0x0x1139eda+220858]\n\tGetHandleVerifier [0x0x112a528+156936]\n\tGetHandleVerifier [0x0x1130c5d+183357]\n\tGetHandleVerifier [0x0x111b6c8+95912]\n\tGetHandleVerifier [0x0x111b870+96336]\n\tGetHandleVerifier [0x0x110664a+9770]\n\tBaseThreadInitThunk [0x0x760a5d49+25]\n\tRtlInitializeExceptionChain [0x0x772dd09b+107]\n\tRtlGetAppContainerNamedObjectPath [0x0x772dd021+561]\n", "status": "passed", "attachments": [{"name": "Screenshot on Failure", "source": "5937fa78-61f6-43ac-be67-1f23b138a084-attachment.png", "type": "image/png"}], "start": 1749124269259, "stop": 1749124269442}, {"name": "Trying to click on <img> with text 'No text'", "status": "passed", "start": 1749124269961, "stop": 1749124269961}, {"name": "Trying to click on <span> with text 'My uploads'", "status": "passed", "start": 1749124270564, "stop": 1749124270564}, {"name": "Exception: Message: no such element: Unable to locate element: {\"method\":\"xpath\",\"selector\":\"//img[@alt='Uploaded produce']\"}\n  (Session info: chrome=137.0.7151.56); For documentation on this error, please visit: https://www.selenium.dev/documentation/webdriver/troubleshooting/errors#no-such-element-exception\nStacktrace:\n\tGetHandleVerifier [0x0x1113763+63299]\n\tGetHandleVerifier [0x0x11137a4+63364]\n\t(No symbol) [0x0xf41113]\n\t(No symbol) [0x0xf8987e]\n\t(No symbol) [0x0xf89c1b]\n\t(No symbol) [0x0xfd2212]\n\t(No symbol) [0x0xfae5c4]\n\t(No symbol) [0x0xfcfa4a]\n\t(No symbol) [0x0xfae376]\n\t(No symbol) [0x0xf7d6e0]\n\t(No symbol) [0x0xf7e544]\n\tGetHandleVerifier [0x0x136e033+2531347]\n\tGetHandleVerifier [0x0x1369332+2511634]\n\tGetHandleVerifier [0x0x1139eda+220858]\n\tGetHandleVerifier [0x0x112a528+156936]\n\tGetHandleVerifier [0x0x1130c5d+183357]\n\tGetHandleVerifier [0x0x111b6c8+95912]\n\tGetHandleVerifier [0x0x111b870+96336]\n\tGetHandleVerifier [0x0x110664a+9770]\n\tBaseThreadInitThunk [0x0x760a5d49+25]\n\tRtlInitializeExceptionChain [0x0x772dd09b+107]\n\tRtlGetAppContainerNamedObjectPath [0x0x772dd021+561]\n", "status": "passed", "attachments": [{"name": "Screenshot on Failure", "source": "d87fb23e-addc-4b30-ab0a-850779b59f29-attachment.png", "type": "image/png"}], "start": 1749124270657, "stop": 1749124270891}, {"name": "Trying to click on <img> with text 'No text'", "status": "passed", "start": 1749124271441, "stop": 1749124271441}, {"name": "Exception: Message: no such element: Unable to locate element: {\"method\":\"xpath\",\"selector\":\"//*[text()='Share']\"}\n  (Session info: chrome=137.0.7151.56); For documentation on this error, please visit: https://www.selenium.dev/documentation/webdriver/troubleshooting/errors#no-such-element-exception\nStacktrace:\n\tGetHandleVerifier [0x0x1113763+63299]\n\tGetHandleVerifier [0x0x11137a4+63364]\n\t(No symbol) [0x0xf41113]\n\t(No symbol) [0x0xf8987e]\n\t(No symbol) [0x0xf89c1b]\n\t(No symbol) [0x0xfd2212]\n\t(No symbol) [0x0xfae5c4]\n\t(No symbol) [0x0xfcfa4a]\n\t(No symbol) [0x0xfae376]\n\t(No symbol) [0x0xf7d6e0]\n\t(No symbol) [0x0xf7e544]\n\tGetHandleVerifier [0x0x136e033+2531347]\n\tGetHandleVerifier [0x0x1369332+2511634]\n\tGetHandleVerifier [0x0x1139eda+220858]\n\tGetHandleVerifier [0x0x112a528+156936]\n\tGetHandleVerifier [0x0x1130c5d+183357]\n\tGetHandleVerifier [0x0x111b6c8+95912]\n\tGetHandleVerifier [0x0x111b870+96336]\n\tGetHandleVerifier [0x0x110664a+9770]\n\tBaseThreadInitThunk [0x0x760a5d49+25]\n\tRtlInitializeExceptionChain [0x0x772dd09b+107]\n\tRtlGetAppContainerNamedObjectPath [0x0x772dd021+561]\n", "status": "passed", "attachments": [{"name": "Screenshot on Failure", "source": "4998726d-c548-4cb5-a0b6-5bb7d016390e-attachment.png", "type": "image/png"}], "start": 1749124271497, "stop": 1749124271643}, {"name": "Trying to click on <button> with text 'Share'", "status": "passed", "start": 1749124272174, "stop": 1749124272174}, {"name": "Exception: Message: no such element: Unable to locate element: {\"method\":\"xpath\",\"selector\":\"(//div[@role='combobox'])[2]\"}\n  (Session info: chrome=137.0.7151.56); For documentation on this error, please visit: https://www.selenium.dev/documentation/webdriver/troubleshooting/errors#no-such-element-exception\nStacktrace:\n\tGetHandleVerifier [0x0x1113763+63299]\n\tGetHandleVerifier [0x0x11137a4+63364]\n\t(No symbol) [0x0xf41113]\n\t(No symbol) [0x0xf8987e]\n\t(No symbol) [0x0xf89c1b]\n\t(No symbol) [0x0xfd2212]\n\t(No symbol) [0x0xfae5c4]\n\t(No symbol) [0x0xfcfa4a]\n\t(No symbol) [0x0xfae376]\n\t(No symbol) [0x0xf7d6e0]\n\t(No symbol) [0x0xf7e544]\n\tGetHandleVerifier [0x0x136e033+2531347]\n\tGetHandleVerifier [0x0x1369332+2511634]\n\tGetHandleVerifier [0x0x1139eda+220858]\n\tGetHandleVerifier [0x0x112a528+156936]\n\tGetHandleVerifier [0x0x1130c5d+183357]\n\tGetHandleVerifier [0x0x111b6c8+95912]\n\tGetHandleVerifier [0x0x111b870+96336]\n\tGetHandleVerifier [0x0x110664a+9770]\n\tBaseThreadInitThunk [0x0x760a5d49+25]\n\tRtlInitializeExceptionChain [0x0x772dd09b+107]\n\tRtlGetAppContainerNamedObjectPath [0x0x772dd021+561]\n", "status": "passed", "attachments": [{"name": "Screenshot on Failure", "source": "b7357b0c-a2d6-487b-8016-d2e36293780a-attachment.png", "type": "image/png"}], "start": 1749124272227, "stop": 1749124272376}, {"name": "Trying to click on <div> with text 'Only people invited'", "status": "passed", "start": 1749124272905, "stop": 1749124272905}, {"name": "Trying to click on <li> with text 'Anyone with the link'", "status": "passed", "start": 1749124272991, "stop": 1749124272991}, {"name": "Trying to click on <div> with text 'Only people invited'", "status": "passed", "start": 1749124273076, "stop": 1749124273076}, {"name": "Exception: Message: element click intercepted: Element <div tabindex=\"0\" role=\"combobox\" aria-controls=\":rm:\" aria-expanded=\"false\" aria-haspopup=\"listbox\" class=\"MuiSelect-select MuiSelect-outlined MuiInputBase-input MuiOutlinedInput-input css-1ashe4k\">...</div> is not clickable at point (960, 344). Other element would receive the click: <div class=\"MuiBox-root css-uw1oi7\">...</div>\n  (Session info: chrome=137.0.7151.56)\nStacktrace:\n\tGetHandleVerifier [0x0x1113763+63299]\n\tGetHandleVerifier [0x0x11137a4+63364]\n\t(No symbol) [0x0xf41113]\n\t(No symbol) [0x0xf8fbb0]\n\t(No symbol) [0x0xf8df6a]\n\t(No symbol) [0x0xf8bad7]\n\t(No symbol) [0x0xf8ada7]\n\t(No symbol) [0x0xf7f445]\n\t(No symbol) [0x0xfae57c]\n\t(No symbol) [0x0xf7eed4]\n\t(No symbol) [0x0xfae7f4]\n\t(No symbol) [0x0xfcfa4a]\n\t(No symbol) [0x0xfae376]\n\t(No symbol) [0x0xf7d6e0]\n\t(No symbol) [0x0xf7e544]\n\tGetHandleVerifier [0x0x136e033+2531347]\n\tGetHandleVerifier [0x0x1369332+2511634]\n\tGetHandleVerifier [0x0x1139eda+220858]\n\tGetHandleVerifier [0x0x112a528+156936]\n\tGetHandleVerifier [0x0x1130c5d+183357]\n\tGetHandleVerifier [0x0x111b6c8+95912]\n\tGetHandleVerifier [0x0x111b870+96336]\n\tGetHandleVerifier [0x0x110664a+9770]\n\tBaseThreadInitThunk [0x0x760a5d49+25]\n\tRtlInitializeExceptionChain [0x0x772dd09b+107]\n\tRtlGetAppContainerNamedObjectPath [0x0x772dd021+561]\n", "status": "passed", "attachments": [{"name": "Screenshot on Failure", "source": "e9206323-46cf-4c80-8e79-76946fcd1370-attachment.png", "type": "image/png"}], "start": 1749124274176, "stop": 1749124274291}], "attachments": [{"name": "Test Log", "source": "13b71b13-c431-4f5f-8703-5a861a57283e-attachment.txt", "type": "text/plain"}, {"name": "Screenshot on Failure", "source": "c5887d19-42ea-43a4-b87b-25e0787108d0-attachment.png", "type": "image/png"}, {"name": "log", "source": "7cbbcb24-402b-4cce-b6d7-243cb738ba49-attachment.txt", "type": "text/plain"}, {"name": "stdout", "source": "7814dadc-e382-46af-91fc-f1acc2adcc73-attachment.txt", "type": "text/plain"}, {"name": "stderr", "source": "b8db36b9-3a73-47d3-8dcc-311715c1f8a4-attachment.txt", "type": "text/plain"}], "start": 1749124268105, "stop": 1749124274292, "uuid": "b5d051f8-3ace-4717-9c3a-3c43c24266c8", "historyId": "1e14ccbc34b272fadf5b4c77e1687ca2", "testCaseId": "1e14ccbc34b272fadf5b4c77e1687ca2", "fullName": "tests.test_provineer#test_shared_feature", "labels": [{"name": "parentSuite", "value": "tests"}, {"name": "suite", "value": "test_provineer"}, {"name": "host", "value": "DESKTOP-CNNS4HO"}, {"name": "thread", "value": "17268-MainThread"}, {"name": "framework", "value": "pytest"}, {"name": "language", "value": "cpython3"}, {"name": "package", "value": "tests.test_provineer"}]}