{"name": "test_shared_feature", "status": "broken", "statusDetails": {"message": "TypeError: DashboardPageGetters.get_shared_assert_message() missing 1 required positional argument: 'self'", "trace": "driver = <selenium.webdriver.support.event_firing_webdriver.EventFiringWebDriver object at 0x00000189A3AB75F0>\n\n    def test_shared_feature(driver):\n        lp = LoginPageSteps(driver)\n        lp.login_page()\n        dp = DashboardPageSteps(driver)\n>       dp.test_uploads_dashboard()\n\ntests\\test_provineer.py:18: \n_ _ _ _ _ _ _ _ _ _ _ _ _ _ _ _ _ _ _ _ _ _ _ _ _ _ _ _ _ _ _ _ _ _ _ _ _ _ _ _ _ _ _ _ _ _ _ _ _ _ _ _ _ _ _ _ _ _ _ _ _ _ _ _ _ _ _ _ _ _ _ _ _ _ _ _ _ _ _ _ _ _ _ _ _ _ _ _ _ _ _ _ _ _ _ _ _ _ _ _ _ _ _ _ _ _ _ _ _ _ _ _ _ \n\nself = <Provineer_regression_tests.pages.dashboard_page.DashboardPageSteps object at 0x00000189A3ADA540>\n\n    def test_uploads_dashboard(self):\n        with allure.step(\"Testing share feature\"):\n            Logger.add_start_step(method=\"Testing share feature\")\n        self.click_user_avatar()\n        self.click_user_uploads()\n        self.click_test_file()\n        self.set_share_options()\n        self.fill_in_email_input(\"alexqamiroshkin@gmail.com\")\n        self.click_invite_button()\n        self.press_escape_key()\n        self.click_user_avatar()\n        self.click_log_out_button()\n        self.click_login_button()\n        self.login_page.login_account_for_share()\n        self.click_user_avatar()\n        self.click_user_uploads()\n        self.click_shared_with_me_button()\n>       self.assert_word(self.get_shared_assert_message(), \"Test Automation\")\nE       TypeError: DashboardPageGetters.get_shared_assert_message() missing 1 required positional argument: 'self'\n\npages\\dashboard_page.py:168: TypeError"}, "steps": [{"name": "User login", "status": "passed", "start": 1749124182400, "stop": 1749124182400}, {"name": "Navigating to URL: https://provineer.com/login", "status": "passed", "start": 1749124182400, "stop": 1749124182400}, {"name": "Trying to input into <input>", "status": "passed", "start": 1749124183094, "stop": 1749124183094}, {"name": "Trying to input into <input>", "status": "passed", "start": 1749124183127, "stop": 1749124183127}, {"name": "Trying to input into <input>", "status": "passed", "start": 1749124183260, "stop": 1749124183260}, {"name": "Trying to input into <input>", "status": "passed", "start": 1749124183321, "stop": 1749124183321}, {"name": "Trying to click on <button> with text 'Sign In'", "status": "passed", "start": 1749124183434, "stop": 1749124183434}, {"name": "Testing share feature", "status": "passed", "start": 1749124183497, "stop": 1749124183497}, {"name": "Exception: Message: no such element: Unable to locate element: {\"method\":\"xpath\",\"selector\":\"//img[@alt='User Avatar']\"}\n  (Session info: chrome=137.0.7151.56); For documentation on this error, please visit: https://www.selenium.dev/documentation/webdriver/troubleshooting/errors#no-such-element-exception\nStacktrace:\n\tGetHandleVerifier [0x0x1113763+63299]\n\tGetHandleVerifier [0x0x11137a4+63364]\n\t(No symbol) [0x0xf41113]\n\t(No symbol) [0x0xf8987e]\n\t(No symbol) [0x0xf89c1b]\n\t(No symbol) [0x0xfd2212]\n\t(No symbol) [0x0xfae5c4]\n\t(No symbol) [0x0xfcfa4a]\n\t(No symbol) [0x0xfae376]\n\t(No symbol) [0x0xf7d6e0]\n\t(No symbol) [0x0xf7e544]\n\tGetHandleVerifier [0x0x136e033+2531347]\n\tGetHandleVerifier [0x0x1369332+2511634]\n\tGetHandleVerifier [0x0x1139eda+220858]\n\tGetHandleVerifier [0x0x112a528+156936]\n\tGetHandleVerifier [0x0x1130c5d+183357]\n\tGetHandleVerifier [0x0x111b6c8+95912]\n\tGetHandleVerifier [0x0x111b870+96336]\n\tGetHandleVerifier [0x0x110664a+9770]\n\tBaseThreadInitThunk [0x0x760a5d49+25]\n\tRtlInitializeExceptionChain [0x0x772dd09b+107]\n\tRtlGetAppContainerNamedObjectPath [0x0x772dd021+561]\n", "status": "passed", "attachments": [{"name": "Screenshot on Failure", "source": "3fe5c7a1-dd37-4113-bd7d-37d0019a56fc-attachment.png", "type": "image/png"}], "start": 1749124183510, "stop": 1749124183703}, {"name": "Trying to click on <img> with text 'No text'", "status": "passed", "start": 1749124184229, "stop": 1749124184229}, {"name": "Trying to click on <span> with text 'My uploads'", "status": "passed", "start": 1749124184831, "stop": 1749124184831}, {"name": "Exception: Message: no such element: Unable to locate element: {\"method\":\"xpath\",\"selector\":\"//img[@alt='Uploaded produce']\"}\n  (Session info: chrome=137.0.7151.56); For documentation on this error, please visit: https://www.selenium.dev/documentation/webdriver/troubleshooting/errors#no-such-element-exception\nStacktrace:\n\tGetHandleVerifier [0x0x1113763+63299]\n\tGetHandleVerifier [0x0x11137a4+63364]\n\t(No symbol) [0x0xf41113]\n\t(No symbol) [0x0xf8987e]\n\t(No symbol) [0x0xf89c1b]\n\t(No symbol) [0x0xfd2212]\n\t(No symbol) [0x0xfae5c4]\n\t(No symbol) [0x0xfcfa4a]\n\t(No symbol) [0x0xfae376]\n\t(No symbol) [0x0xf7d6e0]\n\t(No symbol) [0x0xf7e544]\n\tGetHandleVerifier [0x0x136e033+2531347]\n\tGetHandleVerifier [0x0x1369332+2511634]\n\tGetHandleVerifier [0x0x1139eda+220858]\n\tGetHandleVerifier [0x0x112a528+156936]\n\tGetHandleVerifier [0x0x1130c5d+183357]\n\tGetHandleVerifier [0x0x111b6c8+95912]\n\tGetHandleVerifier [0x0x111b870+96336]\n\tGetHandleVerifier [0x0x110664a+9770]\n\tBaseThreadInitThunk [0x0x760a5d49+25]\n\tRtlInitializeExceptionChain [0x0x772dd09b+107]\n\tRtlGetAppContainerNamedObjectPath [0x0x772dd021+561]\n", "status": "passed", "attachments": [{"name": "Screenshot on Failure", "source": "c8ca8cad-acea-46a2-95ca-81d86d8e139b-attachment.png", "type": "image/png"}], "start": 1749124184928, "stop": 1749124185133}, {"name": "Trying to click on <img> with text 'No text'", "status": "passed", "start": 1749124185653, "stop": 1749124185653}, {"name": "Exception: Message: no such element: Unable to locate element: {\"method\":\"xpath\",\"selector\":\"//*[text()='Share']\"}\n  (Session info: chrome=137.0.7151.56); For documentation on this error, please visit: https://www.selenium.dev/documentation/webdriver/troubleshooting/errors#no-such-element-exception\nStacktrace:\n\tGetHandleVerifier [0x0x1113763+63299]\n\tGetHandleVerifier [0x0x11137a4+63364]\n\t(No symbol) [0x0xf41113]\n\t(No symbol) [0x0xf8987e]\n\t(No symbol) [0x0xf89c1b]\n\t(No symbol) [0x0xfd2212]\n\t(No symbol) [0x0xfae5c4]\n\t(No symbol) [0x0xfcfa4a]\n\t(No symbol) [0x0xfae376]\n\t(No symbol) [0x0xf7d6e0]\n\t(No symbol) [0x0xf7e544]\n\tGetHandleVerifier [0x0x136e033+2531347]\n\tGetHandleVerifier [0x0x1369332+2511634]\n\tGetHandleVerifier [0x0x1139eda+220858]\n\tGetHandleVerifier [0x0x112a528+156936]\n\tGetHandleVerifier [0x0x1130c5d+183357]\n\tGetHandleVerifier [0x0x111b6c8+95912]\n\tGetHandleVerifier [0x0x111b870+96336]\n\tGetHandleVerifier [0x0x110664a+9770]\n\tBaseThreadInitThunk [0x0x760a5d49+25]\n\tRtlInitializeExceptionChain [0x0x772dd09b+107]\n\tRtlGetAppContainerNamedObjectPath [0x0x772dd021+561]\n", "status": "passed", "attachments": [{"name": "Screenshot on Failure", "source": "f52c6b49-412b-4f77-bac3-9ce2fdbbcdbb-attachment.png", "type": "image/png"}], "start": 1749124185732, "stop": 1749124185887}, {"name": "Trying to click on <button> with text 'Share'", "status": "passed", "start": 1749124186410, "stop": 1749124186410}, {"name": "Exception: Message: no such element: Unable to locate element: {\"method\":\"xpath\",\"selector\":\"(//div[@role='combobox'])[2]\"}\n  (Session info: chrome=137.0.7151.56); For documentation on this error, please visit: https://www.selenium.dev/documentation/webdriver/troubleshooting/errors#no-such-element-exception\nStacktrace:\n\tGetHandleVerifier [0x0x1113763+63299]\n\tGetHandleVerifier [0x0x11137a4+63364]\n\t(No symbol) [0x0xf41113]\n\t(No symbol) [0x0xf8987e]\n\t(No symbol) [0x0xf89c1b]\n\t(No symbol) [0x0xfd2212]\n\t(No symbol) [0x0xfae5c4]\n\t(No symbol) [0x0xfcfa4a]\n\t(No symbol) [0x0xfae376]\n\t(No symbol) [0x0xf7d6e0]\n\t(No symbol) [0x0xf7e544]\n\tGetHandleVerifier [0x0x136e033+2531347]\n\tGetHandleVerifier [0x0x1369332+2511634]\n\tGetHandleVerifier [0x0x1139eda+220858]\n\tGetHandleVerifier [0x0x112a528+156936]\n\tGetHandleVerifier [0x0x1130c5d+183357]\n\tGetHandleVerifier [0x0x111b6c8+95912]\n\tGetHandleVerifier [0x0x111b870+96336]\n\tGetHandleVerifier [0x0x110664a+9770]\n\tBaseThreadInitThunk [0x0x760a5d49+25]\n\tRtlInitializeExceptionChain [0x0x772dd09b+107]\n\tRtlGetAppContainerNamedObjectPath [0x0x772dd021+561]\n", "status": "passed", "attachments": [{"name": "Screenshot on Failure", "source": "6b3cef20-fd9f-489b-aad2-f589c7e064bf-attachment.png", "type": "image/png"}], "start": 1749124186468, "stop": 1749124186594}, {"name": "Trying to click on <div> with text 'Only people invited'", "status": "passed", "start": 1749124187129, "stop": 1749124187129}, {"name": "Trying to click on <li> with text 'Anyone with the link'", "status": "passed", "start": 1749124187744, "stop": 1749124187744}, {"name": "Trying to click on <div> with text 'Only people invited'", "status": "passed", "start": 1749124187827, "stop": 1749124187827}, {"name": "Trying to click on <li> with text 'Private (Only me)'", "status": "passed", "start": 1749124188211, "stop": 1749124188211}, {"name": "Trying to click on <button> with text 'Proceed'", "status": "passed", "start": 1749124188327, "stop": 1749124188327}, {"name": "Trying to click on <div> with text 'Anyone with the link'", "status": "passed", "start": 1749124188410, "stop": 1749124188410}, {"name": "Trying to click on <li> with text 'Only people invited'", "status": "passed", "start": 1749124189208, "stop": 1749124189208}, {"name": "Trying to input into <input>", "status": "passed", "start": 1749124189276, "stop": 1749124189276}, {"name": "Trying to click on <button> with text 'Invite'", "status": "passed", "start": 1749124189377, "stop": 1749124189377}, {"name": "Trying to click on <img> with text 'No text'", "status": "passed", "start": 1749124189748, "stop": 1749124189748}, {"name": "Trying to click on <span> with text 'Log Out'", "status": "passed", "start": 1749124189827, "stop": 1749124189827}, {"name": "Exception: Message: no such element: Unable to locate element: {\"method\":\"xpath\",\"selector\":\"//button[text()='Login']\"}\n  (Session info: chrome=137.0.7151.56); For documentation on this error, please visit: https://www.selenium.dev/documentation/webdriver/troubleshooting/errors#no-such-element-exception\nStacktrace:\n\tGetHandleVerifier [0x0x1113763+63299]\n\tGetHandleVerifier [0x0x11137a4+63364]\n\t(No symbol) [0x0xf41113]\n\t(No symbol) [0x0xf8987e]\n\t(No symbol) [0x0xf89c1b]\n\t(No symbol) [0x0xfd2212]\n\t(No symbol) [0x0xfae5c4]\n\t(No symbol) [0x0xfcfa4a]\n\t(No symbol) [0x0xfae376]\n\t(No symbol) [0x0xf7d6e0]\n\t(No symbol) [0x0xf7e544]\n\tGetHandleVerifier [0x0x136e033+2531347]\n\tGetHandleVerifier [0x0x1369332+2511634]\n\tGetHandleVerifier [0x0x1139eda+220858]\n\tGetHandleVerifier [0x0x112a528+156936]\n\tGetHandleVerifier [0x0x1130c5d+183357]\n\tGetHandleVerifier [0x0x111b6c8+95912]\n\tGetHandleVerifier [0x0x111b870+96336]\n\tGetHandleVerifier [0x0x110664a+9770]\n\tBaseThreadInitThunk [0x0x760a5d49+25]\n\tRtlInitializeExceptionChain [0x0x772dd09b+107]\n\tRtlGetAppContainerNamedObjectPath [0x0x772dd021+561]\n", "status": "passed", "attachments": [{"name": "Screenshot on Failure", "source": "0f64f784-a4ab-4e2f-b96c-4c8068a68a98-attachment.png", "type": "image/png"}], "start": 1749124189900, "stop": 1749124190211}, {"name": "Trying to click on <button> with text 'Login'", "status": "passed", "start": 1749124190755, "stop": 1749124190755}, {"name": "User to test share feature, login", "status": "passed", "start": 1749124190811, "stop": 1749124190811}, {"name": "Trying to input into <input>", "status": "passed", "start": 1749124190844, "stop": 1749124190844}, {"name": "Trying to input into <input>", "status": "passed", "start": 1749124190860, "stop": 1749124190860}, {"name": "Trying to input into <input>", "status": "passed", "start": 1749124190961, "stop": 1749124190961}, {"name": "Trying to input into <input>", "status": "passed", "start": 1749124190977, "stop": 1749124190977}, {"name": "Trying to click on <button> with text 'Sign In'", "status": "passed", "start": 1749124191078, "stop": 1749124191078}, {"name": "Exception: Message: no such element: Unable to locate element: {\"method\":\"xpath\",\"selector\":\"//img[@alt='User Avatar']\"}\n  (Session info: chrome=137.0.7151.56); For documentation on this error, please visit: https://www.selenium.dev/documentation/webdriver/troubleshooting/errors#no-such-element-exception\nStacktrace:\n\tGetHandleVerifier [0x0x1113763+63299]\n\tGetHandleVerifier [0x0x11137a4+63364]\n\t(No symbol) [0x0xf41113]\n\t(No symbol) [0x0xf8987e]\n\t(No symbol) [0x0xf89c1b]\n\t(No symbol) [0x0xfd2212]\n\t(No symbol) [0x0xfae5c4]\n\t(No symbol) [0x0xfcfa4a]\n\t(No symbol) [0x0xfae376]\n\t(No symbol) [0x0xf7d6e0]\n\t(No symbol) [0x0xf7e544]\n\tGetHandleVerifier [0x0x136e033+2531347]\n\tGetHandleVerifier [0x0x1369332+2511634]\n\tGetHandleVerifier [0x0x1139eda+220858]\n\tGetHandleVerifier [0x0x112a528+156936]\n\tGetHandleVerifier [0x0x1130c5d+183357]\n\tGetHandleVerifier [0x0x111b6c8+95912]\n\tGetHandleVerifier [0x0x111b870+96336]\n\tGetHandleVerifier [0x0x110664a+9770]\n\tBaseThreadInitThunk [0x0x760a5d49+25]\n\tRtlInitializeExceptionChain [0x0x772dd09b+107]\n\tRtlGetAppContainerNamedObjectPath [0x0x772dd021+561]\n", "status": "passed", "attachments": [{"name": "Screenshot on Failure", "source": "95f5bb2c-be9a-455d-887e-062062579823-attachment.png", "type": "image/png"}], "start": 1749124191128, "stop": 1749124191255}, {"name": "Trying to click on <img> with text 'No text'", "status": "passed", "start": 1749124191788, "stop": 1749124191788}, {"name": "Trying to click on <span> with text 'My uploads'", "status": "passed", "start": 1749124191859, "stop": 1749124191859}, {"name": "Trying to click on <span> with text 'Shared with me'", "status": "passed", "start": 1749124192000, "stop": 1749124192000}], "attachments": [{"name": "Test Log", "source": "a3ef208a-c8f6-4d10-84ae-e2ec8b821f9d-attachment.txt", "type": "text/plain"}, {"name": "Screenshot on Failure", "source": "d74618c3-3190-40d7-91d8-7fecc522d85d-attachment.png", "type": "image/png"}, {"name": "log", "source": "91b89bb1-541d-42bd-88e8-75ab86a2587f-attachment.txt", "type": "text/plain"}, {"name": "stdout", "source": "c0fee979-d94d-433e-908f-dd723e159b3a-attachment.txt", "type": "text/plain"}, {"name": "stderr", "source": "560fb286-ea38-4b44-aefe-ce87873db26f-attachment.txt", "type": "text/plain"}], "start": 1749124182400, "stop": 1749124192059, "uuid": "b5d7e0d4-503e-42ea-99e4-19e6f745af62", "historyId": "1e14ccbc34b272fadf5b4c77e1687ca2", "testCaseId": "1e14ccbc34b272fadf5b4c77e1687ca2", "fullName": "tests.test_provineer#test_shared_feature", "labels": [{"name": "parentSuite", "value": "tests"}, {"name": "suite", "value": "test_provineer"}, {"name": "host", "value": "DESKTOP-CNNS4HO"}, {"name": "thread", "value": "8240-MainThread"}, {"name": "framework", "value": "pytest"}, {"name": "language", "value": "cpython3"}, {"name": "package", "value": "tests.test_provineer"}]}