{"name": "test_shared_feature", "status": "passed", "steps": [{"name": "User login", "status": "passed", "start": 1749124789789, "stop": 1749124789790}, {"name": "Navigating to URL: https://provineer.com/login", "status": "passed", "start": 1749124789790, "stop": 1749124789790}, {"name": "Trying to input into <input>", "status": "passed", "start": 1749124790755, "stop": 1749124790755}, {"name": "Trying to input into <input>", "status": "passed", "start": 1749124790800, "stop": 1749124790800}, {"name": "Trying to input into <input>", "status": "passed", "start": 1749124790953, "stop": 1749124790953}, {"name": "Trying to input into <input>", "status": "passed", "start": 1749124790981, "stop": 1749124790981}, {"name": "Trying to click on <button> with text 'Sign In'", "status": "passed", "start": 1749124791117, "stop": 1749124791117}, {"name": "Testing share feature", "status": "passed", "start": 1749124791193, "stop": 1749124791193}, {"name": "Exception: Message: no such element: Unable to locate element: {\"method\":\"xpath\",\"selector\":\"//img[@alt='User Avatar']\"}\n  (Session info: chrome=137.0.7151.56); For documentation on this error, please visit: https://www.selenium.dev/documentation/webdriver/troubleshooting/errors#no-such-element-exception\nStacktrace:\n\tGetHandleVerifier [0x0x1113763+63299]\n\tGetHandleVerifier [0x0x11137a4+63364]\n\t(No symbol) [0x0xf41113]\n\t(No symbol) [0x0xf8987e]\n\t(No symbol) [0x0xf89c1b]\n\t(No symbol) [0x0xfd2212]\n\t(No symbol) [0x0xfae5c4]\n\t(No symbol) [0x0xfcfa4a]\n\t(No symbol) [0x0xfae376]\n\t(No symbol) [0x0xf7d6e0]\n\t(No symbol) [0x0xf7e544]\n\tGetHandleVerifier [0x0x136e033+2531347]\n\tGetHandleVerifier [0x0x1369332+2511634]\n\tGetHandleVerifier [0x0x1139eda+220858]\n\tGetHandleVerifier [0x0x112a528+156936]\n\tGetHandleVerifier [0x0x1130c5d+183357]\n\tGetHandleVerifier [0x0x111b6c8+95912]\n\tGetHandleVerifier [0x0x111b870+96336]\n\tGetHandleVerifier [0x0x110664a+9770]\n\tBaseThreadInitThunk [0x0x760a5d49+25]\n\tRtlInitializeExceptionChain [0x0x772dd09b+107]\n\tRtlGetAppContainerNamedObjectPath [0x0x772dd021+561]\n", "status": "passed", "attachments": [{"name": "Screenshot on Failure", "source": "0bc0940f-8a7a-49d1-a4af-de0578f5a9e8-attachment.png", "type": "image/png"}], "start": 1749124791207, "stop": 1749124791386}, {"name": "Trying to click on <img> with text 'No text'", "status": "passed", "start": 1749124791912, "stop": 1749124791912}, {"name": "Trying to click on <span> with text 'My uploads'", "status": "passed", "start": 1749124792514, "stop": 1749124792514}, {"name": "Exception: Message: no such element: Unable to locate element: {\"method\":\"xpath\",\"selector\":\"//img[@alt='Uploaded produce']\"}\n  (Session info: chrome=137.0.7151.56); For documentation on this error, please visit: https://www.selenium.dev/documentation/webdriver/troubleshooting/errors#no-such-element-exception\nStacktrace:\n\tGetHandleVerifier [0x0x1113763+63299]\n\tGetHandleVerifier [0x0x11137a4+63364]\n\t(No symbol) [0x0xf41113]\n\t(No symbol) [0x0xf8987e]\n\t(No symbol) [0x0xf89c1b]\n\t(No symbol) [0x0xfd2212]\n\t(No symbol) [0x0xfae5c4]\n\t(No symbol) [0x0xfcfa4a]\n\t(No symbol) [0x0xfae376]\n\t(No symbol) [0x0xf7d6e0]\n\t(No symbol) [0x0xf7e544]\n\tGetHandleVerifier [0x0x136e033+2531347]\n\tGetHandleVerifier [0x0x1369332+2511634]\n\tGetHandleVerifier [0x0x1139eda+220858]\n\tGetHandleVerifier [0x0x112a528+156936]\n\tGetHandleVerifier [0x0x1130c5d+183357]\n\tGetHandleVerifier [0x0x111b6c8+95912]\n\tGetHandleVerifier [0x0x111b870+96336]\n\tGetHandleVerifier [0x0x110664a+9770]\n\tBaseThreadInitThunk [0x0x760a5d49+25]\n\tRtlInitializeExceptionChain [0x0x772dd09b+107]\n\tRtlGetAppContainerNamedObjectPath [0x0x772dd021+561]\n", "status": "passed", "attachments": [{"name": "Screenshot on Failure", "source": "b6b157e7-5f94-4960-9f91-6e6849ccce10-attachment.png", "type": "image/png"}], "start": 1749124792626, "stop": 1749124792844}, {"name": "Trying to click on <img> with text 'No text'", "status": "passed", "start": 1749124793400, "stop": 1749124793400}, {"name": "Exception: Message: no such element: Unable to locate element: {\"method\":\"xpath\",\"selector\":\"//*[text()='Share']\"}\n  (Session info: chrome=137.0.7151.56); For documentation on this error, please visit: https://www.selenium.dev/documentation/webdriver/troubleshooting/errors#no-such-element-exception\nStacktrace:\n\tGetHandleVerifier [0x0x1113763+63299]\n\tGetHandleVerifier [0x0x11137a4+63364]\n\t(No symbol) [0x0xf41113]\n\t(No symbol) [0x0xf8987e]\n\t(No symbol) [0x0xf89c1b]\n\t(No symbol) [0x0xfd2212]\n\t(No symbol) [0x0xfae5c4]\n\t(No symbol) [0x0xfcfa4a]\n\t(No symbol) [0x0xfae376]\n\t(No symbol) [0x0xf7d6e0]\n\t(No symbol) [0x0xf7e544]\n\tGetHandleVerifier [0x0x136e033+2531347]\n\tGetHandleVerifier [0x0x1369332+2511634]\n\tGetHandleVerifier [0x0x1139eda+220858]\n\tGetHandleVerifier [0x0x112a528+156936]\n\tGetHandleVerifier [0x0x1130c5d+183357]\n\tGetHandleVerifier [0x0x111b6c8+95912]\n\tGetHandleVerifier [0x0x111b870+96336]\n\tGetHandleVerifier [0x0x110664a+9770]\n\tBaseThreadInitThunk [0x0x760a5d49+25]\n\tRtlInitializeExceptionChain [0x0x772dd09b+107]\n\tRtlGetAppContainerNamedObjectPath [0x0x772dd021+561]\n", "status": "passed", "attachments": [{"name": "Screenshot on Failure", "source": "b97a229d-bb0a-4e7b-8571-82ce9299bb65-attachment.png", "type": "image/png"}], "start": 1749124793450, "stop": 1749124793614}, {"name": "Trying to click on <button> with text 'Share'", "status": "passed", "start": 1749124794142, "stop": 1749124794142}, {"name": "Exception: Message: no such element: Unable to locate element: {\"method\":\"xpath\",\"selector\":\"(//div[@role='combobox'])[2]\"}\n  (Session info: chrome=137.0.7151.56); For documentation on this error, please visit: https://www.selenium.dev/documentation/webdriver/troubleshooting/errors#no-such-element-exception\nStacktrace:\n\tGetHandleVerifier [0x0x1113763+63299]\n\tGetHandleVerifier [0x0x11137a4+63364]\n\t(No symbol) [0x0xf41113]\n\t(No symbol) [0x0xf8987e]\n\t(No symbol) [0x0xf89c1b]\n\t(No symbol) [0x0xfd2212]\n\t(No symbol) [0x0xfae5c4]\n\t(No symbol) [0x0xfcfa4a]\n\t(No symbol) [0x0xfae376]\n\t(No symbol) [0x0xf7d6e0]\n\t(No symbol) [0x0xf7e544]\n\tGetHandleVerifier [0x0x136e033+2531347]\n\tGetHandleVerifier [0x0x1369332+2511634]\n\tGetHandleVerifier [0x0x1139eda+220858]\n\tGetHandleVerifier [0x0x112a528+156936]\n\tGetHandleVerifier [0x0x1130c5d+183357]\n\tGetHandleVerifier [0x0x111b6c8+95912]\n\tGetHandleVerifier [0x0x111b870+96336]\n\tGetHandleVerifier [0x0x110664a+9770]\n\tBaseThreadInitThunk [0x0x760a5d49+25]\n\tRtlInitializeExceptionChain [0x0x772dd09b+107]\n\tRtlGetAppContainerNamedObjectPath [0x0x772dd021+561]\n", "status": "passed", "attachments": [{"name": "Screenshot on Failure", "source": "e81ac1a5-396f-41eb-8622-6cc1b0e20f0e-attachment.png", "type": "image/png"}], "start": 1749124794197, "stop": 1749124794332}, {"name": "Trying to click on <div> with text 'Only people invited'", "status": "passed", "start": 1749124794861, "stop": 1749124794861}, {"name": "Trying to click on <li> with text 'Anyone with the link'", "status": "passed", "start": 1749124794945, "stop": 1749124794945}, {"name": "Trying to click on <div> with text 'Only people invited'", "status": "passed", "start": 1749124795030, "stop": 1749124795030}, {"name": "Trying to click on <li> with text 'Private (Only me)'", "status": "passed", "start": 1749124795345, "stop": 1749124795345}, {"name": "Trying to click on <button> with text 'Proceed'", "status": "passed", "start": 1749124795495, "stop": 1749124795495}, {"name": "Trying to click on <div> with text 'Anyone with the link'", "status": "passed", "start": 1749124795578, "stop": 1749124795578}, {"name": "Trying to click on <li> with text 'Only people invited'", "status": "passed", "start": 1749124796342, "stop": 1749124796342}, {"name": "Trying to input into <input>", "status": "passed", "start": 1749124796411, "stop": 1749124796411}, {"name": "Trying to click on <button> with text 'Invite'", "status": "passed", "start": 1749124796511, "stop": 1749124796511}, {"name": "Trying to click on <img> with text 'No text'", "status": "passed", "start": 1749124796830, "stop": 1749124796830}, {"name": "Trying to click on <span> with text 'Log Out'", "status": "passed", "start": 1749124797513, "stop": 1749124797513}, {"name": "Exception: Message: no such element: Unable to locate element: {\"method\":\"xpath\",\"selector\":\"(//button[text()='Login'])[1]\"}\n  (Session info: chrome=137.0.7151.56); For documentation on this error, please visit: https://www.selenium.dev/documentation/webdriver/troubleshooting/errors#no-such-element-exception\nStacktrace:\n\tGetHandleVerifier [0x0x1113763+63299]\n\tGetHandleVerifier [0x0x11137a4+63364]\n\t(No symbol) [0x0xf41113]\n\t(No symbol) [0x0xf8987e]\n\t(No symbol) [0x0xf89c1b]\n\t(No symbol) [0x0xfd2212]\n\t(No symbol) [0x0xfae5c4]\n\t(No symbol) [0x0xfcfa4a]\n\t(No symbol) [0x0xfae376]\n\t(No symbol) [0x0xf7d6e0]\n\t(No symbol) [0x0xf7e544]\n\tGetHandleVerifier [0x0x136e033+2531347]\n\tGetHandleVerifier [0x0x1369332+2511634]\n\tGetHandleVerifier [0x0x1139eda+220858]\n\tGetHandleVerifier [0x0x112a528+156936]\n\tGetHandleVerifier [0x0x1130c5d+183357]\n\tGetHandleVerifier [0x0x111b6c8+95912]\n\tGetHandleVerifier [0x0x111b870+96336]\n\tGetHandleVerifier [0x0x110664a+9770]\n\tBaseThreadInitThunk [0x0x760a5d49+25]\n\tRtlInitializeExceptionChain [0x0x772dd09b+107]\n\tRtlGetAppContainerNamedObjectPath [0x0x772dd021+561]\n", "status": "passed", "attachments": [{"name": "Screenshot on Failure", "source": "c782d3e7-d89c-41f5-87a4-3237aadce710-attachment.png", "type": "image/png"}], "start": 1749124797566, "stop": 1749124797698}, {"name": "Trying to click on <button> with text 'Login'", "status": "passed", "start": 1749124798258, "stop": 1749124798258}, {"name": "User to test share feature, login", "status": "passed", "start": 1749124798299, "stop": 1749124798299}, {"name": "Trying to input into <input>", "status": "passed", "start": 1749124798346, "stop": 1749124798346}, {"name": "Trying to input into <input>", "status": "passed", "start": 1749124798362, "stop": 1749124798362}, {"name": "Trying to input into <input>", "status": "passed", "start": 1749124798445, "stop": 1749124798445}, {"name": "Trying to input into <input>", "status": "passed", "start": 1749124798462, "stop": 1749124798462}, {"name": "Trying to click on <button> with text 'Sign In'", "status": "passed", "start": 1749124798562, "stop": 1749124798562}, {"name": "Exception: Message: no such element: Unable to locate element: {\"method\":\"xpath\",\"selector\":\"//img[@alt='User Avatar']\"}\n  (Session info: chrome=137.0.7151.56); For documentation on this error, please visit: https://www.selenium.dev/documentation/webdriver/troubleshooting/errors#no-such-element-exception\nStacktrace:\n\tGetHandleVerifier [0x0x1113763+63299]\n\tGetHandleVerifier [0x0x11137a4+63364]\n\t(No symbol) [0x0xf41113]\n\t(No symbol) [0x0xf8987e]\n\t(No symbol) [0x0xf89c1b]\n\t(No symbol) [0x0xfd2212]\n\t(No symbol) [0x0xfae5c4]\n\t(No symbol) [0x0xfcfa4a]\n\t(No symbol) [0x0xfae376]\n\t(No symbol) [0x0xf7d6e0]\n\t(No symbol) [0x0xf7e544]\n\tGetHandleVerifier [0x0x136e033+2531347]\n\tGetHandleVerifier [0x0x1369332+2511634]\n\tGetHandleVerifier [0x0x1139eda+220858]\n\tGetHandleVerifier [0x0x112a528+156936]\n\tGetHandleVerifier [0x0x1130c5d+183357]\n\tGetHandleVerifier [0x0x111b6c8+95912]\n\tGetHandleVerifier [0x0x111b870+96336]\n\tGetHandleVerifier [0x0x110664a+9770]\n\tBaseThreadInitThunk [0x0x760a5d49+25]\n\tRtlInitializeExceptionChain [0x0x772dd09b+107]\n\tRtlGetAppContainerNamedObjectPath [0x0x772dd021+561]\n", "status": "passed", "attachments": [{"name": "Screenshot on Failure", "source": "5c23fbb0-4f1a-4e0f-8475-6a08d14ea0f7-attachment.png", "type": "image/png"}], "start": 1749124798612, "stop": 1749124798772}, {"name": "Trying to click on <img> with text 'No text'", "status": "passed", "start": 1749124799373, "stop": 1749124799373}, {"name": "Trying to click on <span> with text 'My uploads'", "status": "passed", "start": 1749124799445, "stop": 1749124799445}, {"name": "Exception: Message: no such element: Unable to locate element: {\"method\":\"xpath\",\"selector\":\"//span[text()='Shared with me']\"}\n  (Session info: chrome=137.0.7151.56); For documentation on this error, please visit: https://www.selenium.dev/documentation/webdriver/troubleshooting/errors#no-such-element-exception\nStacktrace:\n\tGetHandleVerifier [0x0x1113763+63299]\n\tGetHandleVerifier [0x0x11137a4+63364]\n\t(No symbol) [0x0xf41113]\n\t(No symbol) [0x0xf8987e]\n\t(No symbol) [0x0xf89c1b]\n\t(No symbol) [0x0xfd2212]\n\t(No symbol) [0x0xfae5c4]\n\t(No symbol) [0x0xfcfa4a]\n\t(No symbol) [0x0xfae376]\n\t(No symbol) [0x0xf7d6e0]\n\t(No symbol) [0x0xf7e544]\n\tGetHandleVerifier [0x0x136e033+2531347]\n\tGetHandleVerifier [0x0x1369332+2511634]\n\tGetHandleVerifier [0x0x1139eda+220858]\n\tGetHandleVerifier [0x0x112a528+156936]\n\tGetHandleVerifier [0x0x1130c5d+183357]\n\tGetHandleVerifier [0x0x111b6c8+95912]\n\tGetHandleVerifier [0x0x111b870+96336]\n\tGetHandleVerifier [0x0x110664a+9770]\n\tBaseThreadInitThunk [0x0x760a5d49+25]\n\tRtlInitializeExceptionChain [0x0x772dd09b+107]\n\tRtlGetAppContainerNamedObjectPath [0x0x772dd021+561]\n", "status": "passed", "attachments": [{"name": "Screenshot on Failure", "source": "5cd3a6f3-6014-4686-9ca9-8e9c3f96326e-attachment.png", "type": "image/png"}], "start": 1749124799524, "stop": 1749124799712}, {"name": "Trying to click on <span> with text 'Shared with me'", "status": "passed", "start": 1749124800251, "stop": 1749124800251}, {"name": "Exception: Message: no such element: Unable to locate element: {\"method\":\"xpath\",\"selector\":\"//p[@class='MuiTypography-root MuiTypography-body1 css-x1va7p']\"}\n  (Session info: chrome=137.0.7151.56); For documentation on this error, please visit: https://www.selenium.dev/documentation/webdriver/troubleshooting/errors#no-such-element-exception\nStacktrace:\n\tGetHandleVerifier [0x0x1113763+63299]\n\tGetHandleVerifier [0x0x11137a4+63364]\n\t(No symbol) [0x0xf41113]\n\t(No symbol) [0x0xf8987e]\n\t(No symbol) [0x0xf89c1b]\n\t(No symbol) [0x0xfd2212]\n\t(No symbol) [0x0xfae5c4]\n\t(No symbol) [0x0xfcfa4a]\n\t(No symbol) [0x0xfae376]\n\t(No symbol) [0x0xf7d6e0]\n\t(No symbol) [0x0xf7e544]\n\tGetHandleVerifier [0x0x136e033+2531347]\n\tGetHandleVerifier [0x0x1369332+2511634]\n\tGetHandleVerifier [0x0x1139eda+220858]\n\tGetHandleVerifier [0x0x112a528+156936]\n\tGetHandleVerifier [0x0x1130c5d+183357]\n\tGetHandleVerifier [0x0x111b6c8+95912]\n\tGetHandleVerifier [0x0x111b870+96336]\n\tGetHandleVerifier [0x0x110664a+9770]\n\tBaseThreadInitThunk [0x0x760a5d49+25]\n\tRtlInitializeExceptionChain [0x0x772dd09b+107]\n\tRtlGetAppContainerNamedObjectPath [0x0x772dd021+561]\n", "status": "passed", "attachments": [{"name": "Screenshot on Failure", "source": "d646c11f-9bb1-4182-8216-be7abfe4179a-attachment.png", "type": "image/png"}], "start": 1749124800340, "stop": 1749124800474}], "attachments": [{"name": "Test Log", "source": "f3a56c77-1b35-4b11-9fa6-9e51ee9ccd30-attachment.txt", "type": "text/plain"}, {"name": "log", "source": "f30f0bad-a825-4528-8431-aaab67e5e09d-attachment.txt", "type": "text/plain"}, {"name": "stdout", "source": "1fbef194-cb11-4470-bc3a-a58d61bfe02a-attachment.txt", "type": "text/plain"}, {"name": "stderr", "source": "1ad26c5c-127a-4d80-9820-cbbdfa8670f7-attachment.txt", "type": "text/plain"}], "start": 1749124789789, "stop": 1749124801017, "uuid": "5913f2cd-437a-495b-894c-b486ad27b1c1", "historyId": "1e14ccbc34b272fadf5b4c77e1687ca2", "testCaseId": "1e14ccbc34b272fadf5b4c77e1687ca2", "fullName": "tests.test_provineer#test_shared_feature", "labels": [{"name": "parentSuite", "value": "tests"}, {"name": "suite", "value": "test_provineer"}, {"name": "host", "value": "DESKTOP-CNNS4HO"}, {"name": "thread", "value": "16292-MainThread"}, {"name": "framework", "value": "pytest"}, {"name": "language", "value": "cpython3"}, {"name": "package", "value": "tests.test_provineer"}]}