{"name": "test_shared_feature", "status": "broken", "statusDetails": {"message": "selenium.common.exceptions.StaleElementReferenceException: Message: stale element reference: stale element not found in the current frame\n  (Session info: chrome=137.0.7151.56); For documentation on this error, please visit: https://www.selenium.dev/documentation/webdriver/troubleshooting/errors#stale-element-reference-exception\nStacktrace:\n\tGetHandleVerifier [0x0x1113763+63299]\n\tGetHandleVerifier [0x0x11137a4+63364]\n\t(No symbol) [0x0xf41113]\n\t(No symbol) [0x0xf47920]\n\t(No symbol) [0x0xf49c4a]\n\t(No symbol) [0x0xf49cc7]\n\t(No symbol) [0x0xf84ab8]\n\t(No symbol) [0x0xfae57c]\n\t(No symbol) [0x0xf7eed4]\n\t(No symbol) [0x0xfae7f4]\n\t(No symbol) [0x0xfcfa4a]\n\t(No symbol) [0x0xfae376]\n\t(No symbol) [0x0xf7d6e0]\n\t(No symbol) [0x0xf7e544]\n\tGetHandleVerifier [0x0x136e033+2531347]\n\tGetHandleVerifier [0x0x1369332+2511634]\n\tGetHandleVerifier [0x0x1139eda+220858]\n\tGetHandleVerifier [0x0x112a528+156936]\n\tGetHandleVerifier [0x0x1130c5d+183357]\n\tGetHandleVerifier [0x0x111b6c8+95912]\n\tGetHandleVerifier [0x0x111b870+96336]\n\tGetHandleVerifier [0x0x110664a+9770]\n\tBaseThreadInitThunk [0x0x760a5d49+25]\n\tRtlInitializeExceptionChain [0x0x772dd09b+107]\n\tRtlGetAppContainerNamedObjectPath [0x0x772dd021+561]", "trace": "driver = <selenium.webdriver.support.event_firing_webdriver.EventFiringWebDriver object at 0x00000238E4226180>\n\n    def test_shared_feature(driver):\n        lp = LoginPageSteps(driver)\n        lp.login_page()\n        dp = DashboardPageSteps(driver)\n>       dp.test_uploads_dashboard()\n\ntests\\test_provineer.py:18: \n_ _ _ _ _ _ _ _ _ _ _ _ _ _ _ _ _ _ _ _ _ _ _ _ _ _ _ _ _ _ _ _ _ _ _ _ _ _ _ _ _ _ _ _ _ _ _ _ _ _ _ _ _ _ _ _ _ _ _ _ _ _ _ _ _ _ _ _ _ _ _ _ _ _ _ _ _ _ _ _ _ _ _ _ _ _ _ _ _ _ _ _ _ _ _ _ _ _ _ _ _ _ _ _ _ _ _ _ _ _ _ _ _ \npages\\dashboard_page.py:164: in test_uploads_dashboard\n    self.login_page.login_account_for_share()\npages\\login_page.py:51: in login_account_for_share\n    self.input_email(\"alexqamiroshkin@gmail.com\")\npages\\login_page.py:25: in input_email\n    self.input_text(self.get_email(), email)\npages\\login_page.py:15: in get_email\n    return self.wait_for_clickable(LoginPageLocators.EMAIL)\nbase\\base_methods.py:11: in wait_for_clickable\n    return WebDriverWait(self.driver, timeout).until(EC.element_to_be_clickable(locator))\n..\\.venv\\Lib\\site-packages\\selenium\\webdriver\\support\\wait.py:96: in until\n    value = method(self._driver)\n..\\.venv\\Lib\\site-packages\\selenium\\webdriver\\support\\expected_conditions.py:365: in _predicate\n    if element and element.is_enabled():\n..\\.venv\\Lib\\site-packages\\selenium\\webdriver\\support\\event_firing_webdriver.py:216: in _wrap\n    result = attrib(*args, **kwargs)\n..\\.venv\\Lib\\site-packages\\selenium\\webdriver\\remote\\webelement.py:192: in is_enabled\n    return self._execute(Command.IS_ELEMENT_ENABLED)[\"value\"]\n..\\.venv\\Lib\\site-packages\\selenium\\webdriver\\remote\\webelement.py:395: in _execute\n    return self._parent.execute(command, params)\n..\\.venv\\Lib\\site-packages\\selenium\\webdriver\\remote\\webdriver.py:380: in execute\n    self.error_handler.check_response(response)\n_ _ _ _ _ _ _ _ _ _ _ _ _ _ _ _ _ _ _ _ _ _ _ _ _ _ _ _ _ _ _ _ _ _ _ _ _ _ _ _ _ _ _ _ _ _ _ _ _ _ _ _ _ _ _ _ _ _ _ _ _ _ _ _ _ _ _ _ _ _ _ _ _ _ _ _ _ _ _ _ _ _ _ _ _ _ _ _ _ _ _ _ _ _ _ _ _ _ _ _ _ _ _ _ _ _ _ _ _ _ _ _ _ \n\nself = <selenium.webdriver.remote.errorhandler.ErrorHandler object at 0x00000238E4287AD0>\nresponse = {'status': 404, 'value': '{\"value\":{\"error\":\"stale element reference\",\"message\":\"stale element reference: stale elemen...]\\\\n\\\\tRtlInitializeExceptionChain [0x0x772dd09b+107]\\\\n\\\\tRtlGetAppContainerNamedObjectPath [0x0x772dd021+561]\\\\n\"}}'}\n\n    def check_response(self, response: Dict[str, Any]) -> None:\n        \"\"\"Checks that a JSON response from the WebDriver does not have an\n        error.\n    \n        :Args:\n         - response - The JSON response from the WebDriver server as a dictionary\n           object.\n    \n        :Raises: If the response contains an error message.\n        \"\"\"\n        status = response.get(\"status\", None)\n        if not status or status == ErrorCode.SUCCESS:\n            return\n        value = None\n        message = response.get(\"message\", \"\")\n        screen: str = response.get(\"screen\", \"\")\n        stacktrace = None\n        if isinstance(status, int):\n            value_json = response.get(\"value\", None)\n            if value_json and isinstance(value_json, str):\n                import json\n    \n                try:\n                    value = json.loads(value_json)\n                    if len(value) == 1:\n                        value = value[\"value\"]\n                    status = value.get(\"error\", None)\n                    if not status:\n                        status = value.get(\"status\", ErrorCode.UNKNOWN_ERROR)\n                        message = value.get(\"value\") or value.get(\"message\")\n                        if not isinstance(message, str):\n                            value = message\n                            message = message.get(\"message\")\n                    else:\n                        message = value.get(\"message\", None)\n                except ValueError:\n                    pass\n    \n        exception_class: Type[WebDriverException]\n        e = ErrorCode()\n        error_codes = [item for item in dir(e) if not item.startswith(\"__\")]\n        for error_code in error_codes:\n            error_info = getattr(ErrorCode, error_code)\n            if isinstance(error_info, list) and status in error_info:\n                exception_class = getattr(ExceptionMapping, error_code, WebDriverException)\n                break\n        else:\n            exception_class = WebDriverException\n    \n        if not value:\n            value = response[\"value\"]\n        if isinstance(value, str):\n            raise exception_class(value)\n        if message == \"\" and \"message\" in value:\n            message = value[\"message\"]\n    \n        screen = None  # type: ignore[assignment]\n        if \"screen\" in value:\n            screen = value[\"screen\"]\n    \n        stacktrace = None\n        st_value = value.get(\"stackTrace\") or value.get(\"stacktrace\")\n        if st_value:\n            if isinstance(st_value, str):\n                stacktrace = st_value.split(\"\\n\")\n            else:\n                stacktrace = []\n                try:\n                    for frame in st_value:\n                        line = frame.get(\"lineNumber\", \"\")\n                        file = frame.get(\"fileName\", \"<anonymous>\")\n                        if line:\n                            file = f\"{file}:{line}\"\n                        meth = frame.get(\"methodName\", \"<anonymous>\")\n                        if \"className\" in frame:\n                            meth = f\"{frame['className']}.{meth}\"\n                        msg = \"    at %s (%s)\"\n                        msg = msg % (meth, file)\n                        stacktrace.append(msg)\n                except TypeError:\n                    pass\n        if exception_class == UnexpectedAlertPresentException:\n            alert_text = None\n            if \"data\" in value:\n                alert_text = value[\"data\"].get(\"text\")\n            elif \"alert\" in value:\n                alert_text = value[\"alert\"].get(\"text\")\n            raise exception_class(message, screen, stacktrace, alert_text)  # type: ignore[call-arg]  # mypy is not smart enough here\n>       raise exception_class(message, screen, stacktrace)\nE       selenium.common.exceptions.StaleElementReferenceException: Message: stale element reference: stale element not found in the current frame\nE         (Session info: chrome=137.0.7151.56); For documentation on this error, please visit: https://www.selenium.dev/documentation/webdriver/troubleshooting/errors#stale-element-reference-exception\nE       Stacktrace:\nE       \tGetHandleVerifier [0x0x1113763+63299]\nE       \tGetHandleVerifier [0x0x11137a4+63364]\nE       \t(No symbol) [0x0xf41113]\nE       \t(No symbol) [0x0xf47920]\nE       \t(No symbol) [0x0xf49c4a]\nE       \t(No symbol) [0x0xf49cc7]\nE       \t(No symbol) [0x0xf84ab8]\nE       \t(No symbol) [0x0xfae57c]\nE       \t(No symbol) [0x0xf7eed4]\nE       \t(No symbol) [0x0xfae7f4]\nE       \t(No symbol) [0x0xfcfa4a]\nE       \t(No symbol) [0x0xfae376]\nE       \t(No symbol) [0x0xf7d6e0]\nE       \t(No symbol) [0x0xf7e544]\nE       \tGetHandleVerifier [0x0x136e033+2531347]\nE       \tGetHandleVerifier [0x0x1369332+2511634]\nE       \tGetHandleVerifier [0x0x1139eda+220858]\nE       \tGetHandleVerifier [0x0x112a528+156936]\nE       \tGetHandleVerifier [0x0x1130c5d+183357]\nE       \tGetHandleVerifier [0x0x111b6c8+95912]\nE       \tGetHandleVerifier [0x0x111b870+96336]\nE       \tGetHandleVerifier [0x0x110664a+9770]\nE       \tBaseThreadInitThunk [0x0x760a5d49+25]\nE       \tRtlInitializeExceptionChain [0x0x772dd09b+107]\nE       \tRtlGetAppContainerNamedObjectPath [0x0x772dd021+561]\n\n..\\.venv\\Lib\\site-packages\\selenium\\webdriver\\remote\\errorhandler.py:229: StaleElementReferenceException"}, "steps": [{"name": "User login", "status": "passed", "start": 1749124602306, "stop": 1749124602306}, {"name": "Navigating to URL: https://provineer.com/login", "status": "passed", "start": 1749124602306, "stop": 1749124602306}, {"name": "Trying to input into <input>", "status": "passed", "start": 1749124603060, "stop": 1749124603060}, {"name": "Trying to input into <input>", "status": "passed", "start": 1749124603097, "stop": 1749124603097}, {"name": "Trying to input into <input>", "status": "passed", "start": 1749124603288, "stop": 1749124603288}, {"name": "Trying to input into <input>", "status": "passed", "start": 1749124603311, "stop": 1749124603311}, {"name": "Trying to click on <button> with text 'Sign In'", "status": "passed", "start": 1749124603417, "stop": 1749124603417}, {"name": "Testing share feature", "status": "passed", "start": 1749124603483, "stop": 1749124603483}, {"name": "Exception: Message: no such element: Unable to locate element: {\"method\":\"xpath\",\"selector\":\"//img[@alt='User Avatar']\"}\n  (Session info: chrome=137.0.7151.56); For documentation on this error, please visit: https://www.selenium.dev/documentation/webdriver/troubleshooting/errors#no-such-element-exception\nStacktrace:\n\tGetHandleVerifier [0x0x1113763+63299]\n\tGetHandleVerifier [0x0x11137a4+63364]\n\t(No symbol) [0x0xf41113]\n\t(No symbol) [0x0xf8987e]\n\t(No symbol) [0x0xf89c1b]\n\t(No symbol) [0x0xfd2212]\n\t(No symbol) [0x0xfae5c4]\n\t(No symbol) [0x0xfcfa4a]\n\t(No symbol) [0x0xfae376]\n\t(No symbol) [0x0xf7d6e0]\n\t(No symbol) [0x0xf7e544]\n\tGetHandleVerifier [0x0x136e033+2531347]\n\tGetHandleVerifier [0x0x1369332+2511634]\n\tGetHandleVerifier [0x0x1139eda+220858]\n\tGetHandleVerifier [0x0x112a528+156936]\n\tGetHandleVerifier [0x0x1130c5d+183357]\n\tGetHandleVerifier [0x0x111b6c8+95912]\n\tGetHandleVerifier [0x0x111b870+96336]\n\tGetHandleVerifier [0x0x110664a+9770]\n\tBaseThreadInitThunk [0x0x760a5d49+25]\n\tRtlInitializeExceptionChain [0x0x772dd09b+107]\n\tRtlGetAppContainerNamedObjectPath [0x0x772dd021+561]\n", "status": "passed", "attachments": [{"name": "Screenshot on Failure", "source": "3b273142-201c-40f5-81e3-d230a11b1799-attachment.png", "type": "image/png"}], "start": 1749124603500, "stop": 1749124603694}, {"name": "Trying to click on <img> with text 'No text'", "status": "passed", "start": 1749124604219, "stop": 1749124604219}, {"name": "Trying to click on <span> with text 'My uploads'", "status": "passed", "start": 1749124604821, "stop": 1749124604821}, {"name": "Exception: Message: no such element: Unable to locate element: {\"method\":\"xpath\",\"selector\":\"//img[@alt='Uploaded produce']\"}\n  (Session info: chrome=137.0.7151.56); For documentation on this error, please visit: https://www.selenium.dev/documentation/webdriver/troubleshooting/errors#no-such-element-exception\nStacktrace:\n\tGetHandleVerifier [0x0x1113763+63299]\n\tGetHandleVerifier [0x0x11137a4+63364]\n\t(No symbol) [0x0xf41113]\n\t(No symbol) [0x0xf8987e]\n\t(No symbol) [0x0xf89c1b]\n\t(No symbol) [0x0xfd2212]\n\t(No symbol) [0x0xfae5c4]\n\t(No symbol) [0x0xfcfa4a]\n\t(No symbol) [0x0xfae376]\n\t(No symbol) [0x0xf7d6e0]\n\t(No symbol) [0x0xf7e544]\n\tGetHandleVerifier [0x0x136e033+2531347]\n\tGetHandleVerifier [0x0x1369332+2511634]\n\tGetHandleVerifier [0x0x1139eda+220858]\n\tGetHandleVerifier [0x0x112a528+156936]\n\tGetHandleVerifier [0x0x1130c5d+183357]\n\tGetHandleVerifier [0x0x111b6c8+95912]\n\tGetHandleVerifier [0x0x111b870+96336]\n\tGetHandleVerifier [0x0x110664a+9770]\n\tBaseThreadInitThunk [0x0x760a5d49+25]\n\tRtlInitializeExceptionChain [0x0x772dd09b+107]\n\tRtlGetAppContainerNamedObjectPath [0x0x772dd021+561]\n", "status": "passed", "attachments": [{"name": "Screenshot on Failure", "source": "7682421f-b37c-48a7-a1d3-28d69d5dfb1c-attachment.png", "type": "image/png"}], "start": 1749124604930, "stop": 1749124605133}, {"name": "Trying to click on <img> with text 'No text'", "status": "passed", "start": 1749124605672, "stop": 1749124605672}, {"name": "Exception: Message: no such element: Unable to locate element: {\"method\":\"xpath\",\"selector\":\"//*[text()='Share']\"}\n  (Session info: chrome=137.0.7151.56); For documentation on this error, please visit: https://www.selenium.dev/documentation/webdriver/troubleshooting/errors#no-such-element-exception\nStacktrace:\n\tGetHandleVerifier [0x0x1113763+63299]\n\tGetHandleVerifier [0x0x11137a4+63364]\n\t(No symbol) [0x0xf41113]\n\t(No symbol) [0x0xf8987e]\n\t(No symbol) [0x0xf89c1b]\n\t(No symbol) [0x0xfd2212]\n\t(No symbol) [0x0xfae5c4]\n\t(No symbol) [0x0xfcfa4a]\n\t(No symbol) [0x0xfae376]\n\t(No symbol) [0x0xf7d6e0]\n\t(No symbol) [0x0xf7e544]\n\tGetHandleVerifier [0x0x136e033+2531347]\n\tGetHandleVerifier [0x0x1369332+2511634]\n\tGetHandleVerifier [0x0x1139eda+220858]\n\tGetHandleVerifier [0x0x112a528+156936]\n\tGetHandleVerifier [0x0x1130c5d+183357]\n\tGetHandleVerifier [0x0x111b6c8+95912]\n\tGetHandleVerifier [0x0x111b870+96336]\n\tGetHandleVerifier [0x0x110664a+9770]\n\tBaseThreadInitThunk [0x0x760a5d49+25]\n\tRtlInitializeExceptionChain [0x0x772dd09b+107]\n\tRtlGetAppContainerNamedObjectPath [0x0x772dd021+561]\n", "status": "passed", "attachments": [{"name": "Screenshot on Failure", "source": "19d383d3-9251-493e-93bf-6987e9b6aa25-attachment.png", "type": "image/png"}], "start": 1749124605725, "stop": 1749124605884}, {"name": "Trying to click on <button> with text 'Share'", "status": "passed", "start": 1749124606416, "stop": 1749124606416}, {"name": "Exception: Message: no such element: Unable to locate element: {\"method\":\"xpath\",\"selector\":\"(//div[@role='combobox'])[2]\"}\n  (Session info: chrome=137.0.7151.56); For documentation on this error, please visit: https://www.selenium.dev/documentation/webdriver/troubleshooting/errors#no-such-element-exception\nStacktrace:\n\tGetHandleVerifier [0x0x1113763+63299]\n\tGetHandleVerifier [0x0x11137a4+63364]\n\t(No symbol) [0x0xf41113]\n\t(No symbol) [0x0xf8987e]\n\t(No symbol) [0x0xf89c1b]\n\t(No symbol) [0x0xfd2212]\n\t(No symbol) [0x0xfae5c4]\n\t(No symbol) [0x0xfcfa4a]\n\t(No symbol) [0x0xfae376]\n\t(No symbol) [0x0xf7d6e0]\n\t(No symbol) [0x0xf7e544]\n\tGetHandleVerifier [0x0x136e033+2531347]\n\tGetHandleVerifier [0x0x1369332+2511634]\n\tGetHandleVerifier [0x0x1139eda+220858]\n\tGetHandleVerifier [0x0x112a528+156936]\n\tGetHandleVerifier [0x0x1130c5d+183357]\n\tGetHandleVerifier [0x0x111b6c8+95912]\n\tGetHandleVerifier [0x0x111b870+96336]\n\tGetHandleVerifier [0x0x110664a+9770]\n\tBaseThreadInitThunk [0x0x760a5d49+25]\n\tRtlInitializeExceptionChain [0x0x772dd09b+107]\n\tRtlGetAppContainerNamedObjectPath [0x0x772dd021+561]\n", "status": "passed", "attachments": [{"name": "Screenshot on Failure", "source": "0d06a828-421c-494e-8065-1c00ff79e85d-attachment.png", "type": "image/png"}], "start": 1749124606467, "stop": 1749124606604}, {"name": "Trying to click on <div> with text 'Anyone with the link'", "status": "passed", "start": 1749124607133, "stop": 1749124607133}, {"name": "Trying to click on <li> with text 'Anyone with the link'", "status": "passed", "start": 1749124607216, "stop": 1749124607216}, {"name": "Trying to click on <div> with text 'Anyone with the link'", "status": "passed", "start": 1749124607300, "stop": 1749124607300}, {"name": "Trying to click on <li> with text 'Private (Only me)'", "status": "passed", "start": 1749124608096, "stop": 1749124608096}, {"name": "Trying to click on <button> with text 'Proceed'", "status": "passed", "start": 1749124608200, "stop": 1749124608200}, {"name": "Trying to click on <div> with text 'Anyone with the link'", "status": "passed", "start": 1749124608285, "stop": 1749124608285}, {"name": "Trying to click on <li> with text 'Only people invited'", "status": "passed", "start": 1749124608500, "stop": 1749124608500}, {"name": "Trying to input into <input>", "status": "passed", "start": 1749124608568, "stop": 1749124608568}, {"name": "Trying to click on <button> with text 'Invite'", "status": "passed", "start": 1749124608733, "stop": 1749124608733}, {"name": "Trying to click on <img> with text 'No text'", "status": "passed", "start": 1749124608919, "stop": 1749124608919}, {"name": "Trying to click on <span> with text 'Log Out'", "status": "passed", "start": 1749124609547, "stop": 1749124609547}, {"name": "Exception: Message: no such element: Unable to locate element: {\"method\":\"xpath\",\"selector\":\"//button[text()='Login']\"}\n  (Session info: chrome=137.0.7151.56); For documentation on this error, please visit: https://www.selenium.dev/documentation/webdriver/troubleshooting/errors#no-such-element-exception\nStacktrace:\n\tGetHandleVerifier [0x0x1113763+63299]\n\tGetHandleVerifier [0x0x11137a4+63364]\n\t(No symbol) [0x0xf41113]\n\t(No symbol) [0x0xf8987e]\n\t(No symbol) [0x0xf89c1b]\n\t(No symbol) [0x0xfd2212]\n\t(No symbol) [0x0xfae5c4]\n\t(No symbol) [0x0xfcfa4a]\n\t(No symbol) [0x0xfae376]\n\t(No symbol) [0x0xf7d6e0]\n\t(No symbol) [0x0xf7e544]\n\tGetHandleVerifier [0x0x136e033+2531347]\n\tGetHandleVerifier [0x0x1369332+2511634]\n\tGetHandleVerifier [0x0x1139eda+220858]\n\tGetHandleVerifier [0x0x112a528+156936]\n\tGetHandleVerifier [0x0x1130c5d+183357]\n\tGetHandleVerifier [0x0x111b6c8+95912]\n\tGetHandleVerifier [0x0x111b870+96336]\n\tGetHandleVerifier [0x0x110664a+9770]\n\tBaseThreadInitThunk [0x0x760a5d49+25]\n\tRtlInitializeExceptionChain [0x0x772dd09b+107]\n\tRtlGetAppContainerNamedObjectPath [0x0x772dd021+561]\n", "status": "passed", "attachments": [{"name": "Screenshot on Failure", "source": "9a5ebfce-1cda-4e1f-9c26-53c0c794fd77-attachment.png", "type": "image/png"}], "start": 1749124609600, "stop": 1749124609779}, {"name": "Trying to click on <button> with text 'Login'", "status": "passed", "start": 1749124610310, "stop": 1749124610310}, {"name": "User to test share feature, login", "status": "passed", "start": 1749124610342, "stop": 1749124610342}, {"name": "Exception: Message: stale element reference: stale element not found in the current frame\n  (Session info: chrome=137.0.7151.56); For documentation on this error, please visit: https://www.selenium.dev/documentation/webdriver/troubleshooting/errors#stale-element-reference-exception\nStacktrace:\n\tGetHandleVerifier [0x0x1113763+63299]\n\tGetHandleVerifier [0x0x11137a4+63364]\n\t(No symbol) [0x0xf41113]\n\t(No symbol) [0x0xf47920]\n\t(No symbol) [0x0xf49c4a]\n\t(No symbol) [0x0xf49cc7]\n\t(No symbol) [0x0xf84ab8]\n\t(No symbol) [0x0xfae57c]\n\t(No symbol) [0x0xf7eed4]\n\t(No symbol) [0x0xfae7f4]\n\t(No symbol) [0x0xfcfa4a]\n\t(No symbol) [0x0xfae376]\n\t(No symbol) [0x0xf7d6e0]\n\t(No symbol) [0x0xf7e544]\n\tGetHandleVerifier [0x0x136e033+2531347]\n\tGetHandleVerifier [0x0x1369332+2511634]\n\tGetHandleVerifier [0x0x1139eda+220858]\n\tGetHandleVerifier [0x0x112a528+156936]\n\tGetHandleVerifier [0x0x1130c5d+183357]\n\tGetHandleVerifier [0x0x111b6c8+95912]\n\tGetHandleVerifier [0x0x111b870+96336]\n\tGetHandleVerifier [0x0x110664a+9770]\n\tBaseThreadInitThunk [0x0x760a5d49+25]\n\tRtlInitializeExceptionChain [0x0x772dd09b+107]\n\tRtlGetAppContainerNamedObjectPath [0x0x772dd021+561]\n", "status": "passed", "attachments": [{"name": "Screenshot on Failure", "source": "b38ee71b-346f-4e2d-be19-6d012a180eeb-attachment.png", "type": "image/png"}], "start": 1749124610385, "stop": 1749124610511}], "attachments": [{"name": "Test Log", "source": "a7bb4c63-b6c1-45dc-a2c8-22150c074b62-attachment.txt", "type": "text/plain"}, {"name": "Screenshot on Failure", "source": "a2cd7b49-af0e-4f4d-bf70-fe155b66630a-attachment.png", "type": "image/png"}, {"name": "log", "source": "266524b4-5ae6-4f37-9280-aba0a83717a8-attachment.txt", "type": "text/plain"}, {"name": "stdout", "source": "03a803d4-1b25-4151-94e2-fc02eabc3b10-attachment.txt", "type": "text/plain"}, {"name": "stderr", "source": "704c2cdb-7063-4af0-9bab-815d9cda4dcb-attachment.txt", "type": "text/plain"}], "start": 1749124602306, "stop": 1749124610511, "uuid": "de152c0c-bb8a-47ef-ba12-1c674445e0f7", "historyId": "1e14ccbc34b272fadf5b4c77e1687ca2", "testCaseId": "1e14ccbc34b272fadf5b4c77e1687ca2", "fullName": "tests.test_provineer#test_shared_feature", "labels": [{"name": "parentSuite", "value": "tests"}, {"name": "suite", "value": "test_provineer"}, {"name": "host", "value": "DESKTOP-CNNS4HO"}, {"name": "thread", "value": "11328-MainThread"}, {"name": "framework", "value": "pytest"}, {"name": "language", "value": "cpython3"}, {"name": "package", "value": "tests.test_provineer"}]}